2026-03-31 08:03:40,409 DEBUG    root            Loaded Command Group: ['gcloud', 'auth']
2026-03-31 08:03:40,439 DEBUG    root            Loaded Command Group: ['gcloud', 'auth', 'login']
2026-03-31 08:03:40,440 DEBUG    root            Running [gcloud.auth.login] with arguments: []
2026-03-31 08:03:40,441 DEBUG    root            Failed to read GCE cache file: [WinError 2] The system cannot find the file specified: 'D:\\Projects\\Websites\\websites\\mufied.in\\.gcloud\\gce'
2026-03-31 08:03:40,579 DEBUG    root            Failed to check metadata server: <urlopen error [Errno 11001] getaddrinfo failed>
2026-03-31 08:03:40,580 DEBUG    root            On GCE from server: False
2026-03-31 08:03:40,759 DEBUG    root            On GCE from memory cache: False
2026-03-31 08:03:40,765 DEBUG    requests_oauthlib.oauth2_session Generated new state PWDYEMNxAVEesQwpK8AHQptcoU75b3.
2026-03-31 08:03:40,814 INFO     ___FILE_ONLY___ Your browser has been opened to visit:

    https://accounts.google.com/o/oauth2/auth?response_type=code&client_id=32555940559.apps.googleusercontent.com&redirect_uri=http%3A%2F%2Flocalhost%3A8085%2F&scope=openid+https%3A%2F%2Fwww.googleapis.com%2Fauth%2Fuserinfo.email+https%3A%2F%2Fwww.googleapis.com%2Fauth%2Fcloud-platform+https%3A%2F%2Fwww.googleapis.com%2Fauth%2Fappengine.admin+https%3A%2F%2Fwww.googleapis.com%2Fauth%2Fsqlservice.login+https%3A%2F%2Fwww.googleapis.com%2Fauth%2Fcompute+https%3A%2F%2Fwww.googleapis.com%2Fauth%2Faccounts.reauth&state=PWDYEMNxAVEesQwpK8AHQptcoU75b3&access_type=offline&code_challenge=hVXciPhCbVan9tJR-o1AqxuWTRW0XWRUPjpWvjoXv0o&code_challenge_method=S256


2026-03-31 08:03:46,816 INFO     google_auth_oauthlib.flow "GET /?state=PWDYEMNxAVEesQwpK8AHQptcoU75b3&iss=https://accounts.google.com&code=4/0Aci98E-Lf3-O2oSEDDmRMkNJtdhfjFRixiHxXYFJh2vPkfzqN13T02OacCqQSKdAD6VQXg&scope=email%20openid%20https://www.googleapis.com/auth/userinfo.email%20https://www.googleapis.com/auth/cloud-platform%20https://www.googleapis.com/auth/appengine.admin%20https://www.googleapis.com/auth/sqlservice.login%20https://www.googleapis.com/auth/compute%20https://www.googleapis.com/auth/accounts.reauth&authuser=0&prompt=consent HTTP/1.1" 200 937
2026-03-31 08:03:46,817 DEBUG    requests_oauthlib.oauth2_session Requesting url https://oauth2.googleapis.com/token using method POST.
2026-03-31 08:03:46,817 DEBUG    requests_oauthlib.oauth2_session Supplying headers {b'Accept': b'application/json', b'Content-Type': b'application/x-www-form-urlencoded;charset=UTF-8', b'user-agent': b'google-cloud-sdk gcloud/561.0.0 command/gcloud.auth.login invocation-id/5ed75a489f214e01ad36e2a72e64d5ce environment/None environment-version/None client-os/WINDOWS client-os-ver/10.0.26200 client-pltf-arch/x86_64 interactive/True from-script/False python/3.13.8 term/  (Windows NT 10.0.26200)'} and data {'grant_type': 'authorization_code', 'client_id': '32555940559.apps.googleusercontent.com', 'client_secret': 'ZmssLNjJy2998hD4CTg2ejr2', 'code': '4/0Aci98E-Lf3-O2oSEDDmRMkNJtdhfjFRixiHxXYFJh2vPkfzqN13T02OacCqQSKdAD6VQXg', 'redirect_uri': 'http://localhost:8085/', 'code_verifier': 'vqLS-769ZZ75AOx-k4kM-g-Ao9LopXDl7kfzbU6qcn.__JhAWYcrfEcsJNOC16GDKeUodX_Va9Tz430PqgONWpVF3rERuFTVcx__v2qkPR1ffK0Umb0QR~Y6QAcepYgQ'}
2026-03-31 08:03:46,817 DEBUG    requests_oauthlib.oauth2_session Passing through key word arguments {'json': None, 'timeout': None, 'auth': None, 'verify': None, 'proxies': None}.
2026-03-31 08:03:46,818 DEBUG    urllib3.connectionpool Starting new HTTPS connection (1): oauth2.googleapis.com:443
2026-03-31 08:03:47,049 DEBUG    urllib3.connectionpool https://oauth2.googleapis.com:443 "POST /token HTTP/1.1" 200 None
2026-03-31 08:03:47,050 DEBUG    requests_oauthlib.oauth2_session Prepared fetch token request body grant_type=authorization_code&client_id=32555940559.apps.googleusercontent.com&client_secret=ZmssLNjJy2998hD4CTg2ejr2&code=4%2F0Aci98E-Lf3-O2oSEDDmRMkNJtdhfjFRixiHxXYFJh2vPkfzqN13T02OacCqQSKdAD6VQXg&redirect_uri=http%3A%2F%2Flocalhost%3A8085%2F&code_verifier=vqLS-769ZZ75AOx-k4kM-g-Ao9LopXDl7kfzbU6qcn.__JhAWYcrfEcsJNOC16GDKeUodX_Va9Tz430PqgONWpVF3rERuFTVcx__v2qkPR1ffK0Umb0QR~Y6QAcepYgQ
2026-03-31 08:03:47,050 DEBUG    requests_oauthlib.oauth2_session Request to fetch token completed with status 200.
2026-03-31 08:03:47,051 DEBUG    requests_oauthlib.oauth2_session Request headers were {'user-agent': b'google-cloud-sdk gcloud/561.0.0 command/gcloud.auth.login invocation-id/5ed75a489f214e01ad36e2a72e64d5ce environment/None environment-version/None client-os/WINDOWS client-os-ver/10.0.26200 client-pltf-arch/x86_64 interactive/True from-script/False python/3.13.8 term/  (Windows NT 10.0.26200)', 'Accept-Encoding': 'gzip, deflate', 'Accept': b'application/json', 'Connection': 'keep-alive', 'Content-Type': b'application/x-www-form-urlencoded;charset=UTF-8', 'Content-Length': '387'}
2026-03-31 08:03:47,051 DEBUG    requests_oauthlib.oauth2_session Request body was grant_type=authorization_code&client_id=32555940559.apps.googleusercontent.com&client_secret=ZmssLNjJy2998hD4CTg2ejr2&code=4%2F0Aci98E-Lf3-O2oSEDDmRMkNJtdhfjFRixiHxXYFJh2vPkfzqN13T02OacCqQSKdAD6VQXg&redirect_uri=http%3A%2F%2Flocalhost%3A8085%2F&code_verifier=vqLS-769ZZ75AOx-k4kM-g-Ao9LopXDl7kfzbU6qcn.__JhAWYcrfEcsJNOC16GDKeUodX_Va9Tz430PqgONWpVF3rERuFTVcx__v2qkPR1ffK0Umb0QR~Y6QAcepYgQ
2026-03-31 08:03:47,051 DEBUG    requests_oauthlib.oauth2_session Response headers were {'Pragma': 'no-cache', 'Expires': 'Mon, 01 Jan 1990 00:00:00 GMT', 'Cache-Control': 'no-cache, no-store, max-age=0, must-revalidate', 'Date': 'Tue, 31 Mar 2026 02:33:47 GMT', 'Content-Type': 'application/json; charset=utf-8', 'Vary': 'Origin, X-Origin, Referer', 'Content-Encoding': 'gzip', 'Server': 'scaffolding on HTTPServer2', 'X-XSS-Protection': '0', 'X-Frame-Options': 'SAMEORIGIN', 'X-Content-Type-Options': 'nosniff', 'Alt-Svc': 'h3=":443"; ma=2592000,h3-29=":443"; ma=2592000', 'Transfer-Encoding': 'chunked'} and content {
  "access_token": "ya29.a0Aa7MYiqe7yrShVZT8VtB-aUFVd6WvsgXVoqGOtnW8ONv7SM5tqpVplNHUm1YMr75L4MPHI85VYvzbbsyp_H8E1nRA7sbAGVLWfqnB1vCAnmFDn-zA-gakoRbAiPB_yYEIGTUjFI8YJPPI-qTRNL1jPS2bPasfSAho_ZTHMDX47keccAP_Ud9dyQBFanwjAdbdcp28n55RIumaCgYKAesSARASFQHGX2Mi2x3N2JxZ1GJkmdFRPjAa-Q0211",
  "expires_in": 3599,
  "refresh_token": "1//0gJ1eyGvfZrt4CgYIARAAGBASNwF-L9IrOMiKhi-uwZpuh1oWrh7EeohzAu9aylorQPt7gwzq8ks8dxWOW-64J4l5SygKNgrSjKY",
  "scope": "https://www.googleapis.com/auth/sqlservice.login https://www.googleapis.com/auth/cloud-platform https://www.googleapis.com/auth/compute https://www.googleapis.com/auth/appengine.admin openid https://www.googleapis.com/auth/accounts.reauth https://www.googleapis.com/auth/userinfo.email",
  "token_type": "Bearer",
  "id_token": "eyJhbGciOiJSUzI1NiIsImtpZCI6ImExMGU1OGRmNTVlNzI4NTY2ZWM1NmJkYTZlYjNiZDQ1NDM5ZjM1ZDciLCJ0eXAiOiJKV1QifQ.eyJpc3MiOiJodHRwczovL2FjY291bnRzLmdvb2dsZS5jb20iLCJhenAiOiIzMjU1NTk0MDU1OS5hcHBzLmdvb2dsZXVzZXJjb250ZW50LmNvbSIsImF1ZCI6IjMyNTU1OTQwNTU5LmFwcHMuZ29vZ2xldXNlcmNvbnRlbnQuY29tIiwic3ViIjoiMTA0NDc1NjUwMTQzODE0Nzc3NDI1IiwiZW1haWwiOiJ0ZWFtemF0NkBnbWFpbC5jb20iLCJlbWFpbF92ZXJpZmllZCI6dHJ1ZSwiYXRfaGFzaCI6ImlCMlFvWDU3MmdqWjFieUxiZzVUanciLCJpYXQiOjE3NzQ5MjQ0MjcsImV4cCI6MTc3NDkyODAyN30.IKGRDlud4GVzrp2foMzbuAMXznnJfFBxGC-IXbyER3REb5C9gIYDtYP0Bm4gl5id57KBeN3D5byMlsK92yD3Q_EtXzEbYtHk_lp9B1XBIS8necY2MHrloMCSuinutIPzDslpoqYfYr4tnc3Oj-qJHxaMAyodSkJt3EIqrmwTaOe8D74MxMDJDM-CpJ0PM6sj4jUj5GnHulOnl570aZRRs6RjG2_CuLveMlcJqsbbaeZQgVPQBZA3LA7PJXsqHWG4g4sgLjBHy5ryQhFORIsrXQzG0oy3SK8m2RAbkSfSxvCFt23UggARPVVWxtra_5WJfMfl7zZ2pjOhI963Y7RG1g"
}.
2026-03-31 08:03:47,051 DEBUG    requests_oauthlib.oauth2_session Invoking 0 token response hooks.
2026-03-31 08:03:47,051 DEBUG    requests_oauthlib.oauth2_session Obtained token {'access_token': 'ya29.a0Aa7MYiqe7yrShVZT8VtB-aUFVd6WvsgXVoqGOtnW8ONv7SM5tqpVplNHUm1YMr75L4MPHI85VYvzbbsyp_H8E1nRA7sbAGVLWfqnB1vCAnmFDn-zA-gakoRbAiPB_yYEIGTUjFI8YJPPI-qTRNL1jPS2bPasfSAho_ZTHMDX47keccAP_Ud9dyQBFanwjAdbdcp28n55RIumaCgYKAesSARASFQHGX2Mi2x3N2JxZ1GJkmdFRPjAa-Q0211', 'expires_in': 3599, 'refresh_token': '1//0gJ1eyGvfZrt4CgYIARAAGBASNwF-L9IrOMiKhi-uwZpuh1oWrh7EeohzAu9aylorQPt7gwzq8ks8dxWOW-64J4l5SygKNgrSjKY', 'scope': ['https://www.googleapis.com/auth/sqlservice.login', 'https://www.googleapis.com/auth/cloud-platform', 'https://www.googleapis.com/auth/compute', 'https://www.googleapis.com/auth/appengine.admin', 'openid', 'https://www.googleapis.com/auth/accounts.reauth', 'https://www.googleapis.com/auth/userinfo.email'], 'token_type': 'Bearer', 'id_token': 'eyJhbGciOiJSUzI1NiIsImtpZCI6ImExMGU1OGRmNTVlNzI4NTY2ZWM1NmJkYTZlYjNiZDQ1NDM5ZjM1ZDciLCJ0eXAiOiJKV1QifQ.eyJpc3MiOiJodHRwczovL2FjY291bnRzLmdvb2dsZS5jb20iLCJhenAiOiIzMjU1NTk0MDU1OS5hcHBzLmdvb2dsZXVzZXJjb250ZW50LmNvbSIsImF1ZCI6IjMyNTU1OTQwNTU5LmFwcHMuZ29vZ2xldXNlcmNvbnRlbnQuY29tIiwic3ViIjoiMTA0NDc1NjUwMTQzODE0Nzc3NDI1IiwiZW1haWwiOiJ0ZWFtemF0NkBnbWFpbC5jb20iLCJlbWFpbF92ZXJpZmllZCI6dHJ1ZSwiYXRfaGFzaCI6ImlCMlFvWDU3MmdqWjFieUxiZzVUanciLCJpYXQiOjE3NzQ5MjQ0MjcsImV4cCI6MTc3NDkyODAyN30.IKGRDlud4GVzrp2foMzbuAMXznnJfFBxGC-IXbyER3REb5C9gIYDtYP0Bm4gl5id57KBeN3D5byMlsK92yD3Q_EtXzEbYtHk_lp9B1XBIS8necY2MHrloMCSuinutIPzDslpoqYfYr4tnc3Oj-qJHxaMAyodSkJt3EIqrmwTaOe8D74MxMDJDM-CpJ0PM6sj4jUj5GnHulOnl570aZRRs6RjG2_CuLveMlcJqsbbaeZQgVPQBZA3LA7PJXsqHWG4g4sgLjBHy5ryQhFORIsrXQzG0oy3SK8m2RAbkSfSxvCFt23UggARPVVWxtra_5WJfMfl7zZ2pjOhI963Y7RG1g', 'expires_at': 1774928026.0513728}.
2026-03-31 08:03:47,091 INFO     ___FILE_ONLY___ 
You are now logged in as [teamzat6@gmail.com].
Your current project is [None].  You can change this setting by running:
  $ gcloud config set project PROJECT_ID

2026-03-31 08:03:47,091 DEBUG    root            Chosen display Format:none
2026-03-31 08:03:47,092 INFO     root            Display format: "none"
2026-03-31 08:03:47,145 DEBUG    root            Checking for updates...
2026-03-31 08:03:47,151 DEBUG    root            On GCE from memory cache: False
2026-03-31 08:03:47,153 DEBUG    root            On GCE from memory cache: False
2026-03-31 08:03:47,155 DEBUG    urllib3.connectionpool Starting new HTTPS connection (1): dl.google.com:443
2026-03-31 08:03:47,284 DEBUG    urllib3.connectionpool https://dl.google.com:443 "GET /dl/cloudsdk/channels/rapid/components-2.json HTTP/1.1" 200 25022
2026-03-31 08:03:47,320 DEBUG    root            Updating notification cache...
2026-03-31 08:03:47,321 DEBUG    root            Activating notification: [default]
2026-03-31 08:03:47,321 INFO     ___FILE_ONLY___ 

Updates are available for some Google Cloud CLI components.  To install them,
please run:
  $ gcloud components update


