2026-03-31 08:05:41,302 DEBUG    root            Loaded Command Group: ['gcloud', 'config']
2026-03-31 08:05:41,309 DEBUG    root            Loaded Command Group: ['gcloud', 'config', 'get_value']
2026-03-31 08:05:41,312 DEBUG    root            Running [gcloud.config.get-value] with arguments: [SECTION/PROPERTY: "login"]
2026-03-31 08:05:41,312 DEBUG    root            (gcloud.config.get-value) Section [core] has no property [login].
Traceback (most recent call last):
  File "C:\Users\ADMIN\AppData\Local\Google\Cloud SDK\google-cloud-sdk\bin\..\lib\googlecloudsdk\core\properties.py", line 960, in Property
    return self.__properties[property_name]
           ~~~~~~~~~~~~~~~~~^^^^^^^^^^^^^^^
KeyError: 'login'

During handling of the above exception, another exception occurred:

Traceback (most recent call last):
  File "C:\Users\ADMIN\AppData\Local\Google\Cloud SDK\google-cloud-sdk\bin\..\lib\googlecloudsdk\calliope\cli.py", line 941, in Execute
    resources = calliope_command.Run(cli=self, args=args)
  File "C:\Users\ADMIN\AppData\Local\Google\Cloud SDK\google-cloud-sdk\bin\..\lib\googlecloudsdk\calliope\backend.py", line 957, in Run
    resources = command_instance.Run(args)
  File "C:\Users\ADMIN\AppData\Local\Google\Cloud SDK\google-cloud-sdk\bin\..\lib\surface\config\get.py", line 78, in Run
    value = properties.VALUES.Section(section).Property(prop).Get(
            ~~~~~~~~~~~~~~~~~~~~~~~~~~~~~~~~~~~~~~~~~~~^^^^^^
  File "C:\Users\ADMIN\AppData\Local\Google\Cloud SDK\google-cloud-sdk\bin\..\lib\googlecloudsdk\core\properties.py", line 962, in Property
    raise NoSuchPropertyError('Section [{s}] has no property [{p}].'.format(
        s=self.__name, p=property_name))
googlecloudsdk.core.properties.NoSuchPropertyError: Section [core] has no property [login].
2026-03-31 08:05:41,376 ERROR    root            (gcloud.config.get-value) Section [core] has no property [login].
2026-03-31 08:05:41,377 DEBUG    root            On GCE from disk cache: False
