2026-04-14 17:38:47,773 DEBUG    root            Loaded Command Group: ['gcloud', 'auth']
2026-04-14 17:38:47,856 DEBUG    root            Loaded Command Group: ['gcloud', 'auth', 'login']
2026-04-14 17:38:47,860 DEBUG    root            Running [gcloud.auth.login] with arguments: []
2026-04-14 17:38:48,260 DEBUG    root            Failed to check metadata server: <urlopen error [Errno 11001] getaddrinfo failed>
2026-04-14 17:38:48,260 DEBUG    root            On GCE from server: False
2026-04-14 17:38:48,829 DEBUG    root            On GCE from memory cache: False
2026-04-14 17:38:48,837 DEBUG    requests_oauthlib.oauth2_session Generated new state Any7FIigQengRx49ODHR9kHYXm3PYr.
2026-04-14 17:38:49,057 INFO     ___FILE_ONLY___ Your browser has been opened to visit:

    https://accounts.google.com/o/oauth2/auth?response_type=code&client_id=32555940559.apps.googleusercontent.com&redirect_uri=http%3A%2F%2Flocalhost%3A8085%2F&scope=openid+https%3A%2F%2Fwww.googleapis.com%2Fauth%2Fuserinfo.email+https%3A%2F%2Fwww.googleapis.com%2Fauth%2Fcloud-platform+https%3A%2F%2Fwww.googleapis.com%2Fauth%2Fappengine.admin+https%3A%2F%2Fwww.googleapis.com%2Fauth%2Fsqlservice.login+https%3A%2F%2Fwww.googleapis.com%2Fauth%2Fcompute+https%3A%2F%2Fwww.googleapis.com%2Fauth%2Faccounts.reauth&state=Any7FIigQengRx49ODHR9kHYXm3PYr&access_type=offline&code_challenge=ZZBOwfWjOwaNzENuDiv2SNg8hEV1HgVKErb5FEmbuTg&code_challenge_method=S256


2026-04-14 17:39:00,008 INFO     google_auth_oauthlib.flow "GET /?state=Any7FIigQengRx49ODHR9kHYXm3PYr&iss=https://accounts.google.com&code=4/0Aci98E_zJy_3bwaGmi3BNn3wlH_j6txz1gkgy0l5I756cGNO2YbK7pf98P1omtlp_Vu2vg&scope=email%20openid%20https://www.googleapis.com/auth/userinfo.email%20https://www.googleapis.com/auth/cloud-platform%20https://www.googleapis.com/auth/appengine.admin%20https://www.googleapis.com/auth/sqlservice.login%20https://www.googleapis.com/auth/compute%20https://www.googleapis.com/auth/accounts.reauth&authuser=0&prompt=consent HTTP/1.1" 200 937
2026-04-14 17:39:00,010 DEBUG    requests_oauthlib.oauth2_session Requesting url https://oauth2.googleapis.com/token using method POST.
2026-04-14 17:39:00,010 DEBUG    requests_oauthlib.oauth2_session Supplying headers {b'Accept': b'application/json', b'Content-Type': b'application/x-www-form-urlencoded;charset=UTF-8', b'user-agent': b'google-cloud-sdk gcloud/561.0.0 command/gcloud.auth.login invocation-id/fbdba44e46b7427d84d4516a106b24d3 environment/None environment-version/None client-os/WINDOWS client-os-ver/10.0.26200 client-pltf-arch/x86_64 interactive/True from-script/False python/3.13.8 term/  (Windows NT 10.0.26200)'} and data {'grant_type': 'authorization_code', 'client_id': '32555940559.apps.googleusercontent.com', 'client_secret': 'ZmssLNjJy2998hD4CTg2ejr2', 'code': '4/0Aci98E_zJy_3bwaGmi3BNn3wlH_j6txz1gkgy0l5I756cGNO2YbK7pf98P1omtlp_Vu2vg', 'redirect_uri': 'http://localhost:8085/', 'code_verifier': 'B9m~r6P.c9ECstD.AvqiFfW_WddBnMDKAj7aSyg67wlXedAweDy6av9p2BZG1Wnh07yjqntVERwuPW.UFrt8zLIJ.dzJVvnwWIw0gm6VRvMibkywEVJ-UKQw_gfHxK.L'}
2026-04-14 17:39:00,011 DEBUG    requests_oauthlib.oauth2_session Passing through key word arguments {'json': None, 'timeout': None, 'auth': None, 'verify': None, 'proxies': None}.
2026-04-14 17:39:00,014 DEBUG    urllib3.connectionpool Starting new HTTPS connection (1): oauth2.googleapis.com:443
2026-04-14 17:39:00,310 DEBUG    urllib3.connectionpool https://oauth2.googleapis.com:443 "POST /token HTTP/1.1" 200 None
2026-04-14 17:39:00,315 DEBUG    requests_oauthlib.oauth2_session Prepared fetch token request body grant_type=authorization_code&client_id=32555940559.apps.googleusercontent.com&client_secret=ZmssLNjJy2998hD4CTg2ejr2&code=4%2F0Aci98E_zJy_3bwaGmi3BNn3wlH_j6txz1gkgy0l5I756cGNO2YbK7pf98P1omtlp_Vu2vg&redirect_uri=http%3A%2F%2Flocalhost%3A8085%2F&code_verifier=B9m~r6P.c9ECstD.AvqiFfW_WddBnMDKAj7aSyg67wlXedAweDy6av9p2BZG1Wnh07yjqntVERwuPW.UFrt8zLIJ.dzJVvnwWIw0gm6VRvMibkywEVJ-UKQw_gfHxK.L
2026-04-14 17:39:00,316 DEBUG    requests_oauthlib.oauth2_session Request to fetch token completed with status 200.
2026-04-14 17:39:00,316 DEBUG    requests_oauthlib.oauth2_session Request headers were {'user-agent': b'google-cloud-sdk gcloud/561.0.0 command/gcloud.auth.login invocation-id/fbdba44e46b7427d84d4516a106b24d3 environment/None environment-version/None client-os/WINDOWS client-os-ver/10.0.26200 client-pltf-arch/x86_64 interactive/True from-script/False python/3.13.8 term/  (Windows NT 10.0.26200)', 'Accept-Encoding': 'gzip, deflate', 'Accept': b'application/json', 'Connection': 'keep-alive', 'Content-Type': b'application/x-www-form-urlencoded;charset=UTF-8', 'Content-Length': '387'}
2026-04-14 17:39:00,317 DEBUG    requests_oauthlib.oauth2_session Request body was grant_type=authorization_code&client_id=32555940559.apps.googleusercontent.com&client_secret=ZmssLNjJy2998hD4CTg2ejr2&code=4%2F0Aci98E_zJy_3bwaGmi3BNn3wlH_j6txz1gkgy0l5I756cGNO2YbK7pf98P1omtlp_Vu2vg&redirect_uri=http%3A%2F%2Flocalhost%3A8085%2F&code_verifier=B9m~r6P.c9ECstD.AvqiFfW_WddBnMDKAj7aSyg67wlXedAweDy6av9p2BZG1Wnh07yjqntVERwuPW.UFrt8zLIJ.dzJVvnwWIw0gm6VRvMibkywEVJ-UKQw_gfHxK.L
2026-04-14 17:39:00,317 DEBUG    requests_oauthlib.oauth2_session Response headers were {'Expires': 'Mon, 01 Jan 1990 00:00:00 GMT', 'Pragma': 'no-cache', 'Date': 'Tue, 14 Apr 2026 12:09:00 GMT', 'Cache-Control': 'no-cache, no-store, max-age=0, must-revalidate', 'Content-Type': 'application/json; charset=utf-8', 'Vary': 'Origin, X-Origin, Referer', 'Content-Encoding': 'gzip', 'Server': 'scaffolding on HTTPServer2', 'X-XSS-Protection': '0', 'X-Frame-Options': 'SAMEORIGIN', 'X-Content-Type-Options': 'nosniff', 'Alt-Svc': 'h3=":443"; ma=2592000,h3-29=":443"; ma=2592000', 'Transfer-Encoding': 'chunked'} and content {
  "access_token": "ya29.a0Aa7MYipyEv_4wW_J6ZoDX1Yi7FzBJnctFeboFaf1AxpHIPUVkAWmGaueSdkp7oZlmIDfcYLo8FbNoygVpQiO9HJRzrCvHN0NgWdO16482-2K6wRujHBbnIkMlGaQ78trXjD5c2YGacF08UVhvjXQFzivhsBos0Wtcezp3iqn5UtZ7COlVolfyL11CpL6dTHTD6GVvXAgWE8oaCgYKARkSARASFQHGX2MicrPO-OyMSHebH1usMTRU9Q0211",
  "expires_in": 3599,
  "refresh_token": "1//0gkoSDGovjvbXCgYIARAAGBASNwF-L9Irr772fXCoayDDRhJWZt8fSi4TwalBU4Crlr696YmriyMkz1pu854v8RW9c7hGz0-cxY8",
  "scope": "https://www.googleapis.com/auth/accounts.reauth https://www.googleapis.com/auth/appengine.admin https://www.googleapis.com/auth/sqlservice.login https://www.googleapis.com/auth/userinfo.email openid https://www.googleapis.com/auth/cloud-platform https://www.googleapis.com/auth/compute",
  "token_type": "Bearer",
  "id_token": "eyJhbGciOiJSUzI1NiIsImtpZCI6ImIzZDk1Yjk1ZmE0OGQxODBiODVmZmU4MDgyZmNmYTIxNzRiMDQ2NjciLCJ0eXAiOiJKV1QifQ.eyJpc3MiOiJodHRwczovL2FjY291bnRzLmdvb2dsZS5jb20iLCJhenAiOiIzMjU1NTk0MDU1OS5hcHBzLmdvb2dsZXVzZXJjb250ZW50LmNvbSIsImF1ZCI6IjMyNTU1OTQwNTU5LmFwcHMuZ29vZ2xldXNlcmNvbnRlbnQuY29tIiwic3ViIjoiMTA0NDc1NjUwMTQzODE0Nzc3NDI1IiwiZW1haWwiOiJ0ZWFtemF0NkBnbWFpbC5jb20iLCJlbWFpbF92ZXJpZmllZCI6dHJ1ZSwiYXRfaGFzaCI6IkxSN3pHQTRWRndZRmtTVjA0LXprRGciLCJpYXQiOjE3NzYxNjg1NDAsImV4cCI6MTc3NjE3MjE0MH0.v40t4qXAYpwY6srv8OJQd4SYmAHIThlHyhL96JPHFwCgIy3x6MZUp5hGg-G2ER6MIeOBNhnjii6_jRjcRXxxBfGxiAW_OKFgFI4araK2voVoE6ZetEGOSIdu4YRBnXmUrQKXySngWjhd2SovtIcNaX0d1xmtV9FusvRZC3xtcgrjlfgr9MtrpccpEBqllTZwnsCjsNCI_6Fjh_iVGnxyr-zUoe6l80pOgvi2X72bFckxJwsqrUmj-5Jbx5DodT6gK28djTTPfAVYhYqsUrQBErw-tR4T5on_fyFgMRri0rMThBJz8hvrH5t8CLWdJR5JSJ0adMrqSVMxIrIy9lQJKw"
}.
2026-04-14 17:39:00,317 DEBUG    requests_oauthlib.oauth2_session Invoking 0 token response hooks.
2026-04-14 17:39:00,317 DEBUG    requests_oauthlib.oauth2_session Obtained token {'access_token': 'ya29.a0Aa7MYipyEv_4wW_J6ZoDX1Yi7FzBJnctFeboFaf1AxpHIPUVkAWmGaueSdkp7oZlmIDfcYLo8FbNoygVpQiO9HJRzrCvHN0NgWdO16482-2K6wRujHBbnIkMlGaQ78trXjD5c2YGacF08UVhvjXQFzivhsBos0Wtcezp3iqn5UtZ7COlVolfyL11CpL6dTHTD6GVvXAgWE8oaCgYKARkSARASFQHGX2MicrPO-OyMSHebH1usMTRU9Q0211', 'expires_in': 3599, 'refresh_token': '1//0gkoSDGovjvbXCgYIARAAGBASNwF-L9Irr772fXCoayDDRhJWZt8fSi4TwalBU4Crlr696YmriyMkz1pu854v8RW9c7hGz0-cxY8', 'scope': ['https://www.googleapis.com/auth/accounts.reauth', 'https://www.googleapis.com/auth/appengine.admin', 'https://www.googleapis.com/auth/sqlservice.login', 'https://www.googleapis.com/auth/userinfo.email', 'openid', 'https://www.googleapis.com/auth/cloud-platform', 'https://www.googleapis.com/auth/compute'], 'token_type': 'Bearer', 'id_token': 'eyJhbGciOiJSUzI1NiIsImtpZCI6ImIzZDk1Yjk1ZmE0OGQxODBiODVmZmU4MDgyZmNmYTIxNzRiMDQ2NjciLCJ0eXAiOiJKV1QifQ.eyJpc3MiOiJodHRwczovL2FjY291bnRzLmdvb2dsZS5jb20iLCJhenAiOiIzMjU1NTk0MDU1OS5hcHBzLmdvb2dsZXVzZXJjb250ZW50LmNvbSIsImF1ZCI6IjMyNTU1OTQwNTU5LmFwcHMuZ29vZ2xldXNlcmNvbnRlbnQuY29tIiwic3ViIjoiMTA0NDc1NjUwMTQzODE0Nzc3NDI1IiwiZW1haWwiOiJ0ZWFtemF0NkBnbWFpbC5jb20iLCJlbWFpbF92ZXJpZmllZCI6dHJ1ZSwiYXRfaGFzaCI6IkxSN3pHQTRWRndZRmtTVjA0LXprRGciLCJpYXQiOjE3NzYxNjg1NDAsImV4cCI6MTc3NjE3MjE0MH0.v40t4qXAYpwY6srv8OJQd4SYmAHIThlHyhL96JPHFwCgIy3x6MZUp5hGg-G2ER6MIeOBNhnjii6_jRjcRXxxBfGxiAW_OKFgFI4araK2voVoE6ZetEGOSIdu4YRBnXmUrQKXySngWjhd2SovtIcNaX0d1xmtV9FusvRZC3xtcgrjlfgr9MtrpccpEBqllTZwnsCjsNCI_6Fjh_iVGnxyr-zUoe6l80pOgvi2X72bFckxJwsqrUmj-5Jbx5DodT6gK28djTTPfAVYhYqsUrQBErw-tR4T5on_fyFgMRri0rMThBJz8hvrH5t8CLWdJR5JSJ0adMrqSVMxIrIy9lQJKw', 'expires_at': 1776172139.317778}.
2026-04-14 17:39:00,425 INFO     ___FILE_ONLY___ 
You are now logged in as [teamzat6@gmail.com].
Your current project is [mufiedapi].  You can change this setting by running:
  $ gcloud config set project PROJECT_ID

2026-04-14 17:39:00,427 DEBUG    root            Chosen display Format:none
2026-04-14 17:39:00,428 INFO     root            Display format: "none"
2026-04-14 17:39:00,640 DEBUG    root            Checking for updates...
2026-04-14 17:39:00,642 DEBUG    root            On GCE from memory cache: False
2026-04-14 17:39:00,645 DEBUG    root            On GCE from memory cache: False
2026-04-14 17:39:00,649 DEBUG    urllib3.connectionpool Starting new HTTPS connection (1): dl.google.com:443
2026-04-14 17:39:00,928 DEBUG    urllib3.connectionpool https://dl.google.com:443 "GET /dl/cloudsdk/channels/rapid/components-2.json HTTP/1.1" 200 25065
2026-04-14 17:39:01,569 INFO     ___FILE_ONLY___ 

Updates are available for some Google Cloud CLI components.  To install them,
please run:
  $ gcloud components update


2026-04-14 17:39:01,592 INFO     ___FILE_ONLY___ 

To take a quick anonymous survey, run:
  $ gcloud survey


