2026-04-14 17:52:18,912 DEBUG    root            Loaded Command Group: ['gcloud', 'run']
2026-04-14 17:52:20,709 DEBUG    root            Loaded Command Group: ['gcloud', 'run', 'deploy']
2026-04-14 17:52:20,826 DEBUG    root            Running [gcloud.run.deploy] with arguments: [--allow-unauthenticated: "True", --min-instances: "<googlecloudsdk.command_lib.run.flags.ScaleValue object at 0x000001A1E8610AD0>", --platform: "managed", --port: "8080", --region: "asia-south1", --source: ".", SERVICE: "nest-api"]
2026-04-14 17:52:21,179 DEBUG    root            Failed to check metadata server: <urlopen error [Errno 11001] getaddrinfo failed>
2026-04-14 17:52:21,180 DEBUG    root            On GCE from server: False
2026-04-14 17:52:21,552 DEBUG    root            On GCE from memory cache: False
2026-04-14 17:52:21,696 DEBUG    urllib3.connectionpool Starting new HTTPS connection (1): serviceusage.googleapis.com:443
2026-04-14 17:52:23,440 DEBUG    urllib3.connectionpool https://serviceusage.googleapis.com:443 "GET /v1/projects/mufiedapi/services/artifactregistry.googleapis.com?alt=json HTTP/1.1" 200 None
2026-04-14 17:52:23,533 DEBUG    root            On GCE from memory cache: False
2026-04-14 17:52:23,543 DEBUG    root            On GCE from memory cache: False
2026-04-14 17:52:23,554 DEBUG    urllib3.connectionpool Starting new HTTPS connection (1): serviceusage.googleapis.com:443
2026-04-14 17:52:25,194 DEBUG    urllib3.connectionpool https://serviceusage.googleapis.com:443 "GET /v1/projects/mufiedapi/services/cloudbuild.googleapis.com?alt=json HTTP/1.1" 200 None
2026-04-14 17:52:25,246 DEBUG    root            On GCE from memory cache: False
2026-04-14 17:52:25,254 DEBUG    root            On GCE from memory cache: False
2026-04-14 17:52:25,261 DEBUG    urllib3.connectionpool Starting new HTTPS connection (1): serviceusage.googleapis.com:443
2026-04-14 17:52:26,923 DEBUG    urllib3.connectionpool https://serviceusage.googleapis.com:443 "GET /v1/projects/mufiedapi/services/run.googleapis.com?alt=json HTTP/1.1" 200 None
2026-04-14 17:52:27,009 DEBUG    root            On GCE from memory cache: False
2026-04-14 17:52:27,020 DEBUG    root            On GCE from memory cache: False
2026-04-14 17:52:27,045 DEBUG    root            On GCE from memory cache: False
2026-04-14 17:52:27,056 DEBUG    urllib3.connectionpool Starting new HTTPS connection (1): asia-south1-run.googleapis.com:443
2026-04-14 17:52:27,419 DEBUG    urllib3.connectionpool https://asia-south1-run.googleapis.com:443 "GET /apis/serving.knative.dev/v1/namespaces/mufiedapi/services/nest-api?alt=json HTTP/1.1" 200 None
2026-04-14 17:52:27,425 DEBUG    root            source_location: gs://run-sources-mufiedapi-asia-south1/services/nest-api/1775833525.865249-5045955fd3a7493a9818810765f65782.zip#1775833527618924
2026-04-14 17:52:27,425 DEBUG    root            Existing source_bucket: run-sources-mufiedapi-asia-south1
2026-04-14 17:52:27,428 DEBUG    root            On GCE from memory cache: False
2026-04-14 17:52:27,478 DEBUG    urllib3.connectionpool Starting new HTTPS connection (1): artifactregistry.googleapis.com:443
2026-04-14 17:52:28,256 DEBUG    urllib3.connectionpool https://artifactregistry.googleapis.com:443 "GET /v1/projects/mufiedapi/locations/asia-south1/repositories/cloud-run-source-deploy?alt=json HTTP/1.1" 200 None
2026-04-14 17:52:28,275 DEBUG    root            On GCE from memory cache: False
2026-04-14 17:52:28,327 DEBUG    urllib3.connectionpool Starting new HTTPS connection (1): cloudbuild.googleapis.com:443
2026-04-14 17:52:29,004 DEBUG    urllib3.connectionpool https://cloudbuild.googleapis.com:443 "GET /v1/projects/mufiedapi/locations/asia-south1/defaultServiceAccount?alt=json HTTP/1.1" 200 None
2026-04-14 17:52:29,008 DEBUG    root            On GCE from memory cache: False
2026-04-14 17:52:29,033 DEBUG    urllib3.connectionpool Starting new HTTPS connection (1): iam.googleapis.com:443
2026-04-14 17:52:30,661 DEBUG    urllib3.connectionpool https://iam.googleapis.com:443 "GET /v1/projects/-/serviceAccounts/560137381308-compute@developer.gserviceaccount.com?alt=json HTTP/1.1" 200 None
2026-04-14 17:52:30,664 INFO     ___FILE_ONLY___ Building using Dockerfile and deploying container to Cloud Run service [[1mnest-api[m] in project [[1mmufiedapi[m] region [[1masia-south1[m]

2026-04-14 17:52:30,670 INFO     ___FILE_ONLY___ Building and deploying...
2026-04-14 17:52:32,069 DEBUG    urllib3.connectionpool https://asia-south1-run.googleapis.com:443 "PUT /apis/serving.knative.dev/v1/namespaces/mufiedapi/services/nest-api?alt=json&dryRun=all HTTP/1.1" 200 None
2026-04-14 17:52:32,077 DEBUG    root            On GCE from memory cache: False
2026-04-14 17:52:32,118 DEBUG    root            Creating bucket run-sources-mufiedapi-asia-south1 in region asia-south1
2026-04-14 17:52:32,120 DEBUG    urllib3.connectionpool Starting new HTTPS connection (1): storage.googleapis.com:443
2026-04-14 17:52:32,458 DEBUG    urllib3.connectionpool https://storage.googleapis.com:443 "GET /storage/v1/b/run-sources-mufiedapi-asia-south1?alt=json HTTP/1.1" 200 1276
2026-04-14 17:52:33,105 DEBUG    urllib3.connectionpool https://storage.googleapis.com:443 "GET /storage/v1/b?alt=json&maxResults=1000&prefix=run-sources-mufiedapi-asia-south1&project=mufiedapi HTTP/1.1" 200 1522
2026-04-14 17:52:33,109 DEBUG    root            Uploading source to gs://run-sources-mufiedapi-asia-south1/services/nest-api/1776169353.109026-77e50e93e7ed4fdc95fb88d04eff5cb4.zip
2026-04-14 17:52:33,126 INFO     root            Using ignore file at [.\.gcloudignore].
2026-04-14 17:52:33,127 DEBUG    root            Skipping file [.env]
2026-04-14 17:52:33,128 DEBUG    root            Skipping file [.env.example]
2026-04-14 17:52:33,129 DEBUG    root            Skipping file [.gitignore]
2026-04-14 17:52:33,131 DEBUG    root            Skipping file [.firebase]
2026-04-14 17:52:33,132 DEBUG    root            Skipping file [dist]
2026-04-14 17:52:33,132 DEBUG    root            Skipping file [node_modules]
2026-04-14 17:52:33,239 INFO     root            Using ignore file [.\.gcloudignore]
2026-04-14 17:52:33,387 INFO     root            Uploading [C:\Users\ADMIN\AppData\Local\Temp\tmppajt4hl5\file.zip] to [run-sources-mufiedapi-asia-south1/services/nest-api/1776169353.109026-77e50e93e7ed4fdc95fb88d04eff5cb4.zip]
2026-04-14 17:52:33,691 DEBUG    urllib3.connectionpool https://storage.googleapis.com:443 "POST /upload/storage/v1/b/run-sources-mufiedapi-asia-south1/o?alt=json&name=services%2Fnest-api%2F1776169353.109026-77e50e93e7ed4fdc95fb88d04eff5cb4.zip&uploadType=multipart HTTP/1.1" 200 1138
2026-04-14 17:52:33,742 DEBUG    root            On GCE from memory cache: False
2026-04-14 17:52:33,754 DEBUG    urllib3.connectionpool Starting new HTTPS connection (1): asia-south1-run.googleapis.com:443
2026-04-14 17:52:37,412 DEBUG    urllib3.connectionpool https://asia-south1-run.googleapis.com:443 "POST /v2/projects/mufiedapi/locations/asia-south1/builds:submit?alt=json HTTP/1.1" 200 None
2026-04-14 17:52:37,433 DEBUG    root            On GCE from memory cache: False
2026-04-14 17:52:37,442 DEBUG    urllib3.connectionpool Starting new HTTPS connection (1): cloudbuild.googleapis.com:443
2026-04-14 17:52:38,023 DEBUG    urllib3.connectionpool https://cloudbuild.googleapis.com:443 "GET /v1/projects/mufiedapi/locations/asia-south1/operations/aa5e35f3-ca37-4821-9c47-a95091183dde?alt=json HTTP/1.1" 200 None
2026-04-14 17:52:39,183 DEBUG    urllib3.connectionpool https://cloudbuild.googleapis.com:443 "GET /v1/projects/mufiedapi/locations/asia-south1/operations/aa5e35f3-ca37-4821-9c47-a95091183dde?alt=json HTTP/1.1" 200 None
2026-04-14 17:52:40,629 DEBUG    urllib3.connectionpool https://cloudbuild.googleapis.com:443 "GET /v1/projects/mufiedapi/locations/asia-south1/operations/aa5e35f3-ca37-4821-9c47-a95091183dde?alt=json HTTP/1.1" 200 None
2026-04-14 17:52:42,160 DEBUG    urllib3.connectionpool https://cloudbuild.googleapis.com:443 "GET /v1/projects/mufiedapi/locations/asia-south1/operations/aa5e35f3-ca37-4821-9c47-a95091183dde?alt=json HTTP/1.1" 200 None
2026-04-14 17:52:43,682 DEBUG    urllib3.connectionpool https://cloudbuild.googleapis.com:443 "GET /v1/projects/mufiedapi/locations/asia-south1/operations/aa5e35f3-ca37-4821-9c47-a95091183dde?alt=json HTTP/1.1" 200 None
2026-04-14 17:52:45,128 DEBUG    urllib3.connectionpool https://cloudbuild.googleapis.com:443 "GET /v1/projects/mufiedapi/locations/asia-south1/operations/aa5e35f3-ca37-4821-9c47-a95091183dde?alt=json HTTP/1.1" 200 None
2026-04-14 17:52:46,585 DEBUG    urllib3.connectionpool https://cloudbuild.googleapis.com:443 "GET /v1/projects/mufiedapi/locations/asia-south1/operations/aa5e35f3-ca37-4821-9c47-a95091183dde?alt=json HTTP/1.1" 200 None
2026-04-14 17:52:48,108 DEBUG    urllib3.connectionpool https://cloudbuild.googleapis.com:443 "GET /v1/projects/mufiedapi/locations/asia-south1/operations/aa5e35f3-ca37-4821-9c47-a95091183dde?alt=json HTTP/1.1" 200 None
2026-04-14 17:52:49,563 DEBUG    urllib3.connectionpool https://cloudbuild.googleapis.com:443 "GET /v1/projects/mufiedapi/locations/asia-south1/operations/aa5e35f3-ca37-4821-9c47-a95091183dde?alt=json HTTP/1.1" 200 None
2026-04-14 17:52:51,004 DEBUG    urllib3.connectionpool https://cloudbuild.googleapis.com:443 "GET /v1/projects/mufiedapi/locations/asia-south1/operations/aa5e35f3-ca37-4821-9c47-a95091183dde?alt=json HTTP/1.1" 200 None
2026-04-14 17:52:52,442 DEBUG    urllib3.connectionpool https://cloudbuild.googleapis.com:443 "GET /v1/projects/mufiedapi/locations/asia-south1/operations/aa5e35f3-ca37-4821-9c47-a95091183dde?alt=json HTTP/1.1" 200 None
2026-04-14 17:52:53,868 DEBUG    urllib3.connectionpool https://cloudbuild.googleapis.com:443 "GET /v1/projects/mufiedapi/locations/asia-south1/operations/aa5e35f3-ca37-4821-9c47-a95091183dde?alt=json HTTP/1.1" 200 None
2026-04-14 17:52:55,297 DEBUG    urllib3.connectionpool https://cloudbuild.googleapis.com:443 "GET /v1/projects/mufiedapi/locations/asia-south1/operations/aa5e35f3-ca37-4821-9c47-a95091183dde?alt=json HTTP/1.1" 200 None
2026-04-14 17:52:56,798 DEBUG    urllib3.connectionpool https://cloudbuild.googleapis.com:443 "GET /v1/projects/mufiedapi/locations/asia-south1/operations/aa5e35f3-ca37-4821-9c47-a95091183dde?alt=json HTTP/1.1" 200 None
2026-04-14 17:52:58,013 DEBUG    urllib3.connectionpool https://cloudbuild.googleapis.com:443 "GET /v1/projects/mufiedapi/locations/asia-south1/operations/aa5e35f3-ca37-4821-9c47-a95091183dde?alt=json HTTP/1.1" 200 None
2026-04-14 17:52:59,503 DEBUG    urllib3.connectionpool https://cloudbuild.googleapis.com:443 "GET /v1/projects/mufiedapi/locations/asia-south1/operations/aa5e35f3-ca37-4821-9c47-a95091183dde?alt=json HTTP/1.1" 200 None
2026-04-14 17:53:00,956 DEBUG    urllib3.connectionpool https://cloudbuild.googleapis.com:443 "GET /v1/projects/mufiedapi/locations/asia-south1/operations/aa5e35f3-ca37-4821-9c47-a95091183dde?alt=json HTTP/1.1" 200 None
2026-04-14 17:53:02,383 DEBUG    urllib3.connectionpool https://cloudbuild.googleapis.com:443 "GET /v1/projects/mufiedapi/locations/asia-south1/operations/aa5e35f3-ca37-4821-9c47-a95091183dde?alt=json HTTP/1.1" 200 None
2026-04-14 17:53:03,819 DEBUG    urllib3.connectionpool https://cloudbuild.googleapis.com:443 "GET /v1/projects/mufiedapi/locations/asia-south1/operations/aa5e35f3-ca37-4821-9c47-a95091183dde?alt=json HTTP/1.1" 200 None
2026-04-14 17:53:05,282 DEBUG    urllib3.connectionpool https://cloudbuild.googleapis.com:443 "GET /v1/projects/mufiedapi/locations/asia-south1/operations/aa5e35f3-ca37-4821-9c47-a95091183dde?alt=json HTTP/1.1" 200 None
2026-04-14 17:53:06,718 DEBUG    urllib3.connectionpool https://cloudbuild.googleapis.com:443 "GET /v1/projects/mufiedapi/locations/asia-south1/operations/aa5e35f3-ca37-4821-9c47-a95091183dde?alt=json HTTP/1.1" 200 None
2026-04-14 17:53:07,959 DEBUG    urllib3.connectionpool https://cloudbuild.googleapis.com:443 "GET /v1/projects/mufiedapi/locations/asia-south1/operations/aa5e35f3-ca37-4821-9c47-a95091183dde?alt=json HTTP/1.1" 200 None
2026-04-14 17:53:09,413 DEBUG    urllib3.connectionpool https://cloudbuild.googleapis.com:443 "GET /v1/projects/mufiedapi/locations/asia-south1/operations/aa5e35f3-ca37-4821-9c47-a95091183dde?alt=json HTTP/1.1" 200 None
2026-04-14 17:53:10,844 DEBUG    urllib3.connectionpool https://cloudbuild.googleapis.com:443 "GET /v1/projects/mufiedapi/locations/asia-south1/operations/aa5e35f3-ca37-4821-9c47-a95091183dde?alt=json HTTP/1.1" 200 None
2026-04-14 17:53:12,293 DEBUG    urllib3.connectionpool https://cloudbuild.googleapis.com:443 "GET /v1/projects/mufiedapi/locations/asia-south1/operations/aa5e35f3-ca37-4821-9c47-a95091183dde?alt=json HTTP/1.1" 200 None
2026-04-14 17:53:13,438 DEBUG    urllib3.connectionpool https://cloudbuild.googleapis.com:443 "GET /v1/projects/mufiedapi/locations/asia-south1/operations/aa5e35f3-ca37-4821-9c47-a95091183dde?alt=json HTTP/1.1" 200 None
2026-04-14 17:53:14,879 DEBUG    urllib3.connectionpool https://cloudbuild.googleapis.com:443 "GET /v1/projects/mufiedapi/locations/asia-south1/operations/aa5e35f3-ca37-4821-9c47-a95091183dde?alt=json HTTP/1.1" 200 None
2026-04-14 17:53:16,337 DEBUG    urllib3.connectionpool https://cloudbuild.googleapis.com:443 "GET /v1/projects/mufiedapi/locations/asia-south1/operations/aa5e35f3-ca37-4821-9c47-a95091183dde?alt=json HTTP/1.1" 200 None
2026-04-14 17:53:17,486 DEBUG    urllib3.connectionpool https://cloudbuild.googleapis.com:443 "GET /v1/projects/mufiedapi/locations/asia-south1/operations/aa5e35f3-ca37-4821-9c47-a95091183dde?alt=json HTTP/1.1" 200 None
2026-04-14 17:53:19,007 DEBUG    urllib3.connectionpool https://cloudbuild.googleapis.com:443 "GET /v1/projects/mufiedapi/locations/asia-south1/operations/aa5e35f3-ca37-4821-9c47-a95091183dde?alt=json HTTP/1.1" 200 None
2026-04-14 17:53:20,551 DEBUG    urllib3.connectionpool https://cloudbuild.googleapis.com:443 "GET /v1/projects/mufiedapi/locations/asia-south1/operations/aa5e35f3-ca37-4821-9c47-a95091183dde?alt=json HTTP/1.1" 200 None
2026-04-14 17:53:21,774 DEBUG    urllib3.connectionpool https://cloudbuild.googleapis.com:443 "GET /v1/projects/mufiedapi/locations/asia-south1/operations/aa5e35f3-ca37-4821-9c47-a95091183dde?alt=json HTTP/1.1" 200 None
2026-04-14 17:53:23,247 DEBUG    urllib3.connectionpool https://cloudbuild.googleapis.com:443 "GET /v1/projects/mufiedapi/locations/asia-south1/operations/aa5e35f3-ca37-4821-9c47-a95091183dde?alt=json HTTP/1.1" 200 None
2026-04-14 17:53:24,411 DEBUG    urllib3.connectionpool https://cloudbuild.googleapis.com:443 "GET /v1/projects/mufiedapi/locations/asia-south1/operations/aa5e35f3-ca37-4821-9c47-a95091183dde?alt=json HTTP/1.1" 200 None
2026-04-14 17:53:25,855 DEBUG    urllib3.connectionpool https://cloudbuild.googleapis.com:443 "GET /v1/projects/mufiedapi/locations/asia-south1/operations/aa5e35f3-ca37-4821-9c47-a95091183dde?alt=json HTTP/1.1" 200 None
2026-04-14 17:53:27,004 DEBUG    urllib3.connectionpool https://cloudbuild.googleapis.com:443 "GET /v1/projects/mufiedapi/locations/asia-south1/operations/aa5e35f3-ca37-4821-9c47-a95091183dde?alt=json HTTP/1.1" 200 None
2026-04-14 17:53:28,453 DEBUG    urllib3.connectionpool https://cloudbuild.googleapis.com:443 "GET /v1/projects/mufiedapi/locations/asia-south1/operations/aa5e35f3-ca37-4821-9c47-a95091183dde?alt=json HTTP/1.1" 200 None
2026-04-14 17:53:29,898 DEBUG    urllib3.connectionpool https://cloudbuild.googleapis.com:443 "GET /v1/projects/mufiedapi/locations/asia-south1/operations/aa5e35f3-ca37-4821-9c47-a95091183dde?alt=json HTTP/1.1" 200 None
2026-04-14 17:53:31,381 DEBUG    urllib3.connectionpool https://cloudbuild.googleapis.com:443 "GET /v1/projects/mufiedapi/locations/asia-south1/operations/aa5e35f3-ca37-4821-9c47-a95091183dde?alt=json HTTP/1.1" 200 None
2026-04-14 17:53:32,831 DEBUG    urllib3.connectionpool https://cloudbuild.googleapis.com:443 "GET /v1/projects/mufiedapi/locations/asia-south1/operations/aa5e35f3-ca37-4821-9c47-a95091183dde?alt=json HTTP/1.1" 200 None
2026-04-14 17:53:34,343 DEBUG    urllib3.connectionpool https://cloudbuild.googleapis.com:443 "GET /v1/projects/mufiedapi/locations/asia-south1/operations/aa5e35f3-ca37-4821-9c47-a95091183dde?alt=json HTTP/1.1" 200 None
2026-04-14 17:53:35,799 DEBUG    urllib3.connectionpool https://cloudbuild.googleapis.com:443 "GET /v1/projects/mufiedapi/locations/asia-south1/operations/aa5e35f3-ca37-4821-9c47-a95091183dde?alt=json HTTP/1.1" 200 None
2026-04-14 17:53:36,998 DEBUG    urllib3.connectionpool https://cloudbuild.googleapis.com:443 "GET /v1/projects/mufiedapi/locations/asia-south1/operations/aa5e35f3-ca37-4821-9c47-a95091183dde?alt=json HTTP/1.1" 200 None
2026-04-14 17:53:37,220 DEBUG    urllib3.connectionpool https://cloudbuild.googleapis.com:443 "GET /v1/projects/mufiedapi/locations/asia-south1/operations/aa5e35f3-ca37-4821-9c47-a95091183dde?alt=json HTTP/1.1" 200 None
2026-04-14 17:53:38,696 DEBUG    urllib3.connectionpool https://cloudbuild.googleapis.com:443 "GET /v1/projects/mufiedapi/locations/asia-south1/operations/aa5e35f3-ca37-4821-9c47-a95091183dde?alt=json HTTP/1.1" 200 None
2026-04-14 17:53:40,557 DEBUG    urllib3.connectionpool https://cloudbuild.googleapis.com:443 "GET /v1/projects/mufiedapi/locations/asia-south1/operations/aa5e35f3-ca37-4821-9c47-a95091183dde?alt=json HTTP/1.1" 200 None
2026-04-14 17:53:42,637 DEBUG    urllib3.connectionpool https://cloudbuild.googleapis.com:443 "GET /v1/projects/mufiedapi/locations/asia-south1/operations/aa5e35f3-ca37-4821-9c47-a95091183dde?alt=json HTTP/1.1" 200 None
2026-04-14 17:53:44,556 DEBUG    urllib3.connectionpool https://cloudbuild.googleapis.com:443 "GET /v1/projects/mufiedapi/locations/asia-south1/operations/aa5e35f3-ca37-4821-9c47-a95091183dde?alt=json HTTP/1.1" 200 None
2026-04-14 17:53:46,992 DEBUG    urllib3.connectionpool https://cloudbuild.googleapis.com:443 "GET /v1/projects/mufiedapi/locations/asia-south1/operations/aa5e35f3-ca37-4821-9c47-a95091183dde?alt=json HTTP/1.1" 200 None
2026-04-14 17:53:49,519 DEBUG    urllib3.connectionpool https://cloudbuild.googleapis.com:443 "GET /v1/projects/mufiedapi/locations/asia-south1/operations/aa5e35f3-ca37-4821-9c47-a95091183dde?alt=json HTTP/1.1" 200 None
2026-04-14 17:53:52,030 DEBUG    urllib3.connectionpool https://cloudbuild.googleapis.com:443 "GET /v1/projects/mufiedapi/locations/asia-south1/operations/aa5e35f3-ca37-4821-9c47-a95091183dde?alt=json HTTP/1.1" 200 None
2026-04-14 17:53:54,636 DEBUG    urllib3.connectionpool https://cloudbuild.googleapis.com:443 "GET /v1/projects/mufiedapi/locations/asia-south1/operations/aa5e35f3-ca37-4821-9c47-a95091183dde?alt=json HTTP/1.1" 200 None
2026-04-14 17:53:57,498 DEBUG    urllib3.connectionpool https://cloudbuild.googleapis.com:443 "GET /v1/projects/mufiedapi/locations/asia-south1/operations/aa5e35f3-ca37-4821-9c47-a95091183dde?alt=json HTTP/1.1" 200 None
2026-04-14 17:54:00,080 DEBUG    urllib3.connectionpool https://cloudbuild.googleapis.com:443 "GET /v1/projects/mufiedapi/locations/asia-south1/operations/aa5e35f3-ca37-4821-9c47-a95091183dde?alt=json HTTP/1.1" 200 None
2026-04-14 17:54:03,085 DEBUG    urllib3.connectionpool https://cloudbuild.googleapis.com:443 "GET /v1/projects/mufiedapi/locations/asia-south1/operations/aa5e35f3-ca37-4821-9c47-a95091183dde?alt=json HTTP/1.1" 200 None
2026-04-14 17:54:03,363 DEBUG    urllib3.connectionpool https://asia-south1-run.googleapis.com:443 "GET /apis/serving.knative.dev/v1/namespaces/mufiedapi/services/nest-api?alt=json HTTP/1.1" 200 None
2026-04-14 17:54:04,622 DEBUG    urllib3.connectionpool https://asia-south1-run.googleapis.com:443 "PUT /apis/serving.knative.dev/v1/namespaces/mufiedapi/services/nest-api?alt=json HTTP/1.1" 200 None
2026-04-14 17:54:04,634 DEBUG    urllib3.connectionpool Starting new HTTPS connection (1): run.googleapis.com:443
2026-04-14 17:54:05,397 DEBUG    urllib3.connectionpool https://run.googleapis.com:443 "GET /v1/projects/mufiedapi/locations/asia-south1/services/nest-api:getIamPolicy?alt=json HTTP/1.1" 200 None
2026-04-14 17:54:05,911 DEBUG    urllib3.connectionpool https://run.googleapis.com:443 "POST /v1/projects/mufiedapi/locations/asia-south1/services/nest-api:setIamPolicy?alt=json HTTP/1.1" 403 None
2026-04-14 17:54:14,976 DEBUG    urllib3.connectionpool https://asia-south1-run.googleapis.com:443 "POST /v1/projects/mufiedapi/locations/asia-south1/operations/35789670-8859-4018-b746-ba4482d7e99d:wait?alt=json HTTP/1.1" 200 None
2026-04-14 17:54:17,183 DEBUG    urllib3.connectionpool https://asia-south1-run.googleapis.com:443 "POST /v1/projects/mufiedapi/locations/asia-south1/operations/35789670-8859-4018-b746-ba4482d7e99d:wait?alt=json HTTP/1.1" 200 None
2026-04-14 17:54:17,380 DEBUG    urllib3.connectionpool https://asia-south1-run.googleapis.com:443 "POST /v1/projects/mufiedapi/locations/asia-south1/operations/35789670-8859-4018-b746-ba4482d7e99d:wait?alt=json HTTP/1.1" 200 None
2026-04-14 17:54:17,563 DEBUG    urllib3.connectionpool https://asia-south1-run.googleapis.com:443 "POST /v1/projects/mufiedapi/locations/asia-south1/operations/35789670-8859-4018-b746-ba4482d7e99d:wait?alt=json HTTP/1.1" 200 None
2026-04-14 17:54:17,645 INFO     ___FILE_ONLY___   Setting IAM policy failed, try "gcloud beta run services add-iam-policy-binding --region=asia-south1 --member=allUsers --role=roles/run.invoker nest-api"

2026-04-14 17:54:17,646 INFO     ___FILE_ONLY___ Service [[1mnest-api[m] revision [[1mnest-api-00046-fww[m] has been deployed and is serving [1m100[m percent of traffic.
Service URL: [1mhttps://nest-api-560137381308.asia-south1.run.app[m

2026-04-14 17:54:17,646 DEBUG    root            Chosen display Format:none
2026-04-14 17:54:17,647 INFO     root            Display format: "none"
