2026-04-14 17:56:35,424 DEBUG    root            Loaded Command Group: ['gcloud', 'run']
2026-04-14 17:56:36,699 DEBUG    root            Loaded Command Group: ['gcloud', 'run', 'deploy']
2026-04-14 17:56:36,820 DEBUG    root            Running [gcloud.run.deploy] with arguments: [--allow-unauthenticated: "True", --min-instances: "<googlecloudsdk.command_lib.run.flags.ScaleValue object at 0x0000028CAA5D0AD0>", --platform: "managed", --port: "8080", --region: "asia-south1", --source: ".", SERVICE: "nest-api"]
2026-04-14 17:56:36,824 DEBUG    root            On GCE from disk cache: False
2026-04-14 17:56:36,922 DEBUG    root            On GCE from memory cache: False
2026-04-14 17:56:37,000 DEBUG    urllib3.connectionpool Starting new HTTPS connection (1): serviceusage.googleapis.com:443
2026-04-14 17:56:38,970 DEBUG    urllib3.connectionpool https://serviceusage.googleapis.com:443 "GET /v1/projects/mufiedapi/services/artifactregistry.googleapis.com?alt=json HTTP/1.1" 200 None
2026-04-14 17:56:39,051 DEBUG    root            On GCE from memory cache: False
2026-04-14 17:56:39,062 DEBUG    root            On GCE from memory cache: False
2026-04-14 17:56:39,070 DEBUG    urllib3.connectionpool Starting new HTTPS connection (1): serviceusage.googleapis.com:443
2026-04-14 17:56:40,824 DEBUG    urllib3.connectionpool https://serviceusage.googleapis.com:443 "GET /v1/projects/mufiedapi/services/cloudbuild.googleapis.com?alt=json HTTP/1.1" 200 None
2026-04-14 17:56:40,910 DEBUG    root            On GCE from memory cache: False
2026-04-14 17:56:40,924 DEBUG    root            On GCE from memory cache: False
2026-04-14 17:56:40,939 DEBUG    urllib3.connectionpool Starting new HTTPS connection (1): serviceusage.googleapis.com:443
2026-04-14 17:56:42,577 DEBUG    urllib3.connectionpool https://serviceusage.googleapis.com:443 "GET /v1/projects/mufiedapi/services/run.googleapis.com?alt=json HTTP/1.1" 200 None
2026-04-14 17:56:42,693 DEBUG    root            On GCE from memory cache: False
2026-04-14 17:56:42,708 DEBUG    root            On GCE from memory cache: False
2026-04-14 17:56:42,758 DEBUG    root            On GCE from memory cache: False
2026-04-14 17:56:42,791 DEBUG    urllib3.connectionpool Starting new HTTPS connection (1): asia-south1-run.googleapis.com:443
2026-04-14 17:56:43,100 DEBUG    urllib3.connectionpool https://asia-south1-run.googleapis.com:443 "GET /apis/serving.knative.dev/v1/namespaces/mufiedapi/services/nest-api?alt=json HTTP/1.1" 200 None
2026-04-14 17:56:43,111 DEBUG    root            source_location: gs://run-sources-mufiedapi-asia-south1/services/nest-api/1776169353.109026-77e50e93e7ed4fdc95fb88d04eff5cb4.zip#1776169353706913
2026-04-14 17:56:43,111 DEBUG    root            Existing source_bucket: run-sources-mufiedapi-asia-south1
2026-04-14 17:56:43,115 DEBUG    root            On GCE from memory cache: False
2026-04-14 17:56:43,155 DEBUG    urllib3.connectionpool Starting new HTTPS connection (1): artifactregistry.googleapis.com:443
2026-04-14 17:56:43,599 DEBUG    urllib3.connectionpool https://artifactregistry.googleapis.com:443 "GET /v1/projects/mufiedapi/locations/asia-south1/repositories/cloud-run-source-deploy?alt=json HTTP/1.1" 200 None
2026-04-14 17:56:43,606 DEBUG    root            On GCE from memory cache: False
2026-04-14 17:56:43,656 DEBUG    urllib3.connectionpool Starting new HTTPS connection (1): cloudbuild.googleapis.com:443
2026-04-14 17:56:44,146 DEBUG    urllib3.connectionpool https://cloudbuild.googleapis.com:443 "GET /v1/projects/mufiedapi/locations/asia-south1/defaultServiceAccount?alt=json HTTP/1.1" 200 None
2026-04-14 17:56:44,161 DEBUG    root            On GCE from memory cache: False
2026-04-14 17:56:44,175 DEBUG    urllib3.connectionpool Starting new HTTPS connection (1): iam.googleapis.com:443
2026-04-14 17:56:45,714 DEBUG    urllib3.connectionpool https://iam.googleapis.com:443 "GET /v1/projects/-/serviceAccounts/560137381308-compute@developer.gserviceaccount.com?alt=json HTTP/1.1" 200 None
2026-04-14 17:56:45,717 INFO     ___FILE_ONLY___ Building using Dockerfile and deploying container to Cloud Run service [[1mnest-api[m] in project [[1mmufiedapi[m] region [[1masia-south1[m]

2026-04-14 17:56:45,722 INFO     ___FILE_ONLY___ Building and deploying...
2026-04-14 17:56:47,204 DEBUG    urllib3.connectionpool https://asia-south1-run.googleapis.com:443 "PUT /apis/serving.knative.dev/v1/namespaces/mufiedapi/services/nest-api?alt=json&dryRun=all HTTP/1.1" 200 None
2026-04-14 17:56:47,212 DEBUG    root            On GCE from memory cache: False
2026-04-14 17:56:47,239 DEBUG    root            Creating bucket run-sources-mufiedapi-asia-south1 in region asia-south1
2026-04-14 17:56:47,242 DEBUG    urllib3.connectionpool Starting new HTTPS connection (1): storage.googleapis.com:443
2026-04-14 17:56:47,524 DEBUG    urllib3.connectionpool https://storage.googleapis.com:443 "GET /storage/v1/b/run-sources-mufiedapi-asia-south1?alt=json HTTP/1.1" 200 1276
2026-04-14 17:56:47,985 DEBUG    urllib3.connectionpool https://storage.googleapis.com:443 "GET /storage/v1/b?alt=json&maxResults=1000&prefix=run-sources-mufiedapi-asia-south1&project=mufiedapi HTTP/1.1" 200 1522
2026-04-14 17:56:47,989 DEBUG    root            Uploading source to gs://run-sources-mufiedapi-asia-south1/services/nest-api/1776169607.989181-0e77a9dec545466e8f0a653f42d3ebc4.zip
2026-04-14 17:56:47,995 INFO     root            Using ignore file at [.\.gcloudignore].
2026-04-14 17:56:47,997 DEBUG    root            Skipping file [.env]
2026-04-14 17:56:47,997 DEBUG    root            Skipping file [.env.example]
2026-04-14 17:56:47,998 DEBUG    root            Skipping file [.gitignore]
2026-04-14 17:56:48,000 DEBUG    root            Skipping file [.firebase]
2026-04-14 17:56:48,001 DEBUG    root            Skipping file [dist]
2026-04-14 17:56:48,001 DEBUG    root            Skipping file [node_modules]
2026-04-14 17:56:48,099 INFO     root            Using ignore file [.\.gcloudignore]
2026-04-14 17:56:48,331 INFO     root            Uploading [C:\Users\ADMIN\AppData\Local\Temp\tmpmj1hb7eg\file.zip] to [run-sources-mufiedapi-asia-south1/services/nest-api/1776169607.989181-0e77a9dec545466e8f0a653f42d3ebc4.zip]
2026-04-14 17:56:48,629 DEBUG    urllib3.connectionpool https://storage.googleapis.com:443 "POST /upload/storage/v1/b/run-sources-mufiedapi-asia-south1/o?alt=json&name=services%2Fnest-api%2F1776169607.989181-0e77a9dec545466e8f0a653f42d3ebc4.zip&uploadType=multipart HTTP/1.1" 200 1138
2026-04-14 17:56:48,668 DEBUG    root            On GCE from memory cache: False
2026-04-14 17:56:48,682 DEBUG    urllib3.connectionpool Starting new HTTPS connection (1): asia-south1-run.googleapis.com:443
2026-04-14 17:56:52,271 DEBUG    urllib3.connectionpool https://asia-south1-run.googleapis.com:443 "POST /v2/projects/mufiedapi/locations/asia-south1/builds:submit?alt=json HTTP/1.1" 200 None
2026-04-14 17:56:52,287 DEBUG    root            On GCE from memory cache: False
2026-04-14 17:56:52,294 DEBUG    urllib3.connectionpool Starting new HTTPS connection (1): cloudbuild.googleapis.com:443
2026-04-14 17:56:52,812 DEBUG    urllib3.connectionpool https://cloudbuild.googleapis.com:443 "GET /v1/projects/mufiedapi/locations/asia-south1/operations/5db46d43-68cd-462d-b87f-09d78c2cf210?alt=json HTTP/1.1" 200 None
2026-04-14 17:56:54,355 DEBUG    urllib3.connectionpool https://cloudbuild.googleapis.com:443 "GET /v1/projects/mufiedapi/locations/asia-south1/operations/5db46d43-68cd-462d-b87f-09d78c2cf210?alt=json HTTP/1.1" 200 None
2026-04-14 17:56:56,227 DEBUG    urllib3.connectionpool https://cloudbuild.googleapis.com:443 "GET /v1/projects/mufiedapi/locations/asia-south1/operations/5db46d43-68cd-462d-b87f-09d78c2cf210?alt=json HTTP/1.1" 200 None
2026-04-14 17:56:57,702 DEBUG    urllib3.connectionpool https://cloudbuild.googleapis.com:443 "GET /v1/projects/mufiedapi/locations/asia-south1/operations/5db46d43-68cd-462d-b87f-09d78c2cf210?alt=json HTTP/1.1" 200 None
2026-04-14 17:56:58,855 DEBUG    urllib3.connectionpool https://cloudbuild.googleapis.com:443 "GET /v1/projects/mufiedapi/locations/asia-south1/operations/5db46d43-68cd-462d-b87f-09d78c2cf210?alt=json HTTP/1.1" 200 None
2026-04-14 17:57:00,303 DEBUG    urllib3.connectionpool https://cloudbuild.googleapis.com:443 "GET /v1/projects/mufiedapi/locations/asia-south1/operations/5db46d43-68cd-462d-b87f-09d78c2cf210?alt=json HTTP/1.1" 200 None
2026-04-14 17:57:01,506 DEBUG    urllib3.connectionpool https://cloudbuild.googleapis.com:443 "GET /v1/projects/mufiedapi/locations/asia-south1/operations/5db46d43-68cd-462d-b87f-09d78c2cf210?alt=json HTTP/1.1" 200 None
2026-04-14 17:57:02,961 DEBUG    urllib3.connectionpool https://cloudbuild.googleapis.com:443 "GET /v1/projects/mufiedapi/locations/asia-south1/operations/5db46d43-68cd-462d-b87f-09d78c2cf210?alt=json HTTP/1.1" 200 None
2026-04-14 17:57:04,129 DEBUG    urllib3.connectionpool https://cloudbuild.googleapis.com:443 "GET /v1/projects/mufiedapi/locations/asia-south1/operations/5db46d43-68cd-462d-b87f-09d78c2cf210?alt=json HTTP/1.1" 200 None
2026-04-14 17:57:05,596 DEBUG    urllib3.connectionpool https://cloudbuild.googleapis.com:443 "GET /v1/projects/mufiedapi/locations/asia-south1/operations/5db46d43-68cd-462d-b87f-09d78c2cf210?alt=json HTTP/1.1" 200 None
2026-04-14 17:57:07,045 DEBUG    urllib3.connectionpool https://cloudbuild.googleapis.com:443 "GET /v1/projects/mufiedapi/locations/asia-south1/operations/5db46d43-68cd-462d-b87f-09d78c2cf210?alt=json HTTP/1.1" 200 None
2026-04-14 17:57:08,634 DEBUG    urllib3.connectionpool https://cloudbuild.googleapis.com:443 "GET /v1/projects/mufiedapi/locations/asia-south1/operations/5db46d43-68cd-462d-b87f-09d78c2cf210?alt=json HTTP/1.1" 200 None
2026-04-14 17:57:09,794 DEBUG    urllib3.connectionpool https://cloudbuild.googleapis.com:443 "GET /v1/projects/mufiedapi/locations/asia-south1/operations/5db46d43-68cd-462d-b87f-09d78c2cf210?alt=json HTTP/1.1" 200 None
2026-04-14 17:57:11,232 DEBUG    urllib3.connectionpool https://cloudbuild.googleapis.com:443 "GET /v1/projects/mufiedapi/locations/asia-south1/operations/5db46d43-68cd-462d-b87f-09d78c2cf210?alt=json HTTP/1.1" 200 None
2026-04-14 17:57:12,669 DEBUG    urllib3.connectionpool https://cloudbuild.googleapis.com:443 "GET /v1/projects/mufiedapi/locations/asia-south1/operations/5db46d43-68cd-462d-b87f-09d78c2cf210?alt=json HTTP/1.1" 200 None
2026-04-14 17:57:14,109 DEBUG    urllib3.connectionpool https://cloudbuild.googleapis.com:443 "GET /v1/projects/mufiedapi/locations/asia-south1/operations/5db46d43-68cd-462d-b87f-09d78c2cf210?alt=json HTTP/1.1" 200 None
2026-04-14 17:57:15,337 DEBUG    urllib3.connectionpool https://cloudbuild.googleapis.com:443 "GET /v1/projects/mufiedapi/locations/asia-south1/operations/5db46d43-68cd-462d-b87f-09d78c2cf210?alt=json HTTP/1.1" 200 None
2026-04-14 17:57:16,835 DEBUG    urllib3.connectionpool https://cloudbuild.googleapis.com:443 "GET /v1/projects/mufiedapi/locations/asia-south1/operations/5db46d43-68cd-462d-b87f-09d78c2cf210?alt=json HTTP/1.1" 200 None
2026-04-14 17:57:17,971 DEBUG    urllib3.connectionpool https://cloudbuild.googleapis.com:443 "GET /v1/projects/mufiedapi/locations/asia-south1/operations/5db46d43-68cd-462d-b87f-09d78c2cf210?alt=json HTTP/1.1" 200 None
2026-04-14 17:57:19,401 DEBUG    urllib3.connectionpool https://cloudbuild.googleapis.com:443 "GET /v1/projects/mufiedapi/locations/asia-south1/operations/5db46d43-68cd-462d-b87f-09d78c2cf210?alt=json HTTP/1.1" 200 None
2026-04-14 17:57:20,851 DEBUG    urllib3.connectionpool https://cloudbuild.googleapis.com:443 "GET /v1/projects/mufiedapi/locations/asia-south1/operations/5db46d43-68cd-462d-b87f-09d78c2cf210?alt=json HTTP/1.1" 200 None
2026-04-14 17:57:22,292 DEBUG    urllib3.connectionpool https://cloudbuild.googleapis.com:443 "GET /v1/projects/mufiedapi/locations/asia-south1/operations/5db46d43-68cd-462d-b87f-09d78c2cf210?alt=json HTTP/1.1" 200 None
2026-04-14 17:57:23,742 DEBUG    urllib3.connectionpool https://cloudbuild.googleapis.com:443 "GET /v1/projects/mufiedapi/locations/asia-south1/operations/5db46d43-68cd-462d-b87f-09d78c2cf210?alt=json HTTP/1.1" 200 None
2026-04-14 17:57:25,239 DEBUG    urllib3.connectionpool https://cloudbuild.googleapis.com:443 "GET /v1/projects/mufiedapi/locations/asia-south1/operations/5db46d43-68cd-462d-b87f-09d78c2cf210?alt=json HTTP/1.1" 200 None
2026-04-14 17:57:26,774 DEBUG    urllib3.connectionpool https://cloudbuild.googleapis.com:443 "GET /v1/projects/mufiedapi/locations/asia-south1/operations/5db46d43-68cd-462d-b87f-09d78c2cf210?alt=json HTTP/1.1" 200 None
2026-04-14 17:57:28,358 DEBUG    urllib3.connectionpool https://cloudbuild.googleapis.com:443 "GET /v1/projects/mufiedapi/locations/asia-south1/operations/5db46d43-68cd-462d-b87f-09d78c2cf210?alt=json HTTP/1.1" 200 None
2026-04-14 17:57:29,818 DEBUG    urllib3.connectionpool https://cloudbuild.googleapis.com:443 "GET /v1/projects/mufiedapi/locations/asia-south1/operations/5db46d43-68cd-462d-b87f-09d78c2cf210?alt=json HTTP/1.1" 200 None
2026-04-14 17:57:31,268 DEBUG    urllib3.connectionpool https://cloudbuild.googleapis.com:443 "GET /v1/projects/mufiedapi/locations/asia-south1/operations/5db46d43-68cd-462d-b87f-09d78c2cf210?alt=json HTTP/1.1" 200 None
2026-04-14 17:57:32,710 DEBUG    urllib3.connectionpool https://cloudbuild.googleapis.com:443 "GET /v1/projects/mufiedapi/locations/asia-south1/operations/5db46d43-68cd-462d-b87f-09d78c2cf210?alt=json HTTP/1.1" 200 None
2026-04-14 17:57:33,854 DEBUG    urllib3.connectionpool https://cloudbuild.googleapis.com:443 "GET /v1/projects/mufiedapi/locations/asia-south1/operations/5db46d43-68cd-462d-b87f-09d78c2cf210?alt=json HTTP/1.1" 200 None
2026-04-14 17:57:35,004 DEBUG    urllib3.connectionpool https://cloudbuild.googleapis.com:443 "GET /v1/projects/mufiedapi/locations/asia-south1/operations/5db46d43-68cd-462d-b87f-09d78c2cf210?alt=json HTTP/1.1" 200 None
2026-04-14 17:57:36,444 DEBUG    urllib3.connectionpool https://cloudbuild.googleapis.com:443 "GET /v1/projects/mufiedapi/locations/asia-south1/operations/5db46d43-68cd-462d-b87f-09d78c2cf210?alt=json HTTP/1.1" 200 None
2026-04-14 17:57:37,915 DEBUG    urllib3.connectionpool https://cloudbuild.googleapis.com:443 "GET /v1/projects/mufiedapi/locations/asia-south1/operations/5db46d43-68cd-462d-b87f-09d78c2cf210?alt=json HTTP/1.1" 200 None
2026-04-14 17:57:39,062 DEBUG    urllib3.connectionpool https://cloudbuild.googleapis.com:443 "GET /v1/projects/mufiedapi/locations/asia-south1/operations/5db46d43-68cd-462d-b87f-09d78c2cf210?alt=json HTTP/1.1" 200 None
2026-04-14 17:57:40,495 DEBUG    urllib3.connectionpool https://cloudbuild.googleapis.com:443 "GET /v1/projects/mufiedapi/locations/asia-south1/operations/5db46d43-68cd-462d-b87f-09d78c2cf210?alt=json HTTP/1.1" 200 None
2026-04-14 17:57:41,945 DEBUG    urllib3.connectionpool https://cloudbuild.googleapis.com:443 "GET /v1/projects/mufiedapi/locations/asia-south1/operations/5db46d43-68cd-462d-b87f-09d78c2cf210?alt=json HTTP/1.1" 200 None
2026-04-14 17:57:43,385 DEBUG    urllib3.connectionpool https://cloudbuild.googleapis.com:443 "GET /v1/projects/mufiedapi/locations/asia-south1/operations/5db46d43-68cd-462d-b87f-09d78c2cf210?alt=json HTTP/1.1" 200 None
2026-04-14 17:57:44,535 DEBUG    urllib3.connectionpool https://cloudbuild.googleapis.com:443 "GET /v1/projects/mufiedapi/locations/asia-south1/operations/5db46d43-68cd-462d-b87f-09d78c2cf210?alt=json HTTP/1.1" 200 None
2026-04-14 17:57:45,981 DEBUG    urllib3.connectionpool https://cloudbuild.googleapis.com:443 "GET /v1/projects/mufiedapi/locations/asia-south1/operations/5db46d43-68cd-462d-b87f-09d78c2cf210?alt=json HTTP/1.1" 200 None
2026-04-14 17:57:47,492 DEBUG    urllib3.connectionpool https://cloudbuild.googleapis.com:443 "GET /v1/projects/mufiedapi/locations/asia-south1/operations/5db46d43-68cd-462d-b87f-09d78c2cf210?alt=json HTTP/1.1" 200 None
2026-04-14 17:57:48,669 DEBUG    urllib3.connectionpool https://cloudbuild.googleapis.com:443 "GET /v1/projects/mufiedapi/locations/asia-south1/operations/5db46d43-68cd-462d-b87f-09d78c2cf210?alt=json HTTP/1.1" 200 None
2026-04-14 17:57:49,888 DEBUG    urllib3.connectionpool https://cloudbuild.googleapis.com:443 "GET /v1/projects/mufiedapi/locations/asia-south1/operations/5db46d43-68cd-462d-b87f-09d78c2cf210?alt=json HTTP/1.1" 200 None
2026-04-14 17:57:51,029 DEBUG    urllib3.connectionpool https://cloudbuild.googleapis.com:443 "GET /v1/projects/mufiedapi/locations/asia-south1/operations/5db46d43-68cd-462d-b87f-09d78c2cf210?alt=json HTTP/1.1" 200 None
2026-04-14 17:57:52,489 DEBUG    urllib3.connectionpool https://cloudbuild.googleapis.com:443 "GET /v1/projects/mufiedapi/locations/asia-south1/operations/5db46d43-68cd-462d-b87f-09d78c2cf210?alt=json HTTP/1.1" 200 None
2026-04-14 17:57:52,921 DEBUG    urllib3.connectionpool https://cloudbuild.googleapis.com:443 "GET /v1/projects/mufiedapi/locations/asia-south1/operations/5db46d43-68cd-462d-b87f-09d78c2cf210?alt=json HTTP/1.1" 200 None
2026-04-14 17:57:54,549 DEBUG    urllib3.connectionpool https://cloudbuild.googleapis.com:443 "GET /v1/projects/mufiedapi/locations/asia-south1/operations/5db46d43-68cd-462d-b87f-09d78c2cf210?alt=json HTTP/1.1" 200 None
2026-04-14 17:57:56,131 DEBUG    urllib3.connectionpool https://cloudbuild.googleapis.com:443 "GET /v1/projects/mufiedapi/locations/asia-south1/operations/5db46d43-68cd-462d-b87f-09d78c2cf210?alt=json HTTP/1.1" 200 None
2026-04-14 17:57:57,604 DEBUG    urllib3.connectionpool https://cloudbuild.googleapis.com:443 "GET /v1/projects/mufiedapi/locations/asia-south1/operations/5db46d43-68cd-462d-b87f-09d78c2cf210?alt=json HTTP/1.1" 200 None
2026-04-14 17:57:59,522 DEBUG    urllib3.connectionpool https://cloudbuild.googleapis.com:443 "GET /v1/projects/mufiedapi/locations/asia-south1/operations/5db46d43-68cd-462d-b87f-09d78c2cf210?alt=json HTTP/1.1" 200 None
2026-04-14 17:58:01,855 DEBUG    urllib3.connectionpool https://cloudbuild.googleapis.com:443 "GET /v1/projects/mufiedapi/locations/asia-south1/operations/5db46d43-68cd-462d-b87f-09d78c2cf210?alt=json HTTP/1.1" 200 None
2026-04-14 17:58:04,121 DEBUG    urllib3.connectionpool https://cloudbuild.googleapis.com:443 "GET /v1/projects/mufiedapi/locations/asia-south1/operations/5db46d43-68cd-462d-b87f-09d78c2cf210?alt=json HTTP/1.1" 200 None
2026-04-14 17:58:06,364 DEBUG    urllib3.connectionpool https://cloudbuild.googleapis.com:443 "GET /v1/projects/mufiedapi/locations/asia-south1/operations/5db46d43-68cd-462d-b87f-09d78c2cf210?alt=json HTTP/1.1" 200 None
2026-04-14 17:58:08,934 DEBUG    urllib3.connectionpool https://cloudbuild.googleapis.com:443 "GET /v1/projects/mufiedapi/locations/asia-south1/operations/5db46d43-68cd-462d-b87f-09d78c2cf210?alt=json HTTP/1.1" 200 None
2026-04-14 17:58:11,710 DEBUG    urllib3.connectionpool https://cloudbuild.googleapis.com:443 "GET /v1/projects/mufiedapi/locations/asia-south1/operations/5db46d43-68cd-462d-b87f-09d78c2cf210?alt=json HTTP/1.1" 200 None
2026-04-14 17:58:14,570 DEBUG    urllib3.connectionpool https://cloudbuild.googleapis.com:443 "GET /v1/projects/mufiedapi/locations/asia-south1/operations/5db46d43-68cd-462d-b87f-09d78c2cf210?alt=json HTTP/1.1" 200 None
2026-04-14 17:58:14,832 DEBUG    urllib3.connectionpool https://asia-south1-run.googleapis.com:443 "GET /apis/serving.knative.dev/v1/namespaces/mufiedapi/services/nest-api?alt=json HTTP/1.1" 200 None
2026-04-14 17:58:16,176 DEBUG    urllib3.connectionpool https://asia-south1-run.googleapis.com:443 "PUT /apis/serving.knative.dev/v1/namespaces/mufiedapi/services/nest-api?alt=json HTTP/1.1" 200 None
2026-04-14 17:58:16,188 DEBUG    urllib3.connectionpool Starting new HTTPS connection (1): run.googleapis.com:443
2026-04-14 17:58:17,000 DEBUG    urllib3.connectionpool https://run.googleapis.com:443 "GET /v1/projects/mufiedapi/locations/asia-south1/services/nest-api:getIamPolicy?alt=json HTTP/1.1" 200 None
2026-04-14 17:58:17,610 DEBUG    urllib3.connectionpool https://run.googleapis.com:443 "POST /v1/projects/mufiedapi/locations/asia-south1/services/nest-api:setIamPolicy?alt=json HTTP/1.1" 403 None
2026-04-14 17:58:26,824 DEBUG    urllib3.connectionpool https://asia-south1-run.googleapis.com:443 "POST /v1/projects/mufiedapi/locations/asia-south1/operations/aef327ce-ca45-411e-9cfe-fd823e0935ca:wait?alt=json HTTP/1.1" 200 None
2026-04-14 17:58:29,173 DEBUG    urllib3.connectionpool https://asia-south1-run.googleapis.com:443 "POST /v1/projects/mufiedapi/locations/asia-south1/operations/aef327ce-ca45-411e-9cfe-fd823e0935ca:wait?alt=json HTTP/1.1" 200 None
2026-04-14 17:58:29,316 DEBUG    urllib3.connectionpool https://asia-south1-run.googleapis.com:443 "POST /v1/projects/mufiedapi/locations/asia-south1/operations/aef327ce-ca45-411e-9cfe-fd823e0935ca:wait?alt=json HTTP/1.1" 200 None
2026-04-14 17:58:29,537 DEBUG    urllib3.connectionpool https://asia-south1-run.googleapis.com:443 "POST /v1/projects/mufiedapi/locations/asia-south1/operations/aef327ce-ca45-411e-9cfe-fd823e0935ca:wait?alt=json HTTP/1.1" 200 None
2026-04-14 17:58:29,584 INFO     ___FILE_ONLY___   Setting IAM policy failed, try "gcloud beta run services add-iam-policy-binding --region=asia-south1 --member=allUsers --role=roles/run.invoker nest-api"

2026-04-14 17:58:29,587 INFO     ___FILE_ONLY___ Service [[1mnest-api[m] revision [[1mnest-api-00047-dwb[m] has been deployed and is serving [1m100[m percent of traffic.
Service URL: [1mhttps://nest-api-560137381308.asia-south1.run.app[m

2026-04-14 17:58:29,589 DEBUG    root            Chosen display Format:none
2026-04-14 17:58:29,591 INFO     root            Display format: "none"
