2026-04-14 19:55:34,282 DEBUG    root            Loaded Command Group: ['gcloud', 'run']
2026-04-14 19:55:35,753 DEBUG    root            Loaded Command Group: ['gcloud', 'run', 'deploy']
2026-04-14 19:55:35,798 DEBUG    root            Running [gcloud.run.deploy] with arguments: [--allow-unauthenticated: "True", --min-instances: "<googlecloudsdk.command_lib.run.flags.ScaleValue object at 0x0000022A94B80AD0>", --platform: "managed", --port: "8080", --region: "asia-south1", --source: ".", SERVICE: "nest-api"]
2026-04-14 19:55:36,057 DEBUG    root            Failed to check metadata server: <urlopen error [Errno 11001] getaddrinfo failed>
2026-04-14 19:55:36,057 DEBUG    root            On GCE from server: False
2026-04-14 19:55:36,265 DEBUG    root            On GCE from memory cache: False
2026-04-14 19:55:36,320 DEBUG    urllib3.connectionpool Starting new HTTPS connection (1): serviceusage.googleapis.com:443
2026-04-14 19:55:38,136 DEBUG    urllib3.connectionpool https://serviceusage.googleapis.com:443 "GET /v1/projects/mufiedapi/services/artifactregistry.googleapis.com?alt=json HTTP/1.1" 200 None
2026-04-14 19:55:38,226 DEBUG    root            On GCE from memory cache: False
2026-04-14 19:55:38,233 DEBUG    root            On GCE from memory cache: False
2026-04-14 19:55:38,243 DEBUG    urllib3.connectionpool Starting new HTTPS connection (1): serviceusage.googleapis.com:443
2026-04-14 19:55:39,888 DEBUG    urllib3.connectionpool https://serviceusage.googleapis.com:443 "GET /v1/projects/mufiedapi/services/cloudbuild.googleapis.com?alt=json HTTP/1.1" 200 None
2026-04-14 19:55:39,933 DEBUG    root            On GCE from memory cache: False
2026-04-14 19:55:39,942 DEBUG    root            On GCE from memory cache: False
2026-04-14 19:55:39,949 DEBUG    urllib3.connectionpool Starting new HTTPS connection (1): serviceusage.googleapis.com:443
2026-04-14 19:55:41,610 DEBUG    urllib3.connectionpool https://serviceusage.googleapis.com:443 "GET /v1/projects/mufiedapi/services/run.googleapis.com?alt=json HTTP/1.1" 200 None
2026-04-14 19:55:41,676 DEBUG    root            On GCE from memory cache: False
2026-04-14 19:55:41,683 DEBUG    root            On GCE from memory cache: False
2026-04-14 19:55:41,704 DEBUG    root            On GCE from memory cache: False
2026-04-14 19:55:41,713 DEBUG    urllib3.connectionpool Starting new HTTPS connection (1): asia-south1-run.googleapis.com:443
2026-04-14 19:55:42,098 DEBUG    urllib3.connectionpool https://asia-south1-run.googleapis.com:443 "GET /apis/serving.knative.dev/v1/namespaces/mufiedapi/services/nest-api?alt=json HTTP/1.1" 200 None
2026-04-14 19:55:42,105 DEBUG    root            source_location: gs://run-sources-mufiedapi-asia-south1/services/nest-api/1776174709.794449-06bab1223f234978afb500991e40f97b.zip#1776174710284904
2026-04-14 19:55:42,105 DEBUG    root            Existing source_bucket: run-sources-mufiedapi-asia-south1
2026-04-14 19:55:42,107 DEBUG    root            On GCE from memory cache: False
2026-04-14 19:55:42,149 DEBUG    urllib3.connectionpool Starting new HTTPS connection (1): artifactregistry.googleapis.com:443
2026-04-14 19:55:42,861 DEBUG    urllib3.connectionpool https://artifactregistry.googleapis.com:443 "GET /v1/projects/mufiedapi/locations/asia-south1/repositories/cloud-run-source-deploy?alt=json HTTP/1.1" 200 None
2026-04-14 19:55:42,867 DEBUG    root            On GCE from memory cache: False
2026-04-14 19:55:42,906 DEBUG    urllib3.connectionpool Starting new HTTPS connection (1): cloudbuild.googleapis.com:443
2026-04-14 19:55:43,736 DEBUG    urllib3.connectionpool https://cloudbuild.googleapis.com:443 "GET /v1/projects/mufiedapi/locations/asia-south1/defaultServiceAccount?alt=json HTTP/1.1" 200 None
2026-04-14 19:55:43,740 DEBUG    root            On GCE from memory cache: False
2026-04-14 19:55:43,751 DEBUG    urllib3.connectionpool Starting new HTTPS connection (1): iam.googleapis.com:443
2026-04-14 19:55:45,373 DEBUG    urllib3.connectionpool https://iam.googleapis.com:443 "GET /v1/projects/-/serviceAccounts/560137381308-compute@developer.gserviceaccount.com?alt=json HTTP/1.1" 200 None
2026-04-14 19:55:45,376 INFO     ___FILE_ONLY___ Building using Dockerfile and deploying container to Cloud Run service [[1mnest-api[m] in project [[1mmufiedapi[m] region [[1masia-south1[m]

2026-04-14 19:55:45,386 INFO     ___FILE_ONLY___ Building and deploying...
2026-04-14 19:55:46,915 DEBUG    urllib3.connectionpool https://asia-south1-run.googleapis.com:443 "PUT /apis/serving.knative.dev/v1/namespaces/mufiedapi/services/nest-api?alt=json&dryRun=all HTTP/1.1" 200 None
2026-04-14 19:55:46,928 DEBUG    root            On GCE from memory cache: False
2026-04-14 19:55:47,018 DEBUG    root            Creating bucket run-sources-mufiedapi-asia-south1 in region asia-south1
2026-04-14 19:55:47,022 DEBUG    urllib3.connectionpool Starting new HTTPS connection (1): storage.googleapis.com:443
2026-04-14 19:55:47,691 DEBUG    urllib3.connectionpool https://storage.googleapis.com:443 "GET /storage/v1/b/run-sources-mufiedapi-asia-south1?alt=json HTTP/1.1" 200 1276
2026-04-14 19:55:48,160 DEBUG    urllib3.connectionpool https://storage.googleapis.com:443 "GET /storage/v1/b?alt=json&maxResults=1000&prefix=run-sources-mufiedapi-asia-south1&project=mufiedapi HTTP/1.1" 200 1522
2026-04-14 19:55:48,164 DEBUG    root            Uploading source to gs://run-sources-mufiedapi-asia-south1/services/nest-api/1776176748.16396-6c0116f9d38e4addb952129cbd4ae0d8.zip
2026-04-14 19:55:48,169 INFO     root            Using ignore file at [.\.gcloudignore].
2026-04-14 19:55:48,171 DEBUG    root            Skipping file [.env]
2026-04-14 19:55:48,171 DEBUG    root            Skipping file [.env.example]
2026-04-14 19:55:48,172 DEBUG    root            Skipping file [.gitignore]
2026-04-14 19:55:48,173 DEBUG    root            Skipping file [.firebase]
2026-04-14 19:55:48,173 DEBUG    root            Skipping file [dist]
2026-04-14 19:55:48,173 DEBUG    root            Skipping file [node_modules]
2026-04-14 19:55:48,235 INFO     root            Using ignore file [.\.gcloudignore]
2026-04-14 19:55:48,344 INFO     root            Uploading [C:\Users\ADMIN\AppData\Local\Temp\tmpsjhowqag\file.zip] to [run-sources-mufiedapi-asia-south1/services/nest-api/1776176748.16396-6c0116f9d38e4addb952129cbd4ae0d8.zip]
2026-04-14 19:55:48,647 DEBUG    urllib3.connectionpool https://storage.googleapis.com:443 "POST /upload/storage/v1/b/run-sources-mufiedapi-asia-south1/o?alt=json&name=services%2Fnest-api%2F1776176748.16396-6c0116f9d38e4addb952129cbd4ae0d8.zip&uploadType=multipart HTTP/1.1" 200 1134
2026-04-14 19:55:48,701 DEBUG    root            On GCE from memory cache: False
2026-04-14 19:55:48,747 DEBUG    urllib3.connectionpool Starting new HTTPS connection (1): asia-south1-run.googleapis.com:443
2026-04-14 19:55:52,467 DEBUG    urllib3.connectionpool https://asia-south1-run.googleapis.com:443 "POST /v2/projects/mufiedapi/locations/asia-south1/builds:submit?alt=json HTTP/1.1" 200 None
2026-04-14 19:55:52,487 DEBUG    root            On GCE from memory cache: False
2026-04-14 19:55:52,496 DEBUG    urllib3.connectionpool Starting new HTTPS connection (1): cloudbuild.googleapis.com:443
2026-04-14 19:55:53,055 DEBUG    urllib3.connectionpool https://cloudbuild.googleapis.com:443 "GET /v1/projects/mufiedapi/locations/asia-south1/operations/15a0d7d0-fc4f-4398-8339-03f005a659cc?alt=json HTTP/1.1" 200 None
2026-04-14 19:55:54,589 DEBUG    urllib3.connectionpool https://cloudbuild.googleapis.com:443 "GET /v1/projects/mufiedapi/locations/asia-south1/operations/15a0d7d0-fc4f-4398-8339-03f005a659cc?alt=json HTTP/1.1" 200 None
2026-04-14 19:55:56,051 DEBUG    urllib3.connectionpool https://cloudbuild.googleapis.com:443 "GET /v1/projects/mufiedapi/locations/asia-south1/operations/15a0d7d0-fc4f-4398-8339-03f005a659cc?alt=json HTTP/1.1" 200 None
2026-04-14 19:55:57,492 DEBUG    urllib3.connectionpool https://cloudbuild.googleapis.com:443 "GET /v1/projects/mufiedapi/locations/asia-south1/operations/15a0d7d0-fc4f-4398-8339-03f005a659cc?alt=json HTTP/1.1" 200 None
2026-04-14 19:55:58,990 DEBUG    urllib3.connectionpool https://cloudbuild.googleapis.com:443 "GET /v1/projects/mufiedapi/locations/asia-south1/operations/15a0d7d0-fc4f-4398-8339-03f005a659cc?alt=json HTTP/1.1" 200 None
2026-04-14 19:56:00,442 DEBUG    urllib3.connectionpool https://cloudbuild.googleapis.com:443 "GET /v1/projects/mufiedapi/locations/asia-south1/operations/15a0d7d0-fc4f-4398-8339-03f005a659cc?alt=json HTTP/1.1" 200 None
2026-04-14 19:56:01,897 DEBUG    urllib3.connectionpool https://cloudbuild.googleapis.com:443 "GET /v1/projects/mufiedapi/locations/asia-south1/operations/15a0d7d0-fc4f-4398-8339-03f005a659cc?alt=json HTTP/1.1" 200 None
2026-04-14 19:56:03,351 DEBUG    urllib3.connectionpool https://cloudbuild.googleapis.com:443 "GET /v1/projects/mufiedapi/locations/asia-south1/operations/15a0d7d0-fc4f-4398-8339-03f005a659cc?alt=json HTTP/1.1" 200 None
2026-04-14 19:56:04,800 DEBUG    urllib3.connectionpool https://cloudbuild.googleapis.com:443 "GET /v1/projects/mufiedapi/locations/asia-south1/operations/15a0d7d0-fc4f-4398-8339-03f005a659cc?alt=json HTTP/1.1" 200 None
2026-04-14 19:56:06,734 DEBUG    urllib3.connectionpool https://cloudbuild.googleapis.com:443 "GET /v1/projects/mufiedapi/locations/asia-south1/operations/15a0d7d0-fc4f-4398-8339-03f005a659cc?alt=json HTTP/1.1" 200 None
2026-04-14 19:56:08,185 DEBUG    urllib3.connectionpool https://cloudbuild.googleapis.com:443 "GET /v1/projects/mufiedapi/locations/asia-south1/operations/15a0d7d0-fc4f-4398-8339-03f005a659cc?alt=json HTTP/1.1" 200 None
2026-04-14 19:56:09,641 DEBUG    urllib3.connectionpool https://cloudbuild.googleapis.com:443 "GET /v1/projects/mufiedapi/locations/asia-south1/operations/15a0d7d0-fc4f-4398-8339-03f005a659cc?alt=json HTTP/1.1" 200 None
2026-04-14 19:56:10,783 DEBUG    urllib3.connectionpool https://cloudbuild.googleapis.com:443 "GET /v1/projects/mufiedapi/locations/asia-south1/operations/15a0d7d0-fc4f-4398-8339-03f005a659cc?alt=json HTTP/1.1" 200 None
2026-04-14 19:56:12,241 DEBUG    urllib3.connectionpool https://cloudbuild.googleapis.com:443 "GET /v1/projects/mufiedapi/locations/asia-south1/operations/15a0d7d0-fc4f-4398-8339-03f005a659cc?alt=json HTTP/1.1" 200 None
2026-04-14 19:56:13,398 DEBUG    urllib3.connectionpool https://cloudbuild.googleapis.com:443 "GET /v1/projects/mufiedapi/locations/asia-south1/operations/15a0d7d0-fc4f-4398-8339-03f005a659cc?alt=json HTTP/1.1" 200 None
2026-04-14 19:56:14,864 DEBUG    urllib3.connectionpool https://cloudbuild.googleapis.com:443 "GET /v1/projects/mufiedapi/locations/asia-south1/operations/15a0d7d0-fc4f-4398-8339-03f005a659cc?alt=json HTTP/1.1" 200 None
2026-04-14 19:56:16,340 DEBUG    urllib3.connectionpool https://cloudbuild.googleapis.com:443 "GET /v1/projects/mufiedapi/locations/asia-south1/operations/15a0d7d0-fc4f-4398-8339-03f005a659cc?alt=json HTTP/1.1" 200 None
2026-04-14 19:56:17,821 DEBUG    urllib3.connectionpool https://cloudbuild.googleapis.com:443 "GET /v1/projects/mufiedapi/locations/asia-south1/operations/15a0d7d0-fc4f-4398-8339-03f005a659cc?alt=json HTTP/1.1" 200 None
2026-04-14 19:56:19,250 DEBUG    urllib3.connectionpool https://cloudbuild.googleapis.com:443 "GET /v1/projects/mufiedapi/locations/asia-south1/operations/15a0d7d0-fc4f-4398-8339-03f005a659cc?alt=json HTTP/1.1" 200 None
2026-04-14 19:56:20,417 DEBUG    urllib3.connectionpool https://cloudbuild.googleapis.com:443 "GET /v1/projects/mufiedapi/locations/asia-south1/operations/15a0d7d0-fc4f-4398-8339-03f005a659cc?alt=json HTTP/1.1" 200 None
2026-04-14 19:56:21,588 DEBUG    urllib3.connectionpool https://cloudbuild.googleapis.com:443 "GET /v1/projects/mufiedapi/locations/asia-south1/operations/15a0d7d0-fc4f-4398-8339-03f005a659cc?alt=json HTTP/1.1" 200 None
2026-04-14 19:56:22,756 DEBUG    urllib3.connectionpool https://cloudbuild.googleapis.com:443 "GET /v1/projects/mufiedapi/locations/asia-south1/operations/15a0d7d0-fc4f-4398-8339-03f005a659cc?alt=json HTTP/1.1" 200 None
2026-04-14 19:56:23,905 DEBUG    urllib3.connectionpool https://cloudbuild.googleapis.com:443 "GET /v1/projects/mufiedapi/locations/asia-south1/operations/15a0d7d0-fc4f-4398-8339-03f005a659cc?alt=json HTTP/1.1" 200 None
2026-04-14 19:56:25,368 DEBUG    urllib3.connectionpool https://cloudbuild.googleapis.com:443 "GET /v1/projects/mufiedapi/locations/asia-south1/operations/15a0d7d0-fc4f-4398-8339-03f005a659cc?alt=json HTTP/1.1" 200 None
2026-04-14 19:56:26,535 DEBUG    urllib3.connectionpool https://cloudbuild.googleapis.com:443 "GET /v1/projects/mufiedapi/locations/asia-south1/operations/15a0d7d0-fc4f-4398-8339-03f005a659cc?alt=json HTTP/1.1" 200 None
2026-04-14 19:56:27,701 DEBUG    urllib3.connectionpool https://cloudbuild.googleapis.com:443 "GET /v1/projects/mufiedapi/locations/asia-south1/operations/15a0d7d0-fc4f-4398-8339-03f005a659cc?alt=json HTTP/1.1" 200 None
2026-04-14 19:56:28,847 DEBUG    urllib3.connectionpool https://cloudbuild.googleapis.com:443 "GET /v1/projects/mufiedapi/locations/asia-south1/operations/15a0d7d0-fc4f-4398-8339-03f005a659cc?alt=json HTTP/1.1" 200 None
2026-04-14 19:56:30,003 DEBUG    urllib3.connectionpool https://cloudbuild.googleapis.com:443 "GET /v1/projects/mufiedapi/locations/asia-south1/operations/15a0d7d0-fc4f-4398-8339-03f005a659cc?alt=json HTTP/1.1" 200 None
2026-04-14 19:56:31,458 DEBUG    urllib3.connectionpool https://cloudbuild.googleapis.com:443 "GET /v1/projects/mufiedapi/locations/asia-south1/operations/15a0d7d0-fc4f-4398-8339-03f005a659cc?alt=json HTTP/1.1" 200 None
2026-04-14 19:56:32,923 DEBUG    urllib3.connectionpool https://cloudbuild.googleapis.com:443 "GET /v1/projects/mufiedapi/locations/asia-south1/operations/15a0d7d0-fc4f-4398-8339-03f005a659cc?alt=json HTTP/1.1" 200 None
2026-04-14 19:56:34,065 DEBUG    urllib3.connectionpool https://cloudbuild.googleapis.com:443 "GET /v1/projects/mufiedapi/locations/asia-south1/operations/15a0d7d0-fc4f-4398-8339-03f005a659cc?alt=json HTTP/1.1" 200 None
2026-04-14 19:56:35,505 DEBUG    urllib3.connectionpool https://cloudbuild.googleapis.com:443 "GET /v1/projects/mufiedapi/locations/asia-south1/operations/15a0d7d0-fc4f-4398-8339-03f005a659cc?alt=json HTTP/1.1" 200 None
2026-04-14 19:56:36,958 DEBUG    urllib3.connectionpool https://cloudbuild.googleapis.com:443 "GET /v1/projects/mufiedapi/locations/asia-south1/operations/15a0d7d0-fc4f-4398-8339-03f005a659cc?alt=json HTTP/1.1" 200 None
2026-04-14 19:56:38,472 DEBUG    urllib3.connectionpool https://cloudbuild.googleapis.com:443 "GET /v1/projects/mufiedapi/locations/asia-south1/operations/15a0d7d0-fc4f-4398-8339-03f005a659cc?alt=json HTTP/1.1" 200 None
2026-04-14 19:56:39,931 DEBUG    urllib3.connectionpool https://cloudbuild.googleapis.com:443 "GET /v1/projects/mufiedapi/locations/asia-south1/operations/15a0d7d0-fc4f-4398-8339-03f005a659cc?alt=json HTTP/1.1" 200 None
2026-04-14 19:56:41,074 DEBUG    urllib3.connectionpool https://cloudbuild.googleapis.com:443 "GET /v1/projects/mufiedapi/locations/asia-south1/operations/15a0d7d0-fc4f-4398-8339-03f005a659cc?alt=json HTTP/1.1" 200 None
2026-04-14 19:56:42,222 DEBUG    urllib3.connectionpool https://cloudbuild.googleapis.com:443 "GET /v1/projects/mufiedapi/locations/asia-south1/operations/15a0d7d0-fc4f-4398-8339-03f005a659cc?alt=json HTTP/1.1" 200 None
2026-04-14 19:56:43,695 DEBUG    urllib3.connectionpool https://cloudbuild.googleapis.com:443 "GET /v1/projects/mufiedapi/locations/asia-south1/operations/15a0d7d0-fc4f-4398-8339-03f005a659cc?alt=json HTTP/1.1" 200 None
2026-04-14 19:56:45,151 DEBUG    urllib3.connectionpool https://cloudbuild.googleapis.com:443 "GET /v1/projects/mufiedapi/locations/asia-south1/operations/15a0d7d0-fc4f-4398-8339-03f005a659cc?alt=json HTTP/1.1" 200 None
2026-04-14 19:56:46,312 DEBUG    urllib3.connectionpool https://cloudbuild.googleapis.com:443 "GET /v1/projects/mufiedapi/locations/asia-south1/operations/15a0d7d0-fc4f-4398-8339-03f005a659cc?alt=json HTTP/1.1" 200 None
2026-04-14 19:56:47,826 DEBUG    urllib3.connectionpool https://cloudbuild.googleapis.com:443 "GET /v1/projects/mufiedapi/locations/asia-south1/operations/15a0d7d0-fc4f-4398-8339-03f005a659cc?alt=json HTTP/1.1" 200 None
2026-04-14 19:56:49,282 DEBUG    urllib3.connectionpool https://cloudbuild.googleapis.com:443 "GET /v1/projects/mufiedapi/locations/asia-south1/operations/15a0d7d0-fc4f-4398-8339-03f005a659cc?alt=json HTTP/1.1" 200 None
2026-04-14 19:56:50,776 DEBUG    urllib3.connectionpool https://cloudbuild.googleapis.com:443 "GET /v1/projects/mufiedapi/locations/asia-south1/operations/15a0d7d0-fc4f-4398-8339-03f005a659cc?alt=json HTTP/1.1" 200 None
2026-04-14 19:56:52,212 DEBUG    urllib3.connectionpool https://cloudbuild.googleapis.com:443 "GET /v1/projects/mufiedapi/locations/asia-south1/operations/15a0d7d0-fc4f-4398-8339-03f005a659cc?alt=json HTTP/1.1" 200 None
2026-04-14 19:56:52,687 DEBUG    urllib3.connectionpool https://cloudbuild.googleapis.com:443 "GET /v1/projects/mufiedapi/locations/asia-south1/operations/15a0d7d0-fc4f-4398-8339-03f005a659cc?alt=json HTTP/1.1" 200 None
2026-04-14 19:56:54,523 DEBUG    urllib3.connectionpool https://cloudbuild.googleapis.com:443 "GET /v1/projects/mufiedapi/locations/asia-south1/operations/15a0d7d0-fc4f-4398-8339-03f005a659cc?alt=json HTTP/1.1" 200 None
2026-04-14 19:56:56,508 DEBUG    urllib3.connectionpool https://cloudbuild.googleapis.com:443 "GET /v1/projects/mufiedapi/locations/asia-south1/operations/15a0d7d0-fc4f-4398-8339-03f005a659cc?alt=json HTTP/1.1" 200 None
2026-04-14 19:56:58,325 DEBUG    urllib3.connectionpool https://cloudbuild.googleapis.com:443 "GET /v1/projects/mufiedapi/locations/asia-south1/operations/15a0d7d0-fc4f-4398-8339-03f005a659cc?alt=json HTTP/1.1" 200 None
2026-04-14 19:57:00,038 DEBUG    urllib3.connectionpool https://cloudbuild.googleapis.com:443 "GET /v1/projects/mufiedapi/locations/asia-south1/operations/15a0d7d0-fc4f-4398-8339-03f005a659cc?alt=json HTTP/1.1" 200 None
2026-04-14 19:57:01,763 DEBUG    urllib3.connectionpool https://cloudbuild.googleapis.com:443 "GET /v1/projects/mufiedapi/locations/asia-south1/operations/15a0d7d0-fc4f-4398-8339-03f005a659cc?alt=json HTTP/1.1" 200 None
2026-04-14 19:57:04,025 DEBUG    urllib3.connectionpool https://cloudbuild.googleapis.com:443 "GET /v1/projects/mufiedapi/locations/asia-south1/operations/15a0d7d0-fc4f-4398-8339-03f005a659cc?alt=json HTTP/1.1" 200 None
2026-04-14 19:57:06,214 DEBUG    urllib3.connectionpool https://cloudbuild.googleapis.com:443 "GET /v1/projects/mufiedapi/locations/asia-south1/operations/15a0d7d0-fc4f-4398-8339-03f005a659cc?alt=json HTTP/1.1" 200 None
2026-04-14 19:57:08,608 DEBUG    urllib3.connectionpool https://cloudbuild.googleapis.com:443 "GET /v1/projects/mufiedapi/locations/asia-south1/operations/15a0d7d0-fc4f-4398-8339-03f005a659cc?alt=json HTTP/1.1" 200 None
2026-04-14 19:57:11,264 DEBUG    urllib3.connectionpool https://cloudbuild.googleapis.com:443 "GET /v1/projects/mufiedapi/locations/asia-south1/operations/15a0d7d0-fc4f-4398-8339-03f005a659cc?alt=json HTTP/1.1" 200 None
2026-04-14 19:57:14,361 DEBUG    urllib3.connectionpool https://cloudbuild.googleapis.com:443 "GET /v1/projects/mufiedapi/locations/asia-south1/operations/15a0d7d0-fc4f-4398-8339-03f005a659cc?alt=json HTTP/1.1" 200 None
2026-04-14 19:57:17,417 DEBUG    urllib3.connectionpool https://cloudbuild.googleapis.com:443 "GET /v1/projects/mufiedapi/locations/asia-south1/operations/15a0d7d0-fc4f-4398-8339-03f005a659cc?alt=json HTTP/1.1" 200 None
2026-04-14 19:57:20,439 DEBUG    urllib3.connectionpool https://cloudbuild.googleapis.com:443 "GET /v1/projects/mufiedapi/locations/asia-south1/operations/15a0d7d0-fc4f-4398-8339-03f005a659cc?alt=json HTTP/1.1" 200 None
2026-04-14 19:57:20,711 DEBUG    urllib3.connectionpool https://asia-south1-run.googleapis.com:443 "GET /apis/serving.knative.dev/v1/namespaces/mufiedapi/services/nest-api?alt=json HTTP/1.1" 200 None
2026-04-14 19:57:22,252 DEBUG    urllib3.connectionpool https://asia-south1-run.googleapis.com:443 "PUT /apis/serving.knative.dev/v1/namespaces/mufiedapi/services/nest-api?alt=json HTTP/1.1" 200 None
2026-04-14 19:57:22,260 DEBUG    urllib3.connectionpool Starting new HTTPS connection (1): run.googleapis.com:443
2026-04-14 19:57:23,093 DEBUG    urllib3.connectionpool https://run.googleapis.com:443 "GET /v1/projects/mufiedapi/locations/asia-south1/services/nest-api:getIamPolicy?alt=json HTTP/1.1" 200 None
2026-04-14 19:57:23,593 DEBUG    urllib3.connectionpool https://run.googleapis.com:443 "POST /v1/projects/mufiedapi/locations/asia-south1/services/nest-api:setIamPolicy?alt=json HTTP/1.1" 403 None
2026-04-14 19:57:32,938 DEBUG    urllib3.connectionpool https://asia-south1-run.googleapis.com:443 "POST /v1/projects/mufiedapi/locations/asia-south1/operations/d8596e7d-9955-418b-87e2-9f45dce27343:wait?alt=json HTTP/1.1" 200 None
2026-04-14 19:57:35,883 DEBUG    urllib3.connectionpool https://asia-south1-run.googleapis.com:443 "POST /v1/projects/mufiedapi/locations/asia-south1/operations/d8596e7d-9955-418b-87e2-9f45dce27343:wait?alt=json HTTP/1.1" 200 None
2026-04-14 19:57:36,072 DEBUG    urllib3.connectionpool https://asia-south1-run.googleapis.com:443 "POST /v1/projects/mufiedapi/locations/asia-south1/operations/d8596e7d-9955-418b-87e2-9f45dce27343:wait?alt=json HTTP/1.1" 200 None
2026-04-14 19:57:36,232 DEBUG    urllib3.connectionpool https://asia-south1-run.googleapis.com:443 "POST /v1/projects/mufiedapi/locations/asia-south1/operations/d8596e7d-9955-418b-87e2-9f45dce27343:wait?alt=json HTTP/1.1" 200 None
2026-04-14 19:57:36,291 INFO     ___FILE_ONLY___   Setting IAM policy failed, try "gcloud beta run services add-iam-policy-binding --region=asia-south1 --member=allUsers --role=roles/run.invoker nest-api"

2026-04-14 19:57:36,291 INFO     ___FILE_ONLY___ Service [[1mnest-api[m] revision [[1mnest-api-00049-9xz[m] has been deployed and is serving [1m100[m percent of traffic.
Service URL: [1mhttps://nest-api-560137381308.asia-south1.run.app[m

2026-04-14 19:57:36,292 DEBUG    root            Chosen display Format:none
2026-04-14 19:57:36,292 INFO     root            Display format: "none"
