2026-04-07 07:21:44,407 DEBUG    root            Loaded Command Group: ['gcloud', 'run']
2026-04-07 07:21:45,119 DEBUG    root            Loaded Command Group: ['gcloud', 'run', 'deploy']
2026-04-07 07:21:45,142 DEBUG    root            Running [gcloud.run.deploy] with arguments: [--allow-unauthenticated: "True", --region: "asia-south1", --source: ".", SERVICE: "nest-api"]
2026-04-07 07:21:45,146 DEBUG    root            On GCE from disk cache: False
2026-04-07 07:21:45,194 DEBUG    root            On GCE from memory cache: False
2026-04-07 07:21:45,227 DEBUG    urllib3.connectionpool Starting new HTTPS connection (1): serviceusage.googleapis.com:443
2026-04-07 07:21:46,980 DEBUG    urllib3.connectionpool https://serviceusage.googleapis.com:443 "GET /v1/projects/mufiedapi/services/artifactregistry.googleapis.com?alt=json HTTP/1.1" 200 None
2026-04-07 07:21:47,093 DEBUG    root            On GCE from memory cache: False
2026-04-07 07:21:47,099 DEBUG    root            On GCE from memory cache: False
2026-04-07 07:21:47,105 DEBUG    urllib3.connectionpool Starting new HTTPS connection (1): serviceusage.googleapis.com:443
2026-04-07 07:21:48,779 DEBUG    urllib3.connectionpool https://serviceusage.googleapis.com:443 "GET /v1/projects/mufiedapi/services/cloudbuild.googleapis.com?alt=json HTTP/1.1" 200 None
2026-04-07 07:21:48,816 DEBUG    root            On GCE from memory cache: False
2026-04-07 07:21:48,822 DEBUG    root            On GCE from memory cache: False
2026-04-07 07:21:48,826 DEBUG    urllib3.connectionpool Starting new HTTPS connection (1): serviceusage.googleapis.com:443
2026-04-07 07:21:50,555 DEBUG    urllib3.connectionpool https://serviceusage.googleapis.com:443 "GET /v1/projects/mufiedapi/services/run.googleapis.com?alt=json HTTP/1.1" 200 None
2026-04-07 07:21:50,612 DEBUG    root            On GCE from memory cache: False
2026-04-07 07:21:50,619 DEBUG    root            On GCE from memory cache: False
2026-04-07 07:21:50,626 DEBUG    root            On GCE from memory cache: False
2026-04-07 07:21:50,631 DEBUG    urllib3.connectionpool Starting new HTTPS connection (1): asia-south1-run.googleapis.com:443
2026-04-07 07:21:50,989 DEBUG    urllib3.connectionpool https://asia-south1-run.googleapis.com:443 "GET /apis/serving.knative.dev/v1/namespaces/mufiedapi/services/nest-api?alt=json HTTP/1.1" 200 None
2026-04-07 07:21:50,993 DEBUG    root            source_location: gs://run-sources-mufiedapi-asia-south1/services/nest-api/1775526062.88964-9e98bbc6dc7548fabdfb5223c31fc49b.zip#1775526067892686
2026-04-07 07:21:50,993 DEBUG    root            Existing source_bucket: run-sources-mufiedapi-asia-south1
2026-04-07 07:21:50,995 DEBUG    root            On GCE from memory cache: False
2026-04-07 07:21:51,013 DEBUG    urllib3.connectionpool Starting new HTTPS connection (1): artifactregistry.googleapis.com:443
2026-04-07 07:21:51,644 DEBUG    urllib3.connectionpool https://artifactregistry.googleapis.com:443 "GET /v1/projects/mufiedapi/locations/asia-south1/repositories/cloud-run-source-deploy?alt=json HTTP/1.1" 200 None
2026-04-07 07:21:51,648 DEBUG    root            On GCE from memory cache: False
2026-04-07 07:21:51,668 DEBUG    urllib3.connectionpool Starting new HTTPS connection (1): cloudbuild.googleapis.com:443
2026-04-07 07:21:52,286 DEBUG    urllib3.connectionpool https://cloudbuild.googleapis.com:443 "GET /v1/projects/mufiedapi/locations/asia-south1/defaultServiceAccount?alt=json HTTP/1.1" 200 None
2026-04-07 07:21:52,288 DEBUG    root            On GCE from memory cache: False
2026-04-07 07:21:52,295 DEBUG    urllib3.connectionpool Starting new HTTPS connection (1): iam.googleapis.com:443
2026-04-07 07:21:53,894 DEBUG    urllib3.connectionpool https://iam.googleapis.com:443 "GET /v1/projects/-/serviceAccounts/560137381308-compute@developer.gserviceaccount.com?alt=json HTTP/1.1" 200 None
2026-04-07 07:21:53,896 INFO     ___FILE_ONLY___ Building using Dockerfile and deploying container to Cloud Run service [[1mnest-api[m] in project [[1mmufiedapi[m] region [[1masia-south1[m]

2026-04-07 07:21:53,900 INFO     ___FILE_ONLY___ Building and deploying...
2026-04-07 07:21:55,292 DEBUG    urllib3.connectionpool https://asia-south1-run.googleapis.com:443 "PUT /apis/serving.knative.dev/v1/namespaces/mufiedapi/services/nest-api?alt=json&dryRun=all HTTP/1.1" 200 None
2026-04-07 07:21:55,299 DEBUG    root            On GCE from memory cache: False
2026-04-07 07:21:55,314 DEBUG    root            Creating bucket run-sources-mufiedapi-asia-south1 in region asia-south1
2026-04-07 07:21:55,316 DEBUG    urllib3.connectionpool Starting new HTTPS connection (1): storage.googleapis.com:443
2026-04-07 07:21:55,544 DEBUG    urllib3.connectionpool https://storage.googleapis.com:443 "GET /storage/v1/b/run-sources-mufiedapi-asia-south1?alt=json HTTP/1.1" 200 1276
2026-04-07 07:21:56,046 DEBUG    urllib3.connectionpool https://storage.googleapis.com:443 "GET /storage/v1/b?alt=json&maxResults=1000&prefix=run-sources-mufiedapi-asia-south1&project=mufiedapi HTTP/1.1" 200 1522
2026-04-07 07:21:56,048 DEBUG    root            Uploading source to gs://run-sources-mufiedapi-asia-south1/services/nest-api/1775526716.048732-8a88f62aa4414922a4cd3d383d9bf338.zip
2026-04-07 07:21:56,051 INFO     root            Using ignore file at [.\.gcloudignore].
2026-04-07 07:21:56,052 DEBUG    root            Skipping file [.env]
2026-04-07 07:21:56,052 DEBUG    root            Skipping file [.env.example]
2026-04-07 07:21:56,052 DEBUG    root            Skipping file [.gitignore]
2026-04-07 07:21:56,053 DEBUG    root            Skipping file [.firebase]
2026-04-07 07:21:56,053 DEBUG    root            Skipping file [dist]
2026-04-07 07:21:56,053 DEBUG    root            Skipping file [node_modules]
2026-04-07 07:21:56,109 INFO     root            Using ignore file [.\.gcloudignore]
2026-04-07 07:21:56,238 INFO     root            Uploading [C:\Users\ADMIN\AppData\Local\Temp\tmpzj7u7ztc\file.zip] to [run-sources-mufiedapi-asia-south1/services/nest-api/1775526716.048732-8a88f62aa4414922a4cd3d383d9bf338.zip]
2026-04-07 07:21:56,493 DEBUG    urllib3.connectionpool https://storage.googleapis.com:443 "POST /upload/storage/v1/b/run-sources-mufiedapi-asia-south1/o?alt=json&name=services%2Fnest-api%2F1775526716.048732-8a88f62aa4414922a4cd3d383d9bf338.zip&uploadType=multipart HTTP/1.1" 200 1138
2026-04-07 07:21:56,513 DEBUG    root            On GCE from memory cache: False
2026-04-07 07:21:56,521 DEBUG    urllib3.connectionpool Starting new HTTPS connection (1): asia-south1-run.googleapis.com:443
2026-04-07 07:22:00,132 DEBUG    urllib3.connectionpool https://asia-south1-run.googleapis.com:443 "POST /v2/projects/mufiedapi/locations/asia-south1/builds:submit?alt=json HTTP/1.1" 200 None
2026-04-07 07:22:00,142 DEBUG    root            On GCE from memory cache: False
2026-04-07 07:22:00,148 DEBUG    urllib3.connectionpool Starting new HTTPS connection (1): cloudbuild.googleapis.com:443
2026-04-07 07:22:00,689 DEBUG    urllib3.connectionpool https://cloudbuild.googleapis.com:443 "GET /v1/projects/mufiedapi/locations/asia-south1/operations/da0bc445-8aaa-4d68-b09d-ec669923953b?alt=json HTTP/1.1" 200 None
2026-04-07 07:22:02,199 DEBUG    urllib3.connectionpool https://cloudbuild.googleapis.com:443 "GET /v1/projects/mufiedapi/locations/asia-south1/operations/da0bc445-8aaa-4d68-b09d-ec669923953b?alt=json HTTP/1.1" 200 None
2026-04-07 07:22:03,628 DEBUG    urllib3.connectionpool https://cloudbuild.googleapis.com:443 "GET /v1/projects/mufiedapi/locations/asia-south1/operations/da0bc445-8aaa-4d68-b09d-ec669923953b?alt=json HTTP/1.1" 200 None
2026-04-07 07:22:05,119 DEBUG    urllib3.connectionpool https://cloudbuild.googleapis.com:443 "GET /v1/projects/mufiedapi/locations/asia-south1/operations/da0bc445-8aaa-4d68-b09d-ec669923953b?alt=json HTTP/1.1" 200 None
2026-04-07 07:22:06,569 DEBUG    urllib3.connectionpool https://cloudbuild.googleapis.com:443 "GET /v1/projects/mufiedapi/locations/asia-south1/operations/da0bc445-8aaa-4d68-b09d-ec669923953b?alt=json HTTP/1.1" 200 None
2026-04-07 07:22:08,026 DEBUG    urllib3.connectionpool https://cloudbuild.googleapis.com:443 "GET /v1/projects/mufiedapi/locations/asia-south1/operations/da0bc445-8aaa-4d68-b09d-ec669923953b?alt=json HTTP/1.1" 200 None
2026-04-07 07:22:09,465 DEBUG    urllib3.connectionpool https://cloudbuild.googleapis.com:443 "GET /v1/projects/mufiedapi/locations/asia-south1/operations/da0bc445-8aaa-4d68-b09d-ec669923953b?alt=json HTTP/1.1" 200 None
2026-04-07 07:22:10,898 DEBUG    urllib3.connectionpool https://cloudbuild.googleapis.com:443 "GET /v1/projects/mufiedapi/locations/asia-south1/operations/da0bc445-8aaa-4d68-b09d-ec669923953b?alt=json HTTP/1.1" 200 None
2026-04-07 07:22:12,326 DEBUG    urllib3.connectionpool https://cloudbuild.googleapis.com:443 "GET /v1/projects/mufiedapi/locations/asia-south1/operations/da0bc445-8aaa-4d68-b09d-ec669923953b?alt=json HTTP/1.1" 200 None
2026-04-07 07:22:13,766 DEBUG    urllib3.connectionpool https://cloudbuild.googleapis.com:443 "GET /v1/projects/mufiedapi/locations/asia-south1/operations/da0bc445-8aaa-4d68-b09d-ec669923953b?alt=json HTTP/1.1" 200 None
2026-04-07 07:22:15,205 DEBUG    urllib3.connectionpool https://cloudbuild.googleapis.com:443 "GET /v1/projects/mufiedapi/locations/asia-south1/operations/da0bc445-8aaa-4d68-b09d-ec669923953b?alt=json HTTP/1.1" 200 None
2026-04-07 07:22:16,636 DEBUG    urllib3.connectionpool https://cloudbuild.googleapis.com:443 "GET /v1/projects/mufiedapi/locations/asia-south1/operations/da0bc445-8aaa-4d68-b09d-ec669923953b?alt=json HTTP/1.1" 200 None
2026-04-07 07:22:18,111 DEBUG    urllib3.connectionpool https://cloudbuild.googleapis.com:443 "GET /v1/projects/mufiedapi/locations/asia-south1/operations/da0bc445-8aaa-4d68-b09d-ec669923953b?alt=json HTTP/1.1" 200 None
2026-04-07 07:22:19,260 DEBUG    urllib3.connectionpool https://cloudbuild.googleapis.com:443 "GET /v1/projects/mufiedapi/locations/asia-south1/operations/da0bc445-8aaa-4d68-b09d-ec669923953b?alt=json HTTP/1.1" 200 None
2026-04-07 07:22:20,692 DEBUG    urllib3.connectionpool https://cloudbuild.googleapis.com:443 "GET /v1/projects/mufiedapi/locations/asia-south1/operations/da0bc445-8aaa-4d68-b09d-ec669923953b?alt=json HTTP/1.1" 200 None
2026-04-07 07:22:21,839 DEBUG    urllib3.connectionpool https://cloudbuild.googleapis.com:443 "GET /v1/projects/mufiedapi/locations/asia-south1/operations/da0bc445-8aaa-4d68-b09d-ec669923953b?alt=json HTTP/1.1" 200 None
2026-04-07 07:22:23,269 DEBUG    urllib3.connectionpool https://cloudbuild.googleapis.com:443 "GET /v1/projects/mufiedapi/locations/asia-south1/operations/da0bc445-8aaa-4d68-b09d-ec669923953b?alt=json HTTP/1.1" 200 None
2026-04-07 07:22:24,699 DEBUG    urllib3.connectionpool https://cloudbuild.googleapis.com:443 "GET /v1/projects/mufiedapi/locations/asia-south1/operations/da0bc445-8aaa-4d68-b09d-ec669923953b?alt=json HTTP/1.1" 200 None
2026-04-07 07:22:26,124 DEBUG    urllib3.connectionpool https://cloudbuild.googleapis.com:443 "GET /v1/projects/mufiedapi/locations/asia-south1/operations/da0bc445-8aaa-4d68-b09d-ec669923953b?alt=json HTTP/1.1" 200 None
2026-04-07 07:22:27,271 DEBUG    urllib3.connectionpool https://cloudbuild.googleapis.com:443 "GET /v1/projects/mufiedapi/locations/asia-south1/operations/da0bc445-8aaa-4d68-b09d-ec669923953b?alt=json HTTP/1.1" 200 None
2026-04-07 07:22:28,712 DEBUG    urllib3.connectionpool https://cloudbuild.googleapis.com:443 "GET /v1/projects/mufiedapi/locations/asia-south1/operations/da0bc445-8aaa-4d68-b09d-ec669923953b?alt=json HTTP/1.1" 200 None
2026-04-07 07:22:30,144 DEBUG    urllib3.connectionpool https://cloudbuild.googleapis.com:443 "GET /v1/projects/mufiedapi/locations/asia-south1/operations/da0bc445-8aaa-4d68-b09d-ec669923953b?alt=json HTTP/1.1" 200 None
2026-04-07 07:22:31,574 DEBUG    urllib3.connectionpool https://cloudbuild.googleapis.com:443 "GET /v1/projects/mufiedapi/locations/asia-south1/operations/da0bc445-8aaa-4d68-b09d-ec669923953b?alt=json HTTP/1.1" 200 None
2026-04-07 07:22:33,038 DEBUG    urllib3.connectionpool https://cloudbuild.googleapis.com:443 "GET /v1/projects/mufiedapi/locations/asia-south1/operations/da0bc445-8aaa-4d68-b09d-ec669923953b?alt=json HTTP/1.1" 200 None
2026-04-07 07:22:34,175 DEBUG    urllib3.connectionpool https://cloudbuild.googleapis.com:443 "GET /v1/projects/mufiedapi/locations/asia-south1/operations/da0bc445-8aaa-4d68-b09d-ec669923953b?alt=json HTTP/1.1" 200 None
2026-04-07 07:22:35,633 DEBUG    urllib3.connectionpool https://cloudbuild.googleapis.com:443 "GET /v1/projects/mufiedapi/locations/asia-south1/operations/da0bc445-8aaa-4d68-b09d-ec669923953b?alt=json HTTP/1.1" 200 None
2026-04-07 07:22:37,053 DEBUG    urllib3.connectionpool https://cloudbuild.googleapis.com:443 "GET /v1/projects/mufiedapi/locations/asia-south1/operations/da0bc445-8aaa-4d68-b09d-ec669923953b?alt=json HTTP/1.1" 200 None
2026-04-07 07:22:38,496 DEBUG    urllib3.connectionpool https://cloudbuild.googleapis.com:443 "GET /v1/projects/mufiedapi/locations/asia-south1/operations/da0bc445-8aaa-4d68-b09d-ec669923953b?alt=json HTTP/1.1" 200 None
2026-04-07 07:22:39,921 DEBUG    urllib3.connectionpool https://cloudbuild.googleapis.com:443 "GET /v1/projects/mufiedapi/locations/asia-south1/operations/da0bc445-8aaa-4d68-b09d-ec669923953b?alt=json HTTP/1.1" 200 None
2026-04-07 07:22:41,358 DEBUG    urllib3.connectionpool https://cloudbuild.googleapis.com:443 "GET /v1/projects/mufiedapi/locations/asia-south1/operations/da0bc445-8aaa-4d68-b09d-ec669923953b?alt=json HTTP/1.1" 200 None
2026-04-07 07:22:42,815 DEBUG    urllib3.connectionpool https://cloudbuild.googleapis.com:443 "GET /v1/projects/mufiedapi/locations/asia-south1/operations/da0bc445-8aaa-4d68-b09d-ec669923953b?alt=json HTTP/1.1" 200 None
2026-04-07 07:22:44,227 DEBUG    urllib3.connectionpool https://cloudbuild.googleapis.com:443 "GET /v1/projects/mufiedapi/locations/asia-south1/operations/da0bc445-8aaa-4d68-b09d-ec669923953b?alt=json HTTP/1.1" 200 None
2026-04-07 07:22:45,665 DEBUG    urllib3.connectionpool https://cloudbuild.googleapis.com:443 "GET /v1/projects/mufiedapi/locations/asia-south1/operations/da0bc445-8aaa-4d68-b09d-ec669923953b?alt=json HTTP/1.1" 200 None
2026-04-07 07:22:47,100 DEBUG    urllib3.connectionpool https://cloudbuild.googleapis.com:443 "GET /v1/projects/mufiedapi/locations/asia-south1/operations/da0bc445-8aaa-4d68-b09d-ec669923953b?alt=json HTTP/1.1" 200 None
2026-04-07 07:22:48,540 DEBUG    urllib3.connectionpool https://cloudbuild.googleapis.com:443 "GET /v1/projects/mufiedapi/locations/asia-south1/operations/da0bc445-8aaa-4d68-b09d-ec669923953b?alt=json HTTP/1.1" 200 None
2026-04-07 07:22:49,682 DEBUG    urllib3.connectionpool https://cloudbuild.googleapis.com:443 "GET /v1/projects/mufiedapi/locations/asia-south1/operations/da0bc445-8aaa-4d68-b09d-ec669923953b?alt=json HTTP/1.1" 200 None
2026-04-07 07:22:51,113 DEBUG    urllib3.connectionpool https://cloudbuild.googleapis.com:443 "GET /v1/projects/mufiedapi/locations/asia-south1/operations/da0bc445-8aaa-4d68-b09d-ec669923953b?alt=json HTTP/1.1" 200 None
2026-04-07 07:22:52,541 DEBUG    urllib3.connectionpool https://cloudbuild.googleapis.com:443 "GET /v1/projects/mufiedapi/locations/asia-south1/operations/da0bc445-8aaa-4d68-b09d-ec669923953b?alt=json HTTP/1.1" 200 None
2026-04-07 07:22:53,968 DEBUG    urllib3.connectionpool https://cloudbuild.googleapis.com:443 "GET /v1/projects/mufiedapi/locations/asia-south1/operations/da0bc445-8aaa-4d68-b09d-ec669923953b?alt=json HTTP/1.1" 200 None
2026-04-07 07:22:55,476 DEBUG    urllib3.connectionpool https://cloudbuild.googleapis.com:443 "GET /v1/projects/mufiedapi/locations/asia-south1/operations/da0bc445-8aaa-4d68-b09d-ec669923953b?alt=json HTTP/1.1" 200 None
2026-04-07 07:22:56,615 DEBUG    urllib3.connectionpool https://cloudbuild.googleapis.com:443 "GET /v1/projects/mufiedapi/locations/asia-south1/operations/da0bc445-8aaa-4d68-b09d-ec669923953b?alt=json HTTP/1.1" 200 None
2026-04-07 07:22:57,762 DEBUG    urllib3.connectionpool https://cloudbuild.googleapis.com:443 "GET /v1/projects/mufiedapi/locations/asia-south1/operations/da0bc445-8aaa-4d68-b09d-ec669923953b?alt=json HTTP/1.1" 200 None
2026-04-07 07:22:58,899 DEBUG    urllib3.connectionpool https://cloudbuild.googleapis.com:443 "GET /v1/projects/mufiedapi/locations/asia-south1/operations/da0bc445-8aaa-4d68-b09d-ec669923953b?alt=json HTTP/1.1" 200 None
2026-04-07 07:23:00,044 DEBUG    urllib3.connectionpool https://cloudbuild.googleapis.com:443 "GET /v1/projects/mufiedapi/locations/asia-south1/operations/da0bc445-8aaa-4d68-b09d-ec669923953b?alt=json HTTP/1.1" 200 None
2026-04-07 07:23:00,189 DEBUG    urllib3.connectionpool https://cloudbuild.googleapis.com:443 "GET /v1/projects/mufiedapi/locations/asia-south1/operations/da0bc445-8aaa-4d68-b09d-ec669923953b?alt=json HTTP/1.1" 200 None
2026-04-07 07:23:01,431 DEBUG    urllib3.connectionpool https://cloudbuild.googleapis.com:443 "GET /v1/projects/mufiedapi/locations/asia-south1/operations/da0bc445-8aaa-4d68-b09d-ec669923953b?alt=json HTTP/1.1" 200 None
2026-04-07 07:23:02,807 DEBUG    urllib3.connectionpool https://cloudbuild.googleapis.com:443 "GET /v1/projects/mufiedapi/locations/asia-south1/operations/da0bc445-8aaa-4d68-b09d-ec669923953b?alt=json HTTP/1.1" 200 None
2026-04-07 07:23:04,496 DEBUG    urllib3.connectionpool https://cloudbuild.googleapis.com:443 "GET /v1/projects/mufiedapi/locations/asia-south1/operations/da0bc445-8aaa-4d68-b09d-ec669923953b?alt=json HTTP/1.1" 200 None
2026-04-07 07:23:06,644 DEBUG    urllib3.connectionpool https://cloudbuild.googleapis.com:443 "GET /v1/projects/mufiedapi/locations/asia-south1/operations/da0bc445-8aaa-4d68-b09d-ec669923953b?alt=json HTTP/1.1" 200 None
2026-04-07 07:23:08,884 DEBUG    urllib3.connectionpool https://cloudbuild.googleapis.com:443 "GET /v1/projects/mufiedapi/locations/asia-south1/operations/da0bc445-8aaa-4d68-b09d-ec669923953b?alt=json HTTP/1.1" 200 None
2026-04-07 07:23:10,972 DEBUG    urllib3.connectionpool https://cloudbuild.googleapis.com:443 "GET /v1/projects/mufiedapi/locations/asia-south1/operations/da0bc445-8aaa-4d68-b09d-ec669923953b?alt=json HTTP/1.1" 200 None
2026-04-07 07:23:13,280 DEBUG    urllib3.connectionpool https://cloudbuild.googleapis.com:443 "GET /v1/projects/mufiedapi/locations/asia-south1/operations/da0bc445-8aaa-4d68-b09d-ec669923953b?alt=json HTTP/1.1" 200 None
2026-04-07 07:23:15,940 DEBUG    urllib3.connectionpool https://cloudbuild.googleapis.com:443 "GET /v1/projects/mufiedapi/locations/asia-south1/operations/da0bc445-8aaa-4d68-b09d-ec669923953b?alt=json HTTP/1.1" 200 None
2026-04-07 07:23:18,271 DEBUG    urllib3.connectionpool https://cloudbuild.googleapis.com:443 "GET /v1/projects/mufiedapi/locations/asia-south1/operations/da0bc445-8aaa-4d68-b09d-ec669923953b?alt=json HTTP/1.1" 200 None
2026-04-07 07:23:21,485 DEBUG    urllib3.connectionpool https://cloudbuild.googleapis.com:443 "GET /v1/projects/mufiedapi/locations/asia-south1/operations/da0bc445-8aaa-4d68-b09d-ec669923953b?alt=json HTTP/1.1" 200 None
2026-04-07 07:23:24,660 DEBUG    urllib3.connectionpool https://cloudbuild.googleapis.com:443 "GET /v1/projects/mufiedapi/locations/asia-south1/operations/da0bc445-8aaa-4d68-b09d-ec669923953b?alt=json HTTP/1.1" 200 None
2026-04-07 07:23:28,151 DEBUG    urllib3.connectionpool https://cloudbuild.googleapis.com:443 "GET /v1/projects/mufiedapi/locations/asia-south1/operations/da0bc445-8aaa-4d68-b09d-ec669923953b?alt=json HTTP/1.1" 200 None
2026-04-07 07:23:31,912 DEBUG    urllib3.connectionpool https://cloudbuild.googleapis.com:443 "GET /v1/projects/mufiedapi/locations/asia-south1/operations/da0bc445-8aaa-4d68-b09d-ec669923953b?alt=json HTTP/1.1" 200 None
2026-04-07 07:23:36,310 DEBUG    urllib3.connectionpool https://cloudbuild.googleapis.com:443 "GET /v1/projects/mufiedapi/locations/asia-south1/operations/da0bc445-8aaa-4d68-b09d-ec669923953b?alt=json HTTP/1.1" 200 None
2026-04-07 07:23:40,911 DEBUG    urllib3.connectionpool https://cloudbuild.googleapis.com:443 "GET /v1/projects/mufiedapi/locations/asia-south1/operations/da0bc445-8aaa-4d68-b09d-ec669923953b?alt=json HTTP/1.1" 200 None
2026-04-07 07:23:45,675 DEBUG    urllib3.connectionpool https://cloudbuild.googleapis.com:443 "GET /v1/projects/mufiedapi/locations/asia-south1/operations/da0bc445-8aaa-4d68-b09d-ec669923953b?alt=json HTTP/1.1" 200 None
2026-04-07 07:23:45,822 DEBUG    urllib3.connectionpool https://asia-south1-run.googleapis.com:443 "GET /apis/serving.knative.dev/v1/namespaces/mufiedapi/services/nest-api?alt=json HTTP/1.1" 200 None
2026-04-07 07:23:47,310 DEBUG    urllib3.connectionpool https://asia-south1-run.googleapis.com:443 "PUT /apis/serving.knative.dev/v1/namespaces/mufiedapi/services/nest-api?alt=json HTTP/1.1" 200 None
2026-04-07 07:23:47,316 DEBUG    urllib3.connectionpool Starting new HTTPS connection (1): run.googleapis.com:443
2026-04-07 07:23:48,020 DEBUG    urllib3.connectionpool https://run.googleapis.com:443 "GET /v1/projects/mufiedapi/locations/asia-south1/services/nest-api:getIamPolicy?alt=json HTTP/1.1" 200 None
2026-04-07 07:23:48,515 DEBUG    urllib3.connectionpool https://run.googleapis.com:443 "POST /v1/projects/mufiedapi/locations/asia-south1/services/nest-api:setIamPolicy?alt=json HTTP/1.1" 403 None
2026-04-07 07:23:56,509 DEBUG    urllib3.connectionpool https://asia-south1-run.googleapis.com:443 "POST /v1/projects/mufiedapi/locations/asia-south1/operations/0e0ed7a6-d01b-48c0-8656-e43dbfef6b15:wait?alt=json HTTP/1.1" 200 None
2026-04-07 07:23:56,669 DEBUG    urllib3.connectionpool https://asia-south1-run.googleapis.com:443 "POST /v1/projects/mufiedapi/locations/asia-south1/operations/0e0ed7a6-d01b-48c0-8656-e43dbfef6b15:wait?alt=json HTTP/1.1" 200 None
2026-04-07 07:23:56,827 DEBUG    urllib3.connectionpool https://asia-south1-run.googleapis.com:443 "POST /v1/projects/mufiedapi/locations/asia-south1/operations/0e0ed7a6-d01b-48c0-8656-e43dbfef6b15:wait?alt=json HTTP/1.1" 200 None
2026-04-07 07:23:56,903 INFO     ___FILE_ONLY___   Setting IAM policy failed, try "gcloud beta run services add-iam-policy-binding --region=asia-south1 --member=allUsers --role=roles/run.invoker nest-api"

2026-04-07 07:23:56,904 INFO     ___FILE_ONLY___ Service [[1mnest-api[m] revision [[1mnest-api-00017-c7b[m] has been deployed and is serving [1m100[m percent of traffic.
Service URL: [1mhttps://nest-api-560137381308.asia-south1.run.app[m

2026-04-07 07:23:56,905 DEBUG    root            Chosen display Format:none
2026-04-07 07:23:56,905 INFO     root            Display format: "none"
