2026-04-07 07:37:49,196 DEBUG    root            Loaded Command Group: ['gcloud', 'run']
2026-04-07 07:37:49,918 DEBUG    root            Loaded Command Group: ['gcloud', 'run', 'deploy']
2026-04-07 07:37:49,940 DEBUG    root            Running [gcloud.run.deploy] with arguments: [--allow-unauthenticated: "True", --region: "asia-south1", --source: ".", SERVICE: "nest-api"]
2026-04-07 07:37:50,071 DEBUG    root            Failed to check metadata server: <urlopen error [Errno 11001] getaddrinfo failed>
2026-04-07 07:37:50,072 DEBUG    root            On GCE from server: False
2026-04-07 07:37:50,192 DEBUG    root            On GCE from memory cache: False
2026-04-07 07:37:50,222 DEBUG    urllib3.connectionpool Starting new HTTPS connection (1): serviceusage.googleapis.com:443
2026-04-07 07:37:51,980 DEBUG    urllib3.connectionpool https://serviceusage.googleapis.com:443 "GET /v1/projects/mufiedapi/services/artifactregistry.googleapis.com?alt=json HTTP/1.1" 200 None
2026-04-07 07:37:52,061 DEBUG    root            On GCE from memory cache: False
2026-04-07 07:37:52,071 DEBUG    root            On GCE from memory cache: False
2026-04-07 07:37:52,080 DEBUG    urllib3.connectionpool Starting new HTTPS connection (1): serviceusage.googleapis.com:443
2026-04-07 07:37:53,830 DEBUG    urllib3.connectionpool https://serviceusage.googleapis.com:443 "GET /v1/projects/mufiedapi/services/cloudbuild.googleapis.com?alt=json HTTP/1.1" 200 None
2026-04-07 07:37:53,878 DEBUG    root            On GCE from memory cache: False
2026-04-07 07:37:53,883 DEBUG    root            On GCE from memory cache: False
2026-04-07 07:37:53,887 DEBUG    urllib3.connectionpool Starting new HTTPS connection (1): serviceusage.googleapis.com:443
2026-04-07 07:37:55,572 DEBUG    urllib3.connectionpool https://serviceusage.googleapis.com:443 "GET /v1/projects/mufiedapi/services/run.googleapis.com?alt=json HTTP/1.1" 200 None
2026-04-07 07:37:55,619 DEBUG    root            On GCE from memory cache: False
2026-04-07 07:37:55,624 DEBUG    root            On GCE from memory cache: False
2026-04-07 07:37:55,632 DEBUG    root            On GCE from memory cache: False
2026-04-07 07:37:55,637 DEBUG    urllib3.connectionpool Starting new HTTPS connection (1): asia-south1-run.googleapis.com:443
2026-04-07 07:37:56,040 DEBUG    urllib3.connectionpool https://asia-south1-run.googleapis.com:443 "GET /apis/serving.knative.dev/v1/namespaces/mufiedapi/services/nest-api?alt=json HTTP/1.1" 200 None
2026-04-07 07:37:56,043 DEBUG    root            source_location: gs://run-sources-mufiedapi-asia-south1/services/nest-api/1775526716.048732-8a88f62aa4414922a4cd3d383d9bf338.zip#1775526720013070
2026-04-07 07:37:56,043 DEBUG    root            Existing source_bucket: run-sources-mufiedapi-asia-south1
2026-04-07 07:37:56,044 DEBUG    root            On GCE from memory cache: False
2026-04-07 07:37:56,060 DEBUG    urllib3.connectionpool Starting new HTTPS connection (1): artifactregistry.googleapis.com:443
2026-04-07 07:37:56,680 DEBUG    urllib3.connectionpool https://artifactregistry.googleapis.com:443 "GET /v1/projects/mufiedapi/locations/asia-south1/repositories/cloud-run-source-deploy?alt=json HTTP/1.1" 200 None
2026-04-07 07:37:56,685 DEBUG    root            On GCE from memory cache: False
2026-04-07 07:37:56,704 DEBUG    urllib3.connectionpool Starting new HTTPS connection (1): cloudbuild.googleapis.com:443
2026-04-07 07:37:57,393 DEBUG    urllib3.connectionpool https://cloudbuild.googleapis.com:443 "GET /v1/projects/mufiedapi/locations/asia-south1/defaultServiceAccount?alt=json HTTP/1.1" 200 None
2026-04-07 07:37:57,395 DEBUG    root            On GCE from memory cache: False
2026-04-07 07:37:57,401 DEBUG    urllib3.connectionpool Starting new HTTPS connection (1): iam.googleapis.com:443
2026-04-07 07:37:59,040 DEBUG    urllib3.connectionpool https://iam.googleapis.com:443 "GET /v1/projects/-/serviceAccounts/560137381308-compute@developer.gserviceaccount.com?alt=json HTTP/1.1" 200 None
2026-04-07 07:37:59,041 INFO     ___FILE_ONLY___ Building using Dockerfile and deploying container to Cloud Run service [[1mnest-api[m] in project [[1mmufiedapi[m] region [[1masia-south1[m]

2026-04-07 07:37:59,046 INFO     ___FILE_ONLY___ Building and deploying...
2026-04-07 07:38:00,479 DEBUG    urllib3.connectionpool https://asia-south1-run.googleapis.com:443 "PUT /apis/serving.knative.dev/v1/namespaces/mufiedapi/services/nest-api?alt=json&dryRun=all HTTP/1.1" 200 None
2026-04-07 07:38:00,487 DEBUG    root            On GCE from memory cache: False
2026-04-07 07:38:00,509 DEBUG    root            Creating bucket run-sources-mufiedapi-asia-south1 in region asia-south1
2026-04-07 07:38:00,511 DEBUG    urllib3.connectionpool Starting new HTTPS connection (1): storage.googleapis.com:443
2026-04-07 07:38:00,930 DEBUG    urllib3.connectionpool https://storage.googleapis.com:443 "GET /storage/v1/b/run-sources-mufiedapi-asia-south1?alt=json HTTP/1.1" 200 1276
2026-04-07 07:38:01,638 DEBUG    urllib3.connectionpool https://storage.googleapis.com:443 "GET /storage/v1/b?alt=json&maxResults=1000&prefix=run-sources-mufiedapi-asia-south1&project=mufiedapi HTTP/1.1" 200 1522
2026-04-07 07:38:01,640 DEBUG    root            Uploading source to gs://run-sources-mufiedapi-asia-south1/services/nest-api/1775527681.640294-0cab5ab729c94f69ad6378d2830a672c.zip
2026-04-07 07:38:01,642 INFO     root            Using ignore file at [.\.gcloudignore].
2026-04-07 07:38:01,643 DEBUG    root            Skipping file [.env]
2026-04-07 07:38:01,643 DEBUG    root            Skipping file [.env.example]
2026-04-07 07:38:01,643 DEBUG    root            Skipping file [.gitignore]
2026-04-07 07:38:01,644 DEBUG    root            Skipping file [.firebase]
2026-04-07 07:38:01,644 DEBUG    root            Skipping file [dist]
2026-04-07 07:38:01,644 DEBUG    root            Skipping file [node_modules]
2026-04-07 07:38:01,683 INFO     root            Using ignore file [.\.gcloudignore]
2026-04-07 07:38:01,738 INFO     root            Uploading [C:\Users\ADMIN\AppData\Local\Temp\tmpt7jb5q6h\file.zip] to [run-sources-mufiedapi-asia-south1/services/nest-api/1775527681.640294-0cab5ab729c94f69ad6378d2830a672c.zip]
2026-04-07 07:38:01,927 DEBUG    urllib3.connectionpool https://storage.googleapis.com:443 "POST /upload/storage/v1/b/run-sources-mufiedapi-asia-south1/o?alt=json&name=services%2Fnest-api%2F1775527681.640294-0cab5ab729c94f69ad6378d2830a672c.zip&uploadType=multipart HTTP/1.1" 200 1138
2026-04-07 07:38:01,949 DEBUG    root            On GCE from memory cache: False
2026-04-07 07:38:01,955 DEBUG    urllib3.connectionpool Starting new HTTPS connection (1): asia-south1-run.googleapis.com:443
2026-04-07 07:38:05,517 DEBUG    urllib3.connectionpool https://asia-south1-run.googleapis.com:443 "POST /v2/projects/mufiedapi/locations/asia-south1/builds:submit?alt=json HTTP/1.1" 200 None
2026-04-07 07:38:05,527 DEBUG    root            On GCE from memory cache: False
2026-04-07 07:38:05,531 DEBUG    urllib3.connectionpool Starting new HTTPS connection (1): cloudbuild.googleapis.com:443
2026-04-07 07:38:06,140 DEBUG    urllib3.connectionpool https://cloudbuild.googleapis.com:443 "GET /v1/projects/mufiedapi/locations/asia-south1/operations/1ff8ee0a-8e31-48c5-9b18-42351f4b1d6f?alt=json HTTP/1.1" 200 None
2026-04-07 07:38:07,653 DEBUG    urllib3.connectionpool https://cloudbuild.googleapis.com:443 "GET /v1/projects/mufiedapi/locations/asia-south1/operations/1ff8ee0a-8e31-48c5-9b18-42351f4b1d6f?alt=json HTTP/1.1" 200 None
2026-04-07 07:38:09,135 DEBUG    urllib3.connectionpool https://cloudbuild.googleapis.com:443 "GET /v1/projects/mufiedapi/locations/asia-south1/operations/1ff8ee0a-8e31-48c5-9b18-42351f4b1d6f?alt=json HTTP/1.1" 200 None
2026-04-07 07:38:10,662 DEBUG    urllib3.connectionpool https://cloudbuild.googleapis.com:443 "GET /v1/projects/mufiedapi/locations/asia-south1/operations/1ff8ee0a-8e31-48c5-9b18-42351f4b1d6f?alt=json HTTP/1.1" 200 None
2026-04-07 07:38:12,104 DEBUG    urllib3.connectionpool https://cloudbuild.googleapis.com:443 "GET /v1/projects/mufiedapi/locations/asia-south1/operations/1ff8ee0a-8e31-48c5-9b18-42351f4b1d6f?alt=json HTTP/1.1" 200 None
2026-04-07 07:38:13,541 DEBUG    urllib3.connectionpool https://cloudbuild.googleapis.com:443 "GET /v1/projects/mufiedapi/locations/asia-south1/operations/1ff8ee0a-8e31-48c5-9b18-42351f4b1d6f?alt=json HTTP/1.1" 200 None
2026-04-07 07:38:14,987 DEBUG    urllib3.connectionpool https://cloudbuild.googleapis.com:443 "GET /v1/projects/mufiedapi/locations/asia-south1/operations/1ff8ee0a-8e31-48c5-9b18-42351f4b1d6f?alt=json HTTP/1.1" 200 None
2026-04-07 07:38:16,420 DEBUG    urllib3.connectionpool https://cloudbuild.googleapis.com:443 "GET /v1/projects/mufiedapi/locations/asia-south1/operations/1ff8ee0a-8e31-48c5-9b18-42351f4b1d6f?alt=json HTTP/1.1" 200 None
2026-04-07 07:38:17,852 DEBUG    urllib3.connectionpool https://cloudbuild.googleapis.com:443 "GET /v1/projects/mufiedapi/locations/asia-south1/operations/1ff8ee0a-8e31-48c5-9b18-42351f4b1d6f?alt=json HTTP/1.1" 200 None
2026-04-07 07:38:19,393 DEBUG    urllib3.connectionpool https://cloudbuild.googleapis.com:443 "GET /v1/projects/mufiedapi/locations/asia-south1/operations/1ff8ee0a-8e31-48c5-9b18-42351f4b1d6f?alt=json HTTP/1.1" 200 None
2026-04-07 07:38:20,829 DEBUG    urllib3.connectionpool https://cloudbuild.googleapis.com:443 "GET /v1/projects/mufiedapi/locations/asia-south1/operations/1ff8ee0a-8e31-48c5-9b18-42351f4b1d6f?alt=json HTTP/1.1" 200 None
2026-04-07 07:38:21,973 DEBUG    urllib3.connectionpool https://cloudbuild.googleapis.com:443 "GET /v1/projects/mufiedapi/locations/asia-south1/operations/1ff8ee0a-8e31-48c5-9b18-42351f4b1d6f?alt=json HTTP/1.1" 200 None
2026-04-07 07:38:23,402 DEBUG    urllib3.connectionpool https://cloudbuild.googleapis.com:443 "GET /v1/projects/mufiedapi/locations/asia-south1/operations/1ff8ee0a-8e31-48c5-9b18-42351f4b1d6f?alt=json HTTP/1.1" 200 None
2026-04-07 07:38:24,847 DEBUG    urllib3.connectionpool https://cloudbuild.googleapis.com:443 "GET /v1/projects/mufiedapi/locations/asia-south1/operations/1ff8ee0a-8e31-48c5-9b18-42351f4b1d6f?alt=json HTTP/1.1" 200 None
2026-04-07 07:38:26,357 DEBUG    urllib3.connectionpool https://cloudbuild.googleapis.com:443 "GET /v1/projects/mufiedapi/locations/asia-south1/operations/1ff8ee0a-8e31-48c5-9b18-42351f4b1d6f?alt=json HTTP/1.1" 200 None
2026-04-07 07:38:27,791 DEBUG    urllib3.connectionpool https://cloudbuild.googleapis.com:443 "GET /v1/projects/mufiedapi/locations/asia-south1/operations/1ff8ee0a-8e31-48c5-9b18-42351f4b1d6f?alt=json HTTP/1.1" 200 None
2026-04-07 07:38:29,226 DEBUG    urllib3.connectionpool https://cloudbuild.googleapis.com:443 "GET /v1/projects/mufiedapi/locations/asia-south1/operations/1ff8ee0a-8e31-48c5-9b18-42351f4b1d6f?alt=json HTTP/1.1" 200 None
2026-04-07 07:38:30,676 DEBUG    urllib3.connectionpool https://cloudbuild.googleapis.com:443 "GET /v1/projects/mufiedapi/locations/asia-south1/operations/1ff8ee0a-8e31-48c5-9b18-42351f4b1d6f?alt=json HTTP/1.1" 200 None
2026-04-07 07:38:32,105 DEBUG    urllib3.connectionpool https://cloudbuild.googleapis.com:443 "GET /v1/projects/mufiedapi/locations/asia-south1/operations/1ff8ee0a-8e31-48c5-9b18-42351f4b1d6f?alt=json HTTP/1.1" 200 None
2026-04-07 07:38:33,529 DEBUG    urllib3.connectionpool https://cloudbuild.googleapis.com:443 "GET /v1/projects/mufiedapi/locations/asia-south1/operations/1ff8ee0a-8e31-48c5-9b18-42351f4b1d6f?alt=json HTTP/1.1" 200 None
2026-04-07 07:38:34,977 DEBUG    urllib3.connectionpool https://cloudbuild.googleapis.com:443 "GET /v1/projects/mufiedapi/locations/asia-south1/operations/1ff8ee0a-8e31-48c5-9b18-42351f4b1d6f?alt=json HTTP/1.1" 200 None
2026-04-07 07:38:36,425 DEBUG    urllib3.connectionpool https://cloudbuild.googleapis.com:443 "GET /v1/projects/mufiedapi/locations/asia-south1/operations/1ff8ee0a-8e31-48c5-9b18-42351f4b1d6f?alt=json HTTP/1.1" 200 None
2026-04-07 07:38:37,565 DEBUG    urllib3.connectionpool https://cloudbuild.googleapis.com:443 "GET /v1/projects/mufiedapi/locations/asia-south1/operations/1ff8ee0a-8e31-48c5-9b18-42351f4b1d6f?alt=json HTTP/1.1" 200 None
2026-04-07 07:38:39,014 DEBUG    urllib3.connectionpool https://cloudbuild.googleapis.com:443 "GET /v1/projects/mufiedapi/locations/asia-south1/operations/1ff8ee0a-8e31-48c5-9b18-42351f4b1d6f?alt=json HTTP/1.1" 200 None
2026-04-07 07:38:40,456 DEBUG    urllib3.connectionpool https://cloudbuild.googleapis.com:443 "GET /v1/projects/mufiedapi/locations/asia-south1/operations/1ff8ee0a-8e31-48c5-9b18-42351f4b1d6f?alt=json HTTP/1.1" 200 None
2026-04-07 07:38:41,875 DEBUG    urllib3.connectionpool https://cloudbuild.googleapis.com:443 "GET /v1/projects/mufiedapi/locations/asia-south1/operations/1ff8ee0a-8e31-48c5-9b18-42351f4b1d6f?alt=json HTTP/1.1" 200 None
2026-04-07 07:38:43,323 DEBUG    urllib3.connectionpool https://cloudbuild.googleapis.com:443 "GET /v1/projects/mufiedapi/locations/asia-south1/operations/1ff8ee0a-8e31-48c5-9b18-42351f4b1d6f?alt=json HTTP/1.1" 200 None
2026-04-07 07:38:44,776 DEBUG    urllib3.connectionpool https://cloudbuild.googleapis.com:443 "GET /v1/projects/mufiedapi/locations/asia-south1/operations/1ff8ee0a-8e31-48c5-9b18-42351f4b1d6f?alt=json HTTP/1.1" 200 None
2026-04-07 07:38:46,225 DEBUG    urllib3.connectionpool https://cloudbuild.googleapis.com:443 "GET /v1/projects/mufiedapi/locations/asia-south1/operations/1ff8ee0a-8e31-48c5-9b18-42351f4b1d6f?alt=json HTTP/1.1" 200 None
2026-04-07 07:38:47,655 DEBUG    urllib3.connectionpool https://cloudbuild.googleapis.com:443 "GET /v1/projects/mufiedapi/locations/asia-south1/operations/1ff8ee0a-8e31-48c5-9b18-42351f4b1d6f?alt=json HTTP/1.1" 200 None
2026-04-07 07:38:49,203 DEBUG    urllib3.connectionpool https://cloudbuild.googleapis.com:443 "GET /v1/projects/mufiedapi/locations/asia-south1/operations/1ff8ee0a-8e31-48c5-9b18-42351f4b1d6f?alt=json HTTP/1.1" 200 None
2026-04-07 07:38:50,355 DEBUG    urllib3.connectionpool https://cloudbuild.googleapis.com:443 "GET /v1/projects/mufiedapi/locations/asia-south1/operations/1ff8ee0a-8e31-48c5-9b18-42351f4b1d6f?alt=json HTTP/1.1" 200 None
2026-04-07 07:38:51,791 DEBUG    urllib3.connectionpool https://cloudbuild.googleapis.com:443 "GET /v1/projects/mufiedapi/locations/asia-south1/operations/1ff8ee0a-8e31-48c5-9b18-42351f4b1d6f?alt=json HTTP/1.1" 200 None
2026-04-07 07:38:53,243 DEBUG    urllib3.connectionpool https://cloudbuild.googleapis.com:443 "GET /v1/projects/mufiedapi/locations/asia-south1/operations/1ff8ee0a-8e31-48c5-9b18-42351f4b1d6f?alt=json HTTP/1.1" 200 None
2026-04-07 07:38:54,380 DEBUG    urllib3.connectionpool https://cloudbuild.googleapis.com:443 "GET /v1/projects/mufiedapi/locations/asia-south1/operations/1ff8ee0a-8e31-48c5-9b18-42351f4b1d6f?alt=json HTTP/1.1" 200 None
2026-04-07 07:38:55,824 DEBUG    urllib3.connectionpool https://cloudbuild.googleapis.com:443 "GET /v1/projects/mufiedapi/locations/asia-south1/operations/1ff8ee0a-8e31-48c5-9b18-42351f4b1d6f?alt=json HTTP/1.1" 200 None
2026-04-07 07:38:57,283 DEBUG    urllib3.connectionpool https://cloudbuild.googleapis.com:443 "GET /v1/projects/mufiedapi/locations/asia-south1/operations/1ff8ee0a-8e31-48c5-9b18-42351f4b1d6f?alt=json HTTP/1.1" 200 None
2026-04-07 07:38:58,719 DEBUG    urllib3.connectionpool https://cloudbuild.googleapis.com:443 "GET /v1/projects/mufiedapi/locations/asia-south1/operations/1ff8ee0a-8e31-48c5-9b18-42351f4b1d6f?alt=json HTTP/1.1" 200 None
2026-04-07 07:39:00,172 DEBUG    urllib3.connectionpool https://cloudbuild.googleapis.com:443 "GET /v1/projects/mufiedapi/locations/asia-south1/operations/1ff8ee0a-8e31-48c5-9b18-42351f4b1d6f?alt=json HTTP/1.1" 200 None
2026-04-07 07:39:01,615 DEBUG    urllib3.connectionpool https://cloudbuild.googleapis.com:443 "GET /v1/projects/mufiedapi/locations/asia-south1/operations/1ff8ee0a-8e31-48c5-9b18-42351f4b1d6f?alt=json HTTP/1.1" 200 None
2026-04-07 07:39:02,829 DEBUG    urllib3.connectionpool https://cloudbuild.googleapis.com:443 "GET /v1/projects/mufiedapi/locations/asia-south1/operations/1ff8ee0a-8e31-48c5-9b18-42351f4b1d6f?alt=json HTTP/1.1" 200 None
2026-04-07 07:39:04,271 DEBUG    urllib3.connectionpool https://cloudbuild.googleapis.com:443 "GET /v1/projects/mufiedapi/locations/asia-south1/operations/1ff8ee0a-8e31-48c5-9b18-42351f4b1d6f?alt=json HTTP/1.1" 200 None
2026-04-07 07:39:05,701 DEBUG    urllib3.connectionpool https://cloudbuild.googleapis.com:443 "GET /v1/projects/mufiedapi/locations/asia-south1/operations/1ff8ee0a-8e31-48c5-9b18-42351f4b1d6f?alt=json HTTP/1.1" 200 None
2026-04-07 07:39:06,212 DEBUG    urllib3.connectionpool https://cloudbuild.googleapis.com:443 "GET /v1/projects/mufiedapi/locations/asia-south1/operations/1ff8ee0a-8e31-48c5-9b18-42351f4b1d6f?alt=json HTTP/1.1" 200 None
2026-04-07 07:39:08,149 DEBUG    urllib3.connectionpool https://cloudbuild.googleapis.com:443 "GET /v1/projects/mufiedapi/locations/asia-south1/operations/1ff8ee0a-8e31-48c5-9b18-42351f4b1d6f?alt=json HTTP/1.1" 200 None
2026-04-07 07:39:09,809 DEBUG    urllib3.connectionpool https://cloudbuild.googleapis.com:443 "GET /v1/projects/mufiedapi/locations/asia-south1/operations/1ff8ee0a-8e31-48c5-9b18-42351f4b1d6f?alt=json HTTP/1.1" 200 None
2026-04-07 07:39:11,513 DEBUG    urllib3.connectionpool https://cloudbuild.googleapis.com:443 "GET /v1/projects/mufiedapi/locations/asia-south1/operations/1ff8ee0a-8e31-48c5-9b18-42351f4b1d6f?alt=json HTTP/1.1" 200 None
2026-04-07 07:39:13,379 DEBUG    urllib3.connectionpool https://cloudbuild.googleapis.com:443 "GET /v1/projects/mufiedapi/locations/asia-south1/operations/1ff8ee0a-8e31-48c5-9b18-42351f4b1d6f?alt=json HTTP/1.1" 200 None
2026-04-07 07:39:15,453 DEBUG    urllib3.connectionpool https://cloudbuild.googleapis.com:443 "GET /v1/projects/mufiedapi/locations/asia-south1/operations/1ff8ee0a-8e31-48c5-9b18-42351f4b1d6f?alt=json HTTP/1.1" 200 None
2026-04-07 07:39:17,853 DEBUG    urllib3.connectionpool https://cloudbuild.googleapis.com:443 "GET /v1/projects/mufiedapi/locations/asia-south1/operations/1ff8ee0a-8e31-48c5-9b18-42351f4b1d6f?alt=json HTTP/1.1" 200 None
2026-04-07 07:39:20,099 DEBUG    urllib3.connectionpool https://cloudbuild.googleapis.com:443 "GET /v1/projects/mufiedapi/locations/asia-south1/operations/1ff8ee0a-8e31-48c5-9b18-42351f4b1d6f?alt=json HTTP/1.1" 200 None
2026-04-07 07:39:22,829 DEBUG    urllib3.connectionpool https://cloudbuild.googleapis.com:443 "GET /v1/projects/mufiedapi/locations/asia-south1/operations/1ff8ee0a-8e31-48c5-9b18-42351f4b1d6f?alt=json HTTP/1.1" 200 None
2026-04-07 07:39:25,472 DEBUG    urllib3.connectionpool https://cloudbuild.googleapis.com:443 "GET /v1/projects/mufiedapi/locations/asia-south1/operations/1ff8ee0a-8e31-48c5-9b18-42351f4b1d6f?alt=json HTTP/1.1" 200 None
2026-04-07 07:39:28,457 DEBUG    urllib3.connectionpool https://cloudbuild.googleapis.com:443 "GET /v1/projects/mufiedapi/locations/asia-south1/operations/1ff8ee0a-8e31-48c5-9b18-42351f4b1d6f?alt=json HTTP/1.1" 200 None
2026-04-07 07:39:31,931 DEBUG    urllib3.connectionpool https://cloudbuild.googleapis.com:443 "GET /v1/projects/mufiedapi/locations/asia-south1/operations/1ff8ee0a-8e31-48c5-9b18-42351f4b1d6f?alt=json HTTP/1.1" 200 None
2026-04-07 07:39:35,514 DEBUG    urllib3.connectionpool https://cloudbuild.googleapis.com:443 "GET /v1/projects/mufiedapi/locations/asia-south1/operations/1ff8ee0a-8e31-48c5-9b18-42351f4b1d6f?alt=json HTTP/1.1" 200 None
2026-04-07 07:39:39,431 DEBUG    urllib3.connectionpool https://cloudbuild.googleapis.com:443 "GET /v1/projects/mufiedapi/locations/asia-south1/operations/1ff8ee0a-8e31-48c5-9b18-42351f4b1d6f?alt=json HTTP/1.1" 200 None
2026-04-07 07:39:43,587 DEBUG    urllib3.connectionpool https://cloudbuild.googleapis.com:443 "GET /v1/projects/mufiedapi/locations/asia-south1/operations/1ff8ee0a-8e31-48c5-9b18-42351f4b1d6f?alt=json HTTP/1.1" 200 None
2026-04-07 07:39:47,694 DEBUG    urllib3.connectionpool https://cloudbuild.googleapis.com:443 "GET /v1/projects/mufiedapi/locations/asia-south1/operations/1ff8ee0a-8e31-48c5-9b18-42351f4b1d6f?alt=json HTTP/1.1" 200 None
2026-04-07 07:39:52,632 DEBUG    urllib3.connectionpool https://cloudbuild.googleapis.com:443 "GET /v1/projects/mufiedapi/locations/asia-south1/operations/1ff8ee0a-8e31-48c5-9b18-42351f4b1d6f?alt=json HTTP/1.1" 200 None
2026-04-07 07:39:58,012 DEBUG    urllib3.connectionpool https://cloudbuild.googleapis.com:443 "GET /v1/projects/mufiedapi/locations/asia-south1/operations/1ff8ee0a-8e31-48c5-9b18-42351f4b1d6f?alt=json HTTP/1.1" 200 None
2026-04-07 07:39:58,182 DEBUG    urllib3.connectionpool https://asia-south1-run.googleapis.com:443 "GET /apis/serving.knative.dev/v1/namespaces/mufiedapi/services/nest-api?alt=json HTTP/1.1" 200 None
2026-04-07 07:39:59,538 DEBUG    urllib3.connectionpool https://asia-south1-run.googleapis.com:443 "PUT /apis/serving.knative.dev/v1/namespaces/mufiedapi/services/nest-api?alt=json HTTP/1.1" 200 None
2026-04-07 07:39:59,550 DEBUG    urllib3.connectionpool Starting new HTTPS connection (1): run.googleapis.com:443
2026-04-07 07:40:00,217 DEBUG    urllib3.connectionpool https://run.googleapis.com:443 "GET /v1/projects/mufiedapi/locations/asia-south1/services/nest-api:getIamPolicy?alt=json HTTP/1.1" 200 None
2026-04-07 07:40:00,711 DEBUG    urllib3.connectionpool https://run.googleapis.com:443 "POST /v1/projects/mufiedapi/locations/asia-south1/services/nest-api:setIamPolicy?alt=json HTTP/1.1" 403 None
2026-04-07 07:40:10,250 DEBUG    urllib3.connectionpool https://asia-south1-run.googleapis.com:443 "POST /v1/projects/mufiedapi/locations/asia-south1/operations/acbf527a-1db4-4ace-be39-19f47d4c2a07:wait?alt=json HTTP/1.1" 200 None
2026-04-07 07:40:12,692 DEBUG    urllib3.connectionpool https://asia-south1-run.googleapis.com:443 "POST /v1/projects/mufiedapi/locations/asia-south1/operations/acbf527a-1db4-4ace-be39-19f47d4c2a07:wait?alt=json HTTP/1.1" 200 None
2026-04-07 07:40:12,851 DEBUG    urllib3.connectionpool https://asia-south1-run.googleapis.com:443 "POST /v1/projects/mufiedapi/locations/asia-south1/operations/acbf527a-1db4-4ace-be39-19f47d4c2a07:wait?alt=json HTTP/1.1" 200 None
2026-04-07 07:40:13,016 DEBUG    urllib3.connectionpool https://asia-south1-run.googleapis.com:443 "POST /v1/projects/mufiedapi/locations/asia-south1/operations/acbf527a-1db4-4ace-be39-19f47d4c2a07:wait?alt=json HTTP/1.1" 200 None
2026-04-07 07:40:13,031 INFO     ___FILE_ONLY___   Setting IAM policy failed, try "gcloud beta run services add-iam-policy-binding --region=asia-south1 --member=allUsers --role=roles/run.invoker nest-api"

2026-04-07 07:40:13,032 INFO     ___FILE_ONLY___ Service [[1mnest-api[m] revision [[1mnest-api-00018-84b[m] has been deployed and is serving [1m100[m percent of traffic.
Service URL: [1mhttps://nest-api-560137381308.asia-south1.run.app[m

2026-04-07 07:40:13,032 DEBUG    root            Chosen display Format:none
2026-04-07 07:40:13,032 INFO     root            Display format: "none"
