2026-04-07 08:13:03,184 DEBUG    root            Loaded Command Group: ['gcloud', 'run']
2026-04-07 08:13:03,880 DEBUG    root            Loaded Command Group: ['gcloud', 'run', 'deploy']
2026-04-07 08:13:03,900 DEBUG    root            Running [gcloud.run.deploy] with arguments: [--allow-unauthenticated: "True", --region: "asia-south1", --source: ".", SERVICE: "nest-api"]
2026-04-07 08:13:04,062 DEBUG    root            Failed to check metadata server: <urlopen error [Errno 11001] getaddrinfo failed>
2026-04-07 08:13:04,062 DEBUG    root            On GCE from server: False
2026-04-07 08:13:04,178 DEBUG    root            On GCE from memory cache: False
2026-04-07 08:13:04,197 DEBUG    root            On GCE from memory cache: False
2026-04-07 08:13:04,211 DEBUG    root            On GCE from memory cache: False
2026-04-07 08:13:04,211 DEBUG    google.auth.transport.requests Making request: POST https://oauth2.googleapis.com/token
2026-04-07 08:13:04,214 DEBUG    urllib3.connectionpool Starting new HTTPS connection (1): oauth2.googleapis.com:443
2026-04-07 08:13:04,396 DEBUG    urllib3.connectionpool https://oauth2.googleapis.com:443 "POST /token HTTP/1.1" 200 None
2026-04-07 08:13:04,415 DEBUG    urllib3.connectionpool Starting new HTTPS connection (1): serviceusage.googleapis.com:443
2026-04-07 08:13:06,160 DEBUG    urllib3.connectionpool https://serviceusage.googleapis.com:443 "GET /v1/projects/mufiedapi/services/artifactregistry.googleapis.com?alt=json HTTP/1.1" 200 None
2026-04-07 08:13:06,209 DEBUG    root            On GCE from memory cache: False
2026-04-07 08:13:06,214 DEBUG    root            On GCE from memory cache: False
2026-04-07 08:13:06,218 DEBUG    urllib3.connectionpool Starting new HTTPS connection (1): serviceusage.googleapis.com:443
2026-04-07 08:13:07,933 DEBUG    urllib3.connectionpool https://serviceusage.googleapis.com:443 "GET /v1/projects/mufiedapi/services/cloudbuild.googleapis.com?alt=json HTTP/1.1" 200 None
2026-04-07 08:13:07,967 DEBUG    root            On GCE from memory cache: False
2026-04-07 08:13:07,972 DEBUG    root            On GCE from memory cache: False
2026-04-07 08:13:07,976 DEBUG    urllib3.connectionpool Starting new HTTPS connection (1): serviceusage.googleapis.com:443
2026-04-07 08:13:09,658 DEBUG    urllib3.connectionpool https://serviceusage.googleapis.com:443 "GET /v1/projects/mufiedapi/services/run.googleapis.com?alt=json HTTP/1.1" 200 None
2026-04-07 08:13:09,720 DEBUG    root            On GCE from memory cache: False
2026-04-07 08:13:09,724 DEBUG    root            On GCE from memory cache: False
2026-04-07 08:13:09,731 DEBUG    root            On GCE from memory cache: False
2026-04-07 08:13:09,735 DEBUG    urllib3.connectionpool Starting new HTTPS connection (1): asia-south1-run.googleapis.com:443
2026-04-07 08:13:10,126 DEBUG    urllib3.connectionpool https://asia-south1-run.googleapis.com:443 "GET /apis/serving.knative.dev/v1/namespaces/mufiedapi/services/nest-api?alt=json HTTP/1.1" 200 None
2026-04-07 08:13:10,130 DEBUG    root            source_location: gs://run-sources-mufiedapi-asia-south1/services/nest-api/1775528940.340719-3aed1fb6110d4bb7adc469bd68d5861c.zip#1775528944251295
2026-04-07 08:13:10,130 DEBUG    root            Existing source_bucket: run-sources-mufiedapi-asia-south1
2026-04-07 08:13:10,131 DEBUG    root            On GCE from memory cache: False
2026-04-07 08:13:10,148 DEBUG    urllib3.connectionpool Starting new HTTPS connection (1): artifactregistry.googleapis.com:443
2026-04-07 08:13:10,800 DEBUG    urllib3.connectionpool https://artifactregistry.googleapis.com:443 "GET /v1/projects/mufiedapi/locations/asia-south1/repositories/cloud-run-source-deploy?alt=json HTTP/1.1" 200 None
2026-04-07 08:13:10,804 DEBUG    root            On GCE from memory cache: False
2026-04-07 08:13:10,824 DEBUG    urllib3.connectionpool Starting new HTTPS connection (1): cloudbuild.googleapis.com:443
2026-04-07 08:13:11,477 DEBUG    urllib3.connectionpool https://cloudbuild.googleapis.com:443 "GET /v1/projects/mufiedapi/locations/asia-south1/defaultServiceAccount?alt=json HTTP/1.1" 200 None
2026-04-07 08:13:11,479 DEBUG    root            On GCE from memory cache: False
2026-04-07 08:13:11,485 DEBUG    urllib3.connectionpool Starting new HTTPS connection (1): iam.googleapis.com:443
2026-04-07 08:13:13,115 DEBUG    urllib3.connectionpool https://iam.googleapis.com:443 "GET /v1/projects/-/serviceAccounts/560137381308-compute@developer.gserviceaccount.com?alt=json HTTP/1.1" 200 None
2026-04-07 08:13:13,120 INFO     ___FILE_ONLY___ Building using Dockerfile and deploying container to Cloud Run service [[1mnest-api[m] in project [[1mmufiedapi[m] region [[1masia-south1[m]

2026-04-07 08:13:13,124 INFO     ___FILE_ONLY___ Building and deploying...
2026-04-07 08:13:14,580 DEBUG    urllib3.connectionpool https://asia-south1-run.googleapis.com:443 "PUT /apis/serving.knative.dev/v1/namespaces/mufiedapi/services/nest-api?alt=json&dryRun=all HTTP/1.1" 200 None
2026-04-07 08:13:14,588 DEBUG    root            On GCE from memory cache: False
2026-04-07 08:13:14,607 DEBUG    root            Creating bucket run-sources-mufiedapi-asia-south1 in region asia-south1
2026-04-07 08:13:14,609 DEBUG    urllib3.connectionpool Starting new HTTPS connection (1): storage.googleapis.com:443
2026-04-07 08:13:14,865 DEBUG    urllib3.connectionpool https://storage.googleapis.com:443 "GET /storage/v1/b/run-sources-mufiedapi-asia-south1?alt=json HTTP/1.1" 200 1276
2026-04-07 08:13:15,421 DEBUG    urllib3.connectionpool https://storage.googleapis.com:443 "GET /storage/v1/b?alt=json&maxResults=1000&prefix=run-sources-mufiedapi-asia-south1&project=mufiedapi HTTP/1.1" 200 1522
2026-04-07 08:13:15,424 DEBUG    root            Uploading source to gs://run-sources-mufiedapi-asia-south1/services/nest-api/1775529795.423919-1f35334bd6114213bc6d94a98c72fab3.zip
2026-04-07 08:13:15,427 INFO     root            Using ignore file at [.\.gcloudignore].
2026-04-07 08:13:15,428 DEBUG    root            Skipping file [.env]
2026-04-07 08:13:15,429 DEBUG    root            Skipping file [.env.example]
2026-04-07 08:13:15,429 DEBUG    root            Skipping file [.gitignore]
2026-04-07 08:13:15,430 DEBUG    root            Skipping file [.firebase]
2026-04-07 08:13:15,430 DEBUG    root            Skipping file [dist]
2026-04-07 08:13:15,430 DEBUG    root            Skipping file [node_modules]
2026-04-07 08:13:15,485 INFO     root            Using ignore file [.\.gcloudignore]
2026-04-07 08:13:15,545 INFO     root            Uploading [C:\Users\ADMIN\AppData\Local\Temp\tmpp_jhphc7\file.zip] to [run-sources-mufiedapi-asia-south1/services/nest-api/1775529795.423919-1f35334bd6114213bc6d94a98c72fab3.zip]
2026-04-07 08:13:15,780 DEBUG    urllib3.connectionpool https://storage.googleapis.com:443 "POST /upload/storage/v1/b/run-sources-mufiedapi-asia-south1/o?alt=json&name=services%2Fnest-api%2F1775529795.423919-1f35334bd6114213bc6d94a98c72fab3.zip&uploadType=multipart HTTP/1.1" 200 1138
2026-04-07 08:13:15,801 DEBUG    root            On GCE from memory cache: False
2026-04-07 08:13:15,810 DEBUG    urllib3.connectionpool Starting new HTTPS connection (1): asia-south1-run.googleapis.com:443
2026-04-07 08:13:19,380 DEBUG    urllib3.connectionpool https://asia-south1-run.googleapis.com:443 "POST /v2/projects/mufiedapi/locations/asia-south1/builds:submit?alt=json HTTP/1.1" 200 None
2026-04-07 08:13:19,390 DEBUG    root            On GCE from memory cache: False
2026-04-07 08:13:19,395 DEBUG    urllib3.connectionpool Starting new HTTPS connection (1): cloudbuild.googleapis.com:443
2026-04-07 08:13:20,022 DEBUG    urllib3.connectionpool https://cloudbuild.googleapis.com:443 "GET /v1/projects/mufiedapi/locations/asia-south1/operations/2abce68b-4e3e-4d21-a6f5-2a300ee79ace?alt=json HTTP/1.1" 200 None
2026-04-07 08:13:21,449 DEBUG    urllib3.connectionpool https://cloudbuild.googleapis.com:443 "GET /v1/projects/mufiedapi/locations/asia-south1/operations/2abce68b-4e3e-4d21-a6f5-2a300ee79ace?alt=json HTTP/1.1" 200 None
2026-04-07 08:13:22,865 DEBUG    urllib3.connectionpool https://cloudbuild.googleapis.com:443 "GET /v1/projects/mufiedapi/locations/asia-south1/operations/2abce68b-4e3e-4d21-a6f5-2a300ee79ace?alt=json HTTP/1.1" 200 None
2026-04-07 08:13:24,367 DEBUG    urllib3.connectionpool https://cloudbuild.googleapis.com:443 "GET /v1/projects/mufiedapi/locations/asia-south1/operations/2abce68b-4e3e-4d21-a6f5-2a300ee79ace?alt=json HTTP/1.1" 200 None
2026-04-07 08:13:25,918 DEBUG    urllib3.connectionpool https://cloudbuild.googleapis.com:443 "GET /v1/projects/mufiedapi/locations/asia-south1/operations/2abce68b-4e3e-4d21-a6f5-2a300ee79ace?alt=json HTTP/1.1" 200 None
2026-04-07 08:13:27,378 DEBUG    urllib3.connectionpool https://cloudbuild.googleapis.com:443 "GET /v1/projects/mufiedapi/locations/asia-south1/operations/2abce68b-4e3e-4d21-a6f5-2a300ee79ace?alt=json HTTP/1.1" 200 None
2026-04-07 08:13:28,813 DEBUG    urllib3.connectionpool https://cloudbuild.googleapis.com:443 "GET /v1/projects/mufiedapi/locations/asia-south1/operations/2abce68b-4e3e-4d21-a6f5-2a300ee79ace?alt=json HTTP/1.1" 200 None
2026-04-07 08:13:30,233 DEBUG    urllib3.connectionpool https://cloudbuild.googleapis.com:443 "GET /v1/projects/mufiedapi/locations/asia-south1/operations/2abce68b-4e3e-4d21-a6f5-2a300ee79ace?alt=json HTTP/1.1" 200 None
2026-04-07 08:13:31,756 DEBUG    urllib3.connectionpool https://cloudbuild.googleapis.com:443 "GET /v1/projects/mufiedapi/locations/asia-south1/operations/2abce68b-4e3e-4d21-a6f5-2a300ee79ace?alt=json HTTP/1.1" 200 None
2026-04-07 08:13:33,245 DEBUG    urllib3.connectionpool https://cloudbuild.googleapis.com:443 "GET /v1/projects/mufiedapi/locations/asia-south1/operations/2abce68b-4e3e-4d21-a6f5-2a300ee79ace?alt=json HTTP/1.1" 200 None
2026-04-07 08:13:34,719 DEBUG    urllib3.connectionpool https://cloudbuild.googleapis.com:443 "GET /v1/projects/mufiedapi/locations/asia-south1/operations/2abce68b-4e3e-4d21-a6f5-2a300ee79ace?alt=json HTTP/1.1" 200 None
2026-04-07 08:13:36,154 DEBUG    urllib3.connectionpool https://cloudbuild.googleapis.com:443 "GET /v1/projects/mufiedapi/locations/asia-south1/operations/2abce68b-4e3e-4d21-a6f5-2a300ee79ace?alt=json HTTP/1.1" 200 None
2026-04-07 08:13:37,624 DEBUG    urllib3.connectionpool https://cloudbuild.googleapis.com:443 "GET /v1/projects/mufiedapi/locations/asia-south1/operations/2abce68b-4e3e-4d21-a6f5-2a300ee79ace?alt=json HTTP/1.1" 200 None
2026-04-07 08:13:39,120 DEBUG    urllib3.connectionpool https://cloudbuild.googleapis.com:443 "GET /v1/projects/mufiedapi/locations/asia-south1/operations/2abce68b-4e3e-4d21-a6f5-2a300ee79ace?alt=json HTTP/1.1" 200 None
2026-04-07 08:13:40,593 DEBUG    urllib3.connectionpool https://cloudbuild.googleapis.com:443 "GET /v1/projects/mufiedapi/locations/asia-south1/operations/2abce68b-4e3e-4d21-a6f5-2a300ee79ace?alt=json HTTP/1.1" 200 None
2026-04-07 08:13:42,042 DEBUG    urllib3.connectionpool https://cloudbuild.googleapis.com:443 "GET /v1/projects/mufiedapi/locations/asia-south1/operations/2abce68b-4e3e-4d21-a6f5-2a300ee79ace?alt=json HTTP/1.1" 200 None
2026-04-07 08:13:43,252 DEBUG    urllib3.connectionpool https://cloudbuild.googleapis.com:443 "GET /v1/projects/mufiedapi/locations/asia-south1/operations/2abce68b-4e3e-4d21-a6f5-2a300ee79ace?alt=json HTTP/1.1" 200 None
2026-04-07 08:13:44,707 DEBUG    urllib3.connectionpool https://cloudbuild.googleapis.com:443 "GET /v1/projects/mufiedapi/locations/asia-south1/operations/2abce68b-4e3e-4d21-a6f5-2a300ee79ace?alt=json HTTP/1.1" 200 None
2026-04-07 08:13:45,842 DEBUG    urllib3.connectionpool https://cloudbuild.googleapis.com:443 "GET /v1/projects/mufiedapi/locations/asia-south1/operations/2abce68b-4e3e-4d21-a6f5-2a300ee79ace?alt=json HTTP/1.1" 200 None
2026-04-07 08:13:47,269 DEBUG    urllib3.connectionpool https://cloudbuild.googleapis.com:443 "GET /v1/projects/mufiedapi/locations/asia-south1/operations/2abce68b-4e3e-4d21-a6f5-2a300ee79ace?alt=json HTTP/1.1" 200 None
2026-04-07 08:13:48,404 DEBUG    urllib3.connectionpool https://cloudbuild.googleapis.com:443 "GET /v1/projects/mufiedapi/locations/asia-south1/operations/2abce68b-4e3e-4d21-a6f5-2a300ee79ace?alt=json HTTP/1.1" 200 None
2026-04-07 08:13:49,907 DEBUG    urllib3.connectionpool https://cloudbuild.googleapis.com:443 "GET /v1/projects/mufiedapi/locations/asia-south1/operations/2abce68b-4e3e-4d21-a6f5-2a300ee79ace?alt=json HTTP/1.1" 200 None
2026-04-07 08:13:51,339 DEBUG    urllib3.connectionpool https://cloudbuild.googleapis.com:443 "GET /v1/projects/mufiedapi/locations/asia-south1/operations/2abce68b-4e3e-4d21-a6f5-2a300ee79ace?alt=json HTTP/1.1" 200 None
2026-04-07 08:13:52,770 DEBUG    urllib3.connectionpool https://cloudbuild.googleapis.com:443 "GET /v1/projects/mufiedapi/locations/asia-south1/operations/2abce68b-4e3e-4d21-a6f5-2a300ee79ace?alt=json HTTP/1.1" 200 None
2026-04-07 08:13:54,214 DEBUG    urllib3.connectionpool https://cloudbuild.googleapis.com:443 "GET /v1/projects/mufiedapi/locations/asia-south1/operations/2abce68b-4e3e-4d21-a6f5-2a300ee79ace?alt=json HTTP/1.1" 200 None
2026-04-07 08:13:55,653 DEBUG    urllib3.connectionpool https://cloudbuild.googleapis.com:443 "GET /v1/projects/mufiedapi/locations/asia-south1/operations/2abce68b-4e3e-4d21-a6f5-2a300ee79ace?alt=json HTTP/1.1" 200 None
2026-04-07 08:13:57,092 DEBUG    urllib3.connectionpool https://cloudbuild.googleapis.com:443 "GET /v1/projects/mufiedapi/locations/asia-south1/operations/2abce68b-4e3e-4d21-a6f5-2a300ee79ace?alt=json HTTP/1.1" 200 None
2026-04-07 08:13:58,546 DEBUG    urllib3.connectionpool https://cloudbuild.googleapis.com:443 "GET /v1/projects/mufiedapi/locations/asia-south1/operations/2abce68b-4e3e-4d21-a6f5-2a300ee79ace?alt=json HTTP/1.1" 200 None
2026-04-07 08:13:59,997 DEBUG    urllib3.connectionpool https://cloudbuild.googleapis.com:443 "GET /v1/projects/mufiedapi/locations/asia-south1/operations/2abce68b-4e3e-4d21-a6f5-2a300ee79ace?alt=json HTTP/1.1" 200 None
2026-04-07 08:14:01,431 DEBUG    urllib3.connectionpool https://cloudbuild.googleapis.com:443 "GET /v1/projects/mufiedapi/locations/asia-south1/operations/2abce68b-4e3e-4d21-a6f5-2a300ee79ace?alt=json HTTP/1.1" 200 None
2026-04-07 08:14:02,873 DEBUG    urllib3.connectionpool https://cloudbuild.googleapis.com:443 "GET /v1/projects/mufiedapi/locations/asia-south1/operations/2abce68b-4e3e-4d21-a6f5-2a300ee79ace?alt=json HTTP/1.1" 200 None
2026-04-07 08:14:04,303 DEBUG    urllib3.connectionpool https://cloudbuild.googleapis.com:443 "GET /v1/projects/mufiedapi/locations/asia-south1/operations/2abce68b-4e3e-4d21-a6f5-2a300ee79ace?alt=json HTTP/1.1" 200 None
2026-04-07 08:14:05,745 DEBUG    urllib3.connectionpool https://cloudbuild.googleapis.com:443 "GET /v1/projects/mufiedapi/locations/asia-south1/operations/2abce68b-4e3e-4d21-a6f5-2a300ee79ace?alt=json HTTP/1.1" 200 None
2026-04-07 08:14:07,177 DEBUG    urllib3.connectionpool https://cloudbuild.googleapis.com:443 "GET /v1/projects/mufiedapi/locations/asia-south1/operations/2abce68b-4e3e-4d21-a6f5-2a300ee79ace?alt=json HTTP/1.1" 200 None
2026-04-07 08:14:08,609 DEBUG    urllib3.connectionpool https://cloudbuild.googleapis.com:443 "GET /v1/projects/mufiedapi/locations/asia-south1/operations/2abce68b-4e3e-4d21-a6f5-2a300ee79ace?alt=json HTTP/1.1" 200 None
2026-04-07 08:14:10,054 DEBUG    urllib3.connectionpool https://cloudbuild.googleapis.com:443 "GET /v1/projects/mufiedapi/locations/asia-south1/operations/2abce68b-4e3e-4d21-a6f5-2a300ee79ace?alt=json HTTP/1.1" 200 None
2026-04-07 08:14:11,193 DEBUG    urllib3.connectionpool https://cloudbuild.googleapis.com:443 "GET /v1/projects/mufiedapi/locations/asia-south1/operations/2abce68b-4e3e-4d21-a6f5-2a300ee79ace?alt=json HTTP/1.1" 200 None
2026-04-07 08:14:12,326 DEBUG    urllib3.connectionpool https://cloudbuild.googleapis.com:443 "GET /v1/projects/mufiedapi/locations/asia-south1/operations/2abce68b-4e3e-4d21-a6f5-2a300ee79ace?alt=json HTTP/1.1" 200 None
2026-04-07 08:14:13,759 DEBUG    urllib3.connectionpool https://cloudbuild.googleapis.com:443 "GET /v1/projects/mufiedapi/locations/asia-south1/operations/2abce68b-4e3e-4d21-a6f5-2a300ee79ace?alt=json HTTP/1.1" 200 None
2026-04-07 08:14:14,918 DEBUG    urllib3.connectionpool https://cloudbuild.googleapis.com:443 "GET /v1/projects/mufiedapi/locations/asia-south1/operations/2abce68b-4e3e-4d21-a6f5-2a300ee79ace?alt=json HTTP/1.1" 200 None
2026-04-07 08:14:16,347 DEBUG    urllib3.connectionpool https://cloudbuild.googleapis.com:443 "GET /v1/projects/mufiedapi/locations/asia-south1/operations/2abce68b-4e3e-4d21-a6f5-2a300ee79ace?alt=json HTTP/1.1" 200 None
2026-04-07 08:14:17,775 DEBUG    urllib3.connectionpool https://cloudbuild.googleapis.com:443 "GET /v1/projects/mufiedapi/locations/asia-south1/operations/2abce68b-4e3e-4d21-a6f5-2a300ee79ace?alt=json HTTP/1.1" 200 None
2026-04-07 08:14:19,211 DEBUG    urllib3.connectionpool https://cloudbuild.googleapis.com:443 "GET /v1/projects/mufiedapi/locations/asia-south1/operations/2abce68b-4e3e-4d21-a6f5-2a300ee79ace?alt=json HTTP/1.1" 200 None
2026-04-07 08:14:19,351 DEBUG    urllib3.connectionpool https://cloudbuild.googleapis.com:443 "GET /v1/projects/mufiedapi/locations/asia-south1/operations/2abce68b-4e3e-4d21-a6f5-2a300ee79ace?alt=json HTTP/1.1" 200 None
2026-04-07 08:14:20,899 DEBUG    urllib3.connectionpool https://cloudbuild.googleapis.com:443 "GET /v1/projects/mufiedapi/locations/asia-south1/operations/2abce68b-4e3e-4d21-a6f5-2a300ee79ace?alt=json HTTP/1.1" 200 None
2026-04-07 08:14:22,761 DEBUG    urllib3.connectionpool https://cloudbuild.googleapis.com:443 "GET /v1/projects/mufiedapi/locations/asia-south1/operations/2abce68b-4e3e-4d21-a6f5-2a300ee79ace?alt=json HTTP/1.1" 200 None
2026-04-07 08:14:24,436 DEBUG    urllib3.connectionpool https://cloudbuild.googleapis.com:443 "GET /v1/projects/mufiedapi/locations/asia-south1/operations/2abce68b-4e3e-4d21-a6f5-2a300ee79ace?alt=json HTTP/1.1" 200 None
2026-04-07 08:14:26,434 DEBUG    urllib3.connectionpool https://cloudbuild.googleapis.com:443 "GET /v1/projects/mufiedapi/locations/asia-south1/operations/2abce68b-4e3e-4d21-a6f5-2a300ee79ace?alt=json HTTP/1.1" 200 None
2026-04-07 08:14:28,688 DEBUG    urllib3.connectionpool https://cloudbuild.googleapis.com:443 "GET /v1/projects/mufiedapi/locations/asia-south1/operations/2abce68b-4e3e-4d21-a6f5-2a300ee79ace?alt=json HTTP/1.1" 200 None
2026-04-07 08:14:30,794 DEBUG    urllib3.connectionpool https://cloudbuild.googleapis.com:443 "GET /v1/projects/mufiedapi/locations/asia-south1/operations/2abce68b-4e3e-4d21-a6f5-2a300ee79ace?alt=json HTTP/1.1" 200 None
2026-04-07 08:14:33,254 DEBUG    urllib3.connectionpool https://cloudbuild.googleapis.com:443 "GET /v1/projects/mufiedapi/locations/asia-south1/operations/2abce68b-4e3e-4d21-a6f5-2a300ee79ace?alt=json HTTP/1.1" 200 None
2026-04-07 08:14:35,798 DEBUG    urllib3.connectionpool https://cloudbuild.googleapis.com:443 "GET /v1/projects/mufiedapi/locations/asia-south1/operations/2abce68b-4e3e-4d21-a6f5-2a300ee79ace?alt=json HTTP/1.1" 200 None
2026-04-07 08:14:38,797 DEBUG    urllib3.connectionpool https://cloudbuild.googleapis.com:443 "GET /v1/projects/mufiedapi/locations/asia-south1/operations/2abce68b-4e3e-4d21-a6f5-2a300ee79ace?alt=json HTTP/1.1" 200 None
2026-04-07 08:14:41,462 DEBUG    urllib3.connectionpool https://cloudbuild.googleapis.com:443 "GET /v1/projects/mufiedapi/locations/asia-south1/operations/2abce68b-4e3e-4d21-a6f5-2a300ee79ace?alt=json HTTP/1.1" 200 None
2026-04-07 08:14:44,838 DEBUG    urllib3.connectionpool https://cloudbuild.googleapis.com:443 "GET /v1/projects/mufiedapi/locations/asia-south1/operations/2abce68b-4e3e-4d21-a6f5-2a300ee79ace?alt=json HTTP/1.1" 200 None
2026-04-07 08:14:45,088 DEBUG    urllib3.connectionpool https://asia-south1-run.googleapis.com:443 "GET /apis/serving.knative.dev/v1/namespaces/mufiedapi/services/nest-api?alt=json HTTP/1.1" 200 None
2026-04-07 08:14:46,364 DEBUG    urllib3.connectionpool https://asia-south1-run.googleapis.com:443 "PUT /apis/serving.knative.dev/v1/namespaces/mufiedapi/services/nest-api?alt=json HTTP/1.1" 200 None
2026-04-07 08:14:46,373 DEBUG    urllib3.connectionpool Starting new HTTPS connection (1): run.googleapis.com:443
2026-04-07 08:14:47,097 DEBUG    urllib3.connectionpool https://run.googleapis.com:443 "GET /v1/projects/mufiedapi/locations/asia-south1/services/nest-api:getIamPolicy?alt=json HTTP/1.1" 200 None
2026-04-07 08:14:47,708 DEBUG    urllib3.connectionpool https://run.googleapis.com:443 "POST /v1/projects/mufiedapi/locations/asia-south1/services/nest-api:setIamPolicy?alt=json HTTP/1.1" 403 None
2026-04-07 08:14:56,362 DEBUG    urllib3.connectionpool https://asia-south1-run.googleapis.com:443 "POST /v1/projects/mufiedapi/locations/asia-south1/operations/e59975e8-e4f2-4317-ab49-f47b11992094:wait?alt=json HTTP/1.1" 200 None
2026-04-07 08:14:56,562 DEBUG    urllib3.connectionpool https://asia-south1-run.googleapis.com:443 "POST /v1/projects/mufiedapi/locations/asia-south1/operations/e59975e8-e4f2-4317-ab49-f47b11992094:wait?alt=json HTTP/1.1" 200 None
2026-04-07 08:14:56,643 DEBUG    urllib3.connectionpool https://asia-south1-run.googleapis.com:443 "POST /v1/projects/mufiedapi/locations/asia-south1/operations/e59975e8-e4f2-4317-ab49-f47b11992094:wait?alt=json HTTP/1.1" 200 None
2026-04-07 08:14:56,698 INFO     ___FILE_ONLY___   Setting IAM policy failed, try "gcloud beta run services add-iam-policy-binding --region=asia-south1 --member=allUsers --role=roles/run.invoker nest-api"

2026-04-07 08:14:56,698 INFO     ___FILE_ONLY___ Service [[1mnest-api[m] revision [[1mnest-api-00020-p7g[m] has been deployed and is serving [1m100[m percent of traffic.
Service URL: [1mhttps://nest-api-560137381308.asia-south1.run.app[m

2026-04-07 08:14:56,698 DEBUG    root            Chosen display Format:none
2026-04-07 08:14:56,699 INFO     root            Display format: "none"
