2026-04-07 10:04:04,892 DEBUG    root            Loaded Command Group: ['gcloud', 'run']
2026-04-07 10:04:06,165 DEBUG    root            Loaded Command Group: ['gcloud', 'run', 'deploy']
2026-04-07 10:04:06,197 DEBUG    root            Running [gcloud.run.deploy] with arguments: [--allow-unauthenticated: "True", --region: "asia-south1", --source: ".", SERVICE: "nest-api"]
2026-04-07 10:04:06,377 DEBUG    root            Failed to check metadata server: <urlopen error [Errno 11001] getaddrinfo failed>
2026-04-07 10:04:06,377 DEBUG    root            On GCE from server: False
2026-04-07 10:04:06,594 DEBUG    root            On GCE from memory cache: False
2026-04-07 10:04:06,630 DEBUG    root            On GCE from memory cache: False
2026-04-07 10:04:06,633 DEBUG    root            On GCE from memory cache: False
2026-04-07 10:04:06,634 DEBUG    google.auth.transport.requests Making request: POST https://oauth2.googleapis.com/token
2026-04-07 10:04:06,639 DEBUG    urllib3.connectionpool Starting new HTTPS connection (1): oauth2.googleapis.com:443
2026-04-07 10:04:06,938 DEBUG    urllib3.connectionpool https://oauth2.googleapis.com:443 "POST /token HTTP/1.1" 200 None
2026-04-07 10:04:06,964 DEBUG    urllib3.connectionpool Starting new HTTPS connection (1): serviceusage.googleapis.com:443
2026-04-07 10:04:08,690 DEBUG    urllib3.connectionpool https://serviceusage.googleapis.com:443 "GET /v1/projects/mufiedapi/services/artifactregistry.googleapis.com?alt=json HTTP/1.1" 200 None
2026-04-07 10:04:08,745 DEBUG    root            On GCE from memory cache: False
2026-04-07 10:04:08,754 DEBUG    root            On GCE from memory cache: False
2026-04-07 10:04:08,758 DEBUG    urllib3.connectionpool Starting new HTTPS connection (1): serviceusage.googleapis.com:443
2026-04-07 10:04:10,588 DEBUG    urllib3.connectionpool https://serviceusage.googleapis.com:443 "GET /v1/projects/mufiedapi/services/cloudbuild.googleapis.com?alt=json HTTP/1.1" 200 None
2026-04-07 10:04:10,611 DEBUG    root            On GCE from memory cache: False
2026-04-07 10:04:10,616 DEBUG    root            On GCE from memory cache: False
2026-04-07 10:04:10,622 DEBUG    urllib3.connectionpool Starting new HTTPS connection (1): serviceusage.googleapis.com:443
2026-04-07 10:04:12,353 DEBUG    urllib3.connectionpool https://serviceusage.googleapis.com:443 "GET /v1/projects/mufiedapi/services/run.googleapis.com?alt=json HTTP/1.1" 200 None
2026-04-07 10:04:12,454 DEBUG    root            On GCE from memory cache: False
2026-04-07 10:04:12,463 DEBUG    root            On GCE from memory cache: False
2026-04-07 10:04:12,492 DEBUG    root            On GCE from memory cache: False
2026-04-07 10:04:12,502 DEBUG    urllib3.connectionpool Starting new HTTPS connection (1): asia-south1-run.googleapis.com:443
2026-04-07 10:04:12,906 DEBUG    urllib3.connectionpool https://asia-south1-run.googleapis.com:443 "GET /apis/serving.knative.dev/v1/namespaces/mufiedapi/services/nest-api?alt=json HTTP/1.1" 200 None
2026-04-07 10:04:12,912 DEBUG    root            source_location: gs://run-sources-mufiedapi-asia-south1/services/nest-api/1775529795.423919-1f35334bd6114213bc6d94a98c72fab3.zip#1775529799315457
2026-04-07 10:04:12,913 DEBUG    root            Existing source_bucket: run-sources-mufiedapi-asia-south1
2026-04-07 10:04:12,915 DEBUG    root            On GCE from memory cache: False
2026-04-07 10:04:12,943 DEBUG    urllib3.connectionpool Starting new HTTPS connection (1): artifactregistry.googleapis.com:443
2026-04-07 10:04:13,627 DEBUG    urllib3.connectionpool https://artifactregistry.googleapis.com:443 "GET /v1/projects/mufiedapi/locations/asia-south1/repositories/cloud-run-source-deploy?alt=json HTTP/1.1" 200 None
2026-04-07 10:04:13,632 DEBUG    root            On GCE from memory cache: False
2026-04-07 10:04:13,659 DEBUG    urllib3.connectionpool Starting new HTTPS connection (1): cloudbuild.googleapis.com:443
2026-04-07 10:04:14,330 DEBUG    urllib3.connectionpool https://cloudbuild.googleapis.com:443 "GET /v1/projects/mufiedapi/locations/asia-south1/defaultServiceAccount?alt=json HTTP/1.1" 200 None
2026-04-07 10:04:14,333 DEBUG    root            On GCE from memory cache: False
2026-04-07 10:04:14,341 DEBUG    urllib3.connectionpool Starting new HTTPS connection (1): iam.googleapis.com:443
2026-04-07 10:04:15,953 DEBUG    urllib3.connectionpool https://iam.googleapis.com:443 "GET /v1/projects/-/serviceAccounts/560137381308-compute@developer.gserviceaccount.com?alt=json HTTP/1.1" 200 None
2026-04-07 10:04:15,954 INFO     ___FILE_ONLY___ Building using Dockerfile and deploying container to Cloud Run service [[1mnest-api[m] in project [[1mmufiedapi[m] region [[1masia-south1[m]

2026-04-07 10:04:15,958 INFO     ___FILE_ONLY___ Building and deploying...
2026-04-07 10:04:17,294 DEBUG    urllib3.connectionpool https://asia-south1-run.googleapis.com:443 "PUT /apis/serving.knative.dev/v1/namespaces/mufiedapi/services/nest-api?alt=json&dryRun=all HTTP/1.1" 200 None
2026-04-07 10:04:17,302 DEBUG    root            On GCE from memory cache: False
2026-04-07 10:04:17,329 DEBUG    root            Creating bucket run-sources-mufiedapi-asia-south1 in region asia-south1
2026-04-07 10:04:17,331 DEBUG    urllib3.connectionpool Starting new HTTPS connection (1): storage.googleapis.com:443
2026-04-07 10:04:17,622 DEBUG    urllib3.connectionpool https://storage.googleapis.com:443 "GET /storage/v1/b/run-sources-mufiedapi-asia-south1?alt=json HTTP/1.1" 200 1276
2026-04-07 10:04:18,151 DEBUG    urllib3.connectionpool https://storage.googleapis.com:443 "GET /storage/v1/b?alt=json&maxResults=1000&prefix=run-sources-mufiedapi-asia-south1&project=mufiedapi HTTP/1.1" 200 1522
2026-04-07 10:04:18,155 DEBUG    root            Uploading source to gs://run-sources-mufiedapi-asia-south1/services/nest-api/1775536458.155183-fed10e02387c4dd5981f5f2e52a837e7.zip
2026-04-07 10:04:18,161 INFO     root            Using ignore file at [.\.gcloudignore].
2026-04-07 10:04:18,162 DEBUG    root            Skipping file [.env]
2026-04-07 10:04:18,162 DEBUG    root            Skipping file [.env.example]
2026-04-07 10:04:18,163 DEBUG    root            Skipping file [.gitignore]
2026-04-07 10:04:18,164 DEBUG    root            Skipping file [.firebase]
2026-04-07 10:04:18,164 DEBUG    root            Skipping file [dist]
2026-04-07 10:04:18,164 DEBUG    root            Skipping file [node_modules]
2026-04-07 10:04:18,222 INFO     root            Using ignore file [.\.gcloudignore]
2026-04-07 10:04:18,301 INFO     root            Uploading [C:\Users\ADMIN\AppData\Local\Temp\tmp5kw4w40s\file.zip] to [run-sources-mufiedapi-asia-south1/services/nest-api/1775536458.155183-fed10e02387c4dd5981f5f2e52a837e7.zip]
2026-04-07 10:04:18,556 DEBUG    urllib3.connectionpool https://storage.googleapis.com:443 "POST /upload/storage/v1/b/run-sources-mufiedapi-asia-south1/o?alt=json&name=services%2Fnest-api%2F1775536458.155183-fed10e02387c4dd5981f5f2e52a837e7.zip&uploadType=multipart HTTP/1.1" 200 1138
2026-04-07 10:04:18,585 DEBUG    root            On GCE from memory cache: False
2026-04-07 10:04:18,596 DEBUG    urllib3.connectionpool Starting new HTTPS connection (1): asia-south1-run.googleapis.com:443
2026-04-07 10:04:22,305 DEBUG    urllib3.connectionpool https://asia-south1-run.googleapis.com:443 "POST /v2/projects/mufiedapi/locations/asia-south1/builds:submit?alt=json HTTP/1.1" 200 None
2026-04-07 10:04:22,316 DEBUG    root            On GCE from memory cache: False
2026-04-07 10:04:22,322 DEBUG    urllib3.connectionpool Starting new HTTPS connection (1): cloudbuild.googleapis.com:443
2026-04-07 10:04:22,934 DEBUG    urllib3.connectionpool https://cloudbuild.googleapis.com:443 "GET /v1/projects/mufiedapi/locations/asia-south1/operations/27e626e0-27f1-4fe7-9e6e-54701d5722f0?alt=json HTTP/1.1" 200 None
2026-04-07 10:04:24,490 DEBUG    urllib3.connectionpool https://cloudbuild.googleapis.com:443 "GET /v1/projects/mufiedapi/locations/asia-south1/operations/27e626e0-27f1-4fe7-9e6e-54701d5722f0?alt=json HTTP/1.1" 200 None
2026-04-07 10:04:26,043 DEBUG    urllib3.connectionpool https://cloudbuild.googleapis.com:443 "GET /v1/projects/mufiedapi/locations/asia-south1/operations/27e626e0-27f1-4fe7-9e6e-54701d5722f0?alt=json HTTP/1.1" 200 None
2026-04-07 10:04:27,495 DEBUG    urllib3.connectionpool https://cloudbuild.googleapis.com:443 "GET /v1/projects/mufiedapi/locations/asia-south1/operations/27e626e0-27f1-4fe7-9e6e-54701d5722f0?alt=json HTTP/1.1" 200 None
2026-04-07 10:04:28,927 DEBUG    urllib3.connectionpool https://cloudbuild.googleapis.com:443 "GET /v1/projects/mufiedapi/locations/asia-south1/operations/27e626e0-27f1-4fe7-9e6e-54701d5722f0?alt=json HTTP/1.1" 200 None
2026-04-07 10:04:30,362 DEBUG    urllib3.connectionpool https://cloudbuild.googleapis.com:443 "GET /v1/projects/mufiedapi/locations/asia-south1/operations/27e626e0-27f1-4fe7-9e6e-54701d5722f0?alt=json HTTP/1.1" 200 None
2026-04-07 10:04:32,125 DEBUG    urllib3.connectionpool https://cloudbuild.googleapis.com:443 "GET /v1/projects/mufiedapi/locations/asia-south1/operations/27e626e0-27f1-4fe7-9e6e-54701d5722f0?alt=json HTTP/1.1" 200 None
2026-04-07 10:04:33,558 DEBUG    urllib3.connectionpool https://cloudbuild.googleapis.com:443 "GET /v1/projects/mufiedapi/locations/asia-south1/operations/27e626e0-27f1-4fe7-9e6e-54701d5722f0?alt=json HTTP/1.1" 200 None
2026-04-07 10:04:35,058 DEBUG    urllib3.connectionpool https://cloudbuild.googleapis.com:443 "GET /v1/projects/mufiedapi/locations/asia-south1/operations/27e626e0-27f1-4fe7-9e6e-54701d5722f0?alt=json HTTP/1.1" 200 None
2026-04-07 10:04:36,555 DEBUG    urllib3.connectionpool https://cloudbuild.googleapis.com:443 "GET /v1/projects/mufiedapi/locations/asia-south1/operations/27e626e0-27f1-4fe7-9e6e-54701d5722f0?alt=json HTTP/1.1" 200 None
2026-04-07 10:04:38,315 DEBUG    urllib3.connectionpool https://cloudbuild.googleapis.com:443 "GET /v1/projects/mufiedapi/locations/asia-south1/operations/27e626e0-27f1-4fe7-9e6e-54701d5722f0?alt=json HTTP/1.1" 200 None
2026-04-07 10:04:39,523 DEBUG    urllib3.connectionpool https://cloudbuild.googleapis.com:443 "GET /v1/projects/mufiedapi/locations/asia-south1/operations/27e626e0-27f1-4fe7-9e6e-54701d5722f0?alt=json HTTP/1.1" 200 None
2026-04-07 10:04:41,061 DEBUG    urllib3.connectionpool https://cloudbuild.googleapis.com:443 "GET /v1/projects/mufiedapi/locations/asia-south1/operations/27e626e0-27f1-4fe7-9e6e-54701d5722f0?alt=json HTTP/1.1" 200 None
2026-04-07 10:04:42,517 DEBUG    urllib3.connectionpool https://cloudbuild.googleapis.com:443 "GET /v1/projects/mufiedapi/locations/asia-south1/operations/27e626e0-27f1-4fe7-9e6e-54701d5722f0?alt=json HTTP/1.1" 200 None
2026-04-07 10:04:43,977 DEBUG    urllib3.connectionpool https://cloudbuild.googleapis.com:443 "GET /v1/projects/mufiedapi/locations/asia-south1/operations/27e626e0-27f1-4fe7-9e6e-54701d5722f0?alt=json HTTP/1.1" 200 None
2026-04-07 10:04:45,420 DEBUG    urllib3.connectionpool https://cloudbuild.googleapis.com:443 "GET /v1/projects/mufiedapi/locations/asia-south1/operations/27e626e0-27f1-4fe7-9e6e-54701d5722f0?alt=json HTTP/1.1" 200 None
2026-04-07 10:04:46,570 DEBUG    urllib3.connectionpool https://cloudbuild.googleapis.com:443 "GET /v1/projects/mufiedapi/locations/asia-south1/operations/27e626e0-27f1-4fe7-9e6e-54701d5722f0?alt=json HTTP/1.1" 200 None
2026-04-07 10:04:47,995 DEBUG    urllib3.connectionpool https://cloudbuild.googleapis.com:443 "GET /v1/projects/mufiedapi/locations/asia-south1/operations/27e626e0-27f1-4fe7-9e6e-54701d5722f0?alt=json HTTP/1.1" 200 None
2026-04-07 10:04:49,433 DEBUG    urllib3.connectionpool https://cloudbuild.googleapis.com:443 "GET /v1/projects/mufiedapi/locations/asia-south1/operations/27e626e0-27f1-4fe7-9e6e-54701d5722f0?alt=json HTTP/1.1" 200 None
2026-04-07 10:04:57,799 DEBUG    urllib3.connectionpool https://cloudbuild.googleapis.com:443 "GET /v1/projects/mufiedapi/locations/asia-south1/operations/27e626e0-27f1-4fe7-9e6e-54701d5722f0?alt=json HTTP/1.1" 200 None
2026-04-07 10:04:59,431 DEBUG    urllib3.connectionpool https://cloudbuild.googleapis.com:443 "GET /v1/projects/mufiedapi/locations/asia-south1/operations/27e626e0-27f1-4fe7-9e6e-54701d5722f0?alt=json HTTP/1.1" 200 None
2026-04-07 10:05:00,570 DEBUG    urllib3.connectionpool https://cloudbuild.googleapis.com:443 "GET /v1/projects/mufiedapi/locations/asia-south1/operations/27e626e0-27f1-4fe7-9e6e-54701d5722f0?alt=json HTTP/1.1" 200 None
2026-04-07 10:05:02,015 DEBUG    urllib3.connectionpool https://cloudbuild.googleapis.com:443 "GET /v1/projects/mufiedapi/locations/asia-south1/operations/27e626e0-27f1-4fe7-9e6e-54701d5722f0?alt=json HTTP/1.1" 200 None
2026-04-07 10:05:03,473 DEBUG    urllib3.connectionpool https://cloudbuild.googleapis.com:443 "GET /v1/projects/mufiedapi/locations/asia-south1/operations/27e626e0-27f1-4fe7-9e6e-54701d5722f0?alt=json HTTP/1.1" 200 None
2026-04-07 10:05:04,944 DEBUG    urllib3.connectionpool https://cloudbuild.googleapis.com:443 "GET /v1/projects/mufiedapi/locations/asia-south1/operations/27e626e0-27f1-4fe7-9e6e-54701d5722f0?alt=json HTTP/1.1" 200 None
2026-04-07 10:05:06,096 DEBUG    urllib3.connectionpool https://cloudbuild.googleapis.com:443 "GET /v1/projects/mufiedapi/locations/asia-south1/operations/27e626e0-27f1-4fe7-9e6e-54701d5722f0?alt=json HTTP/1.1" 200 None
2026-04-07 10:05:07,550 DEBUG    urllib3.connectionpool https://cloudbuild.googleapis.com:443 "GET /v1/projects/mufiedapi/locations/asia-south1/operations/27e626e0-27f1-4fe7-9e6e-54701d5722f0?alt=json HTTP/1.1" 200 None
2026-04-07 10:05:09,000 DEBUG    urllib3.connectionpool https://cloudbuild.googleapis.com:443 "GET /v1/projects/mufiedapi/locations/asia-south1/operations/27e626e0-27f1-4fe7-9e6e-54701d5722f0?alt=json HTTP/1.1" 200 None
2026-04-07 10:05:10,466 DEBUG    urllib3.connectionpool https://cloudbuild.googleapis.com:443 "GET /v1/projects/mufiedapi/locations/asia-south1/operations/27e626e0-27f1-4fe7-9e6e-54701d5722f0?alt=json HTTP/1.1" 200 None
2026-04-07 10:05:11,620 DEBUG    urllib3.connectionpool https://cloudbuild.googleapis.com:443 "GET /v1/projects/mufiedapi/locations/asia-south1/operations/27e626e0-27f1-4fe7-9e6e-54701d5722f0?alt=json HTTP/1.1" 200 None
2026-04-07 10:05:13,072 DEBUG    urllib3.connectionpool https://cloudbuild.googleapis.com:443 "GET /v1/projects/mufiedapi/locations/asia-south1/operations/27e626e0-27f1-4fe7-9e6e-54701d5722f0?alt=json HTTP/1.1" 200 None
2026-04-07 10:05:14,527 DEBUG    urllib3.connectionpool https://cloudbuild.googleapis.com:443 "GET /v1/projects/mufiedapi/locations/asia-south1/operations/27e626e0-27f1-4fe7-9e6e-54701d5722f0?alt=json HTTP/1.1" 200 None
2026-04-07 10:05:15,679 DEBUG    urllib3.connectionpool https://cloudbuild.googleapis.com:443 "GET /v1/projects/mufiedapi/locations/asia-south1/operations/27e626e0-27f1-4fe7-9e6e-54701d5722f0?alt=json HTTP/1.1" 200 None
2026-04-07 10:05:16,818 DEBUG    urllib3.connectionpool https://cloudbuild.googleapis.com:443 "GET /v1/projects/mufiedapi/locations/asia-south1/operations/27e626e0-27f1-4fe7-9e6e-54701d5722f0?alt=json HTTP/1.1" 200 None
2026-04-07 10:05:18,267 DEBUG    urllib3.connectionpool https://cloudbuild.googleapis.com:443 "GET /v1/projects/mufiedapi/locations/asia-south1/operations/27e626e0-27f1-4fe7-9e6e-54701d5722f0?alt=json HTTP/1.1" 200 None
2026-04-07 10:05:19,742 DEBUG    urllib3.connectionpool https://cloudbuild.googleapis.com:443 "GET /v1/projects/mufiedapi/locations/asia-south1/operations/27e626e0-27f1-4fe7-9e6e-54701d5722f0?alt=json HTTP/1.1" 200 None
2026-04-07 10:05:20,887 DEBUG    urllib3.connectionpool https://cloudbuild.googleapis.com:443 "GET /v1/projects/mufiedapi/locations/asia-south1/operations/27e626e0-27f1-4fe7-9e6e-54701d5722f0?alt=json HTTP/1.1" 200 None
2026-04-07 10:05:22,332 DEBUG    urllib3.connectionpool https://cloudbuild.googleapis.com:443 "GET /v1/projects/mufiedapi/locations/asia-south1/operations/27e626e0-27f1-4fe7-9e6e-54701d5722f0?alt=json HTTP/1.1" 200 None
2026-04-07 10:05:22,477 DEBUG    urllib3.connectionpool https://cloudbuild.googleapis.com:443 "GET /v1/projects/mufiedapi/locations/asia-south1/operations/27e626e0-27f1-4fe7-9e6e-54701d5722f0?alt=json HTTP/1.1" 200 None
2026-04-07 10:05:24,367 DEBUG    urllib3.connectionpool https://cloudbuild.googleapis.com:443 "GET /v1/projects/mufiedapi/locations/asia-south1/operations/27e626e0-27f1-4fe7-9e6e-54701d5722f0?alt=json HTTP/1.1" 200 None
2026-04-07 10:05:25,979 DEBUG    urllib3.connectionpool https://cloudbuild.googleapis.com:443 "GET /v1/projects/mufiedapi/locations/asia-south1/operations/27e626e0-27f1-4fe7-9e6e-54701d5722f0?alt=json HTTP/1.1" 200 None
2026-04-07 10:05:27,657 DEBUG    urllib3.connectionpool https://cloudbuild.googleapis.com:443 "GET /v1/projects/mufiedapi/locations/asia-south1/operations/27e626e0-27f1-4fe7-9e6e-54701d5722f0?alt=json HTTP/1.1" 200 None
2026-04-07 10:05:29,619 DEBUG    urllib3.connectionpool https://cloudbuild.googleapis.com:443 "GET /v1/projects/mufiedapi/locations/asia-south1/operations/27e626e0-27f1-4fe7-9e6e-54701d5722f0?alt=json HTTP/1.1" 200 None
2026-04-07 10:05:31,652 DEBUG    urllib3.connectionpool https://cloudbuild.googleapis.com:443 "GET /v1/projects/mufiedapi/locations/asia-south1/operations/27e626e0-27f1-4fe7-9e6e-54701d5722f0?alt=json HTTP/1.1" 200 None
2026-04-07 10:05:33,567 DEBUG    urllib3.connectionpool https://cloudbuild.googleapis.com:443 "GET /v1/projects/mufiedapi/locations/asia-south1/operations/27e626e0-27f1-4fe7-9e6e-54701d5722f0?alt=json HTTP/1.1" 200 None
2026-04-07 10:05:35,909 DEBUG    urllib3.connectionpool https://cloudbuild.googleapis.com:443 "GET /v1/projects/mufiedapi/locations/asia-south1/operations/27e626e0-27f1-4fe7-9e6e-54701d5722f0?alt=json HTTP/1.1" 200 None
2026-04-07 10:05:39,090 DEBUG    urllib3.connectionpool https://cloudbuild.googleapis.com:443 "GET /v1/projects/mufiedapi/locations/asia-south1/operations/27e626e0-27f1-4fe7-9e6e-54701d5722f0?alt=json HTTP/1.1" 200 None
2026-04-07 10:05:41,556 DEBUG    urllib3.connectionpool https://cloudbuild.googleapis.com:443 "GET /v1/projects/mufiedapi/locations/asia-south1/operations/27e626e0-27f1-4fe7-9e6e-54701d5722f0?alt=json HTTP/1.1" 200 None
2026-04-07 10:05:44,396 DEBUG    urllib3.connectionpool https://cloudbuild.googleapis.com:443 "GET /v1/projects/mufiedapi/locations/asia-south1/operations/27e626e0-27f1-4fe7-9e6e-54701d5722f0?alt=json HTTP/1.1" 200 None
2026-04-07 10:05:47,503 DEBUG    urllib3.connectionpool https://cloudbuild.googleapis.com:443 "GET /v1/projects/mufiedapi/locations/asia-south1/operations/27e626e0-27f1-4fe7-9e6e-54701d5722f0?alt=json HTTP/1.1" 200 None
2026-04-07 10:05:50,810 DEBUG    urllib3.connectionpool https://cloudbuild.googleapis.com:443 "GET /v1/projects/mufiedapi/locations/asia-south1/operations/27e626e0-27f1-4fe7-9e6e-54701d5722f0?alt=json HTTP/1.1" 200 None
2026-04-07 10:05:54,436 DEBUG    urllib3.connectionpool https://cloudbuild.googleapis.com:443 "GET /v1/projects/mufiedapi/locations/asia-south1/operations/27e626e0-27f1-4fe7-9e6e-54701d5722f0?alt=json HTTP/1.1" 200 None
2026-04-07 10:05:54,731 DEBUG    urllib3.connectionpool https://asia-south1-run.googleapis.com:443 "GET /apis/serving.knative.dev/v1/namespaces/mufiedapi/services/nest-api?alt=json HTTP/1.1" 200 None
2026-04-07 10:05:56,207 DEBUG    urllib3.connectionpool https://asia-south1-run.googleapis.com:443 "PUT /apis/serving.knative.dev/v1/namespaces/mufiedapi/services/nest-api?alt=json HTTP/1.1" 200 None
2026-04-07 10:05:56,214 DEBUG    urllib3.connectionpool Starting new HTTPS connection (1): run.googleapis.com:443
2026-04-07 10:05:56,986 DEBUG    urllib3.connectionpool https://run.googleapis.com:443 "GET /v1/projects/mufiedapi/locations/asia-south1/services/nest-api:getIamPolicy?alt=json HTTP/1.1" 200 None
2026-04-07 10:05:57,483 DEBUG    urllib3.connectionpool https://run.googleapis.com:443 "POST /v1/projects/mufiedapi/locations/asia-south1/services/nest-api:setIamPolicy?alt=json HTTP/1.1" 403 None
2026-04-07 10:06:06,365 DEBUG    urllib3.connectionpool https://asia-south1-run.googleapis.com:443 "POST /v1/projects/mufiedapi/locations/asia-south1/operations/bc5c39b2-4c98-4c19-bc47-7af187fcadcd:wait?alt=json HTTP/1.1" 200 None
2026-04-07 10:06:06,546 DEBUG    urllib3.connectionpool https://asia-south1-run.googleapis.com:443 "POST /v1/projects/mufiedapi/locations/asia-south1/operations/bc5c39b2-4c98-4c19-bc47-7af187fcadcd:wait?alt=json HTTP/1.1" 200 None
2026-04-07 10:06:06,649 DEBUG    urllib3.connectionpool https://asia-south1-run.googleapis.com:443 "POST /v1/projects/mufiedapi/locations/asia-south1/operations/bc5c39b2-4c98-4c19-bc47-7af187fcadcd:wait?alt=json HTTP/1.1" 200 None
2026-04-07 10:06:06,708 INFO     ___FILE_ONLY___   Setting IAM policy failed, try "gcloud beta run services add-iam-policy-binding --region=asia-south1 --member=allUsers --role=roles/run.invoker nest-api"

2026-04-07 10:06:06,708 INFO     ___FILE_ONLY___ Service [[1mnest-api[m] revision [[1mnest-api-00021-b47[m] has been deployed and is serving [1m100[m percent of traffic.
Service URL: [1mhttps://nest-api-560137381308.asia-south1.run.app[m

2026-04-07 10:06:06,709 DEBUG    root            Chosen display Format:none
2026-04-07 10:06:06,709 INFO     root            Display format: "none"
