2026-04-07 10:16:09,369 DEBUG    root            Loaded Command Group: ['gcloud', 'run']
2026-04-07 10:16:10,310 DEBUG    root            Loaded Command Group: ['gcloud', 'run', 'deploy']
2026-04-07 10:16:10,338 DEBUG    root            Running [gcloud.run.deploy] with arguments: [--allow-unauthenticated: "True", --region: "asia-south1", --source: ".", SERVICE: "nest-api"]
2026-04-07 10:16:10,570 DEBUG    root            Failed to check metadata server: <urlopen error [Errno 11001] getaddrinfo failed>
2026-04-07 10:16:10,570 DEBUG    root            On GCE from server: False
2026-04-07 10:16:10,657 DEBUG    root            On GCE from memory cache: False
2026-04-07 10:16:10,697 DEBUG    urllib3.connectionpool Starting new HTTPS connection (1): serviceusage.googleapis.com:443
2026-04-07 10:16:12,466 DEBUG    urllib3.connectionpool https://serviceusage.googleapis.com:443 "GET /v1/projects/mufiedapi/services/artifactregistry.googleapis.com?alt=json HTTP/1.1" 200 None
2026-04-07 10:16:12,540 DEBUG    root            On GCE from memory cache: False
2026-04-07 10:16:12,546 DEBUG    root            On GCE from memory cache: False
2026-04-07 10:16:12,555 DEBUG    urllib3.connectionpool Starting new HTTPS connection (1): serviceusage.googleapis.com:443
2026-04-07 10:16:14,531 DEBUG    urllib3.connectionpool https://serviceusage.googleapis.com:443 "GET /v1/projects/mufiedapi/services/cloudbuild.googleapis.com?alt=json HTTP/1.1" 200 None
2026-04-07 10:16:14,569 DEBUG    root            On GCE from memory cache: False
2026-04-07 10:16:14,577 DEBUG    root            On GCE from memory cache: False
2026-04-07 10:16:14,585 DEBUG    urllib3.connectionpool Starting new HTTPS connection (1): serviceusage.googleapis.com:443
2026-04-07 10:16:16,314 DEBUG    urllib3.connectionpool https://serviceusage.googleapis.com:443 "GET /v1/projects/mufiedapi/services/run.googleapis.com?alt=json HTTP/1.1" 200 None
2026-04-07 10:16:16,406 DEBUG    root            On GCE from memory cache: False
2026-04-07 10:16:16,412 DEBUG    root            On GCE from memory cache: False
2026-04-07 10:16:16,431 DEBUG    root            On GCE from memory cache: False
2026-04-07 10:16:16,438 DEBUG    urllib3.connectionpool Starting new HTTPS connection (1): asia-south1-run.googleapis.com:443
2026-04-07 10:16:16,864 DEBUG    urllib3.connectionpool https://asia-south1-run.googleapis.com:443 "GET /apis/serving.knative.dev/v1/namespaces/mufiedapi/services/nest-api?alt=json HTTP/1.1" 200 None
2026-04-07 10:16:16,867 DEBUG    root            source_location: gs://run-sources-mufiedapi-asia-south1/services/nest-api/1775536458.155183-fed10e02387c4dd5981f5f2e52a837e7.zip#1775536462104572
2026-04-07 10:16:16,868 DEBUG    root            Existing source_bucket: run-sources-mufiedapi-asia-south1
2026-04-07 10:16:16,870 DEBUG    root            On GCE from memory cache: False
2026-04-07 10:16:16,890 DEBUG    urllib3.connectionpool Starting new HTTPS connection (1): artifactregistry.googleapis.com:443
2026-04-07 10:16:17,546 DEBUG    urllib3.connectionpool https://artifactregistry.googleapis.com:443 "GET /v1/projects/mufiedapi/locations/asia-south1/repositories/cloud-run-source-deploy?alt=json HTTP/1.1" 200 None
2026-04-07 10:16:17,550 DEBUG    root            On GCE from memory cache: False
2026-04-07 10:16:17,576 DEBUG    urllib3.connectionpool Starting new HTTPS connection (1): cloudbuild.googleapis.com:443
2026-04-07 10:16:18,209 DEBUG    urllib3.connectionpool https://cloudbuild.googleapis.com:443 "GET /v1/projects/mufiedapi/locations/asia-south1/defaultServiceAccount?alt=json HTTP/1.1" 200 None
2026-04-07 10:16:18,213 DEBUG    root            On GCE from memory cache: False
2026-04-07 10:16:18,224 DEBUG    urllib3.connectionpool Starting new HTTPS connection (1): iam.googleapis.com:443
2026-04-07 10:16:19,887 DEBUG    urllib3.connectionpool https://iam.googleapis.com:443 "GET /v1/projects/-/serviceAccounts/560137381308-compute@developer.gserviceaccount.com?alt=json HTTP/1.1" 200 None
2026-04-07 10:16:19,889 INFO     ___FILE_ONLY___ Building using Dockerfile and deploying container to Cloud Run service [[1mnest-api[m] in project [[1mmufiedapi[m] region [[1masia-south1[m]

2026-04-07 10:16:19,894 INFO     ___FILE_ONLY___ Building and deploying...
2026-04-07 10:16:21,409 DEBUG    urllib3.connectionpool https://asia-south1-run.googleapis.com:443 "PUT /apis/serving.knative.dev/v1/namespaces/mufiedapi/services/nest-api?alt=json&dryRun=all HTTP/1.1" 200 None
2026-04-07 10:16:21,421 DEBUG    root            On GCE from memory cache: False
2026-04-07 10:16:21,445 DEBUG    root            Creating bucket run-sources-mufiedapi-asia-south1 in region asia-south1
2026-04-07 10:16:21,448 DEBUG    urllib3.connectionpool Starting new HTTPS connection (1): storage.googleapis.com:443
2026-04-07 10:16:21,703 DEBUG    urllib3.connectionpool https://storage.googleapis.com:443 "GET /storage/v1/b/run-sources-mufiedapi-asia-south1?alt=json HTTP/1.1" 200 1276
2026-04-07 10:16:22,250 DEBUG    urllib3.connectionpool https://storage.googleapis.com:443 "GET /storage/v1/b?alt=json&maxResults=1000&prefix=run-sources-mufiedapi-asia-south1&project=mufiedapi HTTP/1.1" 200 1522
2026-04-07 10:16:22,252 DEBUG    root            Uploading source to gs://run-sources-mufiedapi-asia-south1/services/nest-api/1775537182.252827-6a0a4d19e00746ae81b2b1a709d95e14.zip
2026-04-07 10:16:22,256 INFO     root            Using ignore file at [.\.gcloudignore].
2026-04-07 10:16:22,257 DEBUG    root            Skipping file [.env]
2026-04-07 10:16:22,257 DEBUG    root            Skipping file [.env.example]
2026-04-07 10:16:22,257 DEBUG    root            Skipping file [.gitignore]
2026-04-07 10:16:22,258 DEBUG    root            Skipping file [.firebase]
2026-04-07 10:16:22,258 DEBUG    root            Skipping file [dist]
2026-04-07 10:16:22,258 DEBUG    root            Skipping file [node_modules]
2026-04-07 10:16:22,309 INFO     root            Using ignore file [.\.gcloudignore]
2026-04-07 10:16:22,392 INFO     root            Uploading [C:\Users\ADMIN\AppData\Local\Temp\tmp3koq25nq\file.zip] to [run-sources-mufiedapi-asia-south1/services/nest-api/1775537182.252827-6a0a4d19e00746ae81b2b1a709d95e14.zip]
2026-04-07 10:16:22,639 DEBUG    urllib3.connectionpool https://storage.googleapis.com:443 "POST /upload/storage/v1/b/run-sources-mufiedapi-asia-south1/o?alt=json&name=services%2Fnest-api%2F1775537182.252827-6a0a4d19e00746ae81b2b1a709d95e14.zip&uploadType=multipart HTTP/1.1" 200 1138
2026-04-07 10:16:22,665 DEBUG    root            On GCE from memory cache: False
2026-04-07 10:16:22,691 DEBUG    urllib3.connectionpool Starting new HTTPS connection (1): asia-south1-run.googleapis.com:443
2026-04-07 10:16:26,317 DEBUG    urllib3.connectionpool https://asia-south1-run.googleapis.com:443 "POST /v2/projects/mufiedapi/locations/asia-south1/builds:submit?alt=json HTTP/1.1" 200 None
2026-04-07 10:16:26,337 DEBUG    root            On GCE from memory cache: False
2026-04-07 10:16:26,348 DEBUG    urllib3.connectionpool Starting new HTTPS connection (1): cloudbuild.googleapis.com:443
2026-04-07 10:16:27,014 DEBUG    urllib3.connectionpool https://cloudbuild.googleapis.com:443 "GET /v1/projects/mufiedapi/locations/asia-south1/operations/509d169e-3f7e-4a71-a158-486012525dd9?alt=json HTTP/1.1" 200 None
2026-04-07 10:16:28,550 DEBUG    urllib3.connectionpool https://cloudbuild.googleapis.com:443 "GET /v1/projects/mufiedapi/locations/asia-south1/operations/509d169e-3f7e-4a71-a158-486012525dd9?alt=json HTTP/1.1" 200 None
2026-04-07 10:16:30,103 DEBUG    urllib3.connectionpool https://cloudbuild.googleapis.com:443 "GET /v1/projects/mufiedapi/locations/asia-south1/operations/509d169e-3f7e-4a71-a158-486012525dd9?alt=json HTTP/1.1" 200 None
2026-04-07 10:16:31,533 DEBUG    urllib3.connectionpool https://cloudbuild.googleapis.com:443 "GET /v1/projects/mufiedapi/locations/asia-south1/operations/509d169e-3f7e-4a71-a158-486012525dd9?alt=json HTTP/1.1" 200 None
2026-04-07 10:16:33,076 DEBUG    urllib3.connectionpool https://cloudbuild.googleapis.com:443 "GET /v1/projects/mufiedapi/locations/asia-south1/operations/509d169e-3f7e-4a71-a158-486012525dd9?alt=json HTTP/1.1" 200 None
2026-04-07 10:16:34,607 DEBUG    urllib3.connectionpool https://cloudbuild.googleapis.com:443 "GET /v1/projects/mufiedapi/locations/asia-south1/operations/509d169e-3f7e-4a71-a158-486012525dd9?alt=json HTTP/1.1" 200 None
2026-04-07 10:16:35,818 DEBUG    urllib3.connectionpool https://cloudbuild.googleapis.com:443 "GET /v1/projects/mufiedapi/locations/asia-south1/operations/509d169e-3f7e-4a71-a158-486012525dd9?alt=json HTTP/1.1" 200 None
2026-04-07 10:16:37,266 DEBUG    urllib3.connectionpool https://cloudbuild.googleapis.com:443 "GET /v1/projects/mufiedapi/locations/asia-south1/operations/509d169e-3f7e-4a71-a158-486012525dd9?alt=json HTTP/1.1" 200 None
2026-04-07 10:16:38,404 DEBUG    urllib3.connectionpool https://cloudbuild.googleapis.com:443 "GET /v1/projects/mufiedapi/locations/asia-south1/operations/509d169e-3f7e-4a71-a158-486012525dd9?alt=json HTTP/1.1" 200 None
2026-04-07 10:16:39,843 DEBUG    urllib3.connectionpool https://cloudbuild.googleapis.com:443 "GET /v1/projects/mufiedapi/locations/asia-south1/operations/509d169e-3f7e-4a71-a158-486012525dd9?alt=json HTTP/1.1" 200 None
2026-04-07 10:16:41,277 DEBUG    urllib3.connectionpool https://cloudbuild.googleapis.com:443 "GET /v1/projects/mufiedapi/locations/asia-south1/operations/509d169e-3f7e-4a71-a158-486012525dd9?alt=json HTTP/1.1" 200 None
2026-04-07 10:16:42,706 DEBUG    urllib3.connectionpool https://cloudbuild.googleapis.com:443 "GET /v1/projects/mufiedapi/locations/asia-south1/operations/509d169e-3f7e-4a71-a158-486012525dd9?alt=json HTTP/1.1" 200 None
2026-04-07 10:16:44,142 DEBUG    urllib3.connectionpool https://cloudbuild.googleapis.com:443 "GET /v1/projects/mufiedapi/locations/asia-south1/operations/509d169e-3f7e-4a71-a158-486012525dd9?alt=json HTTP/1.1" 200 None
2026-04-07 10:16:45,563 DEBUG    urllib3.connectionpool https://cloudbuild.googleapis.com:443 "GET /v1/projects/mufiedapi/locations/asia-south1/operations/509d169e-3f7e-4a71-a158-486012525dd9?alt=json HTTP/1.1" 200 None
2026-04-07 10:16:46,991 DEBUG    urllib3.connectionpool https://cloudbuild.googleapis.com:443 "GET /v1/projects/mufiedapi/locations/asia-south1/operations/509d169e-3f7e-4a71-a158-486012525dd9?alt=json HTTP/1.1" 200 None
2026-04-07 10:16:48,156 DEBUG    urllib3.connectionpool https://cloudbuild.googleapis.com:443 "GET /v1/projects/mufiedapi/locations/asia-south1/operations/509d169e-3f7e-4a71-a158-486012525dd9?alt=json HTTP/1.1" 200 None
2026-04-07 10:16:49,622 DEBUG    urllib3.connectionpool https://cloudbuild.googleapis.com:443 "GET /v1/projects/mufiedapi/locations/asia-south1/operations/509d169e-3f7e-4a71-a158-486012525dd9?alt=json HTTP/1.1" 200 None
2026-04-07 10:16:51,049 DEBUG    urllib3.connectionpool https://cloudbuild.googleapis.com:443 "GET /v1/projects/mufiedapi/locations/asia-south1/operations/509d169e-3f7e-4a71-a158-486012525dd9?alt=json HTTP/1.1" 200 None
2026-04-07 10:16:52,194 DEBUG    urllib3.connectionpool https://cloudbuild.googleapis.com:443 "GET /v1/projects/mufiedapi/locations/asia-south1/operations/509d169e-3f7e-4a71-a158-486012525dd9?alt=json HTTP/1.1" 200 None
2026-04-07 10:16:53,656 DEBUG    urllib3.connectionpool https://cloudbuild.googleapis.com:443 "GET /v1/projects/mufiedapi/locations/asia-south1/operations/509d169e-3f7e-4a71-a158-486012525dd9?alt=json HTTP/1.1" 200 None
2026-04-07 10:16:55,107 DEBUG    urllib3.connectionpool https://cloudbuild.googleapis.com:443 "GET /v1/projects/mufiedapi/locations/asia-south1/operations/509d169e-3f7e-4a71-a158-486012525dd9?alt=json HTTP/1.1" 200 None
2026-04-07 10:16:56,548 DEBUG    urllib3.connectionpool https://cloudbuild.googleapis.com:443 "GET /v1/projects/mufiedapi/locations/asia-south1/operations/509d169e-3f7e-4a71-a158-486012525dd9?alt=json HTTP/1.1" 200 None
2026-04-07 10:16:57,994 DEBUG    urllib3.connectionpool https://cloudbuild.googleapis.com:443 "GET /v1/projects/mufiedapi/locations/asia-south1/operations/509d169e-3f7e-4a71-a158-486012525dd9?alt=json HTTP/1.1" 200 None
2026-04-07 10:16:59,433 DEBUG    urllib3.connectionpool https://cloudbuild.googleapis.com:443 "GET /v1/projects/mufiedapi/locations/asia-south1/operations/509d169e-3f7e-4a71-a158-486012525dd9?alt=json HTTP/1.1" 200 None
2026-04-07 10:17:00,876 DEBUG    urllib3.connectionpool https://cloudbuild.googleapis.com:443 "GET /v1/projects/mufiedapi/locations/asia-south1/operations/509d169e-3f7e-4a71-a158-486012525dd9?alt=json HTTP/1.1" 200 None
2026-04-07 10:17:02,022 DEBUG    urllib3.connectionpool https://cloudbuild.googleapis.com:443 "GET /v1/projects/mufiedapi/locations/asia-south1/operations/509d169e-3f7e-4a71-a158-486012525dd9?alt=json HTTP/1.1" 200 None
2026-04-07 10:17:03,457 DEBUG    urllib3.connectionpool https://cloudbuild.googleapis.com:443 "GET /v1/projects/mufiedapi/locations/asia-south1/operations/509d169e-3f7e-4a71-a158-486012525dd9?alt=json HTTP/1.1" 200 None
2026-04-07 10:17:04,921 DEBUG    urllib3.connectionpool https://cloudbuild.googleapis.com:443 "GET /v1/projects/mufiedapi/locations/asia-south1/operations/509d169e-3f7e-4a71-a158-486012525dd9?alt=json HTTP/1.1" 200 None
2026-04-07 10:17:06,356 DEBUG    urllib3.connectionpool https://cloudbuild.googleapis.com:443 "GET /v1/projects/mufiedapi/locations/asia-south1/operations/509d169e-3f7e-4a71-a158-486012525dd9?alt=json HTTP/1.1" 200 None
2026-04-07 10:17:07,799 DEBUG    urllib3.connectionpool https://cloudbuild.googleapis.com:443 "GET /v1/projects/mufiedapi/locations/asia-south1/operations/509d169e-3f7e-4a71-a158-486012525dd9?alt=json HTTP/1.1" 200 None
2026-04-07 10:17:09,230 DEBUG    urllib3.connectionpool https://cloudbuild.googleapis.com:443 "GET /v1/projects/mufiedapi/locations/asia-south1/operations/509d169e-3f7e-4a71-a158-486012525dd9?alt=json HTTP/1.1" 200 None
2026-04-07 10:17:10,665 DEBUG    urllib3.connectionpool https://cloudbuild.googleapis.com:443 "GET /v1/projects/mufiedapi/locations/asia-south1/operations/509d169e-3f7e-4a71-a158-486012525dd9?alt=json HTTP/1.1" 200 None
2026-04-07 10:17:11,807 DEBUG    urllib3.connectionpool https://cloudbuild.googleapis.com:443 "GET /v1/projects/mufiedapi/locations/asia-south1/operations/509d169e-3f7e-4a71-a158-486012525dd9?alt=json HTTP/1.1" 200 None
2026-04-07 10:17:12,967 DEBUG    urllib3.connectionpool https://cloudbuild.googleapis.com:443 "GET /v1/projects/mufiedapi/locations/asia-south1/operations/509d169e-3f7e-4a71-a158-486012525dd9?alt=json HTTP/1.1" 200 None
2026-04-07 10:17:14,422 DEBUG    urllib3.connectionpool https://cloudbuild.googleapis.com:443 "GET /v1/projects/mufiedapi/locations/asia-south1/operations/509d169e-3f7e-4a71-a158-486012525dd9?alt=json HTTP/1.1" 200 None
2026-04-07 10:17:15,885 DEBUG    urllib3.connectionpool https://cloudbuild.googleapis.com:443 "GET /v1/projects/mufiedapi/locations/asia-south1/operations/509d169e-3f7e-4a71-a158-486012525dd9?alt=json HTTP/1.1" 200 None
2026-04-07 10:17:17,037 DEBUG    urllib3.connectionpool https://cloudbuild.googleapis.com:443 "GET /v1/projects/mufiedapi/locations/asia-south1/operations/509d169e-3f7e-4a71-a158-486012525dd9?alt=json HTTP/1.1" 200 None
2026-04-07 10:17:18,246 DEBUG    urllib3.connectionpool https://cloudbuild.googleapis.com:443 "GET /v1/projects/mufiedapi/locations/asia-south1/operations/509d169e-3f7e-4a71-a158-486012525dd9?alt=json HTTP/1.1" 200 None
2026-04-07 10:17:19,692 DEBUG    urllib3.connectionpool https://cloudbuild.googleapis.com:443 "GET /v1/projects/mufiedapi/locations/asia-south1/operations/509d169e-3f7e-4a71-a158-486012525dd9?alt=json HTTP/1.1" 200 None
2026-04-07 10:17:21,169 DEBUG    urllib3.connectionpool https://cloudbuild.googleapis.com:443 "GET /v1/projects/mufiedapi/locations/asia-south1/operations/509d169e-3f7e-4a71-a158-486012525dd9?alt=json HTTP/1.1" 200 None
2026-04-07 10:17:22,596 DEBUG    urllib3.connectionpool https://cloudbuild.googleapis.com:443 "GET /v1/projects/mufiedapi/locations/asia-south1/operations/509d169e-3f7e-4a71-a158-486012525dd9?alt=json HTTP/1.1" 200 None
2026-04-07 10:17:23,750 DEBUG    urllib3.connectionpool https://cloudbuild.googleapis.com:443 "GET /v1/projects/mufiedapi/locations/asia-south1/operations/509d169e-3f7e-4a71-a158-486012525dd9?alt=json HTTP/1.1" 200 None
2026-04-07 10:17:25,196 DEBUG    urllib3.connectionpool https://cloudbuild.googleapis.com:443 "GET /v1/projects/mufiedapi/locations/asia-south1/operations/509d169e-3f7e-4a71-a158-486012525dd9?alt=json HTTP/1.1" 200 None
2026-04-07 10:17:26,641 DEBUG    urllib3.connectionpool https://cloudbuild.googleapis.com:443 "GET /v1/projects/mufiedapi/locations/asia-south1/operations/509d169e-3f7e-4a71-a158-486012525dd9?alt=json HTTP/1.1" 200 None
2026-04-07 10:17:27,125 DEBUG    urllib3.connectionpool https://cloudbuild.googleapis.com:443 "GET /v1/projects/mufiedapi/locations/asia-south1/operations/509d169e-3f7e-4a71-a158-486012525dd9?alt=json HTTP/1.1" 200 None
2026-04-07 10:17:28,853 DEBUG    urllib3.connectionpool https://cloudbuild.googleapis.com:443 "GET /v1/projects/mufiedapi/locations/asia-south1/operations/509d169e-3f7e-4a71-a158-486012525dd9?alt=json HTTP/1.1" 200 None
2026-04-07 10:17:30,788 DEBUG    urllib3.connectionpool https://cloudbuild.googleapis.com:443 "GET /v1/projects/mufiedapi/locations/asia-south1/operations/509d169e-3f7e-4a71-a158-486012525dd9?alt=json HTTP/1.1" 200 None
2026-04-07 10:17:32,155 DEBUG    urllib3.connectionpool https://cloudbuild.googleapis.com:443 "GET /v1/projects/mufiedapi/locations/asia-south1/operations/509d169e-3f7e-4a71-a158-486012525dd9?alt=json HTTP/1.1" 200 None
2026-04-07 10:17:34,041 DEBUG    urllib3.connectionpool https://cloudbuild.googleapis.com:443 "GET /v1/projects/mufiedapi/locations/asia-south1/operations/509d169e-3f7e-4a71-a158-486012525dd9?alt=json HTTP/1.1" 200 None
2026-04-07 10:17:35,995 DEBUG    urllib3.connectionpool https://cloudbuild.googleapis.com:443 "GET /v1/projects/mufiedapi/locations/asia-south1/operations/509d169e-3f7e-4a71-a158-486012525dd9?alt=json HTTP/1.1" 200 None
2026-04-07 10:17:38,198 DEBUG    urllib3.connectionpool https://cloudbuild.googleapis.com:443 "GET /v1/projects/mufiedapi/locations/asia-south1/operations/509d169e-3f7e-4a71-a158-486012525dd9?alt=json HTTP/1.1" 200 None
2026-04-07 10:17:40,312 DEBUG    urllib3.connectionpool https://cloudbuild.googleapis.com:443 "GET /v1/projects/mufiedapi/locations/asia-south1/operations/509d169e-3f7e-4a71-a158-486012525dd9?alt=json HTTP/1.1" 200 None
2026-04-07 10:17:43,770 DEBUG    urllib3.connectionpool https://cloudbuild.googleapis.com:443 "GET /v1/projects/mufiedapi/locations/asia-south1/operations/509d169e-3f7e-4a71-a158-486012525dd9?alt=json HTTP/1.1" 200 None
2026-04-07 10:17:46,284 DEBUG    urllib3.connectionpool https://cloudbuild.googleapis.com:443 "GET /v1/projects/mufiedapi/locations/asia-south1/operations/509d169e-3f7e-4a71-a158-486012525dd9?alt=json HTTP/1.1" 200 None
2026-04-07 10:17:49,042 DEBUG    urllib3.connectionpool https://cloudbuild.googleapis.com:443 "GET /v1/projects/mufiedapi/locations/asia-south1/operations/509d169e-3f7e-4a71-a158-486012525dd9?alt=json HTTP/1.1" 200 None
2026-04-07 10:17:52,549 DEBUG    urllib3.connectionpool https://cloudbuild.googleapis.com:443 "GET /v1/projects/mufiedapi/locations/asia-south1/operations/509d169e-3f7e-4a71-a158-486012525dd9?alt=json HTTP/1.1" 200 None
2026-04-07 10:17:55,941 DEBUG    urllib3.connectionpool https://cloudbuild.googleapis.com:443 "GET /v1/projects/mufiedapi/locations/asia-south1/operations/509d169e-3f7e-4a71-a158-486012525dd9?alt=json HTTP/1.1" 200 None
2026-04-07 10:17:59,464 DEBUG    urllib3.connectionpool https://cloudbuild.googleapis.com:443 "GET /v1/projects/mufiedapi/locations/asia-south1/operations/509d169e-3f7e-4a71-a158-486012525dd9?alt=json HTTP/1.1" 200 None
2026-04-07 10:18:03,624 DEBUG    urllib3.connectionpool https://cloudbuild.googleapis.com:443 "GET /v1/projects/mufiedapi/locations/asia-south1/operations/509d169e-3f7e-4a71-a158-486012525dd9?alt=json HTTP/1.1" 200 None
2026-04-07 10:18:08,329 DEBUG    urllib3.connectionpool https://cloudbuild.googleapis.com:443 "GET /v1/projects/mufiedapi/locations/asia-south1/operations/509d169e-3f7e-4a71-a158-486012525dd9?alt=json HTTP/1.1" 200 None
2026-04-07 10:18:13,352 DEBUG    urllib3.connectionpool https://cloudbuild.googleapis.com:443 "GET /v1/projects/mufiedapi/locations/asia-south1/operations/509d169e-3f7e-4a71-a158-486012525dd9?alt=json HTTP/1.1" 200 None
2026-04-07 10:18:18,219 DEBUG    urllib3.connectionpool https://cloudbuild.googleapis.com:443 "GET /v1/projects/mufiedapi/locations/asia-south1/operations/509d169e-3f7e-4a71-a158-486012525dd9?alt=json HTTP/1.1" 200 None
2026-04-07 10:18:18,403 DEBUG    urllib3.connectionpool https://asia-south1-run.googleapis.com:443 "GET /apis/serving.knative.dev/v1/namespaces/mufiedapi/services/nest-api?alt=json HTTP/1.1" 200 None
2026-04-07 10:18:19,589 DEBUG    urllib3.connectionpool https://asia-south1-run.googleapis.com:443 "PUT /apis/serving.knative.dev/v1/namespaces/mufiedapi/services/nest-api?alt=json HTTP/1.1" 200 None
2026-04-07 10:18:19,597 DEBUG    urllib3.connectionpool Starting new HTTPS connection (1): run.googleapis.com:443
2026-04-07 10:18:20,392 DEBUG    urllib3.connectionpool https://run.googleapis.com:443 "GET /v1/projects/mufiedapi/locations/asia-south1/services/nest-api:getIamPolicy?alt=json HTTP/1.1" 200 None
2026-04-07 10:18:20,876 DEBUG    urllib3.connectionpool https://run.googleapis.com:443 "POST /v1/projects/mufiedapi/locations/asia-south1/services/nest-api:setIamPolicy?alt=json HTTP/1.1" 403 None
2026-04-07 10:18:28,088 DEBUG    urllib3.connectionpool https://asia-south1-run.googleapis.com:443 "POST /v1/projects/mufiedapi/locations/asia-south1/operations/03ecafa7-6844-4347-b105-6bfb4199af7a:wait?alt=json HTTP/1.1" 200 None
2026-04-07 10:18:28,257 DEBUG    urllib3.connectionpool https://asia-south1-run.googleapis.com:443 "POST /v1/projects/mufiedapi/locations/asia-south1/operations/03ecafa7-6844-4347-b105-6bfb4199af7a:wait?alt=json HTTP/1.1" 200 None
2026-04-07 10:18:28,531 DEBUG    urllib3.connectionpool https://asia-south1-run.googleapis.com:443 "POST /v1/projects/mufiedapi/locations/asia-south1/operations/03ecafa7-6844-4347-b105-6bfb4199af7a:wait?alt=json HTTP/1.1" 200 None
2026-04-07 10:18:28,580 INFO     ___FILE_ONLY___   Setting IAM policy failed, try "gcloud beta run services add-iam-policy-binding --region=asia-south1 --member=allUsers --role=roles/run.invoker nest-api"

2026-04-07 10:18:28,580 INFO     ___FILE_ONLY___ Service [[1mnest-api[m] revision [[1mnest-api-00022-bd6[m] has been deployed and is serving [1m100[m percent of traffic.
Service URL: [1mhttps://nest-api-560137381308.asia-south1.run.app[m

2026-04-07 10:18:28,581 DEBUG    root            Chosen display Format:none
2026-04-07 10:18:28,581 INFO     root            Display format: "none"
