2026-04-07 10:51:10,464 DEBUG    root            Loaded Command Group: ['gcloud', 'run']
2026-04-07 10:51:11,174 DEBUG    root            Loaded Command Group: ['gcloud', 'run', 'deploy']
2026-04-07 10:51:11,200 DEBUG    root            Running [gcloud.run.deploy] with arguments: [--allow-unauthenticated: "True", --min-instances: "<googlecloudsdk.command_lib.run.flags.ScaleValue object at 0x0000015361A50AD0>", --platform: "managed", --port: "8080", --region: "asia-south1", --source: ".", SERVICE: "nest-api"]
2026-04-07 10:51:11,374 DEBUG    root            Failed to check metadata server: <urlopen error [Errno 11001] getaddrinfo failed>
2026-04-07 10:51:11,375 DEBUG    root            On GCE from server: False
2026-04-07 10:51:11,475 DEBUG    root            On GCE from memory cache: False
2026-04-07 10:51:11,513 DEBUG    urllib3.connectionpool Starting new HTTPS connection (1): serviceusage.googleapis.com:443
2026-04-07 10:51:13,281 DEBUG    urllib3.connectionpool https://serviceusage.googleapis.com:443 "GET /v1/projects/mufiedapi/services/artifactregistry.googleapis.com?alt=json HTTP/1.1" 200 None
2026-04-07 10:51:13,391 DEBUG    root            On GCE from memory cache: False
2026-04-07 10:51:13,398 DEBUG    root            On GCE from memory cache: False
2026-04-07 10:51:13,405 DEBUG    urllib3.connectionpool Starting new HTTPS connection (1): serviceusage.googleapis.com:443
2026-04-07 10:51:15,062 DEBUG    urllib3.connectionpool https://serviceusage.googleapis.com:443 "GET /v1/projects/mufiedapi/services/cloudbuild.googleapis.com?alt=json HTTP/1.1" 200 None
2026-04-07 10:51:15,097 DEBUG    root            On GCE from memory cache: False
2026-04-07 10:51:15,103 DEBUG    root            On GCE from memory cache: False
2026-04-07 10:51:15,108 DEBUG    urllib3.connectionpool Starting new HTTPS connection (1): serviceusage.googleapis.com:443
2026-04-07 10:51:16,810 DEBUG    urllib3.connectionpool https://serviceusage.googleapis.com:443 "GET /v1/projects/mufiedapi/services/run.googleapis.com?alt=json HTTP/1.1" 200 None
2026-04-07 10:51:16,867 DEBUG    root            On GCE from memory cache: False
2026-04-07 10:51:16,874 DEBUG    root            On GCE from memory cache: False
2026-04-07 10:51:16,882 DEBUG    root            On GCE from memory cache: False
2026-04-07 10:51:16,889 DEBUG    urllib3.connectionpool Starting new HTTPS connection (1): asia-south1-run.googleapis.com:443
2026-04-07 10:51:17,292 DEBUG    urllib3.connectionpool https://asia-south1-run.googleapis.com:443 "GET /apis/serving.knative.dev/v1/namespaces/mufiedapi/services/nest-api?alt=json HTTP/1.1" 200 None
2026-04-07 10:51:17,298 DEBUG    root            source_location: gs://run-sources-mufiedapi-asia-south1/services/nest-api/1775537182.252827-6a0a4d19e00746ae81b2b1a709d95e14.zip#1775537186180046
2026-04-07 10:51:17,299 DEBUG    root            Existing source_bucket: run-sources-mufiedapi-asia-south1
2026-04-07 10:51:17,301 DEBUG    root            On GCE from memory cache: False
2026-04-07 10:51:17,322 DEBUG    urllib3.connectionpool Starting new HTTPS connection (1): artifactregistry.googleapis.com:443
2026-04-07 10:51:18,034 DEBUG    urllib3.connectionpool https://artifactregistry.googleapis.com:443 "GET /v1/projects/mufiedapi/locations/asia-south1/repositories/cloud-run-source-deploy?alt=json HTTP/1.1" 200 None
2026-04-07 10:51:18,040 DEBUG    root            On GCE from memory cache: False
2026-04-07 10:51:18,066 DEBUG    urllib3.connectionpool Starting new HTTPS connection (1): cloudbuild.googleapis.com:443
2026-04-07 10:51:18,665 DEBUG    urllib3.connectionpool https://cloudbuild.googleapis.com:443 "GET /v1/projects/mufiedapi/locations/asia-south1/defaultServiceAccount?alt=json HTTP/1.1" 200 None
2026-04-07 10:51:18,675 DEBUG    root            On GCE from memory cache: False
2026-04-07 10:51:18,683 DEBUG    urllib3.connectionpool Starting new HTTPS connection (1): iam.googleapis.com:443
2026-04-07 10:51:20,314 DEBUG    urllib3.connectionpool https://iam.googleapis.com:443 "GET /v1/projects/-/serviceAccounts/560137381308-compute@developer.gserviceaccount.com?alt=json HTTP/1.1" 200 None
2026-04-07 10:51:20,316 INFO     ___FILE_ONLY___ Building using Dockerfile and deploying container to Cloud Run service [[1mnest-api[m] in project [[1mmufiedapi[m] region [[1masia-south1[m]

2026-04-07 10:51:20,320 INFO     ___FILE_ONLY___ Building and deploying...
2026-04-07 10:51:21,623 DEBUG    urllib3.connectionpool https://asia-south1-run.googleapis.com:443 "PUT /apis/serving.knative.dev/v1/namespaces/mufiedapi/services/nest-api?alt=json&dryRun=all HTTP/1.1" 200 None
2026-04-07 10:51:21,644 DEBUG    root            On GCE from memory cache: False
2026-04-07 10:51:21,672 DEBUG    root            Creating bucket run-sources-mufiedapi-asia-south1 in region asia-south1
2026-04-07 10:51:21,677 DEBUG    urllib3.connectionpool Starting new HTTPS connection (1): storage.googleapis.com:443
2026-04-07 10:51:21,927 DEBUG    urllib3.connectionpool https://storage.googleapis.com:443 "GET /storage/v1/b/run-sources-mufiedapi-asia-south1?alt=json HTTP/1.1" 200 1276
2026-04-07 10:51:22,453 DEBUG    urllib3.connectionpool https://storage.googleapis.com:443 "GET /storage/v1/b?alt=json&maxResults=1000&prefix=run-sources-mufiedapi-asia-south1&project=mufiedapi HTTP/1.1" 200 1522
2026-04-07 10:51:22,456 DEBUG    root            Uploading source to gs://run-sources-mufiedapi-asia-south1/services/nest-api/1775539282.456472-add8512bd960408da11269fe19b52e97.zip
2026-04-07 10:51:22,460 INFO     root            Using ignore file at [.\.gcloudignore].
2026-04-07 10:51:22,462 DEBUG    root            Skipping file [.env]
2026-04-07 10:51:22,462 DEBUG    root            Skipping file [.env.example]
2026-04-07 10:51:22,462 DEBUG    root            Skipping file [.gitignore]
2026-04-07 10:51:22,463 DEBUG    root            Skipping file [.firebase]
2026-04-07 10:51:22,463 DEBUG    root            Skipping file [dist]
2026-04-07 10:51:22,463 DEBUG    root            Skipping file [node_modules]
2026-04-07 10:51:22,521 INFO     root            Using ignore file [.\.gcloudignore]
2026-04-07 10:51:22,609 INFO     root            Uploading [C:\Users\ADMIN\AppData\Local\Temp\tmp6q2vyc_o\file.zip] to [run-sources-mufiedapi-asia-south1/services/nest-api/1775539282.456472-add8512bd960408da11269fe19b52e97.zip]
2026-04-07 10:51:22,829 DEBUG    urllib3.connectionpool https://storage.googleapis.com:443 "POST /upload/storage/v1/b/run-sources-mufiedapi-asia-south1/o?alt=json&name=services%2Fnest-api%2F1775539282.456472-add8512bd960408da11269fe19b52e97.zip&uploadType=multipart HTTP/1.1" 200 1138
2026-04-07 10:51:22,864 DEBUG    root            On GCE from memory cache: False
2026-04-07 10:51:22,882 DEBUG    urllib3.connectionpool Starting new HTTPS connection (1): asia-south1-run.googleapis.com:443
2026-04-07 10:51:26,685 DEBUG    urllib3.connectionpool https://asia-south1-run.googleapis.com:443 "POST /v2/projects/mufiedapi/locations/asia-south1/builds:submit?alt=json HTTP/1.1" 200 None
2026-04-07 10:51:26,701 DEBUG    root            On GCE from memory cache: False
2026-04-07 10:51:26,708 DEBUG    urllib3.connectionpool Starting new HTTPS connection (1): cloudbuild.googleapis.com:443
2026-04-07 10:51:27,298 DEBUG    urllib3.connectionpool https://cloudbuild.googleapis.com:443 "GET /v1/projects/mufiedapi/locations/asia-south1/operations/efefcc41-076c-4c6a-a5b6-1b31cb2cacc3?alt=json HTTP/1.1" 200 None
2026-04-07 10:51:28,766 DEBUG    urllib3.connectionpool https://cloudbuild.googleapis.com:443 "GET /v1/projects/mufiedapi/locations/asia-south1/operations/efefcc41-076c-4c6a-a5b6-1b31cb2cacc3?alt=json HTTP/1.1" 200 None
2026-04-07 10:51:30,198 DEBUG    urllib3.connectionpool https://cloudbuild.googleapis.com:443 "GET /v1/projects/mufiedapi/locations/asia-south1/operations/efefcc41-076c-4c6a-a5b6-1b31cb2cacc3?alt=json HTTP/1.1" 200 None
2026-04-07 10:51:31,665 DEBUG    urllib3.connectionpool https://cloudbuild.googleapis.com:443 "GET /v1/projects/mufiedapi/locations/asia-south1/operations/efefcc41-076c-4c6a-a5b6-1b31cb2cacc3?alt=json HTTP/1.1" 200 None
2026-04-07 10:51:33,118 DEBUG    urllib3.connectionpool https://cloudbuild.googleapis.com:443 "GET /v1/projects/mufiedapi/locations/asia-south1/operations/efefcc41-076c-4c6a-a5b6-1b31cb2cacc3?alt=json HTTP/1.1" 200 None
2026-04-07 10:51:34,724 DEBUG    urllib3.connectionpool https://cloudbuild.googleapis.com:443 "GET /v1/projects/mufiedapi/locations/asia-south1/operations/efefcc41-076c-4c6a-a5b6-1b31cb2cacc3?alt=json HTTP/1.1" 200 None
2026-04-07 10:51:36,248 DEBUG    urllib3.connectionpool https://cloudbuild.googleapis.com:443 "GET /v1/projects/mufiedapi/locations/asia-south1/operations/efefcc41-076c-4c6a-a5b6-1b31cb2cacc3?alt=json HTTP/1.1" 200 None
2026-04-07 10:51:37,477 DEBUG    urllib3.connectionpool https://cloudbuild.googleapis.com:443 "GET /v1/projects/mufiedapi/locations/asia-south1/operations/efefcc41-076c-4c6a-a5b6-1b31cb2cacc3?alt=json HTTP/1.1" 200 None
2026-04-07 10:51:38,906 DEBUG    urllib3.connectionpool https://cloudbuild.googleapis.com:443 "GET /v1/projects/mufiedapi/locations/asia-south1/operations/efefcc41-076c-4c6a-a5b6-1b31cb2cacc3?alt=json HTTP/1.1" 200 None
2026-04-07 10:51:40,386 DEBUG    urllib3.connectionpool https://cloudbuild.googleapis.com:443 "GET /v1/projects/mufiedapi/locations/asia-south1/operations/efefcc41-076c-4c6a-a5b6-1b31cb2cacc3?alt=json HTTP/1.1" 200 None
2026-04-07 10:51:41,656 DEBUG    urllib3.connectionpool https://cloudbuild.googleapis.com:443 "GET /v1/projects/mufiedapi/locations/asia-south1/operations/efefcc41-076c-4c6a-a5b6-1b31cb2cacc3?alt=json HTTP/1.1" 200 None
2026-04-07 10:51:43,135 DEBUG    urllib3.connectionpool https://cloudbuild.googleapis.com:443 "GET /v1/projects/mufiedapi/locations/asia-south1/operations/efefcc41-076c-4c6a-a5b6-1b31cb2cacc3?alt=json HTTP/1.1" 200 None
2026-04-07 10:51:44,687 DEBUG    urllib3.connectionpool https://cloudbuild.googleapis.com:443 "GET /v1/projects/mufiedapi/locations/asia-south1/operations/efefcc41-076c-4c6a-a5b6-1b31cb2cacc3?alt=json HTTP/1.1" 200 None
2026-04-07 10:51:45,844 DEBUG    urllib3.connectionpool https://cloudbuild.googleapis.com:443 "GET /v1/projects/mufiedapi/locations/asia-south1/operations/efefcc41-076c-4c6a-a5b6-1b31cb2cacc3?alt=json HTTP/1.1" 200 None
2026-04-07 10:51:47,007 DEBUG    urllib3.connectionpool https://cloudbuild.googleapis.com:443 "GET /v1/projects/mufiedapi/locations/asia-south1/operations/efefcc41-076c-4c6a-a5b6-1b31cb2cacc3?alt=json HTTP/1.1" 200 None
2026-04-07 10:51:48,453 DEBUG    urllib3.connectionpool https://cloudbuild.googleapis.com:443 "GET /v1/projects/mufiedapi/locations/asia-south1/operations/efefcc41-076c-4c6a-a5b6-1b31cb2cacc3?alt=json HTTP/1.1" 200 None
2026-04-07 10:51:49,895 DEBUG    urllib3.connectionpool https://cloudbuild.googleapis.com:443 "GET /v1/projects/mufiedapi/locations/asia-south1/operations/efefcc41-076c-4c6a-a5b6-1b31cb2cacc3?alt=json HTTP/1.1" 200 None
2026-04-07 10:51:51,316 DEBUG    urllib3.connectionpool https://cloudbuild.googleapis.com:443 "GET /v1/projects/mufiedapi/locations/asia-south1/operations/efefcc41-076c-4c6a-a5b6-1b31cb2cacc3?alt=json HTTP/1.1" 200 None
2026-04-07 10:51:52,468 DEBUG    urllib3.connectionpool https://cloudbuild.googleapis.com:443 "GET /v1/projects/mufiedapi/locations/asia-south1/operations/efefcc41-076c-4c6a-a5b6-1b31cb2cacc3?alt=json HTTP/1.1" 200 None
2026-04-07 10:51:53,888 DEBUG    urllib3.connectionpool https://cloudbuild.googleapis.com:443 "GET /v1/projects/mufiedapi/locations/asia-south1/operations/efefcc41-076c-4c6a-a5b6-1b31cb2cacc3?alt=json HTTP/1.1" 200 None
2026-04-07 10:51:55,318 DEBUG    urllib3.connectionpool https://cloudbuild.googleapis.com:443 "GET /v1/projects/mufiedapi/locations/asia-south1/operations/efefcc41-076c-4c6a-a5b6-1b31cb2cacc3?alt=json HTTP/1.1" 200 None
2026-04-07 10:51:56,760 DEBUG    urllib3.connectionpool https://cloudbuild.googleapis.com:443 "GET /v1/projects/mufiedapi/locations/asia-south1/operations/efefcc41-076c-4c6a-a5b6-1b31cb2cacc3?alt=json HTTP/1.1" 200 None
2026-04-07 10:51:58,206 DEBUG    urllib3.connectionpool https://cloudbuild.googleapis.com:443 "GET /v1/projects/mufiedapi/locations/asia-south1/operations/efefcc41-076c-4c6a-a5b6-1b31cb2cacc3?alt=json HTTP/1.1" 200 None
2026-04-07 10:51:59,636 DEBUG    urllib3.connectionpool https://cloudbuild.googleapis.com:443 "GET /v1/projects/mufiedapi/locations/asia-south1/operations/efefcc41-076c-4c6a-a5b6-1b31cb2cacc3?alt=json HTTP/1.1" 200 None
2026-04-07 10:52:00,787 DEBUG    urllib3.connectionpool https://cloudbuild.googleapis.com:443 "GET /v1/projects/mufiedapi/locations/asia-south1/operations/efefcc41-076c-4c6a-a5b6-1b31cb2cacc3?alt=json HTTP/1.1" 200 None
2026-04-07 10:52:02,241 DEBUG    urllib3.connectionpool https://cloudbuild.googleapis.com:443 "GET /v1/projects/mufiedapi/locations/asia-south1/operations/efefcc41-076c-4c6a-a5b6-1b31cb2cacc3?alt=json HTTP/1.1" 200 None
2026-04-07 10:52:03,384 DEBUG    urllib3.connectionpool https://cloudbuild.googleapis.com:443 "GET /v1/projects/mufiedapi/locations/asia-south1/operations/efefcc41-076c-4c6a-a5b6-1b31cb2cacc3?alt=json HTTP/1.1" 200 None
2026-04-07 10:52:04,832 DEBUG    urllib3.connectionpool https://cloudbuild.googleapis.com:443 "GET /v1/projects/mufiedapi/locations/asia-south1/operations/efefcc41-076c-4c6a-a5b6-1b31cb2cacc3?alt=json HTTP/1.1" 200 None
2026-04-07 10:52:06,006 DEBUG    urllib3.connectionpool https://cloudbuild.googleapis.com:443 "GET /v1/projects/mufiedapi/locations/asia-south1/operations/efefcc41-076c-4c6a-a5b6-1b31cb2cacc3?alt=json HTTP/1.1" 200 None
2026-04-07 10:52:07,159 DEBUG    urllib3.connectionpool https://cloudbuild.googleapis.com:443 "GET /v1/projects/mufiedapi/locations/asia-south1/operations/efefcc41-076c-4c6a-a5b6-1b31cb2cacc3?alt=json HTTP/1.1" 200 None
2026-04-07 10:52:08,684 DEBUG    urllib3.connectionpool https://cloudbuild.googleapis.com:443 "GET /v1/projects/mufiedapi/locations/asia-south1/operations/efefcc41-076c-4c6a-a5b6-1b31cb2cacc3?alt=json HTTP/1.1" 200 None
2026-04-07 10:52:09,896 DEBUG    urllib3.connectionpool https://cloudbuild.googleapis.com:443 "GET /v1/projects/mufiedapi/locations/asia-south1/operations/efefcc41-076c-4c6a-a5b6-1b31cb2cacc3?alt=json HTTP/1.1" 200 None
2026-04-07 10:52:11,342 DEBUG    urllib3.connectionpool https://cloudbuild.googleapis.com:443 "GET /v1/projects/mufiedapi/locations/asia-south1/operations/efefcc41-076c-4c6a-a5b6-1b31cb2cacc3?alt=json HTTP/1.1" 200 None
2026-04-07 10:52:12,787 DEBUG    urllib3.connectionpool https://cloudbuild.googleapis.com:443 "GET /v1/projects/mufiedapi/locations/asia-south1/operations/efefcc41-076c-4c6a-a5b6-1b31cb2cacc3?alt=json HTTP/1.1" 200 None
2026-04-07 10:52:13,990 DEBUG    urllib3.connectionpool https://cloudbuild.googleapis.com:443 "GET /v1/projects/mufiedapi/locations/asia-south1/operations/efefcc41-076c-4c6a-a5b6-1b31cb2cacc3?alt=json HTTP/1.1" 200 None
2026-04-07 10:52:15,418 DEBUG    urllib3.connectionpool https://cloudbuild.googleapis.com:443 "GET /v1/projects/mufiedapi/locations/asia-south1/operations/efefcc41-076c-4c6a-a5b6-1b31cb2cacc3?alt=json HTTP/1.1" 200 None
2026-04-07 10:52:16,868 DEBUG    urllib3.connectionpool https://cloudbuild.googleapis.com:443 "GET /v1/projects/mufiedapi/locations/asia-south1/operations/efefcc41-076c-4c6a-a5b6-1b31cb2cacc3?alt=json HTTP/1.1" 200 None
2026-04-07 10:52:18,322 DEBUG    urllib3.connectionpool https://cloudbuild.googleapis.com:443 "GET /v1/projects/mufiedapi/locations/asia-south1/operations/efefcc41-076c-4c6a-a5b6-1b31cb2cacc3?alt=json HTTP/1.1" 200 None
2026-04-07 10:52:19,537 DEBUG    urllib3.connectionpool https://cloudbuild.googleapis.com:443 "GET /v1/projects/mufiedapi/locations/asia-south1/operations/efefcc41-076c-4c6a-a5b6-1b31cb2cacc3?alt=json HTTP/1.1" 200 None
2026-04-07 10:52:20,981 DEBUG    urllib3.connectionpool https://cloudbuild.googleapis.com:443 "GET /v1/projects/mufiedapi/locations/asia-south1/operations/efefcc41-076c-4c6a-a5b6-1b31cb2cacc3?alt=json HTTP/1.1" 200 None
2026-04-07 10:52:22,455 DEBUG    urllib3.connectionpool https://cloudbuild.googleapis.com:443 "GET /v1/projects/mufiedapi/locations/asia-south1/operations/efefcc41-076c-4c6a-a5b6-1b31cb2cacc3?alt=json HTTP/1.1" 200 None
2026-04-07 10:52:23,883 DEBUG    urllib3.connectionpool https://cloudbuild.googleapis.com:443 "GET /v1/projects/mufiedapi/locations/asia-south1/operations/efefcc41-076c-4c6a-a5b6-1b31cb2cacc3?alt=json HTTP/1.1" 200 None
2026-04-07 10:52:25,015 DEBUG    urllib3.connectionpool https://cloudbuild.googleapis.com:443 "GET /v1/projects/mufiedapi/locations/asia-south1/operations/efefcc41-076c-4c6a-a5b6-1b31cb2cacc3?alt=json HTTP/1.1" 200 None
2026-04-07 10:52:26,445 DEBUG    urllib3.connectionpool https://cloudbuild.googleapis.com:443 "GET /v1/projects/mufiedapi/locations/asia-south1/operations/efefcc41-076c-4c6a-a5b6-1b31cb2cacc3?alt=json HTTP/1.1" 200 None
2026-04-07 10:52:26,894 DEBUG    urllib3.connectionpool https://cloudbuild.googleapis.com:443 "GET /v1/projects/mufiedapi/locations/asia-south1/operations/efefcc41-076c-4c6a-a5b6-1b31cb2cacc3?alt=json HTTP/1.1" 200 None
2026-04-07 10:52:28,482 DEBUG    urllib3.connectionpool https://cloudbuild.googleapis.com:443 "GET /v1/projects/mufiedapi/locations/asia-south1/operations/efefcc41-076c-4c6a-a5b6-1b31cb2cacc3?alt=json HTTP/1.1" 200 None
2026-04-07 10:52:30,095 DEBUG    urllib3.connectionpool https://cloudbuild.googleapis.com:443 "GET /v1/projects/mufiedapi/locations/asia-south1/operations/efefcc41-076c-4c6a-a5b6-1b31cb2cacc3?alt=json HTTP/1.1" 200 None
2026-04-07 10:52:31,919 DEBUG    urllib3.connectionpool https://cloudbuild.googleapis.com:443 "GET /v1/projects/mufiedapi/locations/asia-south1/operations/efefcc41-076c-4c6a-a5b6-1b31cb2cacc3?alt=json HTTP/1.1" 200 None
2026-04-07 10:52:33,455 DEBUG    urllib3.connectionpool https://cloudbuild.googleapis.com:443 "GET /v1/projects/mufiedapi/locations/asia-south1/operations/efefcc41-076c-4c6a-a5b6-1b31cb2cacc3?alt=json HTTP/1.1" 200 None
2026-04-07 10:52:35,498 DEBUG    urllib3.connectionpool https://cloudbuild.googleapis.com:443 "GET /v1/projects/mufiedapi/locations/asia-south1/operations/efefcc41-076c-4c6a-a5b6-1b31cb2cacc3?alt=json HTTP/1.1" 200 None
2026-04-07 10:52:37,877 DEBUG    urllib3.connectionpool https://cloudbuild.googleapis.com:443 "GET /v1/projects/mufiedapi/locations/asia-south1/operations/efefcc41-076c-4c6a-a5b6-1b31cb2cacc3?alt=json HTTP/1.1" 200 None
2026-04-07 10:52:40,132 DEBUG    urllib3.connectionpool https://cloudbuild.googleapis.com:443 "GET /v1/projects/mufiedapi/locations/asia-south1/operations/efefcc41-076c-4c6a-a5b6-1b31cb2cacc3?alt=json HTTP/1.1" 200 None
2026-04-07 10:52:42,738 DEBUG    urllib3.connectionpool https://cloudbuild.googleapis.com:443 "GET /v1/projects/mufiedapi/locations/asia-south1/operations/efefcc41-076c-4c6a-a5b6-1b31cb2cacc3?alt=json HTTP/1.1" 200 None
2026-04-07 10:52:45,387 DEBUG    urllib3.connectionpool https://cloudbuild.googleapis.com:443 "GET /v1/projects/mufiedapi/locations/asia-south1/operations/efefcc41-076c-4c6a-a5b6-1b31cb2cacc3?alt=json HTTP/1.1" 200 None
2026-04-07 10:52:48,341 DEBUG    urllib3.connectionpool https://cloudbuild.googleapis.com:443 "GET /v1/projects/mufiedapi/locations/asia-south1/operations/efefcc41-076c-4c6a-a5b6-1b31cb2cacc3?alt=json HTTP/1.1" 200 None
2026-04-07 10:52:51,541 DEBUG    urllib3.connectionpool https://cloudbuild.googleapis.com:443 "GET /v1/projects/mufiedapi/locations/asia-south1/operations/efefcc41-076c-4c6a-a5b6-1b31cb2cacc3?alt=json HTTP/1.1" 200 None
2026-04-07 10:52:54,889 DEBUG    urllib3.connectionpool https://cloudbuild.googleapis.com:443 "GET /v1/projects/mufiedapi/locations/asia-south1/operations/efefcc41-076c-4c6a-a5b6-1b31cb2cacc3?alt=json HTTP/1.1" 200 None
2026-04-07 10:52:58,674 DEBUG    urllib3.connectionpool https://cloudbuild.googleapis.com:443 "GET /v1/projects/mufiedapi/locations/asia-south1/operations/efefcc41-076c-4c6a-a5b6-1b31cb2cacc3?alt=json HTTP/1.1" 200 None
2026-04-07 10:52:58,957 DEBUG    urllib3.connectionpool https://asia-south1-run.googleapis.com:443 "GET /apis/serving.knative.dev/v1/namespaces/mufiedapi/services/nest-api?alt=json HTTP/1.1" 200 None
2026-04-07 10:53:00,310 DEBUG    urllib3.connectionpool https://asia-south1-run.googleapis.com:443 "PUT /apis/serving.knative.dev/v1/namespaces/mufiedapi/services/nest-api?alt=json HTTP/1.1" 200 None
2026-04-07 10:53:00,316 DEBUG    urllib3.connectionpool Starting new HTTPS connection (1): run.googleapis.com:443
2026-04-07 10:53:00,974 DEBUG    urllib3.connectionpool https://run.googleapis.com:443 "GET /v1/projects/mufiedapi/locations/asia-south1/services/nest-api:getIamPolicy?alt=json HTTP/1.1" 200 None
2026-04-07 10:53:01,478 DEBUG    urllib3.connectionpool https://run.googleapis.com:443 "POST /v1/projects/mufiedapi/locations/asia-south1/services/nest-api:setIamPolicy?alt=json HTTP/1.1" 403 None
2026-04-07 10:53:10,432 DEBUG    urllib3.connectionpool https://asia-south1-run.googleapis.com:443 "POST /v1/projects/mufiedapi/locations/asia-south1/operations/410ddcac-fea5-4d8d-8e79-96e986b753ee:wait?alt=json HTTP/1.1" 200 None
2026-04-07 10:53:13,372 DEBUG    urllib3.connectionpool https://asia-south1-run.googleapis.com:443 "POST /v1/projects/mufiedapi/locations/asia-south1/operations/410ddcac-fea5-4d8d-8e79-96e986b753ee:wait?alt=json HTTP/1.1" 200 None
2026-04-07 10:53:13,561 DEBUG    urllib3.connectionpool https://asia-south1-run.googleapis.com:443 "POST /v1/projects/mufiedapi/locations/asia-south1/operations/410ddcac-fea5-4d8d-8e79-96e986b753ee:wait?alt=json HTTP/1.1" 200 None
2026-04-07 10:53:13,718 DEBUG    urllib3.connectionpool https://asia-south1-run.googleapis.com:443 "POST /v1/projects/mufiedapi/locations/asia-south1/operations/410ddcac-fea5-4d8d-8e79-96e986b753ee:wait?alt=json HTTP/1.1" 200 None
2026-04-07 10:53:13,786 INFO     ___FILE_ONLY___   Setting IAM policy failed, try "gcloud beta run services add-iam-policy-binding --region=asia-south1 --member=allUsers --role=roles/run.invoker nest-api"

2026-04-07 10:53:13,786 INFO     ___FILE_ONLY___ Service [[1mnest-api[m] revision [[1mnest-api-00023-gk8[m] has been deployed and is serving [1m100[m percent of traffic.
Service URL: [1mhttps://nest-api-560137381308.asia-south1.run.app[m

2026-04-07 10:53:13,787 DEBUG    root            Chosen display Format:none
2026-04-07 10:53:13,787 INFO     root            Display format: "none"
