2026-04-07 13:19:12,218 DEBUG    root            Loaded Command Group: ['gcloud', 'run']
2026-04-07 13:19:13,268 DEBUG    root            Loaded Command Group: ['gcloud', 'run', 'deploy']
2026-04-07 13:19:13,298 DEBUG    root            Running [gcloud.run.deploy] with arguments: [--allow-unauthenticated: "True", --min-instances: "<googlecloudsdk.command_lib.run.flags.ScaleValue object at 0x000001D1FD120AD0>", --platform: "managed", --port: "8080", --region: "asia-south1", --source: ".", SERVICE: "nest-api"]
2026-04-07 13:19:13,484 DEBUG    root            Failed to check metadata server: <urlopen error [Errno 11001] getaddrinfo failed>
2026-04-07 13:19:13,484 DEBUG    root            On GCE from server: False
2026-04-07 13:19:13,583 DEBUG    root            On GCE from memory cache: False
2026-04-07 13:19:13,607 DEBUG    root            On GCE from memory cache: False
2026-04-07 13:19:13,609 DEBUG    root            On GCE from memory cache: False
2026-04-07 13:19:13,609 DEBUG    google.auth.transport.requests Making request: POST https://oauth2.googleapis.com/token
2026-04-07 13:19:13,612 DEBUG    urllib3.connectionpool Starting new HTTPS connection (1): oauth2.googleapis.com:443
2026-04-07 13:19:13,826 DEBUG    urllib3.connectionpool https://oauth2.googleapis.com:443 "POST /token HTTP/1.1" 200 None
2026-04-07 13:19:13,852 DEBUG    urllib3.connectionpool Starting new HTTPS connection (1): serviceusage.googleapis.com:443
2026-04-07 13:19:15,582 DEBUG    urllib3.connectionpool https://serviceusage.googleapis.com:443 "GET /v1/projects/mufiedapi/services/artifactregistry.googleapis.com?alt=json HTTP/1.1" 200 None
2026-04-07 13:19:15,683 DEBUG    root            On GCE from memory cache: False
2026-04-07 13:19:15,695 DEBUG    root            On GCE from memory cache: False
2026-04-07 13:19:15,703 DEBUG    urllib3.connectionpool Starting new HTTPS connection (1): serviceusage.googleapis.com:443
2026-04-07 13:19:17,387 DEBUG    urllib3.connectionpool https://serviceusage.googleapis.com:443 "GET /v1/projects/mufiedapi/services/cloudbuild.googleapis.com?alt=json HTTP/1.1" 200 None
2026-04-07 13:19:17,425 DEBUG    root            On GCE from memory cache: False
2026-04-07 13:19:17,431 DEBUG    root            On GCE from memory cache: False
2026-04-07 13:19:17,440 DEBUG    urllib3.connectionpool Starting new HTTPS connection (1): serviceusage.googleapis.com:443
2026-04-07 13:19:19,192 DEBUG    urllib3.connectionpool https://serviceusage.googleapis.com:443 "GET /v1/projects/mufiedapi/services/run.googleapis.com?alt=json HTTP/1.1" 200 None
2026-04-07 13:19:19,260 DEBUG    root            On GCE from memory cache: False
2026-04-07 13:19:19,266 DEBUG    root            On GCE from memory cache: False
2026-04-07 13:19:19,288 DEBUG    root            On GCE from memory cache: False
2026-04-07 13:19:19,295 DEBUG    urllib3.connectionpool Starting new HTTPS connection (1): asia-south1-run.googleapis.com:443
2026-04-07 13:19:19,658 DEBUG    urllib3.connectionpool https://asia-south1-run.googleapis.com:443 "GET /apis/serving.knative.dev/v1/namespaces/mufiedapi/services/nest-api?alt=json HTTP/1.1" 200 None
2026-04-07 13:19:19,663 DEBUG    root            source_location: gs://run-sources-mufiedapi-asia-south1/services/nest-api/1775539282.456472-add8512bd960408da11269fe19b52e97.zip#1775539286384591
2026-04-07 13:19:19,664 DEBUG    root            Existing source_bucket: run-sources-mufiedapi-asia-south1
2026-04-07 13:19:19,666 DEBUG    root            On GCE from memory cache: False
2026-04-07 13:19:19,705 DEBUG    urllib3.connectionpool Starting new HTTPS connection (1): artifactregistry.googleapis.com:443
2026-04-07 13:19:20,351 DEBUG    urllib3.connectionpool https://artifactregistry.googleapis.com:443 "GET /v1/projects/mufiedapi/locations/asia-south1/repositories/cloud-run-source-deploy?alt=json HTTP/1.1" 200 None
2026-04-07 13:19:20,357 DEBUG    root            On GCE from memory cache: False
2026-04-07 13:19:20,387 DEBUG    urllib3.connectionpool Starting new HTTPS connection (1): cloudbuild.googleapis.com:443
2026-04-07 13:19:21,067 DEBUG    urllib3.connectionpool https://cloudbuild.googleapis.com:443 "GET /v1/projects/mufiedapi/locations/asia-south1/defaultServiceAccount?alt=json HTTP/1.1" 200 None
2026-04-07 13:19:21,070 DEBUG    root            On GCE from memory cache: False
2026-04-07 13:19:21,091 DEBUG    urllib3.connectionpool Starting new HTTPS connection (1): iam.googleapis.com:443
2026-04-07 13:19:22,697 DEBUG    urllib3.connectionpool https://iam.googleapis.com:443 "GET /v1/projects/-/serviceAccounts/560137381308-compute@developer.gserviceaccount.com?alt=json HTTP/1.1" 200 None
2026-04-07 13:19:22,699 INFO     ___FILE_ONLY___ Building using Dockerfile and deploying container to Cloud Run service [[1mnest-api[m] in project [[1mmufiedapi[m] region [[1masia-south1[m]

2026-04-07 13:19:22,703 INFO     ___FILE_ONLY___ Building and deploying...
2026-04-07 13:19:24,206 DEBUG    urllib3.connectionpool https://asia-south1-run.googleapis.com:443 "PUT /apis/serving.knative.dev/v1/namespaces/mufiedapi/services/nest-api?alt=json&dryRun=all HTTP/1.1" 200 None
2026-04-07 13:19:24,216 DEBUG    root            On GCE from memory cache: False
2026-04-07 13:19:24,244 DEBUG    root            Creating bucket run-sources-mufiedapi-asia-south1 in region asia-south1
2026-04-07 13:19:24,245 DEBUG    urllib3.connectionpool Starting new HTTPS connection (1): storage.googleapis.com:443
2026-04-07 13:19:24,465 DEBUG    urllib3.connectionpool https://storage.googleapis.com:443 "GET /storage/v1/b/run-sources-mufiedapi-asia-south1?alt=json HTTP/1.1" 200 1276
2026-04-07 13:19:24,900 DEBUG    urllib3.connectionpool https://storage.googleapis.com:443 "GET /storage/v1/b?alt=json&maxResults=1000&prefix=run-sources-mufiedapi-asia-south1&project=mufiedapi HTTP/1.1" 200 1522
2026-04-07 13:19:24,902 DEBUG    root            Uploading source to gs://run-sources-mufiedapi-asia-south1/services/nest-api/1775548164.90272-4550eaa3696c4256aba3054e1f65d53f.zip
2026-04-07 13:19:24,908 INFO     root            Using ignore file at [.\.gcloudignore].
2026-04-07 13:19:24,910 DEBUG    root            Skipping file [.env]
2026-04-07 13:19:24,911 DEBUG    root            Skipping file [.env.example]
2026-04-07 13:19:24,911 DEBUG    root            Skipping file [.gitignore]
2026-04-07 13:19:24,913 DEBUG    root            Skipping file [.firebase]
2026-04-07 13:19:24,913 DEBUG    root            Skipping file [dist]
2026-04-07 13:19:24,913 DEBUG    root            Skipping file [node_modules]
2026-04-07 13:19:24,976 INFO     root            Using ignore file [.\.gcloudignore]
2026-04-07 13:19:25,082 INFO     root            Uploading [C:\Users\ADMIN\AppData\Local\Temp\tmp8v1stgjx\file.zip] to [run-sources-mufiedapi-asia-south1/services/nest-api/1775548164.90272-4550eaa3696c4256aba3054e1f65d53f.zip]
2026-04-07 13:19:25,298 DEBUG    urllib3.connectionpool https://storage.googleapis.com:443 "POST /upload/storage/v1/b/run-sources-mufiedapi-asia-south1/o?alt=json&name=services%2Fnest-api%2F1775548164.90272-4550eaa3696c4256aba3054e1f65d53f.zip&uploadType=multipart HTTP/1.1" 200 1134
2026-04-07 13:19:25,328 DEBUG    root            On GCE from memory cache: False
2026-04-07 13:19:25,337 DEBUG    urllib3.connectionpool Starting new HTTPS connection (1): asia-south1-run.googleapis.com:443
2026-04-07 13:19:27,916 DEBUG    urllib3.connectionpool https://asia-south1-run.googleapis.com:443 "POST /v2/projects/mufiedapi/locations/asia-south1/builds:submit?alt=json HTTP/1.1" 200 None
2026-04-07 13:19:27,930 DEBUG    root            On GCE from memory cache: False
2026-04-07 13:19:27,939 DEBUG    urllib3.connectionpool Starting new HTTPS connection (1): cloudbuild.googleapis.com:443
2026-04-07 13:19:28,486 DEBUG    urllib3.connectionpool https://cloudbuild.googleapis.com:443 "GET /v1/projects/mufiedapi/locations/asia-south1/operations/bb7f453b-232a-42f0-b932-218449983396?alt=json HTTP/1.1" 200 None
2026-04-07 13:19:30,147 DEBUG    urllib3.connectionpool https://cloudbuild.googleapis.com:443 "GET /v1/projects/mufiedapi/locations/asia-south1/operations/bb7f453b-232a-42f0-b932-218449983396?alt=json HTTP/1.1" 200 None
2026-04-07 13:19:31,706 DEBUG    urllib3.connectionpool https://cloudbuild.googleapis.com:443 "GET /v1/projects/mufiedapi/locations/asia-south1/operations/bb7f453b-232a-42f0-b932-218449983396?alt=json HTTP/1.1" 200 None
2026-04-07 13:19:32,850 DEBUG    urllib3.connectionpool https://cloudbuild.googleapis.com:443 "GET /v1/projects/mufiedapi/locations/asia-south1/operations/bb7f453b-232a-42f0-b932-218449983396?alt=json HTTP/1.1" 200 None
2026-04-07 13:19:34,345 DEBUG    urllib3.connectionpool https://cloudbuild.googleapis.com:443 "GET /v1/projects/mufiedapi/locations/asia-south1/operations/bb7f453b-232a-42f0-b932-218449983396?alt=json HTTP/1.1" 200 None
2026-04-07 13:19:35,765 DEBUG    urllib3.connectionpool https://cloudbuild.googleapis.com:443 "GET /v1/projects/mufiedapi/locations/asia-south1/operations/bb7f453b-232a-42f0-b932-218449983396?alt=json HTTP/1.1" 200 None
2026-04-07 13:19:37,214 DEBUG    urllib3.connectionpool https://cloudbuild.googleapis.com:443 "GET /v1/projects/mufiedapi/locations/asia-south1/operations/bb7f453b-232a-42f0-b932-218449983396?alt=json HTTP/1.1" 200 None
2026-04-07 13:19:38,661 DEBUG    urllib3.connectionpool https://cloudbuild.googleapis.com:443 "GET /v1/projects/mufiedapi/locations/asia-south1/operations/bb7f453b-232a-42f0-b932-218449983396?alt=json HTTP/1.1" 200 None
2026-04-07 13:19:40,315 DEBUG    urllib3.connectionpool https://cloudbuild.googleapis.com:443 "GET /v1/projects/mufiedapi/locations/asia-south1/operations/bb7f453b-232a-42f0-b932-218449983396?alt=json HTTP/1.1" 200 None
2026-04-07 13:19:41,800 DEBUG    urllib3.connectionpool https://cloudbuild.googleapis.com:443 "GET /v1/projects/mufiedapi/locations/asia-south1/operations/bb7f453b-232a-42f0-b932-218449983396?alt=json HTTP/1.1" 200 None
2026-04-07 13:19:43,228 DEBUG    urllib3.connectionpool https://cloudbuild.googleapis.com:443 "GET /v1/projects/mufiedapi/locations/asia-south1/operations/bb7f453b-232a-42f0-b932-218449983396?alt=json HTTP/1.1" 200 None
2026-04-07 13:19:44,423 DEBUG    urllib3.connectionpool https://cloudbuild.googleapis.com:443 "GET /v1/projects/mufiedapi/locations/asia-south1/operations/bb7f453b-232a-42f0-b932-218449983396?alt=json HTTP/1.1" 200 None
2026-04-07 13:19:45,879 DEBUG    urllib3.connectionpool https://cloudbuild.googleapis.com:443 "GET /v1/projects/mufiedapi/locations/asia-south1/operations/bb7f453b-232a-42f0-b932-218449983396?alt=json HTTP/1.1" 200 None
2026-04-07 13:19:47,304 DEBUG    urllib3.connectionpool https://cloudbuild.googleapis.com:443 "GET /v1/projects/mufiedapi/locations/asia-south1/operations/bb7f453b-232a-42f0-b932-218449983396?alt=json HTTP/1.1" 200 None
2026-04-07 13:19:48,746 DEBUG    urllib3.connectionpool https://cloudbuild.googleapis.com:443 "GET /v1/projects/mufiedapi/locations/asia-south1/operations/bb7f453b-232a-42f0-b932-218449983396?alt=json HTTP/1.1" 200 None
2026-04-07 13:19:50,170 DEBUG    urllib3.connectionpool https://cloudbuild.googleapis.com:443 "GET /v1/projects/mufiedapi/locations/asia-south1/operations/bb7f453b-232a-42f0-b932-218449983396?alt=json HTTP/1.1" 200 None
2026-04-07 13:19:51,617 DEBUG    urllib3.connectionpool https://cloudbuild.googleapis.com:443 "GET /v1/projects/mufiedapi/locations/asia-south1/operations/bb7f453b-232a-42f0-b932-218449983396?alt=json HTTP/1.1" 200 None
2026-04-07 13:19:53,117 DEBUG    urllib3.connectionpool https://cloudbuild.googleapis.com:443 "GET /v1/projects/mufiedapi/locations/asia-south1/operations/bb7f453b-232a-42f0-b932-218449983396?alt=json HTTP/1.1" 200 None
2026-04-07 13:19:54,553 DEBUG    urllib3.connectionpool https://cloudbuild.googleapis.com:443 "GET /v1/projects/mufiedapi/locations/asia-south1/operations/bb7f453b-232a-42f0-b932-218449983396?alt=json HTTP/1.1" 200 None
2026-04-07 13:19:55,698 DEBUG    urllib3.connectionpool https://cloudbuild.googleapis.com:443 "GET /v1/projects/mufiedapi/locations/asia-south1/operations/bb7f453b-232a-42f0-b932-218449983396?alt=json HTTP/1.1" 200 None
2026-04-07 13:19:57,134 DEBUG    urllib3.connectionpool https://cloudbuild.googleapis.com:443 "GET /v1/projects/mufiedapi/locations/asia-south1/operations/bb7f453b-232a-42f0-b932-218449983396?alt=json HTTP/1.1" 200 None
2026-04-07 13:19:58,587 DEBUG    urllib3.connectionpool https://cloudbuild.googleapis.com:443 "GET /v1/projects/mufiedapi/locations/asia-south1/operations/bb7f453b-232a-42f0-b932-218449983396?alt=json HTTP/1.1" 200 None
2026-04-07 13:20:00,025 DEBUG    urllib3.connectionpool https://cloudbuild.googleapis.com:443 "GET /v1/projects/mufiedapi/locations/asia-south1/operations/bb7f453b-232a-42f0-b932-218449983396?alt=json HTTP/1.1" 200 None
2026-04-07 13:20:01,482 DEBUG    urllib3.connectionpool https://cloudbuild.googleapis.com:443 "GET /v1/projects/mufiedapi/locations/asia-south1/operations/bb7f453b-232a-42f0-b932-218449983396?alt=json HTTP/1.1" 200 None
2026-04-07 13:20:02,932 DEBUG    urllib3.connectionpool https://cloudbuild.googleapis.com:443 "GET /v1/projects/mufiedapi/locations/asia-south1/operations/bb7f453b-232a-42f0-b932-218449983396?alt=json HTTP/1.1" 200 None
2026-04-07 13:20:04,399 DEBUG    urllib3.connectionpool https://cloudbuild.googleapis.com:443 "GET /v1/projects/mufiedapi/locations/asia-south1/operations/bb7f453b-232a-42f0-b932-218449983396?alt=json HTTP/1.1" 200 None
2026-04-07 13:20:05,856 DEBUG    urllib3.connectionpool https://cloudbuild.googleapis.com:443 "GET /v1/projects/mufiedapi/locations/asia-south1/operations/bb7f453b-232a-42f0-b932-218449983396?alt=json HTTP/1.1" 200 None
2026-04-07 13:20:07,283 DEBUG    urllib3.connectionpool https://cloudbuild.googleapis.com:443 "GET /v1/projects/mufiedapi/locations/asia-south1/operations/bb7f453b-232a-42f0-b932-218449983396?alt=json HTTP/1.1" 200 None
2026-04-07 13:20:08,728 DEBUG    urllib3.connectionpool https://cloudbuild.googleapis.com:443 "GET /v1/projects/mufiedapi/locations/asia-south1/operations/bb7f453b-232a-42f0-b932-218449983396?alt=json HTTP/1.1" 200 None
2026-04-07 13:20:09,868 DEBUG    urllib3.connectionpool https://cloudbuild.googleapis.com:443 "GET /v1/projects/mufiedapi/locations/asia-south1/operations/bb7f453b-232a-42f0-b932-218449983396?alt=json HTTP/1.1" 200 None
2026-04-07 13:20:11,006 DEBUG    urllib3.connectionpool https://cloudbuild.googleapis.com:443 "GET /v1/projects/mufiedapi/locations/asia-south1/operations/bb7f453b-232a-42f0-b932-218449983396?alt=json HTTP/1.1" 200 None
2026-04-07 13:20:12,157 DEBUG    urllib3.connectionpool https://cloudbuild.googleapis.com:443 "GET /v1/projects/mufiedapi/locations/asia-south1/operations/bb7f453b-232a-42f0-b932-218449983396?alt=json HTTP/1.1" 200 None
2026-04-07 13:20:13,596 DEBUG    urllib3.connectionpool https://cloudbuild.googleapis.com:443 "GET /v1/projects/mufiedapi/locations/asia-south1/operations/bb7f453b-232a-42f0-b932-218449983396?alt=json HTTP/1.1" 200 None
2026-04-07 13:20:15,084 DEBUG    urllib3.connectionpool https://cloudbuild.googleapis.com:443 "GET /v1/projects/mufiedapi/locations/asia-south1/operations/bb7f453b-232a-42f0-b932-218449983396?alt=json HTTP/1.1" 200 None
2026-04-07 13:20:16,234 DEBUG    urllib3.connectionpool https://cloudbuild.googleapis.com:443 "GET /v1/projects/mufiedapi/locations/asia-south1/operations/bb7f453b-232a-42f0-b932-218449983396?alt=json HTTP/1.1" 200 None
2026-04-07 13:20:17,668 DEBUG    urllib3.connectionpool https://cloudbuild.googleapis.com:443 "GET /v1/projects/mufiedapi/locations/asia-south1/operations/bb7f453b-232a-42f0-b932-218449983396?alt=json HTTP/1.1" 200 None
2026-04-07 13:20:18,821 DEBUG    urllib3.connectionpool https://cloudbuild.googleapis.com:443 "GET /v1/projects/mufiedapi/locations/asia-south1/operations/bb7f453b-232a-42f0-b932-218449983396?alt=json HTTP/1.1" 200 None
2026-04-07 13:20:20,263 DEBUG    urllib3.connectionpool https://cloudbuild.googleapis.com:443 "GET /v1/projects/mufiedapi/locations/asia-south1/operations/bb7f453b-232a-42f0-b932-218449983396?alt=json HTTP/1.1" 200 None
2026-04-07 13:20:21,562 DEBUG    urllib3.connectionpool https://cloudbuild.googleapis.com:443 "GET /v1/projects/mufiedapi/locations/asia-south1/operations/bb7f453b-232a-42f0-b932-218449983396?alt=json HTTP/1.1" 200 None
2026-04-07 13:20:22,793 DEBUG    urllib3.connectionpool https://cloudbuild.googleapis.com:443 "GET /v1/projects/mufiedapi/locations/asia-south1/operations/bb7f453b-232a-42f0-b932-218449983396?alt=json HTTP/1.1" 200 None
2026-04-07 13:20:24,248 DEBUG    urllib3.connectionpool https://cloudbuild.googleapis.com:443 "GET /v1/projects/mufiedapi/locations/asia-south1/operations/bb7f453b-232a-42f0-b932-218449983396?alt=json HTTP/1.1" 200 None
2026-04-07 13:20:25,681 DEBUG    urllib3.connectionpool https://cloudbuild.googleapis.com:443 "GET /v1/projects/mufiedapi/locations/asia-south1/operations/bb7f453b-232a-42f0-b932-218449983396?alt=json HTTP/1.1" 200 None
2026-04-07 13:20:26,824 DEBUG    urllib3.connectionpool https://cloudbuild.googleapis.com:443 "GET /v1/projects/mufiedapi/locations/asia-south1/operations/bb7f453b-232a-42f0-b932-218449983396?alt=json HTTP/1.1" 200 None
2026-04-07 13:20:27,961 DEBUG    urllib3.connectionpool https://cloudbuild.googleapis.com:443 "GET /v1/projects/mufiedapi/locations/asia-south1/operations/bb7f453b-232a-42f0-b932-218449983396?alt=json HTTP/1.1" 200 None
2026-04-07 13:20:28,103 DEBUG    urllib3.connectionpool https://cloudbuild.googleapis.com:443 "GET /v1/projects/mufiedapi/locations/asia-south1/operations/bb7f453b-232a-42f0-b932-218449983396?alt=json HTTP/1.1" 200 None
2026-04-07 13:20:29,505 DEBUG    urllib3.connectionpool https://cloudbuild.googleapis.com:443 "GET /v1/projects/mufiedapi/locations/asia-south1/operations/bb7f453b-232a-42f0-b932-218449983396?alt=json HTTP/1.1" 200 None
2026-04-07 13:20:31,025 DEBUG    urllib3.connectionpool https://cloudbuild.googleapis.com:443 "GET /v1/projects/mufiedapi/locations/asia-south1/operations/bb7f453b-232a-42f0-b932-218449983396?alt=json HTTP/1.1" 200 None
2026-04-07 13:20:32,858 DEBUG    urllib3.connectionpool https://cloudbuild.googleapis.com:443 "GET /v1/projects/mufiedapi/locations/asia-south1/operations/bb7f453b-232a-42f0-b932-218449983396?alt=json HTTP/1.1" 200 None
2026-04-07 13:20:35,176 DEBUG    urllib3.connectionpool https://cloudbuild.googleapis.com:443 "GET /v1/projects/mufiedapi/locations/asia-south1/operations/bb7f453b-232a-42f0-b932-218449983396?alt=json HTTP/1.1" 200 None
2026-04-07 13:20:37,106 DEBUG    urllib3.connectionpool https://cloudbuild.googleapis.com:443 "GET /v1/projects/mufiedapi/locations/asia-south1/operations/bb7f453b-232a-42f0-b932-218449983396?alt=json HTTP/1.1" 200 None
2026-04-07 13:20:39,038 DEBUG    urllib3.connectionpool https://cloudbuild.googleapis.com:443 "GET /v1/projects/mufiedapi/locations/asia-south1/operations/bb7f453b-232a-42f0-b932-218449983396?alt=json HTTP/1.1" 200 None
2026-04-07 13:20:41,682 DEBUG    urllib3.connectionpool https://cloudbuild.googleapis.com:443 "GET /v1/projects/mufiedapi/locations/asia-south1/operations/bb7f453b-232a-42f0-b932-218449983396?alt=json HTTP/1.1" 200 None
2026-04-07 13:20:44,137 DEBUG    urllib3.connectionpool https://cloudbuild.googleapis.com:443 "GET /v1/projects/mufiedapi/locations/asia-south1/operations/bb7f453b-232a-42f0-b932-218449983396?alt=json HTTP/1.1" 200 None
2026-04-07 13:20:47,034 DEBUG    urllib3.connectionpool https://cloudbuild.googleapis.com:443 "GET /v1/projects/mufiedapi/locations/asia-south1/operations/bb7f453b-232a-42f0-b932-218449983396?alt=json HTTP/1.1" 200 None
2026-04-07 13:20:49,842 DEBUG    urllib3.connectionpool https://cloudbuild.googleapis.com:443 "GET /v1/projects/mufiedapi/locations/asia-south1/operations/bb7f453b-232a-42f0-b932-218449983396?alt=json HTTP/1.1" 200 None
2026-04-07 13:20:53,358 DEBUG    urllib3.connectionpool https://cloudbuild.googleapis.com:443 "GET /v1/projects/mufiedapi/locations/asia-south1/operations/bb7f453b-232a-42f0-b932-218449983396?alt=json HTTP/1.1" 200 None
2026-04-07 13:20:56,809 DEBUG    urllib3.connectionpool https://cloudbuild.googleapis.com:443 "GET /v1/projects/mufiedapi/locations/asia-south1/operations/bb7f453b-232a-42f0-b932-218449983396?alt=json HTTP/1.1" 200 None
2026-04-07 13:21:00,874 DEBUG    urllib3.connectionpool https://cloudbuild.googleapis.com:443 "GET /v1/projects/mufiedapi/locations/asia-south1/operations/bb7f453b-232a-42f0-b932-218449983396?alt=json HTTP/1.1" 200 None
2026-04-07 13:21:04,811 DEBUG    urllib3.connectionpool https://cloudbuild.googleapis.com:443 "GET /v1/projects/mufiedapi/locations/asia-south1/operations/bb7f453b-232a-42f0-b932-218449983396?alt=json HTTP/1.1" 200 None
2026-04-07 13:21:08,759 DEBUG    urllib3.connectionpool https://cloudbuild.googleapis.com:443 "GET /v1/projects/mufiedapi/locations/asia-south1/operations/bb7f453b-232a-42f0-b932-218449983396?alt=json HTTP/1.1" 200 None
2026-04-07 13:21:08,774 DEBUG    urllib3.connectionpool Resetting dropped connection: asia-south1-run.googleapis.com
2026-04-07 13:21:09,176 DEBUG    urllib3.connectionpool https://asia-south1-run.googleapis.com:443 "GET /apis/serving.knative.dev/v1/namespaces/mufiedapi/services/nest-api?alt=json HTTP/1.1" 200 None
2026-04-07 13:21:10,481 DEBUG    urllib3.connectionpool https://asia-south1-run.googleapis.com:443 "PUT /apis/serving.knative.dev/v1/namespaces/mufiedapi/services/nest-api?alt=json HTTP/1.1" 200 None
2026-04-07 13:21:10,489 DEBUG    urllib3.connectionpool Starting new HTTPS connection (1): run.googleapis.com:443
2026-04-07 13:21:11,156 DEBUG    urllib3.connectionpool https://run.googleapis.com:443 "GET /v1/projects/mufiedapi/locations/asia-south1/services/nest-api:getIamPolicy?alt=json HTTP/1.1" 200 None
2026-04-07 13:21:11,658 DEBUG    urllib3.connectionpool https://run.googleapis.com:443 "POST /v1/projects/mufiedapi/locations/asia-south1/services/nest-api:setIamPolicy?alt=json HTTP/1.1" 403 None
2026-04-07 13:21:21,047 DEBUG    urllib3.connectionpool https://asia-south1-run.googleapis.com:443 "POST /v1/projects/mufiedapi/locations/asia-south1/operations/19341722-ce3a-4a25-8539-14a5d2ce3207:wait?alt=json HTTP/1.1" 200 None
2026-04-07 13:21:23,673 DEBUG    urllib3.connectionpool https://asia-south1-run.googleapis.com:443 "POST /v1/projects/mufiedapi/locations/asia-south1/operations/19341722-ce3a-4a25-8539-14a5d2ce3207:wait?alt=json HTTP/1.1" 200 None
2026-04-07 13:21:23,921 DEBUG    urllib3.connectionpool https://asia-south1-run.googleapis.com:443 "POST /v1/projects/mufiedapi/locations/asia-south1/operations/19341722-ce3a-4a25-8539-14a5d2ce3207:wait?alt=json HTTP/1.1" 200 None
2026-04-07 13:21:24,089 DEBUG    urllib3.connectionpool https://asia-south1-run.googleapis.com:443 "POST /v1/projects/mufiedapi/locations/asia-south1/operations/19341722-ce3a-4a25-8539-14a5d2ce3207:wait?alt=json HTTP/1.1" 200 None
2026-04-07 13:21:24,154 INFO     ___FILE_ONLY___   Setting IAM policy failed, try "gcloud beta run services add-iam-policy-binding --region=asia-south1 --member=allUsers --role=roles/run.invoker nest-api"

2026-04-07 13:21:24,155 INFO     ___FILE_ONLY___ Service [[1mnest-api[m] revision [[1mnest-api-00024-bpt[m] has been deployed and is serving [1m100[m percent of traffic.
Service URL: [1mhttps://nest-api-560137381308.asia-south1.run.app[m

2026-04-07 13:21:24,155 DEBUG    root            Chosen display Format:none
2026-04-07 13:21:24,156 INFO     root            Display format: "none"
