2026-04-07 14:12:45,760 DEBUG    root            Loaded Command Group: ['gcloud', 'run']
2026-04-07 14:12:46,549 DEBUG    root            Loaded Command Group: ['gcloud', 'run', 'deploy']
2026-04-07 14:12:46,572 DEBUG    root            Running [gcloud.run.deploy] with arguments: [--allow-unauthenticated: "True", --min-instances: "<googlecloudsdk.command_lib.run.flags.ScaleValue object at 0x0000020D49A40AD0>", --platform: "managed", --port: "8080", --region: "asia-south1", --source: ".", SERVICE: "nest-api"]
2026-04-07 14:12:46,731 DEBUG    root            Failed to check metadata server: <urlopen error [Errno 11001] getaddrinfo failed>
2026-04-07 14:12:46,731 DEBUG    root            On GCE from server: False
2026-04-07 14:12:46,871 DEBUG    root            On GCE from memory cache: False
2026-04-07 14:12:46,907 DEBUG    urllib3.connectionpool Starting new HTTPS connection (1): serviceusage.googleapis.com:443
2026-04-07 14:12:48,608 DEBUG    urllib3.connectionpool https://serviceusage.googleapis.com:443 "GET /v1/projects/mufiedapi/services/artifactregistry.googleapis.com?alt=json HTTP/1.1" 200 None
2026-04-07 14:12:48,659 DEBUG    root            On GCE from memory cache: False
2026-04-07 14:12:48,664 DEBUG    root            On GCE from memory cache: False
2026-04-07 14:12:48,669 DEBUG    urllib3.connectionpool Starting new HTTPS connection (1): serviceusage.googleapis.com:443
2026-04-07 14:12:49,141 DEBUG    urllib3.connectionpool https://serviceusage.googleapis.com:443 "GET /v1/projects/mufiedapi/services/cloudbuild.googleapis.com?alt=json HTTP/1.1" 200 None
2026-04-07 14:12:49,180 DEBUG    root            On GCE from memory cache: False
2026-04-07 14:12:49,185 DEBUG    root            On GCE from memory cache: False
2026-04-07 14:12:49,191 DEBUG    urllib3.connectionpool Starting new HTTPS connection (1): serviceusage.googleapis.com:443
2026-04-07 14:12:50,776 DEBUG    urllib3.connectionpool https://serviceusage.googleapis.com:443 "GET /v1/projects/mufiedapi/services/run.googleapis.com?alt=json HTTP/1.1" 200 None
2026-04-07 14:12:50,843 DEBUG    root            On GCE from memory cache: False
2026-04-07 14:12:50,852 DEBUG    root            On GCE from memory cache: False
2026-04-07 14:12:50,863 DEBUG    root            On GCE from memory cache: False
2026-04-07 14:12:50,871 DEBUG    urllib3.connectionpool Starting new HTTPS connection (1): asia-south1-run.googleapis.com:443
2026-04-07 14:12:51,312 DEBUG    urllib3.connectionpool https://asia-south1-run.googleapis.com:443 "GET /apis/serving.knative.dev/v1/namespaces/mufiedapi/services/nest-api?alt=json HTTP/1.1" 200 None
2026-04-07 14:12:51,316 DEBUG    root            source_location: gs://run-sources-mufiedapi-asia-south1/services/nest-api/1775548164.90272-4550eaa3696c4256aba3054e1f65d53f.zip#1775548168867021
2026-04-07 14:12:51,317 DEBUG    root            Existing source_bucket: run-sources-mufiedapi-asia-south1
2026-04-07 14:12:51,320 DEBUG    root            On GCE from memory cache: False
2026-04-07 14:12:51,340 DEBUG    urllib3.connectionpool Starting new HTTPS connection (1): artifactregistry.googleapis.com:443
2026-04-07 14:12:52,007 DEBUG    urllib3.connectionpool https://artifactregistry.googleapis.com:443 "GET /v1/projects/mufiedapi/locations/asia-south1/repositories/cloud-run-source-deploy?alt=json HTTP/1.1" 200 None
2026-04-07 14:12:52,010 DEBUG    root            On GCE from memory cache: False
2026-04-07 14:12:52,030 DEBUG    urllib3.connectionpool Starting new HTTPS connection (1): cloudbuild.googleapis.com:443
2026-04-07 14:12:52,653 DEBUG    urllib3.connectionpool https://cloudbuild.googleapis.com:443 "GET /v1/projects/mufiedapi/locations/asia-south1/defaultServiceAccount?alt=json HTTP/1.1" 200 None
2026-04-07 14:12:52,656 DEBUG    root            On GCE from memory cache: False
2026-04-07 14:12:52,673 DEBUG    urllib3.connectionpool Starting new HTTPS connection (1): iam.googleapis.com:443
2026-04-07 14:12:54,254 DEBUG    urllib3.connectionpool https://iam.googleapis.com:443 "GET /v1/projects/-/serviceAccounts/560137381308-compute@developer.gserviceaccount.com?alt=json HTTP/1.1" 200 None
2026-04-07 14:12:54,257 INFO     ___FILE_ONLY___ Building using Dockerfile and deploying container to Cloud Run service [[1mnest-api[m] in project [[1mmufiedapi[m] region [[1masia-south1[m]

2026-04-07 14:12:54,292 INFO     ___FILE_ONLY___ Building and deploying...
2026-04-07 14:12:55,794 DEBUG    urllib3.connectionpool https://asia-south1-run.googleapis.com:443 "PUT /apis/serving.knative.dev/v1/namespaces/mufiedapi/services/nest-api?alt=json&dryRun=all HTTP/1.1" 200 None
2026-04-07 14:12:55,815 DEBUG    root            On GCE from memory cache: False
2026-04-07 14:12:55,866 DEBUG    root            Creating bucket run-sources-mufiedapi-asia-south1 in region asia-south1
2026-04-07 14:12:55,868 DEBUG    urllib3.connectionpool Starting new HTTPS connection (1): storage.googleapis.com:443
2026-04-07 14:12:56,112 DEBUG    urllib3.connectionpool https://storage.googleapis.com:443 "GET /storage/v1/b/run-sources-mufiedapi-asia-south1?alt=json HTTP/1.1" 200 1276
2026-04-07 14:12:56,621 DEBUG    urllib3.connectionpool https://storage.googleapis.com:443 "GET /storage/v1/b?alt=json&maxResults=1000&prefix=run-sources-mufiedapi-asia-south1&project=mufiedapi HTTP/1.1" 200 1522
2026-04-07 14:12:56,623 DEBUG    root            Uploading source to gs://run-sources-mufiedapi-asia-south1/services/nest-api/1775551376.622971-1b1d76da540c4a9aaebf84ffef140970.zip
2026-04-07 14:12:56,627 INFO     root            Using ignore file at [.\.gcloudignore].
2026-04-07 14:12:56,628 DEBUG    root            Skipping file [.env]
2026-04-07 14:12:56,628 DEBUG    root            Skipping file [.env.example]
2026-04-07 14:12:56,628 DEBUG    root            Skipping file [.gitignore]
2026-04-07 14:12:56,629 DEBUG    root            Skipping file [.firebase]
2026-04-07 14:12:56,629 DEBUG    root            Skipping file [dist]
2026-04-07 14:12:56,629 DEBUG    root            Skipping file [node_modules]
2026-04-07 14:12:56,684 INFO     root            Using ignore file [.\.gcloudignore]
2026-04-07 14:12:56,756 INFO     root            Uploading [C:\Users\ADMIN\AppData\Local\Temp\tmpqb1itzz6\file.zip] to [run-sources-mufiedapi-asia-south1/services/nest-api/1775551376.622971-1b1d76da540c4a9aaebf84ffef140970.zip]
2026-04-07 14:12:56,970 DEBUG    urllib3.connectionpool https://storage.googleapis.com:443 "POST /upload/storage/v1/b/run-sources-mufiedapi-asia-south1/o?alt=json&name=services%2Fnest-api%2F1775551376.622971-1b1d76da540c4a9aaebf84ffef140970.zip&uploadType=multipart HTTP/1.1" 200 1138
2026-04-07 14:12:56,992 DEBUG    root            On GCE from memory cache: False
2026-04-07 14:12:56,999 DEBUG    urllib3.connectionpool Starting new HTTPS connection (1): asia-south1-run.googleapis.com:443
2026-04-07 14:13:00,611 DEBUG    urllib3.connectionpool https://asia-south1-run.googleapis.com:443 "POST /v2/projects/mufiedapi/locations/asia-south1/builds:submit?alt=json HTTP/1.1" 200 None
2026-04-07 14:13:00,621 DEBUG    root            On GCE from memory cache: False
2026-04-07 14:13:00,626 DEBUG    urllib3.connectionpool Starting new HTTPS connection (1): cloudbuild.googleapis.com:443
2026-04-07 14:13:01,238 DEBUG    urllib3.connectionpool https://cloudbuild.googleapis.com:443 "GET /v1/projects/mufiedapi/locations/asia-south1/operations/e6932eca-d19b-4778-aaf7-01d1b9638bf5?alt=json HTTP/1.1" 200 None
2026-04-07 14:13:02,788 DEBUG    urllib3.connectionpool https://cloudbuild.googleapis.com:443 "GET /v1/projects/mufiedapi/locations/asia-south1/operations/e6932eca-d19b-4778-aaf7-01d1b9638bf5?alt=json HTTP/1.1" 200 None
2026-04-07 14:13:04,260 DEBUG    urllib3.connectionpool https://cloudbuild.googleapis.com:443 "GET /v1/projects/mufiedapi/locations/asia-south1/operations/e6932eca-d19b-4778-aaf7-01d1b9638bf5?alt=json HTTP/1.1" 200 None
2026-04-07 14:13:05,709 DEBUG    urllib3.connectionpool https://cloudbuild.googleapis.com:443 "GET /v1/projects/mufiedapi/locations/asia-south1/operations/e6932eca-d19b-4778-aaf7-01d1b9638bf5?alt=json HTTP/1.1" 200 None
2026-04-07 14:13:07,159 DEBUG    urllib3.connectionpool https://cloudbuild.googleapis.com:443 "GET /v1/projects/mufiedapi/locations/asia-south1/operations/e6932eca-d19b-4778-aaf7-01d1b9638bf5?alt=json HTTP/1.1" 200 None
2026-04-07 14:13:08,630 DEBUG    urllib3.connectionpool https://cloudbuild.googleapis.com:443 "GET /v1/projects/mufiedapi/locations/asia-south1/operations/e6932eca-d19b-4778-aaf7-01d1b9638bf5?alt=json HTTP/1.1" 200 None
2026-04-07 14:13:10,120 DEBUG    urllib3.connectionpool https://cloudbuild.googleapis.com:443 "GET /v1/projects/mufiedapi/locations/asia-south1/operations/e6932eca-d19b-4778-aaf7-01d1b9638bf5?alt=json HTTP/1.1" 200 None
2026-04-07 14:13:11,680 DEBUG    urllib3.connectionpool https://cloudbuild.googleapis.com:443 "GET /v1/projects/mufiedapi/locations/asia-south1/operations/e6932eca-d19b-4778-aaf7-01d1b9638bf5?alt=json HTTP/1.1" 200 None
2026-04-07 14:13:13,138 DEBUG    urllib3.connectionpool https://cloudbuild.googleapis.com:443 "GET /v1/projects/mufiedapi/locations/asia-south1/operations/e6932eca-d19b-4778-aaf7-01d1b9638bf5?alt=json HTTP/1.1" 200 None
2026-04-07 14:13:14,570 DEBUG    urllib3.connectionpool https://cloudbuild.googleapis.com:443 "GET /v1/projects/mufiedapi/locations/asia-south1/operations/e6932eca-d19b-4778-aaf7-01d1b9638bf5?alt=json HTTP/1.1" 200 None
2026-04-07 14:13:16,081 DEBUG    urllib3.connectionpool https://cloudbuild.googleapis.com:443 "GET /v1/projects/mufiedapi/locations/asia-south1/operations/e6932eca-d19b-4778-aaf7-01d1b9638bf5?alt=json HTTP/1.1" 200 None
2026-04-07 14:13:17,230 DEBUG    urllib3.connectionpool https://cloudbuild.googleapis.com:443 "GET /v1/projects/mufiedapi/locations/asia-south1/operations/e6932eca-d19b-4778-aaf7-01d1b9638bf5?alt=json HTTP/1.1" 200 None
2026-04-07 14:13:18,649 DEBUG    urllib3.connectionpool https://cloudbuild.googleapis.com:443 "GET /v1/projects/mufiedapi/locations/asia-south1/operations/e6932eca-d19b-4778-aaf7-01d1b9638bf5?alt=json HTTP/1.1" 200 None
2026-04-07 14:13:20,189 DEBUG    urllib3.connectionpool https://cloudbuild.googleapis.com:443 "GET /v1/projects/mufiedapi/locations/asia-south1/operations/e6932eca-d19b-4778-aaf7-01d1b9638bf5?alt=json HTTP/1.1" 200 None
2026-04-07 14:13:21,629 DEBUG    urllib3.connectionpool https://cloudbuild.googleapis.com:443 "GET /v1/projects/mufiedapi/locations/asia-south1/operations/e6932eca-d19b-4778-aaf7-01d1b9638bf5?alt=json HTTP/1.1" 200 None
2026-04-07 14:13:23,086 DEBUG    urllib3.connectionpool https://cloudbuild.googleapis.com:443 "GET /v1/projects/mufiedapi/locations/asia-south1/operations/e6932eca-d19b-4778-aaf7-01d1b9638bf5?alt=json HTTP/1.1" 200 None
2026-04-07 14:13:24,590 DEBUG    urllib3.connectionpool https://cloudbuild.googleapis.com:443 "GET /v1/projects/mufiedapi/locations/asia-south1/operations/e6932eca-d19b-4778-aaf7-01d1b9638bf5?alt=json HTTP/1.1" 200 None
2026-04-07 14:13:26,040 DEBUG    urllib3.connectionpool https://cloudbuild.googleapis.com:443 "GET /v1/projects/mufiedapi/locations/asia-south1/operations/e6932eca-d19b-4778-aaf7-01d1b9638bf5?alt=json HTTP/1.1" 200 None
2026-04-07 14:13:27,479 DEBUG    urllib3.connectionpool https://cloudbuild.googleapis.com:443 "GET /v1/projects/mufiedapi/locations/asia-south1/operations/e6932eca-d19b-4778-aaf7-01d1b9638bf5?alt=json HTTP/1.1" 200 None
2026-04-07 14:13:28,935 DEBUG    urllib3.connectionpool https://cloudbuild.googleapis.com:443 "GET /v1/projects/mufiedapi/locations/asia-south1/operations/e6932eca-d19b-4778-aaf7-01d1b9638bf5?alt=json HTTP/1.1" 200 None
2026-04-07 14:13:30,386 DEBUG    urllib3.connectionpool https://cloudbuild.googleapis.com:443 "GET /v1/projects/mufiedapi/locations/asia-south1/operations/e6932eca-d19b-4778-aaf7-01d1b9638bf5?alt=json HTTP/1.1" 200 None
2026-04-07 14:13:31,819 DEBUG    urllib3.connectionpool https://cloudbuild.googleapis.com:443 "GET /v1/projects/mufiedapi/locations/asia-south1/operations/e6932eca-d19b-4778-aaf7-01d1b9638bf5?alt=json HTTP/1.1" 200 None
2026-04-07 14:13:32,955 DEBUG    urllib3.connectionpool https://cloudbuild.googleapis.com:443 "GET /v1/projects/mufiedapi/locations/asia-south1/operations/e6932eca-d19b-4778-aaf7-01d1b9638bf5?alt=json HTTP/1.1" 200 None
2026-04-07 14:13:34,398 DEBUG    urllib3.connectionpool https://cloudbuild.googleapis.com:443 "GET /v1/projects/mufiedapi/locations/asia-south1/operations/e6932eca-d19b-4778-aaf7-01d1b9638bf5?alt=json HTTP/1.1" 200 None
2026-04-07 14:13:35,863 DEBUG    urllib3.connectionpool https://cloudbuild.googleapis.com:443 "GET /v1/projects/mufiedapi/locations/asia-south1/operations/e6932eca-d19b-4778-aaf7-01d1b9638bf5?alt=json HTTP/1.1" 200 None
2026-04-07 14:13:37,300 DEBUG    urllib3.connectionpool https://cloudbuild.googleapis.com:443 "GET /v1/projects/mufiedapi/locations/asia-south1/operations/e6932eca-d19b-4778-aaf7-01d1b9638bf5?alt=json HTTP/1.1" 200 None
2026-04-07 14:13:38,730 DEBUG    urllib3.connectionpool https://cloudbuild.googleapis.com:443 "GET /v1/projects/mufiedapi/locations/asia-south1/operations/e6932eca-d19b-4778-aaf7-01d1b9638bf5?alt=json HTTP/1.1" 200 None
2026-04-07 14:13:40,189 DEBUG    urllib3.connectionpool https://cloudbuild.googleapis.com:443 "GET /v1/projects/mufiedapi/locations/asia-south1/operations/e6932eca-d19b-4778-aaf7-01d1b9638bf5?alt=json HTTP/1.1" 200 None
2026-04-07 14:13:41,625 DEBUG    urllib3.connectionpool https://cloudbuild.googleapis.com:443 "GET /v1/projects/mufiedapi/locations/asia-south1/operations/e6932eca-d19b-4778-aaf7-01d1b9638bf5?alt=json HTTP/1.1" 200 None
2026-04-07 14:13:42,833 DEBUG    urllib3.connectionpool https://cloudbuild.googleapis.com:443 "GET /v1/projects/mufiedapi/locations/asia-south1/operations/e6932eca-d19b-4778-aaf7-01d1b9638bf5?alt=json HTTP/1.1" 200 None
2026-04-07 14:13:44,260 DEBUG    urllib3.connectionpool https://cloudbuild.googleapis.com:443 "GET /v1/projects/mufiedapi/locations/asia-south1/operations/e6932eca-d19b-4778-aaf7-01d1b9638bf5?alt=json HTTP/1.1" 200 None
2026-04-07 14:13:45,672 DEBUG    urllib3.connectionpool https://cloudbuild.googleapis.com:443 "GET /v1/projects/mufiedapi/locations/asia-south1/operations/e6932eca-d19b-4778-aaf7-01d1b9638bf5?alt=json HTTP/1.1" 200 None
2026-04-07 14:13:47,105 DEBUG    urllib3.connectionpool https://cloudbuild.googleapis.com:443 "GET /v1/projects/mufiedapi/locations/asia-south1/operations/e6932eca-d19b-4778-aaf7-01d1b9638bf5?alt=json HTTP/1.1" 200 None
2026-04-07 14:13:48,543 DEBUG    urllib3.connectionpool https://cloudbuild.googleapis.com:443 "GET /v1/projects/mufiedapi/locations/asia-south1/operations/e6932eca-d19b-4778-aaf7-01d1b9638bf5?alt=json HTTP/1.1" 200 None
2026-04-07 14:13:49,994 DEBUG    urllib3.connectionpool https://cloudbuild.googleapis.com:443 "GET /v1/projects/mufiedapi/locations/asia-south1/operations/e6932eca-d19b-4778-aaf7-01d1b9638bf5?alt=json HTTP/1.1" 200 None
2026-04-07 14:13:54,061 DEBUG    urllib3.connectionpool https://cloudbuild.googleapis.com:443 "GET /v1/projects/mufiedapi/locations/asia-south1/operations/e6932eca-d19b-4778-aaf7-01d1b9638bf5?alt=json HTTP/1.1" 200 None
2026-04-07 14:13:55,439 DEBUG    urllib3.connectionpool https://cloudbuild.googleapis.com:443 "GET /v1/projects/mufiedapi/locations/asia-south1/operations/e6932eca-d19b-4778-aaf7-01d1b9638bf5?alt=json HTTP/1.1" 200 None
2026-04-07 14:13:56,582 DEBUG    urllib3.connectionpool https://cloudbuild.googleapis.com:443 "GET /v1/projects/mufiedapi/locations/asia-south1/operations/e6932eca-d19b-4778-aaf7-01d1b9638bf5?alt=json HTTP/1.1" 200 None
2026-04-07 14:13:58,023 DEBUG    urllib3.connectionpool https://cloudbuild.googleapis.com:443 "GET /v1/projects/mufiedapi/locations/asia-south1/operations/e6932eca-d19b-4778-aaf7-01d1b9638bf5?alt=json HTTP/1.1" 200 None
2026-04-07 14:13:59,463 DEBUG    urllib3.connectionpool https://cloudbuild.googleapis.com:443 "GET /v1/projects/mufiedapi/locations/asia-south1/operations/e6932eca-d19b-4778-aaf7-01d1b9638bf5?alt=json HTTP/1.1" 200 None
2026-04-07 14:14:00,610 DEBUG    urllib3.connectionpool https://cloudbuild.googleapis.com:443 "GET /v1/projects/mufiedapi/locations/asia-south1/operations/e6932eca-d19b-4778-aaf7-01d1b9638bf5?alt=json HTTP/1.1" 200 None
2026-04-07 14:14:01,040 DEBUG    urllib3.connectionpool https://cloudbuild.googleapis.com:443 "GET /v1/projects/mufiedapi/locations/asia-south1/operations/e6932eca-d19b-4778-aaf7-01d1b9638bf5?alt=json HTTP/1.1" 200 None
2026-04-07 14:14:02,679 DEBUG    urllib3.connectionpool https://cloudbuild.googleapis.com:443 "GET /v1/projects/mufiedapi/locations/asia-south1/operations/e6932eca-d19b-4778-aaf7-01d1b9638bf5?alt=json HTTP/1.1" 200 None
2026-04-07 14:14:03,977 DEBUG    urllib3.connectionpool https://cloudbuild.googleapis.com:443 "GET /v1/projects/mufiedapi/locations/asia-south1/operations/e6932eca-d19b-4778-aaf7-01d1b9638bf5?alt=json HTTP/1.1" 200 None
2026-04-07 14:14:05,950 DEBUG    urllib3.connectionpool https://cloudbuild.googleapis.com:443 "GET /v1/projects/mufiedapi/locations/asia-south1/operations/e6932eca-d19b-4778-aaf7-01d1b9638bf5?alt=json HTTP/1.1" 200 None
2026-04-07 14:14:07,993 DEBUG    urllib3.connectionpool https://cloudbuild.googleapis.com:443 "GET /v1/projects/mufiedapi/locations/asia-south1/operations/e6932eca-d19b-4778-aaf7-01d1b9638bf5?alt=json HTTP/1.1" 200 None
2026-04-07 14:14:11,064 DEBUG    urllib3.connectionpool https://cloudbuild.googleapis.com:443 "GET /v1/projects/mufiedapi/locations/asia-south1/operations/e6932eca-d19b-4778-aaf7-01d1b9638bf5?alt=json HTTP/1.1" 200 None
2026-04-07 14:14:13,251 DEBUG    urllib3.connectionpool https://cloudbuild.googleapis.com:443 "GET /v1/projects/mufiedapi/locations/asia-south1/operations/e6932eca-d19b-4778-aaf7-01d1b9638bf5?alt=json HTTP/1.1" 200 None
2026-04-07 14:14:15,401 DEBUG    urllib3.connectionpool https://cloudbuild.googleapis.com:443 "GET /v1/projects/mufiedapi/locations/asia-south1/operations/e6932eca-d19b-4778-aaf7-01d1b9638bf5?alt=json HTTP/1.1" 200 None
2026-04-07 14:14:17,645 DEBUG    urllib3.connectionpool https://cloudbuild.googleapis.com:443 "GET /v1/projects/mufiedapi/locations/asia-south1/operations/e6932eca-d19b-4778-aaf7-01d1b9638bf5?alt=json HTTP/1.1" 200 None
2026-04-07 14:14:20,452 DEBUG    urllib3.connectionpool https://cloudbuild.googleapis.com:443 "GET /v1/projects/mufiedapi/locations/asia-south1/operations/e6932eca-d19b-4778-aaf7-01d1b9638bf5?alt=json HTTP/1.1" 200 None
2026-04-07 14:14:23,455 DEBUG    urllib3.connectionpool https://cloudbuild.googleapis.com:443 "GET /v1/projects/mufiedapi/locations/asia-south1/operations/e6932eca-d19b-4778-aaf7-01d1b9638bf5?alt=json HTTP/1.1" 200 None
2026-04-07 14:14:26,858 DEBUG    urllib3.connectionpool https://cloudbuild.googleapis.com:443 "GET /v1/projects/mufiedapi/locations/asia-south1/operations/e6932eca-d19b-4778-aaf7-01d1b9638bf5?alt=json HTTP/1.1" 200 None
2026-04-07 14:14:30,356 DEBUG    urllib3.connectionpool https://cloudbuild.googleapis.com:443 "GET /v1/projects/mufiedapi/locations/asia-south1/operations/e6932eca-d19b-4778-aaf7-01d1b9638bf5?alt=json HTTP/1.1" 200 None
2026-04-07 14:14:33,717 DEBUG    urllib3.connectionpool https://cloudbuild.googleapis.com:443 "GET /v1/projects/mufiedapi/locations/asia-south1/operations/e6932eca-d19b-4778-aaf7-01d1b9638bf5?alt=json HTTP/1.1" 200 None
2026-04-07 14:14:37,769 DEBUG    urllib3.connectionpool https://cloudbuild.googleapis.com:443 "GET /v1/projects/mufiedapi/locations/asia-south1/operations/e6932eca-d19b-4778-aaf7-01d1b9638bf5?alt=json HTTP/1.1" 200 None
2026-04-07 14:14:42,255 DEBUG    urllib3.connectionpool https://cloudbuild.googleapis.com:443 "GET /v1/projects/mufiedapi/locations/asia-south1/operations/e6932eca-d19b-4778-aaf7-01d1b9638bf5?alt=json HTTP/1.1" 200 None
2026-04-07 14:14:42,267 DEBUG    urllib3.connectionpool Resetting dropped connection: asia-south1-run.googleapis.com
2026-04-07 14:14:42,586 DEBUG    urllib3.connectionpool https://asia-south1-run.googleapis.com:443 "GET /apis/serving.knative.dev/v1/namespaces/mufiedapi/services/nest-api?alt=json HTTP/1.1" 200 None
2026-04-07 14:14:43,950 DEBUG    urllib3.connectionpool https://asia-south1-run.googleapis.com:443 "PUT /apis/serving.knative.dev/v1/namespaces/mufiedapi/services/nest-api?alt=json HTTP/1.1" 200 None
2026-04-07 14:14:43,956 DEBUG    urllib3.connectionpool Starting new HTTPS connection (1): run.googleapis.com:443
2026-04-07 14:14:44,650 DEBUG    urllib3.connectionpool https://run.googleapis.com:443 "GET /v1/projects/mufiedapi/locations/asia-south1/services/nest-api:getIamPolicy?alt=json HTTP/1.1" 200 None
2026-04-07 14:14:45,158 DEBUG    urllib3.connectionpool https://run.googleapis.com:443 "POST /v1/projects/mufiedapi/locations/asia-south1/services/nest-api:setIamPolicy?alt=json HTTP/1.1" 403 None
2026-04-07 14:14:54,393 DEBUG    urllib3.connectionpool https://asia-south1-run.googleapis.com:443 "POST /v1/projects/mufiedapi/locations/asia-south1/operations/2f663311-3edb-4479-b5ba-6c4e5d7f68b7:wait?alt=json HTTP/1.1" 200 None
2026-04-07 14:14:57,175 DEBUG    urllib3.connectionpool https://asia-south1-run.googleapis.com:443 "POST /v1/projects/mufiedapi/locations/asia-south1/operations/2f663311-3edb-4479-b5ba-6c4e5d7f68b7:wait?alt=json HTTP/1.1" 200 None
2026-04-07 14:14:57,286 DEBUG    urllib3.connectionpool https://asia-south1-run.googleapis.com:443 "POST /v1/projects/mufiedapi/locations/asia-south1/operations/2f663311-3edb-4479-b5ba-6c4e5d7f68b7:wait?alt=json HTTP/1.1" 200 None
2026-04-07 14:14:57,608 DEBUG    urllib3.connectionpool https://asia-south1-run.googleapis.com:443 "POST /v1/projects/mufiedapi/locations/asia-south1/operations/2f663311-3edb-4479-b5ba-6c4e5d7f68b7:wait?alt=json HTTP/1.1" 200 None
2026-04-07 14:14:57,628 INFO     ___FILE_ONLY___   Setting IAM policy failed, try "gcloud beta run services add-iam-policy-binding --region=asia-south1 --member=allUsers --role=roles/run.invoker nest-api"

2026-04-07 14:14:57,629 INFO     ___FILE_ONLY___ Service [[1mnest-api[m] revision [[1mnest-api-00025-99q[m] has been deployed and is serving [1m100[m percent of traffic.
Service URL: [1mhttps://nest-api-560137381308.asia-south1.run.app[m

2026-04-07 14:14:57,629 DEBUG    root            Chosen display Format:none
2026-04-07 14:14:57,630 INFO     root            Display format: "none"
