2026-04-07 17:46:26,593 DEBUG    root            Loaded Command Group: ['gcloud', 'run']
2026-04-07 17:46:27,473 DEBUG    root            Loaded Command Group: ['gcloud', 'run', 'deploy']
2026-04-07 17:46:27,510 DEBUG    root            Running [gcloud.run.deploy] with arguments: [--allow-unauthenticated: "True", --min-instances: "<googlecloudsdk.command_lib.run.flags.ScaleValue object at 0x00000228DDC40AD0>", --platform: "managed", --port: "8080", --region: "asia-south1", --source: ".", SERVICE: "nest-api"]
2026-04-07 17:46:27,782 DEBUG    root            Failed to check metadata server: <urlopen error [Errno 11001] getaddrinfo failed>
2026-04-07 17:46:27,783 DEBUG    root            On GCE from server: False
2026-04-07 17:46:28,034 DEBUG    root            On GCE from memory cache: False
2026-04-07 17:46:28,081 DEBUG    urllib3.connectionpool Starting new HTTPS connection (1): serviceusage.googleapis.com:443
2026-04-07 17:46:29,798 DEBUG    urllib3.connectionpool https://serviceusage.googleapis.com:443 "GET /v1/projects/mufiedapi/services/artifactregistry.googleapis.com?alt=json HTTP/1.1" 200 None
2026-04-07 17:46:29,879 DEBUG    root            On GCE from memory cache: False
2026-04-07 17:46:29,886 DEBUG    root            On GCE from memory cache: False
2026-04-07 17:46:29,893 DEBUG    urllib3.connectionpool Starting new HTTPS connection (1): serviceusage.googleapis.com:443
2026-04-07 17:46:31,572 DEBUG    urllib3.connectionpool https://serviceusage.googleapis.com:443 "GET /v1/projects/mufiedapi/services/cloudbuild.googleapis.com?alt=json HTTP/1.1" 200 None
2026-04-07 17:46:31,635 DEBUG    root            On GCE from memory cache: False
2026-04-07 17:46:31,642 DEBUG    root            On GCE from memory cache: False
2026-04-07 17:46:31,648 DEBUG    urllib3.connectionpool Starting new HTTPS connection (1): serviceusage.googleapis.com:443
2026-04-07 17:46:33,381 DEBUG    urllib3.connectionpool https://serviceusage.googleapis.com:443 "GET /v1/projects/mufiedapi/services/run.googleapis.com?alt=json HTTP/1.1" 200 None
2026-04-07 17:46:33,448 DEBUG    root            On GCE from memory cache: False
2026-04-07 17:46:33,455 DEBUG    root            On GCE from memory cache: False
2026-04-07 17:46:33,465 DEBUG    root            On GCE from memory cache: False
2026-04-07 17:46:33,475 DEBUG    urllib3.connectionpool Starting new HTTPS connection (1): asia-south1-run.googleapis.com:443
2026-04-07 17:46:33,873 DEBUG    urllib3.connectionpool https://asia-south1-run.googleapis.com:443 "GET /apis/serving.knative.dev/v1/namespaces/mufiedapi/services/nest-api?alt=json HTTP/1.1" 200 None
2026-04-07 17:46:33,877 DEBUG    root            source_location: gs://run-sources-mufiedapi-asia-south1/services/nest-api/1775563173.785735-19b644172f2e4f44b5cbaf517eab9a9a.zip#1775563174920145
2026-04-07 17:46:33,878 DEBUG    root            Existing source_bucket: run-sources-mufiedapi-asia-south1
2026-04-07 17:46:33,880 DEBUG    root            On GCE from memory cache: False
2026-04-07 17:46:33,905 DEBUG    urllib3.connectionpool Starting new HTTPS connection (1): artifactregistry.googleapis.com:443
2026-04-07 17:46:34,832 DEBUG    urllib3.connectionpool https://artifactregistry.googleapis.com:443 "GET /v1/projects/mufiedapi/locations/asia-south1/repositories/cloud-run-source-deploy?alt=json HTTP/1.1" 200 None
2026-04-07 17:46:34,920 DEBUG    root            On GCE from memory cache: False
2026-04-07 17:46:34,956 DEBUG    urllib3.connectionpool Starting new HTTPS connection (1): cloudbuild.googleapis.com:443
2026-04-07 17:46:35,665 DEBUG    urllib3.connectionpool https://cloudbuild.googleapis.com:443 "GET /v1/projects/mufiedapi/locations/asia-south1/defaultServiceAccount?alt=json HTTP/1.1" 200 None
2026-04-07 17:46:35,669 DEBUG    root            On GCE from memory cache: False
2026-04-07 17:46:35,682 DEBUG    urllib3.connectionpool Starting new HTTPS connection (1): iam.googleapis.com:443
2026-04-07 17:46:37,306 DEBUG    urllib3.connectionpool https://iam.googleapis.com:443 "GET /v1/projects/-/serviceAccounts/560137381308-compute@developer.gserviceaccount.com?alt=json HTTP/1.1" 200 None
2026-04-07 17:46:37,310 INFO     ___FILE_ONLY___ Building using Dockerfile and deploying container to Cloud Run service [[1mnest-api[m] in project [[1mmufiedapi[m] region [[1masia-south1[m]

2026-04-07 17:46:37,315 INFO     ___FILE_ONLY___ Building and deploying...
2026-04-07 17:46:38,776 DEBUG    urllib3.connectionpool https://asia-south1-run.googleapis.com:443 "PUT /apis/serving.knative.dev/v1/namespaces/mufiedapi/services/nest-api?alt=json&dryRun=all HTTP/1.1" 200 None
2026-04-07 17:46:38,788 DEBUG    root            On GCE from memory cache: False
2026-04-07 17:46:38,819 DEBUG    root            Creating bucket run-sources-mufiedapi-asia-south1 in region asia-south1
2026-04-07 17:46:38,821 DEBUG    urllib3.connectionpool Starting new HTTPS connection (1): storage.googleapis.com:443
2026-04-07 17:46:39,066 DEBUG    urllib3.connectionpool https://storage.googleapis.com:443 "GET /storage/v1/b/run-sources-mufiedapi-asia-south1?alt=json HTTP/1.1" 200 1276
2026-04-07 17:46:39,556 DEBUG    urllib3.connectionpool https://storage.googleapis.com:443 "GET /storage/v1/b?alt=json&maxResults=1000&prefix=run-sources-mufiedapi-asia-south1&project=mufiedapi HTTP/1.1" 200 1522
2026-04-07 17:46:39,561 DEBUG    root            Uploading source to gs://run-sources-mufiedapi-asia-south1/services/nest-api/1775564199.561768-8a5873fc186f469b8833554feb49aa44.zip
2026-04-07 17:46:39,565 INFO     root            Using ignore file at [.\.gcloudignore].
2026-04-07 17:46:39,567 DEBUG    root            Skipping file [.env]
2026-04-07 17:46:39,567 DEBUG    root            Skipping file [.env.example]
2026-04-07 17:46:39,568 DEBUG    root            Skipping file [.gitignore]
2026-04-07 17:46:39,570 DEBUG    root            Skipping file [.firebase]
2026-04-07 17:46:39,570 DEBUG    root            Skipping file [dist]
2026-04-07 17:46:39,571 DEBUG    root            Skipping file [node_modules]
2026-04-07 17:46:39,631 INFO     root            Using ignore file [.\.gcloudignore]
2026-04-07 17:46:39,730 INFO     root            Uploading [C:\Users\ADMIN\AppData\Local\Temp\tmpbftdjvo5\file.zip] to [run-sources-mufiedapi-asia-south1/services/nest-api/1775564199.561768-8a5873fc186f469b8833554feb49aa44.zip]
2026-04-07 17:46:40,030 DEBUG    urllib3.connectionpool https://storage.googleapis.com:443 "POST /upload/storage/v1/b/run-sources-mufiedapi-asia-south1/o?alt=json&name=services%2Fnest-api%2F1775564199.561768-8a5873fc186f469b8833554feb49aa44.zip&uploadType=multipart HTTP/1.1" 200 1138
2026-04-07 17:46:40,063 DEBUG    root            On GCE from memory cache: False
2026-04-07 17:46:40,075 DEBUG    urllib3.connectionpool Starting new HTTPS connection (1): asia-south1-run.googleapis.com:443
2026-04-07 17:46:42,684 DEBUG    urllib3.connectionpool https://asia-south1-run.googleapis.com:443 "POST /v2/projects/mufiedapi/locations/asia-south1/builds:submit?alt=json HTTP/1.1" 200 None
2026-04-07 17:46:42,706 DEBUG    root            On GCE from memory cache: False
2026-04-07 17:46:42,715 DEBUG    urllib3.connectionpool Starting new HTTPS connection (1): cloudbuild.googleapis.com:443
2026-04-07 17:46:43,510 DEBUG    urllib3.connectionpool https://cloudbuild.googleapis.com:443 "GET /v1/projects/mufiedapi/locations/asia-south1/operations/2db8ec01-b794-4dad-9a0e-9b7b9c8465f7?alt=json HTTP/1.1" 200 None
2026-04-07 17:46:45,023 DEBUG    urllib3.connectionpool https://cloudbuild.googleapis.com:443 "GET /v1/projects/mufiedapi/locations/asia-south1/operations/2db8ec01-b794-4dad-9a0e-9b7b9c8465f7?alt=json HTTP/1.1" 200 None
2026-04-07 17:46:46,496 DEBUG    urllib3.connectionpool https://cloudbuild.googleapis.com:443 "GET /v1/projects/mufiedapi/locations/asia-south1/operations/2db8ec01-b794-4dad-9a0e-9b7b9c8465f7?alt=json HTTP/1.1" 200 None
2026-04-07 17:46:47,744 DEBUG    urllib3.connectionpool https://cloudbuild.googleapis.com:443 "GET /v1/projects/mufiedapi/locations/asia-south1/operations/2db8ec01-b794-4dad-9a0e-9b7b9c8465f7?alt=json HTTP/1.1" 200 None
2026-04-07 17:46:49,191 DEBUG    urllib3.connectionpool https://cloudbuild.googleapis.com:443 "GET /v1/projects/mufiedapi/locations/asia-south1/operations/2db8ec01-b794-4dad-9a0e-9b7b9c8465f7?alt=json HTTP/1.1" 200 None
2026-04-07 17:46:50,611 DEBUG    urllib3.connectionpool https://cloudbuild.googleapis.com:443 "GET /v1/projects/mufiedapi/locations/asia-south1/operations/2db8ec01-b794-4dad-9a0e-9b7b9c8465f7?alt=json HTTP/1.1" 200 None
2026-04-07 17:46:52,054 DEBUG    urllib3.connectionpool https://cloudbuild.googleapis.com:443 "GET /v1/projects/mufiedapi/locations/asia-south1/operations/2db8ec01-b794-4dad-9a0e-9b7b9c8465f7?alt=json HTTP/1.1" 200 None
2026-04-07 17:46:53,505 DEBUG    urllib3.connectionpool https://cloudbuild.googleapis.com:443 "GET /v1/projects/mufiedapi/locations/asia-south1/operations/2db8ec01-b794-4dad-9a0e-9b7b9c8465f7?alt=json HTTP/1.1" 200 None
2026-04-07 17:46:54,966 DEBUG    urllib3.connectionpool https://cloudbuild.googleapis.com:443 "GET /v1/projects/mufiedapi/locations/asia-south1/operations/2db8ec01-b794-4dad-9a0e-9b7b9c8465f7?alt=json HTTP/1.1" 200 None
2026-04-07 17:46:56,413 DEBUG    urllib3.connectionpool https://cloudbuild.googleapis.com:443 "GET /v1/projects/mufiedapi/locations/asia-south1/operations/2db8ec01-b794-4dad-9a0e-9b7b9c8465f7?alt=json HTTP/1.1" 200 None
2026-04-07 17:46:57,867 DEBUG    urllib3.connectionpool https://cloudbuild.googleapis.com:443 "GET /v1/projects/mufiedapi/locations/asia-south1/operations/2db8ec01-b794-4dad-9a0e-9b7b9c8465f7?alt=json HTTP/1.1" 200 None
2026-04-07 17:46:59,298 DEBUG    urllib3.connectionpool https://cloudbuild.googleapis.com:443 "GET /v1/projects/mufiedapi/locations/asia-south1/operations/2db8ec01-b794-4dad-9a0e-9b7b9c8465f7?alt=json HTTP/1.1" 200 None
2026-04-07 17:47:00,763 DEBUG    urllib3.connectionpool https://cloudbuild.googleapis.com:443 "GET /v1/projects/mufiedapi/locations/asia-south1/operations/2db8ec01-b794-4dad-9a0e-9b7b9c8465f7?alt=json HTTP/1.1" 200 None
2026-04-07 17:47:02,197 DEBUG    urllib3.connectionpool https://cloudbuild.googleapis.com:443 "GET /v1/projects/mufiedapi/locations/asia-south1/operations/2db8ec01-b794-4dad-9a0e-9b7b9c8465f7?alt=json HTTP/1.1" 200 None
2026-04-07 17:47:03,642 DEBUG    urllib3.connectionpool https://cloudbuild.googleapis.com:443 "GET /v1/projects/mufiedapi/locations/asia-south1/operations/2db8ec01-b794-4dad-9a0e-9b7b9c8465f7?alt=json HTTP/1.1" 200 None
2026-04-07 17:47:05,143 DEBUG    urllib3.connectionpool https://cloudbuild.googleapis.com:443 "GET /v1/projects/mufiedapi/locations/asia-south1/operations/2db8ec01-b794-4dad-9a0e-9b7b9c8465f7?alt=json HTTP/1.1" 200 None
2026-04-07 17:47:06,606 DEBUG    urllib3.connectionpool https://cloudbuild.googleapis.com:443 "GET /v1/projects/mufiedapi/locations/asia-south1/operations/2db8ec01-b794-4dad-9a0e-9b7b9c8465f7?alt=json HTTP/1.1" 200 None
2026-04-07 17:47:07,811 DEBUG    urllib3.connectionpool https://cloudbuild.googleapis.com:443 "GET /v1/projects/mufiedapi/locations/asia-south1/operations/2db8ec01-b794-4dad-9a0e-9b7b9c8465f7?alt=json HTTP/1.1" 200 None
2026-04-07 17:47:08,954 DEBUG    urllib3.connectionpool https://cloudbuild.googleapis.com:443 "GET /v1/projects/mufiedapi/locations/asia-south1/operations/2db8ec01-b794-4dad-9a0e-9b7b9c8465f7?alt=json HTTP/1.1" 200 None
2026-04-07 17:47:10,473 DEBUG    urllib3.connectionpool https://cloudbuild.googleapis.com:443 "GET /v1/projects/mufiedapi/locations/asia-south1/operations/2db8ec01-b794-4dad-9a0e-9b7b9c8465f7?alt=json HTTP/1.1" 200 None
2026-04-07 17:47:11,949 DEBUG    urllib3.connectionpool https://cloudbuild.googleapis.com:443 "GET /v1/projects/mufiedapi/locations/asia-south1/operations/2db8ec01-b794-4dad-9a0e-9b7b9c8465f7?alt=json HTTP/1.1" 200 None
2026-04-07 17:47:13,383 DEBUG    urllib3.connectionpool https://cloudbuild.googleapis.com:443 "GET /v1/projects/mufiedapi/locations/asia-south1/operations/2db8ec01-b794-4dad-9a0e-9b7b9c8465f7?alt=json HTTP/1.1" 200 None
2026-04-07 17:47:14,524 DEBUG    urllib3.connectionpool https://cloudbuild.googleapis.com:443 "GET /v1/projects/mufiedapi/locations/asia-south1/operations/2db8ec01-b794-4dad-9a0e-9b7b9c8465f7?alt=json HTTP/1.1" 200 None
2026-04-07 17:47:15,670 DEBUG    urllib3.connectionpool https://cloudbuild.googleapis.com:443 "GET /v1/projects/mufiedapi/locations/asia-south1/operations/2db8ec01-b794-4dad-9a0e-9b7b9c8465f7?alt=json HTTP/1.1" 200 None
2026-04-07 17:47:16,834 DEBUG    urllib3.connectionpool https://cloudbuild.googleapis.com:443 "GET /v1/projects/mufiedapi/locations/asia-south1/operations/2db8ec01-b794-4dad-9a0e-9b7b9c8465f7?alt=json HTTP/1.1" 200 None
2026-04-07 17:47:18,275 DEBUG    urllib3.connectionpool https://cloudbuild.googleapis.com:443 "GET /v1/projects/mufiedapi/locations/asia-south1/operations/2db8ec01-b794-4dad-9a0e-9b7b9c8465f7?alt=json HTTP/1.1" 200 None
2026-04-07 17:47:19,691 DEBUG    urllib3.connectionpool https://cloudbuild.googleapis.com:443 "GET /v1/projects/mufiedapi/locations/asia-south1/operations/2db8ec01-b794-4dad-9a0e-9b7b9c8465f7?alt=json HTTP/1.1" 200 None
2026-04-07 17:47:21,130 DEBUG    urllib3.connectionpool https://cloudbuild.googleapis.com:443 "GET /v1/projects/mufiedapi/locations/asia-south1/operations/2db8ec01-b794-4dad-9a0e-9b7b9c8465f7?alt=json HTTP/1.1" 200 None
2026-04-07 17:47:22,559 DEBUG    urllib3.connectionpool https://cloudbuild.googleapis.com:443 "GET /v1/projects/mufiedapi/locations/asia-south1/operations/2db8ec01-b794-4dad-9a0e-9b7b9c8465f7?alt=json HTTP/1.1" 200 None
2026-04-07 17:47:23,807 DEBUG    urllib3.connectionpool https://cloudbuild.googleapis.com:443 "GET /v1/projects/mufiedapi/locations/asia-south1/operations/2db8ec01-b794-4dad-9a0e-9b7b9c8465f7?alt=json HTTP/1.1" 200 None
2026-04-07 17:47:25,250 DEBUG    urllib3.connectionpool https://cloudbuild.googleapis.com:443 "GET /v1/projects/mufiedapi/locations/asia-south1/operations/2db8ec01-b794-4dad-9a0e-9b7b9c8465f7?alt=json HTTP/1.1" 200 None
2026-04-07 17:47:26,679 DEBUG    urllib3.connectionpool https://cloudbuild.googleapis.com:443 "GET /v1/projects/mufiedapi/locations/asia-south1/operations/2db8ec01-b794-4dad-9a0e-9b7b9c8465f7?alt=json HTTP/1.1" 200 None
2026-04-07 17:47:27,819 DEBUG    urllib3.connectionpool https://cloudbuild.googleapis.com:443 "GET /v1/projects/mufiedapi/locations/asia-south1/operations/2db8ec01-b794-4dad-9a0e-9b7b9c8465f7?alt=json HTTP/1.1" 200 None
2026-04-07 17:47:29,252 DEBUG    urllib3.connectionpool https://cloudbuild.googleapis.com:443 "GET /v1/projects/mufiedapi/locations/asia-south1/operations/2db8ec01-b794-4dad-9a0e-9b7b9c8465f7?alt=json HTTP/1.1" 200 None
2026-04-07 17:47:30,702 DEBUG    urllib3.connectionpool https://cloudbuild.googleapis.com:443 "GET /v1/projects/mufiedapi/locations/asia-south1/operations/2db8ec01-b794-4dad-9a0e-9b7b9c8465f7?alt=json HTTP/1.1" 200 None
2026-04-07 17:47:48,730 DEBUG    urllib3.connectionpool https://cloudbuild.googleapis.com:443 "GET /v1/projects/mufiedapi/locations/asia-south1/operations/2db8ec01-b794-4dad-9a0e-9b7b9c8465f7?alt=json HTTP/1.1" 200 None
2026-04-07 17:47:49,377 DEBUG    urllib3.connectionpool https://cloudbuild.googleapis.com:443 "GET /v1/projects/mufiedapi/locations/asia-south1/operations/2db8ec01-b794-4dad-9a0e-9b7b9c8465f7?alt=json HTTP/1.1" 200 None
2026-04-07 17:47:51,157 DEBUG    urllib3.connectionpool https://cloudbuild.googleapis.com:443 "GET /v1/projects/mufiedapi/locations/asia-south1/operations/2db8ec01-b794-4dad-9a0e-9b7b9c8465f7?alt=json HTTP/1.1" 200 None
2026-04-07 17:47:52,910 DEBUG    urllib3.connectionpool https://cloudbuild.googleapis.com:443 "GET /v1/projects/mufiedapi/locations/asia-south1/operations/2db8ec01-b794-4dad-9a0e-9b7b9c8465f7?alt=json HTTP/1.1" 200 None
2026-04-07 17:47:54,937 DEBUG    urllib3.connectionpool https://cloudbuild.googleapis.com:443 "GET /v1/projects/mufiedapi/locations/asia-south1/operations/2db8ec01-b794-4dad-9a0e-9b7b9c8465f7?alt=json HTTP/1.1" 200 None
2026-04-07 17:47:56,948 DEBUG    urllib3.connectionpool https://cloudbuild.googleapis.com:443 "GET /v1/projects/mufiedapi/locations/asia-south1/operations/2db8ec01-b794-4dad-9a0e-9b7b9c8465f7?alt=json HTTP/1.1" 200 None
2026-04-07 17:47:59,348 DEBUG    urllib3.connectionpool https://cloudbuild.googleapis.com:443 "GET /v1/projects/mufiedapi/locations/asia-south1/operations/2db8ec01-b794-4dad-9a0e-9b7b9c8465f7?alt=json HTTP/1.1" 200 None
2026-04-07 17:48:01,491 DEBUG    urllib3.connectionpool https://cloudbuild.googleapis.com:443 "GET /v1/projects/mufiedapi/locations/asia-south1/operations/2db8ec01-b794-4dad-9a0e-9b7b9c8465f7?alt=json HTTP/1.1" 200 None
2026-04-07 17:48:03,974 DEBUG    urllib3.connectionpool https://cloudbuild.googleapis.com:443 "GET /v1/projects/mufiedapi/locations/asia-south1/operations/2db8ec01-b794-4dad-9a0e-9b7b9c8465f7?alt=json HTTP/1.1" 200 None
2026-04-07 17:48:06,357 DEBUG    urllib3.connectionpool https://cloudbuild.googleapis.com:443 "GET /v1/projects/mufiedapi/locations/asia-south1/operations/2db8ec01-b794-4dad-9a0e-9b7b9c8465f7?alt=json HTTP/1.1" 200 None
2026-04-07 17:48:08,804 DEBUG    urllib3.connectionpool https://cloudbuild.googleapis.com:443 "GET /v1/projects/mufiedapi/locations/asia-south1/operations/2db8ec01-b794-4dad-9a0e-9b7b9c8465f7?alt=json HTTP/1.1" 200 None
2026-04-07 17:48:11,707 DEBUG    urllib3.connectionpool https://cloudbuild.googleapis.com:443 "GET /v1/projects/mufiedapi/locations/asia-south1/operations/2db8ec01-b794-4dad-9a0e-9b7b9c8465f7?alt=json HTTP/1.1" 200 None
2026-04-07 17:48:14,548 DEBUG    urllib3.connectionpool https://cloudbuild.googleapis.com:443 "GET /v1/projects/mufiedapi/locations/asia-south1/operations/2db8ec01-b794-4dad-9a0e-9b7b9c8465f7?alt=json HTTP/1.1" 200 None
2026-04-07 17:48:17,770 DEBUG    urllib3.connectionpool https://cloudbuild.googleapis.com:443 "GET /v1/projects/mufiedapi/locations/asia-south1/operations/2db8ec01-b794-4dad-9a0e-9b7b9c8465f7?alt=json HTTP/1.1" 200 None
2026-04-07 17:48:21,776 DEBUG    urllib3.connectionpool https://cloudbuild.googleapis.com:443 "GET /v1/projects/mufiedapi/locations/asia-south1/operations/2db8ec01-b794-4dad-9a0e-9b7b9c8465f7?alt=json HTTP/1.1" 200 None
2026-04-07 17:48:25,756 DEBUG    urllib3.connectionpool https://cloudbuild.googleapis.com:443 "GET /v1/projects/mufiedapi/locations/asia-south1/operations/2db8ec01-b794-4dad-9a0e-9b7b9c8465f7?alt=json HTTP/1.1" 200 None
2026-04-07 17:48:30,508 DEBUG    urllib3.connectionpool https://cloudbuild.googleapis.com:443 "GET /v1/projects/mufiedapi/locations/asia-south1/operations/2db8ec01-b794-4dad-9a0e-9b7b9c8465f7?alt=json HTTP/1.1" 200 None
2026-04-07 17:48:30,835 DEBUG    urllib3.connectionpool https://asia-south1-run.googleapis.com:443 "GET /apis/serving.knative.dev/v1/namespaces/mufiedapi/services/nest-api?alt=json HTTP/1.1" 200 None
2026-04-07 17:48:32,237 DEBUG    urllib3.connectionpool https://asia-south1-run.googleapis.com:443 "PUT /apis/serving.knative.dev/v1/namespaces/mufiedapi/services/nest-api?alt=json HTTP/1.1" 200 None
2026-04-07 17:48:32,247 DEBUG    urllib3.connectionpool Starting new HTTPS connection (1): run.googleapis.com:443
2026-04-07 17:48:32,937 DEBUG    urllib3.connectionpool https://run.googleapis.com:443 "GET /v1/projects/mufiedapi/locations/asia-south1/services/nest-api:getIamPolicy?alt=json HTTP/1.1" 200 None
2026-04-07 17:48:33,343 DEBUG    urllib3.connectionpool https://run.googleapis.com:443 "POST /v1/projects/mufiedapi/locations/asia-south1/services/nest-api:setIamPolicy?alt=json HTTP/1.1" 403 None
2026-04-07 17:48:42,109 DEBUG    urllib3.connectionpool https://asia-south1-run.googleapis.com:443 "POST /v1/projects/mufiedapi/locations/asia-south1/operations/00ad7ab0-4d43-4d86-a052-5313a14e4f17:wait?alt=json HTTP/1.1" 200 None
2026-04-07 17:48:42,277 DEBUG    urllib3.connectionpool https://asia-south1-run.googleapis.com:443 "POST /v1/projects/mufiedapi/locations/asia-south1/operations/00ad7ab0-4d43-4d86-a052-5313a14e4f17:wait?alt=json HTTP/1.1" 200 None
2026-04-07 17:48:42,449 DEBUG    urllib3.connectionpool https://asia-south1-run.googleapis.com:443 "POST /v1/projects/mufiedapi/locations/asia-south1/operations/00ad7ab0-4d43-4d86-a052-5313a14e4f17:wait?alt=json HTTP/1.1" 200 None
2026-04-07 17:48:42,547 INFO     ___FILE_ONLY___   Setting IAM policy failed, try "gcloud beta run services add-iam-policy-binding --region=asia-south1 --member=allUsers --role=roles/run.invoker nest-api"

2026-04-07 17:48:42,548 INFO     ___FILE_ONLY___ Service [[1mnest-api[m] revision [[1mnest-api-00027-9q8[m] has been deployed and is serving [1m100[m percent of traffic.
Service URL: [1mhttps://nest-api-560137381308.asia-south1.run.app[m

2026-04-07 17:48:42,548 DEBUG    root            Chosen display Format:none
2026-04-07 17:48:42,549 INFO     root            Display format: "none"
