2026-04-07 18:14:24,711 DEBUG    root            Loaded Command Group: ['gcloud', 'run']
2026-04-07 18:14:25,805 DEBUG    root            Loaded Command Group: ['gcloud', 'run', 'deploy']
2026-04-07 18:14:25,837 DEBUG    root            Running [gcloud.run.deploy] with arguments: [--allow-unauthenticated: "True", --min-instances: "<googlecloudsdk.command_lib.run.flags.ScaleValue object at 0x0000021985D30AD0>", --platform: "managed", --port: "8080", --region: "asia-south1", --source: ".", SERVICE: "nest-api"]
2026-04-07 18:14:26,055 DEBUG    root            Failed to check metadata server: <urlopen error [Errno 11001] getaddrinfo failed>
2026-04-07 18:14:26,056 DEBUG    root            On GCE from server: False
2026-04-07 18:14:26,162 DEBUG    root            On GCE from memory cache: False
2026-04-07 18:14:26,214 DEBUG    urllib3.connectionpool Starting new HTTPS connection (1): serviceusage.googleapis.com:443
2026-04-07 18:14:27,960 DEBUG    urllib3.connectionpool https://serviceusage.googleapis.com:443 "GET /v1/projects/mufiedapi/services/artifactregistry.googleapis.com?alt=json HTTP/1.1" 200 None
2026-04-07 18:14:28,028 DEBUG    root            On GCE from memory cache: False
2026-04-07 18:14:28,038 DEBUG    root            On GCE from memory cache: False
2026-04-07 18:14:28,044 DEBUG    urllib3.connectionpool Starting new HTTPS connection (1): serviceusage.googleapis.com:443
2026-04-07 18:14:29,685 DEBUG    urllib3.connectionpool https://serviceusage.googleapis.com:443 "GET /v1/projects/mufiedapi/services/cloudbuild.googleapis.com?alt=json HTTP/1.1" 200 None
2026-04-07 18:14:29,731 DEBUG    root            On GCE from memory cache: False
2026-04-07 18:14:29,737 DEBUG    root            On GCE from memory cache: False
2026-04-07 18:14:29,743 DEBUG    urllib3.connectionpool Starting new HTTPS connection (1): serviceusage.googleapis.com:443
2026-04-07 18:14:31,382 DEBUG    urllib3.connectionpool https://serviceusage.googleapis.com:443 "GET /v1/projects/mufiedapi/services/run.googleapis.com?alt=json HTTP/1.1" 200 None
2026-04-07 18:14:31,471 DEBUG    root            On GCE from memory cache: False
2026-04-07 18:14:31,481 DEBUG    root            On GCE from memory cache: False
2026-04-07 18:14:31,505 DEBUG    root            On GCE from memory cache: False
2026-04-07 18:14:31,515 DEBUG    urllib3.connectionpool Starting new HTTPS connection (1): asia-south1-run.googleapis.com:443
2026-04-07 18:14:31,866 DEBUG    urllib3.connectionpool https://asia-south1-run.googleapis.com:443 "GET /apis/serving.knative.dev/v1/namespaces/mufiedapi/services/nest-api?alt=json HTTP/1.1" 200 None
2026-04-07 18:14:31,870 DEBUG    root            source_location: gs://run-sources-mufiedapi-asia-south1/services/nest-api/1775564199.561768-8a5873fc186f469b8833554feb49aa44.zip#1775564200015642
2026-04-07 18:14:31,870 DEBUG    root            Existing source_bucket: run-sources-mufiedapi-asia-south1
2026-04-07 18:14:31,872 DEBUG    root            On GCE from memory cache: False
2026-04-07 18:14:31,906 DEBUG    urllib3.connectionpool Starting new HTTPS connection (1): artifactregistry.googleapis.com:443
2026-04-07 18:14:32,585 DEBUG    urllib3.connectionpool https://artifactregistry.googleapis.com:443 "GET /v1/projects/mufiedapi/locations/asia-south1/repositories/cloud-run-source-deploy?alt=json HTTP/1.1" 200 None
2026-04-07 18:14:32,590 DEBUG    root            On GCE from memory cache: False
2026-04-07 18:14:32,613 DEBUG    urllib3.connectionpool Starting new HTTPS connection (1): cloudbuild.googleapis.com:443
2026-04-07 18:14:33,241 DEBUG    urllib3.connectionpool https://cloudbuild.googleapis.com:443 "GET /v1/projects/mufiedapi/locations/asia-south1/defaultServiceAccount?alt=json HTTP/1.1" 200 None
2026-04-07 18:14:33,245 DEBUG    root            On GCE from memory cache: False
2026-04-07 18:14:33,257 DEBUG    urllib3.connectionpool Starting new HTTPS connection (1): iam.googleapis.com:443
2026-04-07 18:14:34,834 DEBUG    urllib3.connectionpool https://iam.googleapis.com:443 "GET /v1/projects/-/serviceAccounts/560137381308-compute@developer.gserviceaccount.com?alt=json HTTP/1.1" 200 None
2026-04-07 18:14:34,836 INFO     ___FILE_ONLY___ Building using Dockerfile and deploying container to Cloud Run service [[1mnest-api[m] in project [[1mmufiedapi[m] region [[1masia-south1[m]

2026-04-07 18:14:34,841 INFO     ___FILE_ONLY___ Building and deploying...
2026-04-07 18:14:36,447 DEBUG    urllib3.connectionpool https://asia-south1-run.googleapis.com:443 "PUT /apis/serving.knative.dev/v1/namespaces/mufiedapi/services/nest-api?alt=json&dryRun=all HTTP/1.1" 200 None
2026-04-07 18:14:36,456 DEBUG    root            On GCE from memory cache: False
2026-04-07 18:14:36,480 DEBUG    root            Creating bucket run-sources-mufiedapi-asia-south1 in region asia-south1
2026-04-07 18:14:36,482 DEBUG    urllib3.connectionpool Starting new HTTPS connection (1): storage.googleapis.com:443
2026-04-07 18:14:36,937 DEBUG    urllib3.connectionpool https://storage.googleapis.com:443 "GET /storage/v1/b/run-sources-mufiedapi-asia-south1?alt=json HTTP/1.1" 200 1276
2026-04-07 18:14:37,473 DEBUG    urllib3.connectionpool https://storage.googleapis.com:443 "GET /storage/v1/b?alt=json&maxResults=1000&prefix=run-sources-mufiedapi-asia-south1&project=mufiedapi HTTP/1.1" 200 1522
2026-04-07 18:14:37,475 DEBUG    root            Uploading source to gs://run-sources-mufiedapi-asia-south1/services/nest-api/1775565877.475361-5ec5396a9dc64b51acd17160ab1c57d0.zip
2026-04-07 18:14:37,479 INFO     root            Using ignore file at [.\.gcloudignore].
2026-04-07 18:14:37,480 DEBUG    root            Skipping file [.env]
2026-04-07 18:14:37,480 DEBUG    root            Skipping file [.env.example]
2026-04-07 18:14:37,481 DEBUG    root            Skipping file [.gitignore]
2026-04-07 18:14:37,482 DEBUG    root            Skipping file [.firebase]
2026-04-07 18:14:37,483 DEBUG    root            Skipping file [dist]
2026-04-07 18:14:37,483 DEBUG    root            Skipping file [node_modules]
2026-04-07 18:14:37,550 INFO     root            Using ignore file [.\.gcloudignore]
2026-04-07 18:14:37,643 INFO     root            Uploading [C:\Users\ADMIN\AppData\Local\Temp\tmp5rcs7yia\file.zip] to [run-sources-mufiedapi-asia-south1/services/nest-api/1775565877.475361-5ec5396a9dc64b51acd17160ab1c57d0.zip]
2026-04-07 18:14:38,058 DEBUG    urllib3.connectionpool https://storage.googleapis.com:443 "POST /upload/storage/v1/b/run-sources-mufiedapi-asia-south1/o?alt=json&name=services%2Fnest-api%2F1775565877.475361-5ec5396a9dc64b51acd17160ab1c57d0.zip&uploadType=multipart HTTP/1.1" 200 1138
2026-04-07 18:14:38,097 DEBUG    root            On GCE from memory cache: False
2026-04-07 18:14:38,105 DEBUG    urllib3.connectionpool Starting new HTTPS connection (1): asia-south1-run.googleapis.com:443
2026-04-07 18:14:41,791 DEBUG    urllib3.connectionpool https://asia-south1-run.googleapis.com:443 "POST /v2/projects/mufiedapi/locations/asia-south1/builds:submit?alt=json HTTP/1.1" 200 None
2026-04-07 18:14:41,811 DEBUG    root            On GCE from memory cache: False
2026-04-07 18:14:41,822 DEBUG    urllib3.connectionpool Starting new HTTPS connection (1): cloudbuild.googleapis.com:443
2026-04-07 18:14:42,413 DEBUG    urllib3.connectionpool https://cloudbuild.googleapis.com:443 "GET /v1/projects/mufiedapi/locations/asia-south1/operations/5d31d008-7186-4ed5-9854-635df98d37a5?alt=json HTTP/1.1" 200 None
2026-04-07 18:14:43,863 DEBUG    urllib3.connectionpool https://cloudbuild.googleapis.com:443 "GET /v1/projects/mufiedapi/locations/asia-south1/operations/5d31d008-7186-4ed5-9854-635df98d37a5?alt=json HTTP/1.1" 200 None
2026-04-07 18:14:45,378 DEBUG    urllib3.connectionpool https://cloudbuild.googleapis.com:443 "GET /v1/projects/mufiedapi/locations/asia-south1/operations/5d31d008-7186-4ed5-9854-635df98d37a5?alt=json HTTP/1.1" 200 None
2026-04-07 18:14:46,808 DEBUG    urllib3.connectionpool https://cloudbuild.googleapis.com:443 "GET /v1/projects/mufiedapi/locations/asia-south1/operations/5d31d008-7186-4ed5-9854-635df98d37a5?alt=json HTTP/1.1" 200 None
2026-04-07 18:14:48,247 DEBUG    urllib3.connectionpool https://cloudbuild.googleapis.com:443 "GET /v1/projects/mufiedapi/locations/asia-south1/operations/5d31d008-7186-4ed5-9854-635df98d37a5?alt=json HTTP/1.1" 200 None
2026-04-07 18:14:49,800 DEBUG    urllib3.connectionpool https://cloudbuild.googleapis.com:443 "GET /v1/projects/mufiedapi/locations/asia-south1/operations/5d31d008-7186-4ed5-9854-635df98d37a5?alt=json HTTP/1.1" 200 None
2026-04-07 18:14:50,937 DEBUG    urllib3.connectionpool https://cloudbuild.googleapis.com:443 "GET /v1/projects/mufiedapi/locations/asia-south1/operations/5d31d008-7186-4ed5-9854-635df98d37a5?alt=json HTTP/1.1" 200 None
2026-04-07 18:14:52,358 DEBUG    urllib3.connectionpool https://cloudbuild.googleapis.com:443 "GET /v1/projects/mufiedapi/locations/asia-south1/operations/5d31d008-7186-4ed5-9854-635df98d37a5?alt=json HTTP/1.1" 200 None
2026-04-07 18:14:53,827 DEBUG    urllib3.connectionpool https://cloudbuild.googleapis.com:443 "GET /v1/projects/mufiedapi/locations/asia-south1/operations/5d31d008-7186-4ed5-9854-635df98d37a5?alt=json HTTP/1.1" 200 None
2026-04-07 18:14:54,969 DEBUG    urllib3.connectionpool https://cloudbuild.googleapis.com:443 "GET /v1/projects/mufiedapi/locations/asia-south1/operations/5d31d008-7186-4ed5-9854-635df98d37a5?alt=json HTTP/1.1" 200 None
2026-04-07 18:14:56,388 DEBUG    urllib3.connectionpool https://cloudbuild.googleapis.com:443 "GET /v1/projects/mufiedapi/locations/asia-south1/operations/5d31d008-7186-4ed5-9854-635df98d37a5?alt=json HTTP/1.1" 200 None
2026-04-07 18:14:57,889 DEBUG    urllib3.connectionpool https://cloudbuild.googleapis.com:443 "GET /v1/projects/mufiedapi/locations/asia-south1/operations/5d31d008-7186-4ed5-9854-635df98d37a5?alt=json HTTP/1.1" 200 None
2026-04-07 18:14:59,035 DEBUG    urllib3.connectionpool https://cloudbuild.googleapis.com:443 "GET /v1/projects/mufiedapi/locations/asia-south1/operations/5d31d008-7186-4ed5-9854-635df98d37a5?alt=json HTTP/1.1" 200 None
2026-04-07 18:15:00,464 DEBUG    urllib3.connectionpool https://cloudbuild.googleapis.com:443 "GET /v1/projects/mufiedapi/locations/asia-south1/operations/5d31d008-7186-4ed5-9854-635df98d37a5?alt=json HTTP/1.1" 200 None
2026-04-07 18:15:01,654 DEBUG    urllib3.connectionpool https://cloudbuild.googleapis.com:443 "GET /v1/projects/mufiedapi/locations/asia-south1/operations/5d31d008-7186-4ed5-9854-635df98d37a5?alt=json HTTP/1.1" 200 None
2026-04-07 18:15:03,088 DEBUG    urllib3.connectionpool https://cloudbuild.googleapis.com:443 "GET /v1/projects/mufiedapi/locations/asia-south1/operations/5d31d008-7186-4ed5-9854-635df98d37a5?alt=json HTTP/1.1" 200 None
2026-04-07 18:15:04,565 DEBUG    urllib3.connectionpool https://cloudbuild.googleapis.com:443 "GET /v1/projects/mufiedapi/locations/asia-south1/operations/5d31d008-7186-4ed5-9854-635df98d37a5?alt=json HTTP/1.1" 200 None
2026-04-07 18:15:06,006 DEBUG    urllib3.connectionpool https://cloudbuild.googleapis.com:443 "GET /v1/projects/mufiedapi/locations/asia-south1/operations/5d31d008-7186-4ed5-9854-635df98d37a5?alt=json HTTP/1.1" 200 None
2026-04-07 18:15:07,431 DEBUG    urllib3.connectionpool https://cloudbuild.googleapis.com:443 "GET /v1/projects/mufiedapi/locations/asia-south1/operations/5d31d008-7186-4ed5-9854-635df98d37a5?alt=json HTTP/1.1" 200 None
2026-04-07 18:15:08,866 DEBUG    urllib3.connectionpool https://cloudbuild.googleapis.com:443 "GET /v1/projects/mufiedapi/locations/asia-south1/operations/5d31d008-7186-4ed5-9854-635df98d37a5?alt=json HTTP/1.1" 200 None
2026-04-07 18:15:10,302 DEBUG    urllib3.connectionpool https://cloudbuild.googleapis.com:443 "GET /v1/projects/mufiedapi/locations/asia-south1/operations/5d31d008-7186-4ed5-9854-635df98d37a5?alt=json HTTP/1.1" 200 None
2026-04-07 18:15:11,723 DEBUG    urllib3.connectionpool https://cloudbuild.googleapis.com:443 "GET /v1/projects/mufiedapi/locations/asia-south1/operations/5d31d008-7186-4ed5-9854-635df98d37a5?alt=json HTTP/1.1" 200 None
2026-04-07 18:15:13,156 DEBUG    urllib3.connectionpool https://cloudbuild.googleapis.com:443 "GET /v1/projects/mufiedapi/locations/asia-south1/operations/5d31d008-7186-4ed5-9854-635df98d37a5?alt=json HTTP/1.1" 200 None
2026-04-07 18:15:14,567 DEBUG    urllib3.connectionpool https://cloudbuild.googleapis.com:443 "GET /v1/projects/mufiedapi/locations/asia-south1/operations/5d31d008-7186-4ed5-9854-635df98d37a5?alt=json HTTP/1.1" 200 None
2026-04-07 18:15:15,998 DEBUG    urllib3.connectionpool https://cloudbuild.googleapis.com:443 "GET /v1/projects/mufiedapi/locations/asia-south1/operations/5d31d008-7186-4ed5-9854-635df98d37a5?alt=json HTTP/1.1" 200 None
2026-04-07 18:15:17,416 DEBUG    urllib3.connectionpool https://cloudbuild.googleapis.com:443 "GET /v1/projects/mufiedapi/locations/asia-south1/operations/5d31d008-7186-4ed5-9854-635df98d37a5?alt=json HTTP/1.1" 200 None
2026-04-07 18:15:18,578 DEBUG    urllib3.connectionpool https://cloudbuild.googleapis.com:443 "GET /v1/projects/mufiedapi/locations/asia-south1/operations/5d31d008-7186-4ed5-9854-635df98d37a5?alt=json HTTP/1.1" 200 None
2026-04-07 18:15:20,014 DEBUG    urllib3.connectionpool https://cloudbuild.googleapis.com:443 "GET /v1/projects/mufiedapi/locations/asia-south1/operations/5d31d008-7186-4ed5-9854-635df98d37a5?alt=json HTTP/1.1" 200 None
2026-04-07 18:15:21,165 DEBUG    urllib3.connectionpool https://cloudbuild.googleapis.com:443 "GET /v1/projects/mufiedapi/locations/asia-south1/operations/5d31d008-7186-4ed5-9854-635df98d37a5?alt=json HTTP/1.1" 200 None
2026-04-07 18:15:22,365 DEBUG    urllib3.connectionpool https://cloudbuild.googleapis.com:443 "GET /v1/projects/mufiedapi/locations/asia-south1/operations/5d31d008-7186-4ed5-9854-635df98d37a5?alt=json HTTP/1.1" 200 None
2026-04-07 18:15:23,776 DEBUG    urllib3.connectionpool https://cloudbuild.googleapis.com:443 "GET /v1/projects/mufiedapi/locations/asia-south1/operations/5d31d008-7186-4ed5-9854-635df98d37a5?alt=json HTTP/1.1" 200 None
2026-04-07 18:15:25,651 DEBUG    urllib3.connectionpool https://cloudbuild.googleapis.com:443 "GET /v1/projects/mufiedapi/locations/asia-south1/operations/5d31d008-7186-4ed5-9854-635df98d37a5?alt=json HTTP/1.1" 200 None
2026-04-07 18:15:27,398 DEBUG    urllib3.connectionpool https://cloudbuild.googleapis.com:443 "GET /v1/projects/mufiedapi/locations/asia-south1/operations/5d31d008-7186-4ed5-9854-635df98d37a5?alt=json HTTP/1.1" 200 None
2026-04-07 18:15:28,875 DEBUG    urllib3.connectionpool https://cloudbuild.googleapis.com:443 "GET /v1/projects/mufiedapi/locations/asia-south1/operations/5d31d008-7186-4ed5-9854-635df98d37a5?alt=json HTTP/1.1" 200 None
2026-04-07 18:15:30,315 DEBUG    urllib3.connectionpool https://cloudbuild.googleapis.com:443 "GET /v1/projects/mufiedapi/locations/asia-south1/operations/5d31d008-7186-4ed5-9854-635df98d37a5?alt=json HTTP/1.1" 200 None
2026-04-07 18:15:31,566 DEBUG    urllib3.connectionpool https://cloudbuild.googleapis.com:443 "GET /v1/projects/mufiedapi/locations/asia-south1/operations/5d31d008-7186-4ed5-9854-635df98d37a5?alt=json HTTP/1.1" 200 None
2026-04-07 18:15:32,735 DEBUG    urllib3.connectionpool https://cloudbuild.googleapis.com:443 "GET /v1/projects/mufiedapi/locations/asia-south1/operations/5d31d008-7186-4ed5-9854-635df98d37a5?alt=json HTTP/1.1" 200 None
2026-04-07 18:15:34,197 DEBUG    urllib3.connectionpool https://cloudbuild.googleapis.com:443 "GET /v1/projects/mufiedapi/locations/asia-south1/operations/5d31d008-7186-4ed5-9854-635df98d37a5?alt=json HTTP/1.1" 200 None
2026-04-07 18:15:35,336 DEBUG    urllib3.connectionpool https://cloudbuild.googleapis.com:443 "GET /v1/projects/mufiedapi/locations/asia-south1/operations/5d31d008-7186-4ed5-9854-635df98d37a5?alt=json HTTP/1.1" 200 None
2026-04-07 18:15:36,789 DEBUG    urllib3.connectionpool https://cloudbuild.googleapis.com:443 "GET /v1/projects/mufiedapi/locations/asia-south1/operations/5d31d008-7186-4ed5-9854-635df98d37a5?alt=json HTTP/1.1" 200 None
2026-04-07 18:15:38,279 DEBUG    urllib3.connectionpool https://cloudbuild.googleapis.com:443 "GET /v1/projects/mufiedapi/locations/asia-south1/operations/5d31d008-7186-4ed5-9854-635df98d37a5?alt=json HTTP/1.1" 200 None
2026-04-07 18:15:39,503 DEBUG    urllib3.connectionpool https://cloudbuild.googleapis.com:443 "GET /v1/projects/mufiedapi/locations/asia-south1/operations/5d31d008-7186-4ed5-9854-635df98d37a5?alt=json HTTP/1.1" 200 None
2026-04-07 18:15:40,941 DEBUG    urllib3.connectionpool https://cloudbuild.googleapis.com:443 "GET /v1/projects/mufiedapi/locations/asia-south1/operations/5d31d008-7186-4ed5-9854-635df98d37a5?alt=json HTTP/1.1" 200 None
2026-04-07 18:15:41,625 DEBUG    urllib3.connectionpool https://cloudbuild.googleapis.com:443 "GET /v1/projects/mufiedapi/locations/asia-south1/operations/5d31d008-7186-4ed5-9854-635df98d37a5?alt=json HTTP/1.1" 200 None
2026-04-07 18:15:43,239 DEBUG    urllib3.connectionpool https://cloudbuild.googleapis.com:443 "GET /v1/projects/mufiedapi/locations/asia-south1/operations/5d31d008-7186-4ed5-9854-635df98d37a5?alt=json HTTP/1.1" 200 None
2026-04-07 18:15:44,497 DEBUG    urllib3.connectionpool https://cloudbuild.googleapis.com:443 "GET /v1/projects/mufiedapi/locations/asia-south1/operations/5d31d008-7186-4ed5-9854-635df98d37a5?alt=json HTTP/1.1" 200 None
2026-04-07 18:15:46,016 DEBUG    urllib3.connectionpool https://cloudbuild.googleapis.com:443 "GET /v1/projects/mufiedapi/locations/asia-south1/operations/5d31d008-7186-4ed5-9854-635df98d37a5?alt=json HTTP/1.1" 200 None
2026-04-07 18:15:47,634 DEBUG    urllib3.connectionpool https://cloudbuild.googleapis.com:443 "GET /v1/projects/mufiedapi/locations/asia-south1/operations/5d31d008-7186-4ed5-9854-635df98d37a5?alt=json HTTP/1.1" 200 None
2026-04-07 18:15:49,421 DEBUG    urllib3.connectionpool https://cloudbuild.googleapis.com:443 "GET /v1/projects/mufiedapi/locations/asia-south1/operations/5d31d008-7186-4ed5-9854-635df98d37a5?alt=json HTTP/1.1" 200 None
2026-04-07 18:15:51,587 DEBUG    urllib3.connectionpool https://cloudbuild.googleapis.com:443 "GET /v1/projects/mufiedapi/locations/asia-south1/operations/5d31d008-7186-4ed5-9854-635df98d37a5?alt=json HTTP/1.1" 200 None
2026-04-07 18:15:54,281 DEBUG    urllib3.connectionpool https://cloudbuild.googleapis.com:443 "GET /v1/projects/mufiedapi/locations/asia-south1/operations/5d31d008-7186-4ed5-9854-635df98d37a5?alt=json HTTP/1.1" 200 None
2026-04-07 18:15:56,933 DEBUG    urllib3.connectionpool https://cloudbuild.googleapis.com:443 "GET /v1/projects/mufiedapi/locations/asia-south1/operations/5d31d008-7186-4ed5-9854-635df98d37a5?alt=json HTTP/1.1" 200 None
2026-04-07 18:15:59,664 DEBUG    urllib3.connectionpool https://cloudbuild.googleapis.com:443 "GET /v1/projects/mufiedapi/locations/asia-south1/operations/5d31d008-7186-4ed5-9854-635df98d37a5?alt=json HTTP/1.1" 200 None
2026-04-07 18:16:02,497 DEBUG    urllib3.connectionpool https://cloudbuild.googleapis.com:443 "GET /v1/projects/mufiedapi/locations/asia-south1/operations/5d31d008-7186-4ed5-9854-635df98d37a5?alt=json HTTP/1.1" 200 None
2026-04-07 18:16:05,936 DEBUG    urllib3.connectionpool https://cloudbuild.googleapis.com:443 "GET /v1/projects/mufiedapi/locations/asia-south1/operations/5d31d008-7186-4ed5-9854-635df98d37a5?alt=json HTTP/1.1" 200 None
2026-04-07 18:16:09,246 DEBUG    urllib3.connectionpool https://cloudbuild.googleapis.com:443 "GET /v1/projects/mufiedapi/locations/asia-south1/operations/5d31d008-7186-4ed5-9854-635df98d37a5?alt=json HTTP/1.1" 200 None
2026-04-07 18:16:12,899 DEBUG    urllib3.connectionpool https://cloudbuild.googleapis.com:443 "GET /v1/projects/mufiedapi/locations/asia-south1/operations/5d31d008-7186-4ed5-9854-635df98d37a5?alt=json HTTP/1.1" 200 None
2026-04-07 18:16:16,643 DEBUG    urllib3.connectionpool https://cloudbuild.googleapis.com:443 "GET /v1/projects/mufiedapi/locations/asia-south1/operations/5d31d008-7186-4ed5-9854-635df98d37a5?alt=json HTTP/1.1" 200 None
2026-04-07 18:16:20,963 DEBUG    urllib3.connectionpool https://cloudbuild.googleapis.com:443 "GET /v1/projects/mufiedapi/locations/asia-south1/operations/5d31d008-7186-4ed5-9854-635df98d37a5?alt=json HTTP/1.1" 200 None
2026-04-07 18:16:25,661 DEBUG    urllib3.connectionpool https://cloudbuild.googleapis.com:443 "GET /v1/projects/mufiedapi/locations/asia-south1/operations/5d31d008-7186-4ed5-9854-635df98d37a5?alt=json HTTP/1.1" 200 None
2026-04-07 18:16:31,191 DEBUG    urllib3.connectionpool https://cloudbuild.googleapis.com:443 "GET /v1/projects/mufiedapi/locations/asia-south1/operations/5d31d008-7186-4ed5-9854-635df98d37a5?alt=json HTTP/1.1" 200 None
2026-04-07 18:16:37,003 DEBUG    urllib3.connectionpool https://cloudbuild.googleapis.com:443 "GET /v1/projects/mufiedapi/locations/asia-south1/operations/5d31d008-7186-4ed5-9854-635df98d37a5?alt=json HTTP/1.1" 200 None
2026-04-07 18:16:37,173 DEBUG    urllib3.connectionpool https://asia-south1-run.googleapis.com:443 "GET /apis/serving.knative.dev/v1/namespaces/mufiedapi/services/nest-api?alt=json HTTP/1.1" 200 None
2026-04-07 18:16:38,459 DEBUG    urllib3.connectionpool https://asia-south1-run.googleapis.com:443 "PUT /apis/serving.knative.dev/v1/namespaces/mufiedapi/services/nest-api?alt=json HTTP/1.1" 200 None
2026-04-07 18:16:38,465 DEBUG    urllib3.connectionpool Starting new HTTPS connection (1): run.googleapis.com:443
2026-04-07 18:16:39,153 DEBUG    urllib3.connectionpool https://run.googleapis.com:443 "GET /v1/projects/mufiedapi/locations/asia-south1/services/nest-api:getIamPolicy?alt=json HTTP/1.1" 200 None
2026-04-07 18:16:39,746 DEBUG    urllib3.connectionpool https://run.googleapis.com:443 "POST /v1/projects/mufiedapi/locations/asia-south1/services/nest-api:setIamPolicy?alt=json HTTP/1.1" 403 None
2026-04-07 18:16:45,758 DEBUG    urllib3.connectionpool https://asia-south1-run.googleapis.com:443 "POST /v1/projects/mufiedapi/locations/asia-south1/operations/70afbdfc-05e1-40ea-92e3-0195eef80176:wait?alt=json HTTP/1.1" 200 None
2026-04-07 18:16:45,850 INFO     ___FILE_ONLY___   Setting IAM policy failed, try "gcloud beta run services add-iam-policy-binding --region=asia-south1 --member=allUsers --role=roles/run.invoker nest-api"

2026-04-07 18:16:45,851 DEBUG    root            (gcloud.run.deploy) The user-provided container failed to start and listen on the port defined provided by the PORT=8080 environment variable within the allocated timeout. This can happen when the container port is misconfigured or if the timeout is too short. The health check timeout can be extended. Logs for this revision might contain more information.

Logs URL: https://console.cloud.google.com/logs/viewer?project=mufiedapi&resource=cloud_run_revision/service_name/nest-api/revision_name/nest-api-00028-9hm&advancedFilter=resource.type%3D%22cloud_run_revision%22%0Aresource.labels.service_name%3D%22nest-api%22%0Aresource.labels.revision_name%3D%22nest-api-00028-9hm%22 
For more troubleshooting guidance, see https://cloud.google.com/run/docs/troubleshooting#container-failed-to-start
Traceback (most recent call last):
  File "C:\Users\ADMIN\AppData\Local\Google\Cloud SDK\google-cloud-sdk\bin\..\lib\googlecloudsdk\calliope\cli.py", line 941, in Execute
    resources = calliope_command.Run(cli=self, args=args)
  File "C:\Users\ADMIN\AppData\Local\Google\Cloud SDK\google-cloud-sdk\bin\..\lib\googlecloudsdk\calliope\backend.py", line 957, in Run
    resources = command_instance.Run(args)
  File "C:\Users\ADMIN\AppData\Local\Google\Cloud SDK\google-cloud-sdk\bin\..\lib\surface\run\deploy.py", line 1030, in Run
    service = _ReleaseService(changes)
  File "C:\Users\ADMIN\AppData\Local\Google\Cloud SDK\google-cloud-sdk\bin\..\lib\surface\run\deploy.py", line 993, in _ReleaseService
    return operations.ReleaseService(
           ~~~~~~~~~~~~~~~~~~~~~~~~~^
        service_ref,
        ^^^^^^^^^^^^
    ...<31 lines>...
        skip_build=skip_build,
        ^^^^^^^^^^^^^^^^^^^^^^
    )
    ^
  File "C:\Users\ADMIN\AppData\Local\Google\Cloud SDK\google-cloud-sdk\bin\..\lib\googlecloudsdk\command_lib\run\serverless_operations.py", line 1097, in ReleaseService
    self.WaitForCondition(poller)
    ~~~~~~~~~~~~~~~~~~~~~^^^^^^^^
  File "C:\Users\ADMIN\AppData\Local\Google\Cloud SDK\google-cloud-sdk\bin\..\lib\googlecloudsdk\command_lib\run\serverless_operations.py", line 274, in WaitForCondition
    return waiter.PollUntilDone(poller, None, wait_ceiling_ms=1000)
           ~~~~~~~~~~~~~~~~~~~~^^^^^^^^^^^^^^^^^^^^^^^^^^^^^^^^^^^^
  File "C:\Users\ADMIN\AppData\Local\Google\Cloud SDK\google-cloud-sdk\bin\..\lib\googlecloudsdk\api_lib\util\waiter.py", line 319, in PollUntilDone
    operation = retryer.RetryOnResult(
        func=poller.Poll,
        args=(operation_ref,),
        should_retry_if=_IsNotDone,
        sleep_ms=sleep_ms)
  File "C:\Users\ADMIN\AppData\Local\Google\Cloud SDK\google-cloud-sdk\bin\..\lib\googlecloudsdk\core\util\retry.py", line 236, in RetryOnResult
    result = func(*args, **kwargs)
  File "C:\Users\ADMIN\AppData\Local\Google\Cloud SDK\google-cloud-sdk\bin\..\lib\googlecloudsdk\command_lib\run\op_pollers.py", line 151, in Poll
    conditions = self.GetConditions()
  File "C:\Users\ADMIN\AppData\Local\Google\Cloud SDK\google-cloud-sdk\bin\..\lib\googlecloudsdk\command_lib\run\op_pollers.py", line 284, in GetConditions
    resource = self._resource_getter()
  File "C:\Users\ADMIN\AppData\Local\Google\Cloud SDK\google-cloud-sdk\bin\..\lib\googlecloudsdk\command_lib\run\serverless_operations.py", line 378, in WaitService
    operation = waiter.PollUntilDone(poller, op_ref)
  File "C:\Users\ADMIN\AppData\Local\Google\Cloud SDK\google-cloud-sdk\bin\..\lib\googlecloudsdk\api_lib\util\waiter.py", line 319, in PollUntilDone
    operation = retryer.RetryOnResult(
        func=poller.Poll,
        args=(operation_ref,),
        should_retry_if=_IsNotDone,
        sleep_ms=sleep_ms)
  File "C:\Users\ADMIN\AppData\Local\Google\Cloud SDK\google-cloud-sdk\bin\..\lib\googlecloudsdk\core\util\retry.py", line 246, in RetryOnResult
    if not should_retry(result, state):
           ~~~~~~~~~~~~^^^^^^^^^^^^^^^
  File "C:\Users\ADMIN\AppData\Local\Google\Cloud SDK\google-cloud-sdk\bin\..\lib\googlecloudsdk\api_lib\util\waiter.py", line 317, in _IsNotDone
    return not poller.IsDone(operation)
               ~~~~~~~~~~~~~^^^^^^^^^^^
  File "C:\Users\ADMIN\AppData\Local\Google\Cloud SDK\google-cloud-sdk\bin\..\lib\googlecloudsdk\api_lib\util\waiter.py", line 119, in IsDone
    raise OperationError(operation.error.message)
googlecloudsdk.api_lib.util.waiter.OperationError: The user-provided container failed to start and listen on the port defined provided by the PORT=8080 environment variable within the allocated timeout. This can happen when the container port is misconfigured or if the timeout is too short. The health check timeout can be extended. Logs for this revision might contain more information.

Logs URL: https://console.cloud.google.com/logs/viewer?project=mufiedapi&resource=cloud_run_revision/service_name/nest-api/revision_name/nest-api-00028-9hm&advancedFilter=resource.type%3D%22cloud_run_revision%22%0Aresource.labels.service_name%3D%22nest-api%22%0Aresource.labels.revision_name%3D%22nest-api-00028-9hm%22 
For more troubleshooting guidance, see https://cloud.google.com/run/docs/troubleshooting#container-failed-to-start
2026-04-07 18:16:46,049 ERROR    root            (gcloud.run.deploy) The user-provided container failed to start and listen on the port defined provided by the PORT=8080 environment variable within the allocated timeout. This can happen when the container port is misconfigured or if the timeout is too short. The health check timeout can be extended. Logs for this revision might contain more information.

Logs URL: https://console.cloud.google.com/logs/viewer?project=mufiedapi&resource=cloud_run_revision/service_name/nest-api/revision_name/nest-api-00028-9hm&advancedFilter=resource.type%3D%22cloud_run_revision%22%0Aresource.labels.service_name%3D%22nest-api%22%0Aresource.labels.revision_name%3D%22nest-api-00028-9hm%22 
For more troubleshooting guidance, see https://cloud.google.com/run/docs/troubleshooting#container-failed-to-start
