2026-04-07 18:28:59,266 DEBUG    root            Loaded Command Group: ['gcloud', 'run']
2026-04-07 18:29:00,057 DEBUG    root            Loaded Command Group: ['gcloud', 'run', 'deploy']
2026-04-07 18:29:00,085 DEBUG    root            Running [gcloud.run.deploy] with arguments: [--allow-unauthenticated: "True", --min-instances: "<googlecloudsdk.command_lib.run.flags.ScaleValue object at 0x000001D54D010AD0>", --platform: "managed", --port: "8080", --region: "asia-south1", --source: ".", SERVICE: "nest-api"]
2026-04-07 18:29:00,235 DEBUG    root            Failed to check metadata server: <urlopen error [Errno 11001] getaddrinfo failed>
2026-04-07 18:29:00,235 DEBUG    root            On GCE from server: False
2026-04-07 18:29:00,373 DEBUG    root            On GCE from memory cache: False
2026-04-07 18:29:00,391 DEBUG    root            On GCE from memory cache: False
2026-04-07 18:29:00,393 DEBUG    root            On GCE from memory cache: False
2026-04-07 18:29:00,393 DEBUG    google.auth.transport.requests Making request: POST https://oauth2.googleapis.com/token
2026-04-07 18:29:00,396 DEBUG    urllib3.connectionpool Starting new HTTPS connection (1): oauth2.googleapis.com:443
2026-04-07 18:29:00,597 DEBUG    urllib3.connectionpool https://oauth2.googleapis.com:443 "POST /token HTTP/1.1" 200 None
2026-04-07 18:29:00,620 DEBUG    urllib3.connectionpool Starting new HTTPS connection (1): serviceusage.googleapis.com:443
2026-04-07 18:29:02,325 DEBUG    urllib3.connectionpool https://serviceusage.googleapis.com:443 "GET /v1/projects/mufiedapi/services/artifactregistry.googleapis.com?alt=json HTTP/1.1" 200 None
2026-04-07 18:29:02,397 DEBUG    root            On GCE from memory cache: False
2026-04-07 18:29:02,407 DEBUG    root            On GCE from memory cache: False
2026-04-07 18:29:02,413 DEBUG    urllib3.connectionpool Starting new HTTPS connection (1): serviceusage.googleapis.com:443
2026-04-07 18:29:04,107 DEBUG    urllib3.connectionpool https://serviceusage.googleapis.com:443 "GET /v1/projects/mufiedapi/services/cloudbuild.googleapis.com?alt=json HTTP/1.1" 200 None
2026-04-07 18:29:04,137 DEBUG    root            On GCE from memory cache: False
2026-04-07 18:29:04,143 DEBUG    root            On GCE from memory cache: False
2026-04-07 18:29:04,147 DEBUG    urllib3.connectionpool Starting new HTTPS connection (1): serviceusage.googleapis.com:443
2026-04-07 18:29:05,796 DEBUG    urllib3.connectionpool https://serviceusage.googleapis.com:443 "GET /v1/projects/mufiedapi/services/run.googleapis.com?alt=json HTTP/1.1" 200 None
2026-04-07 18:29:05,848 DEBUG    root            On GCE from memory cache: False
2026-04-07 18:29:05,853 DEBUG    root            On GCE from memory cache: False
2026-04-07 18:29:05,861 DEBUG    root            On GCE from memory cache: False
2026-04-07 18:29:05,866 DEBUG    urllib3.connectionpool Starting new HTTPS connection (1): asia-south1-run.googleapis.com:443
2026-04-07 18:29:06,216 DEBUG    urllib3.connectionpool https://asia-south1-run.googleapis.com:443 "GET /apis/serving.knative.dev/v1/namespaces/mufiedapi/services/nest-api?alt=json HTTP/1.1" 200 None
2026-04-07 18:29:06,221 DEBUG    root            source_location: gs://run-sources-mufiedapi-asia-south1/services/nest-api/1775565877.475361-5ec5396a9dc64b51acd17160ab1c57d0.zip#1775565878044072
2026-04-07 18:29:06,222 DEBUG    root            Existing source_bucket: run-sources-mufiedapi-asia-south1
2026-04-07 18:29:06,223 DEBUG    root            On GCE from memory cache: False
2026-04-07 18:29:06,241 DEBUG    urllib3.connectionpool Starting new HTTPS connection (1): artifactregistry.googleapis.com:443
2026-04-07 18:29:06,873 DEBUG    urllib3.connectionpool https://artifactregistry.googleapis.com:443 "GET /v1/projects/mufiedapi/locations/asia-south1/repositories/cloud-run-source-deploy?alt=json HTTP/1.1" 200 None
2026-04-07 18:29:06,877 DEBUG    root            On GCE from memory cache: False
2026-04-07 18:29:06,898 DEBUG    urllib3.connectionpool Starting new HTTPS connection (1): cloudbuild.googleapis.com:443
2026-04-07 18:29:07,575 DEBUG    urllib3.connectionpool https://cloudbuild.googleapis.com:443 "GET /v1/projects/mufiedapi/locations/asia-south1/defaultServiceAccount?alt=json HTTP/1.1" 200 None
2026-04-07 18:29:07,577 DEBUG    root            On GCE from memory cache: False
2026-04-07 18:29:07,585 DEBUG    urllib3.connectionpool Starting new HTTPS connection (1): iam.googleapis.com:443
2026-04-07 18:29:09,146 DEBUG    urllib3.connectionpool https://iam.googleapis.com:443 "GET /v1/projects/-/serviceAccounts/560137381308-compute@developer.gserviceaccount.com?alt=json HTTP/1.1" 200 None
2026-04-07 18:29:09,148 INFO     ___FILE_ONLY___ Building using Dockerfile and deploying container to Cloud Run service [[1mnest-api[m] in project [[1mmufiedapi[m] region [[1masia-south1[m]

2026-04-07 18:29:09,151 INFO     ___FILE_ONLY___ Building and deploying...
2026-04-07 18:29:10,592 DEBUG    urllib3.connectionpool https://asia-south1-run.googleapis.com:443 "PUT /apis/serving.knative.dev/v1/namespaces/mufiedapi/services/nest-api?alt=json&dryRun=all HTTP/1.1" 200 None
2026-04-07 18:29:10,599 DEBUG    root            On GCE from memory cache: False
2026-04-07 18:29:10,617 DEBUG    root            Creating bucket run-sources-mufiedapi-asia-south1 in region asia-south1
2026-04-07 18:29:10,618 DEBUG    urllib3.connectionpool Starting new HTTPS connection (1): storage.googleapis.com:443
2026-04-07 18:29:11,026 DEBUG    urllib3.connectionpool https://storage.googleapis.com:443 "GET /storage/v1/b/run-sources-mufiedapi-asia-south1?alt=json HTTP/1.1" 200 1276
2026-04-07 18:29:11,547 DEBUG    urllib3.connectionpool https://storage.googleapis.com:443 "GET /storage/v1/b?alt=json&maxResults=1000&prefix=run-sources-mufiedapi-asia-south1&project=mufiedapi HTTP/1.1" 200 1522
2026-04-07 18:29:11,550 DEBUG    root            Uploading source to gs://run-sources-mufiedapi-asia-south1/services/nest-api/1775566751.550212-fd366edb38ed4afa849cd502c760c99a.zip
2026-04-07 18:29:11,555 INFO     root            Using ignore file at [.\.gcloudignore].
2026-04-07 18:29:11,557 DEBUG    root            Skipping file [.env]
2026-04-07 18:29:11,557 DEBUG    root            Skipping file [.env.example]
2026-04-07 18:29:11,558 DEBUG    root            Skipping file [.gitignore]
2026-04-07 18:29:11,559 DEBUG    root            Skipping file [.firebase]
2026-04-07 18:29:11,559 DEBUG    root            Skipping file [dist]
2026-04-07 18:29:11,559 DEBUG    root            Skipping file [node_modules]
2026-04-07 18:29:11,619 INFO     root            Using ignore file [.\.gcloudignore]
2026-04-07 18:29:11,711 INFO     root            Uploading [C:\Users\ADMIN\AppData\Local\Temp\tmpg36hzqyl\file.zip] to [run-sources-mufiedapi-asia-south1/services/nest-api/1775566751.550212-fd366edb38ed4afa849cd502c760c99a.zip]
2026-04-07 18:29:12,004 DEBUG    urllib3.connectionpool https://storage.googleapis.com:443 "POST /upload/storage/v1/b/run-sources-mufiedapi-asia-south1/o?alt=json&name=services%2Fnest-api%2F1775566751.550212-fd366edb38ed4afa849cd502c760c99a.zip&uploadType=multipart HTTP/1.1" 200 1138
2026-04-07 18:29:12,031 DEBUG    root            On GCE from memory cache: False
2026-04-07 18:29:12,040 DEBUG    urllib3.connectionpool Starting new HTTPS connection (1): asia-south1-run.googleapis.com:443
2026-04-07 18:29:15,611 DEBUG    urllib3.connectionpool https://asia-south1-run.googleapis.com:443 "POST /v2/projects/mufiedapi/locations/asia-south1/builds:submit?alt=json HTTP/1.1" 200 None
2026-04-07 18:29:15,624 DEBUG    root            On GCE from memory cache: False
2026-04-07 18:29:15,630 DEBUG    urllib3.connectionpool Starting new HTTPS connection (1): cloudbuild.googleapis.com:443
2026-04-07 18:29:16,231 DEBUG    urllib3.connectionpool https://cloudbuild.googleapis.com:443 "GET /v1/projects/mufiedapi/locations/asia-south1/operations/13bf5ab6-b4a8-41a6-9379-a0af4babc1b5?alt=json HTTP/1.1" 200 None
2026-04-07 18:29:17,702 DEBUG    urllib3.connectionpool https://cloudbuild.googleapis.com:443 "GET /v1/projects/mufiedapi/locations/asia-south1/operations/13bf5ab6-b4a8-41a6-9379-a0af4babc1b5?alt=json HTTP/1.1" 200 None
2026-04-07 18:29:19,205 DEBUG    urllib3.connectionpool https://cloudbuild.googleapis.com:443 "GET /v1/projects/mufiedapi/locations/asia-south1/operations/13bf5ab6-b4a8-41a6-9379-a0af4babc1b5?alt=json HTTP/1.1" 200 None
2026-04-07 18:29:20,688 DEBUG    urllib3.connectionpool https://cloudbuild.googleapis.com:443 "GET /v1/projects/mufiedapi/locations/asia-south1/operations/13bf5ab6-b4a8-41a6-9379-a0af4babc1b5?alt=json HTTP/1.1" 200 None
2026-04-07 18:29:22,214 DEBUG    urllib3.connectionpool https://cloudbuild.googleapis.com:443 "GET /v1/projects/mufiedapi/locations/asia-south1/operations/13bf5ab6-b4a8-41a6-9379-a0af4babc1b5?alt=json HTTP/1.1" 200 None
2026-04-07 18:29:23,838 DEBUG    urllib3.connectionpool https://cloudbuild.googleapis.com:443 "GET /v1/projects/mufiedapi/locations/asia-south1/operations/13bf5ab6-b4a8-41a6-9379-a0af4babc1b5?alt=json HTTP/1.1" 200 None
2026-04-07 18:29:25,272 DEBUG    urllib3.connectionpool https://cloudbuild.googleapis.com:443 "GET /v1/projects/mufiedapi/locations/asia-south1/operations/13bf5ab6-b4a8-41a6-9379-a0af4babc1b5?alt=json HTTP/1.1" 200 None
2026-04-07 18:29:26,708 DEBUG    urllib3.connectionpool https://cloudbuild.googleapis.com:443 "GET /v1/projects/mufiedapi/locations/asia-south1/operations/13bf5ab6-b4a8-41a6-9379-a0af4babc1b5?alt=json HTTP/1.1" 200 None
2026-04-07 18:29:28,161 DEBUG    urllib3.connectionpool https://cloudbuild.googleapis.com:443 "GET /v1/projects/mufiedapi/locations/asia-south1/operations/13bf5ab6-b4a8-41a6-9379-a0af4babc1b5?alt=json HTTP/1.1" 200 None
2026-04-07 18:29:29,668 DEBUG    urllib3.connectionpool https://cloudbuild.googleapis.com:443 "GET /v1/projects/mufiedapi/locations/asia-south1/operations/13bf5ab6-b4a8-41a6-9379-a0af4babc1b5?alt=json HTTP/1.1" 200 None
2026-04-07 18:29:30,810 DEBUG    urllib3.connectionpool https://cloudbuild.googleapis.com:443 "GET /v1/projects/mufiedapi/locations/asia-south1/operations/13bf5ab6-b4a8-41a6-9379-a0af4babc1b5?alt=json HTTP/1.1" 200 None
2026-04-07 18:29:32,248 DEBUG    urllib3.connectionpool https://cloudbuild.googleapis.com:443 "GET /v1/projects/mufiedapi/locations/asia-south1/operations/13bf5ab6-b4a8-41a6-9379-a0af4babc1b5?alt=json HTTP/1.1" 200 None
2026-04-07 18:29:33,686 DEBUG    urllib3.connectionpool https://cloudbuild.googleapis.com:443 "GET /v1/projects/mufiedapi/locations/asia-south1/operations/13bf5ab6-b4a8-41a6-9379-a0af4babc1b5?alt=json HTTP/1.1" 200 None
2026-04-07 18:29:35,196 DEBUG    urllib3.connectionpool https://cloudbuild.googleapis.com:443 "GET /v1/projects/mufiedapi/locations/asia-south1/operations/13bf5ab6-b4a8-41a6-9379-a0af4babc1b5?alt=json HTTP/1.1" 200 None
2026-04-07 18:29:52,505 DEBUG    urllib3.connectionpool https://cloudbuild.googleapis.com:443 "GET /v1/projects/mufiedapi/locations/asia-south1/operations/13bf5ab6-b4a8-41a6-9379-a0af4babc1b5?alt=json HTTP/1.1" 200 None
2026-04-07 18:29:53,653 DEBUG    urllib3.connectionpool https://cloudbuild.googleapis.com:443 "GET /v1/projects/mufiedapi/locations/asia-south1/operations/13bf5ab6-b4a8-41a6-9379-a0af4babc1b5?alt=json HTTP/1.1" 200 None
2026-04-07 18:29:54,844 DEBUG    urllib3.connectionpool https://cloudbuild.googleapis.com:443 "GET /v1/projects/mufiedapi/locations/asia-south1/operations/13bf5ab6-b4a8-41a6-9379-a0af4babc1b5?alt=json HTTP/1.1" 200 None
2026-04-07 18:29:56,018 DEBUG    urllib3.connectionpool https://cloudbuild.googleapis.com:443 "GET /v1/projects/mufiedapi/locations/asia-south1/operations/13bf5ab6-b4a8-41a6-9379-a0af4babc1b5?alt=json HTTP/1.1" 200 None
2026-04-07 18:29:57,192 DEBUG    urllib3.connectionpool https://cloudbuild.googleapis.com:443 "GET /v1/projects/mufiedapi/locations/asia-south1/operations/13bf5ab6-b4a8-41a6-9379-a0af4babc1b5?alt=json HTTP/1.1" 200 None
2026-04-07 18:29:58,353 DEBUG    urllib3.connectionpool https://cloudbuild.googleapis.com:443 "GET /v1/projects/mufiedapi/locations/asia-south1/operations/13bf5ab6-b4a8-41a6-9379-a0af4babc1b5?alt=json HTTP/1.1" 200 None
2026-04-07 18:29:59,872 DEBUG    urllib3.connectionpool https://cloudbuild.googleapis.com:443 "GET /v1/projects/mufiedapi/locations/asia-south1/operations/13bf5ab6-b4a8-41a6-9379-a0af4babc1b5?alt=json HTTP/1.1" 200 None
2026-04-07 18:30:01,101 DEBUG    urllib3.connectionpool https://cloudbuild.googleapis.com:443 "GET /v1/projects/mufiedapi/locations/asia-south1/operations/13bf5ab6-b4a8-41a6-9379-a0af4babc1b5?alt=json HTTP/1.1" 200 None
2026-04-07 18:30:02,555 DEBUG    urllib3.connectionpool https://cloudbuild.googleapis.com:443 "GET /v1/projects/mufiedapi/locations/asia-south1/operations/13bf5ab6-b4a8-41a6-9379-a0af4babc1b5?alt=json HTTP/1.1" 200 None
2026-04-07 18:30:04,039 DEBUG    urllib3.connectionpool https://cloudbuild.googleapis.com:443 "GET /v1/projects/mufiedapi/locations/asia-south1/operations/13bf5ab6-b4a8-41a6-9379-a0af4babc1b5?alt=json HTTP/1.1" 200 None
2026-04-07 18:30:05,482 DEBUG    urllib3.connectionpool https://cloudbuild.googleapis.com:443 "GET /v1/projects/mufiedapi/locations/asia-south1/operations/13bf5ab6-b4a8-41a6-9379-a0af4babc1b5?alt=json HTTP/1.1" 200 None
2026-04-07 18:30:07,314 DEBUG    urllib3.connectionpool https://cloudbuild.googleapis.com:443 "GET /v1/projects/mufiedapi/locations/asia-south1/operations/13bf5ab6-b4a8-41a6-9379-a0af4babc1b5?alt=json HTTP/1.1" 200 None
2026-04-07 18:30:08,490 DEBUG    urllib3.connectionpool https://cloudbuild.googleapis.com:443 "GET /v1/projects/mufiedapi/locations/asia-south1/operations/13bf5ab6-b4a8-41a6-9379-a0af4babc1b5?alt=json HTTP/1.1" 200 None
2026-04-07 18:30:09,969 DEBUG    urllib3.connectionpool https://cloudbuild.googleapis.com:443 "GET /v1/projects/mufiedapi/locations/asia-south1/operations/13bf5ab6-b4a8-41a6-9379-a0af4babc1b5?alt=json HTTP/1.1" 200 None
2026-04-07 18:30:11,509 DEBUG    urllib3.connectionpool https://cloudbuild.googleapis.com:443 "GET /v1/projects/mufiedapi/locations/asia-south1/operations/13bf5ab6-b4a8-41a6-9379-a0af4babc1b5?alt=json HTTP/1.1" 200 None
2026-04-07 18:30:13,066 DEBUG    urllib3.connectionpool https://cloudbuild.googleapis.com:443 "GET /v1/projects/mufiedapi/locations/asia-south1/operations/13bf5ab6-b4a8-41a6-9379-a0af4babc1b5?alt=json HTTP/1.1" 200 None
2026-04-07 18:30:14,638 DEBUG    urllib3.connectionpool https://cloudbuild.googleapis.com:443 "GET /v1/projects/mufiedapi/locations/asia-south1/operations/13bf5ab6-b4a8-41a6-9379-a0af4babc1b5?alt=json HTTP/1.1" 200 None
2026-04-07 18:30:15,090 DEBUG    urllib3.connectionpool https://cloudbuild.googleapis.com:443 "GET /v1/projects/mufiedapi/locations/asia-south1/operations/13bf5ab6-b4a8-41a6-9379-a0af4babc1b5?alt=json HTTP/1.1" 200 None
2026-04-07 18:30:39,575 DEBUG    urllib3.connectionpool https://cloudbuild.googleapis.com:443 "GET /v1/projects/mufiedapi/locations/asia-south1/operations/13bf5ab6-b4a8-41a6-9379-a0af4babc1b5?alt=json HTTP/1.1" 200 None
2026-04-07 18:30:41,504 DEBUG    urllib3.connectionpool https://cloudbuild.googleapis.com:443 "GET /v1/projects/mufiedapi/locations/asia-south1/operations/13bf5ab6-b4a8-41a6-9379-a0af4babc1b5?alt=json HTTP/1.1" 200 None
2026-04-07 18:30:43,632 DEBUG    urllib3.connectionpool https://cloudbuild.googleapis.com:443 "GET /v1/projects/mufiedapi/locations/asia-south1/operations/13bf5ab6-b4a8-41a6-9379-a0af4babc1b5?alt=json HTTP/1.1" 200 None
2026-04-07 18:30:45,900 DEBUG    urllib3.connectionpool https://cloudbuild.googleapis.com:443 "GET /v1/projects/mufiedapi/locations/asia-south1/operations/13bf5ab6-b4a8-41a6-9379-a0af4babc1b5?alt=json HTTP/1.1" 200 None
2026-04-07 18:30:48,044 DEBUG    urllib3.connectionpool https://cloudbuild.googleapis.com:443 "GET /v1/projects/mufiedapi/locations/asia-south1/operations/13bf5ab6-b4a8-41a6-9379-a0af4babc1b5?alt=json HTTP/1.1" 200 None
2026-04-07 18:31:11,728 DEBUG    urllib3.connectionpool https://cloudbuild.googleapis.com:443 "GET /v1/projects/mufiedapi/locations/asia-south1/operations/13bf5ab6-b4a8-41a6-9379-a0af4babc1b5?alt=json HTTP/1.1" 502 1613
2026-04-07 18:31:11,728 DEBUG    root            Response returned status 502, retrying
2026-04-07 18:31:11,729 DEBUG    root            Retrying request to url https://cloudbuild.googleapis.com/v1/projects/mufiedapi/locations/asia-south1/operations/13bf5ab6-b4a8-41a6-9379-a0af4babc1b5?alt=json after exception HttpError accessing <https://cloudbuild.googleapis.com/v1/projects/mufiedapi/locations/asia-south1/operations/13bf5ab6-b4a8-41a6-9379-a0af4babc1b5?alt=json>: response: <{'content-type': 'text/html; charset=UTF-8', 'referrer-policy': 'no-referrer', 'content-length': '1613', 'date': 'Tue, 07 Apr 2026 13:01:11 GMT', 'alt-svc': 'h3=":443"; ma=2592000,h3-29=":443"; ma=2592000', 'status': 502}>, content <<!DOCTYPE html>
<html lang=en>
  <meta charset=utf-8>
  <meta name=viewport content="initial-scale=1, minimum-scale=1, width=device-width">
  <title>Error 502 (Server Error)!!1</title>
  <style>
    *{margin:0;padding:0}html,code{font:15px/22px arial,sans-serif}html{background:#fff;color:#222;padding:15px}body{margin:7% auto 0;max-width:390px;min-height:180px;padding:30px 0 15px}* > body{background:url(//www.google.com/images/errors/robot.png) 100% 5px no-repeat;padding-right:205px}p{margin:11px 0 22px;overflow:hidden}ins{color:#777;text-decoration:none}a img{border:0}@media screen and (max-width:772px){body{background:none;margin-top:0;max-width:none;padding-right:0}}#logo{background:url(//www.google.com/images/branding/googlelogo/1x/googlelogo_color_150x54dp.png) no-repeat;margin-left:-5px}@media only screen and (min-resolution:192dpi){#logo{background:url(//www.google.com/images/branding/googlelogo/2x/googlelogo_color_150x54dp.png) no-repeat 0% 0%/100% 100%;-moz-border-image:url(//www.google.com/images/branding/googlelogo/2x/googlelogo_color_150x54dp.png) 0}}@media only screen and (-webkit-min-device-pixel-ratio:2){#logo{background:url(//www.google.com/images/branding/googlelogo/2x/googlelogo_color_150x54dp.png) no-repeat;-webkit-background-size:100% 100%}}#logo{display:inline-block;height:54px;width:150px}
  </style>
  <a href=//www.google.com/><span id=logo aria-label=Google></span></a>
  <p><b>502.</b> <ins>That’s an error.</ins>
  <p>The server encountered a temporary error and could not complete your request.<p>Please try again in 30 seconds.  <ins>That’s all we know.</ins>
>
2026-04-07 18:31:14,482 DEBUG    urllib3.connectionpool https://cloudbuild.googleapis.com:443 "GET /v1/projects/mufiedapi/locations/asia-south1/operations/13bf5ab6-b4a8-41a6-9379-a0af4babc1b5?alt=json HTTP/1.1" 200 None
2026-04-07 18:31:14,526 DEBUG    urllib3.connectionpool Resetting dropped connection: asia-south1-run.googleapis.com
2026-04-07 18:31:14,893 DEBUG    urllib3.connectionpool https://asia-south1-run.googleapis.com:443 "GET /apis/serving.knative.dev/v1/namespaces/mufiedapi/services/nest-api?alt=json HTTP/1.1" 200 None
2026-04-07 18:31:16,255 DEBUG    urllib3.connectionpool https://asia-south1-run.googleapis.com:443 "PUT /apis/serving.knative.dev/v1/namespaces/mufiedapi/services/nest-api?alt=json HTTP/1.1" 200 None
2026-04-07 18:31:16,298 DEBUG    urllib3.connectionpool Starting new HTTPS connection (1): run.googleapis.com:443
2026-04-07 18:31:17,040 DEBUG    urllib3.connectionpool https://run.googleapis.com:443 "GET /v1/projects/mufiedapi/locations/asia-south1/services/nest-api:getIamPolicy?alt=json HTTP/1.1" 200 None
2026-04-07 18:31:17,647 DEBUG    urllib3.connectionpool https://run.googleapis.com:443 "POST /v1/projects/mufiedapi/locations/asia-south1/services/nest-api:setIamPolicy?alt=json HTTP/1.1" 403 None
2026-04-07 18:31:23,902 DEBUG    urllib3.connectionpool https://asia-south1-run.googleapis.com:443 "POST /v1/projects/mufiedapi/locations/asia-south1/operations/b19e096e-0073-4558-925a-2cf34ed381fc:wait?alt=json HTTP/1.1" 200 None
2026-04-07 18:31:23,932 INFO     ___FILE_ONLY___   Setting IAM policy failed, try "gcloud beta run services add-iam-policy-binding --region=asia-south1 --member=allUsers --role=roles/run.invoker nest-api"

2026-04-07 18:31:23,933 DEBUG    root            (gcloud.run.deploy) The user-provided container failed to start and listen on the port defined provided by the PORT=8080 environment variable within the allocated timeout. This can happen when the container port is misconfigured or if the timeout is too short. The health check timeout can be extended. Logs for this revision might contain more information.

Logs URL: https://console.cloud.google.com/logs/viewer?project=mufiedapi&resource=cloud_run_revision/service_name/nest-api/revision_name/nest-api-00029-tsv&advancedFilter=resource.type%3D%22cloud_run_revision%22%0Aresource.labels.service_name%3D%22nest-api%22%0Aresource.labels.revision_name%3D%22nest-api-00029-tsv%22 
For more troubleshooting guidance, see https://cloud.google.com/run/docs/troubleshooting#container-failed-to-start
Traceback (most recent call last):
  File "C:\Users\ADMIN\AppData\Local\Google\Cloud SDK\google-cloud-sdk\bin\..\lib\googlecloudsdk\calliope\cli.py", line 941, in Execute
    resources = calliope_command.Run(cli=self, args=args)
  File "C:\Users\ADMIN\AppData\Local\Google\Cloud SDK\google-cloud-sdk\bin\..\lib\googlecloudsdk\calliope\backend.py", line 957, in Run
    resources = command_instance.Run(args)
  File "C:\Users\ADMIN\AppData\Local\Google\Cloud SDK\google-cloud-sdk\bin\..\lib\surface\run\deploy.py", line 1030, in Run
    service = _ReleaseService(changes)
  File "C:\Users\ADMIN\AppData\Local\Google\Cloud SDK\google-cloud-sdk\bin\..\lib\surface\run\deploy.py", line 993, in _ReleaseService
    return operations.ReleaseService(
           ~~~~~~~~~~~~~~~~~~~~~~~~~^
        service_ref,
        ^^^^^^^^^^^^
    ...<31 lines>...
        skip_build=skip_build,
        ^^^^^^^^^^^^^^^^^^^^^^
    )
    ^
  File "C:\Users\ADMIN\AppData\Local\Google\Cloud SDK\google-cloud-sdk\bin\..\lib\googlecloudsdk\command_lib\run\serverless_operations.py", line 1097, in ReleaseService
    self.WaitForCondition(poller)
    ~~~~~~~~~~~~~~~~~~~~~^^^^^^^^
  File "C:\Users\ADMIN\AppData\Local\Google\Cloud SDK\google-cloud-sdk\bin\..\lib\googlecloudsdk\command_lib\run\serverless_operations.py", line 274, in WaitForCondition
    return waiter.PollUntilDone(poller, None, wait_ceiling_ms=1000)
           ~~~~~~~~~~~~~~~~~~~~^^^^^^^^^^^^^^^^^^^^^^^^^^^^^^^^^^^^
  File "C:\Users\ADMIN\AppData\Local\Google\Cloud SDK\google-cloud-sdk\bin\..\lib\googlecloudsdk\api_lib\util\waiter.py", line 319, in PollUntilDone
    operation = retryer.RetryOnResult(
        func=poller.Poll,
        args=(operation_ref,),
        should_retry_if=_IsNotDone,
        sleep_ms=sleep_ms)
  File "C:\Users\ADMIN\AppData\Local\Google\Cloud SDK\google-cloud-sdk\bin\..\lib\googlecloudsdk\core\util\retry.py", line 236, in RetryOnResult
    result = func(*args, **kwargs)
  File "C:\Users\ADMIN\AppData\Local\Google\Cloud SDK\google-cloud-sdk\bin\..\lib\googlecloudsdk\command_lib\run\op_pollers.py", line 151, in Poll
    conditions = self.GetConditions()
  File "C:\Users\ADMIN\AppData\Local\Google\Cloud SDK\google-cloud-sdk\bin\..\lib\googlecloudsdk\command_lib\run\op_pollers.py", line 284, in GetConditions
    resource = self._resource_getter()
  File "C:\Users\ADMIN\AppData\Local\Google\Cloud SDK\google-cloud-sdk\bin\..\lib\googlecloudsdk\command_lib\run\serverless_operations.py", line 378, in WaitService
    operation = waiter.PollUntilDone(poller, op_ref)
  File "C:\Users\ADMIN\AppData\Local\Google\Cloud SDK\google-cloud-sdk\bin\..\lib\googlecloudsdk\api_lib\util\waiter.py", line 319, in PollUntilDone
    operation = retryer.RetryOnResult(
        func=poller.Poll,
        args=(operation_ref,),
        should_retry_if=_IsNotDone,
        sleep_ms=sleep_ms)
  File "C:\Users\ADMIN\AppData\Local\Google\Cloud SDK\google-cloud-sdk\bin\..\lib\googlecloudsdk\core\util\retry.py", line 246, in RetryOnResult
    if not should_retry(result, state):
           ~~~~~~~~~~~~^^^^^^^^^^^^^^^
  File "C:\Users\ADMIN\AppData\Local\Google\Cloud SDK\google-cloud-sdk\bin\..\lib\googlecloudsdk\api_lib\util\waiter.py", line 317, in _IsNotDone
    return not poller.IsDone(operation)
               ~~~~~~~~~~~~~^^^^^^^^^^^
  File "C:\Users\ADMIN\AppData\Local\Google\Cloud SDK\google-cloud-sdk\bin\..\lib\googlecloudsdk\api_lib\util\waiter.py", line 119, in IsDone
    raise OperationError(operation.error.message)
googlecloudsdk.api_lib.util.waiter.OperationError: The user-provided container failed to start and listen on the port defined provided by the PORT=8080 environment variable within the allocated timeout. This can happen when the container port is misconfigured or if the timeout is too short. The health check timeout can be extended. Logs for this revision might contain more information.

Logs URL: https://console.cloud.google.com/logs/viewer?project=mufiedapi&resource=cloud_run_revision/service_name/nest-api/revision_name/nest-api-00029-tsv&advancedFilter=resource.type%3D%22cloud_run_revision%22%0Aresource.labels.service_name%3D%22nest-api%22%0Aresource.labels.revision_name%3D%22nest-api-00029-tsv%22 
For more troubleshooting guidance, see https://cloud.google.com/run/docs/troubleshooting#container-failed-to-start
2026-04-07 18:31:23,942 ERROR    root            (gcloud.run.deploy) The user-provided container failed to start and listen on the port defined provided by the PORT=8080 environment variable within the allocated timeout. This can happen when the container port is misconfigured or if the timeout is too short. The health check timeout can be extended. Logs for this revision might contain more information.

Logs URL: https://console.cloud.google.com/logs/viewer?project=mufiedapi&resource=cloud_run_revision/service_name/nest-api/revision_name/nest-api-00029-tsv&advancedFilter=resource.type%3D%22cloud_run_revision%22%0Aresource.labels.service_name%3D%22nest-api%22%0Aresource.labels.revision_name%3D%22nest-api-00029-tsv%22 
For more troubleshooting guidance, see https://cloud.google.com/run/docs/troubleshooting#container-failed-to-start
