2026-04-07 19:08:24,636 DEBUG    root            Loaded Command Group: ['gcloud', 'run']
2026-04-07 19:08:26,217 DEBUG    root            Loaded Command Group: ['gcloud', 'run', 'deploy']
2026-04-07 19:08:26,259 DEBUG    root            Running [gcloud.run.deploy] with arguments: [--allow-unauthenticated: "True", --min-instances: "<googlecloudsdk.command_lib.run.flags.ScaleValue object at 0x0000018058300AD0>", --platform: "managed", --port: "8080", --region: "asia-south1", --source: ".", SERVICE: "nest-api"]
2026-04-07 19:08:26,681 DEBUG    root            Failed to check metadata server: <urlopen error [Errno 11001] getaddrinfo failed>
2026-04-07 19:08:26,681 DEBUG    root            On GCE from server: False
2026-04-07 19:08:26,857 DEBUG    root            On GCE from memory cache: False
2026-04-07 19:08:26,910 DEBUG    urllib3.connectionpool Starting new HTTPS connection (1): serviceusage.googleapis.com:443
2026-04-07 19:08:28,978 DEBUG    urllib3.connectionpool https://serviceusage.googleapis.com:443 "GET /v1/projects/mufiedapi/services/artifactregistry.googleapis.com?alt=json HTTP/1.1" 200 None
2026-04-07 19:08:29,041 DEBUG    root            On GCE from memory cache: False
2026-04-07 19:08:29,047 DEBUG    root            On GCE from memory cache: False
2026-04-07 19:08:29,053 DEBUG    urllib3.connectionpool Starting new HTTPS connection (1): serviceusage.googleapis.com:443
2026-04-07 19:08:31,028 DEBUG    urllib3.connectionpool https://serviceusage.googleapis.com:443 "GET /v1/projects/mufiedapi/services/cloudbuild.googleapis.com?alt=json HTTP/1.1" 200 None
2026-04-07 19:08:31,067 DEBUG    root            On GCE from memory cache: False
2026-04-07 19:08:31,073 DEBUG    root            On GCE from memory cache: False
2026-04-07 19:08:31,079 DEBUG    urllib3.connectionpool Starting new HTTPS connection (1): serviceusage.googleapis.com:443
2026-04-07 19:08:32,740 DEBUG    urllib3.connectionpool https://serviceusage.googleapis.com:443 "GET /v1/projects/mufiedapi/services/run.googleapis.com?alt=json HTTP/1.1" 200 None
2026-04-07 19:08:32,812 DEBUG    root            On GCE from memory cache: False
2026-04-07 19:08:32,818 DEBUG    root            On GCE from memory cache: False
2026-04-07 19:08:32,827 DEBUG    root            On GCE from memory cache: False
2026-04-07 19:08:32,833 DEBUG    urllib3.connectionpool Starting new HTTPS connection (1): asia-south1-run.googleapis.com:443
2026-04-07 19:08:33,308 DEBUG    urllib3.connectionpool https://asia-south1-run.googleapis.com:443 "GET /apis/serving.knative.dev/v1/namespaces/mufiedapi/services/nest-api?alt=json HTTP/1.1" 200 None
2026-04-07 19:08:33,312 DEBUG    root            source_location: gs://run-sources-mufiedapi-asia-south1/services/nest-api/1775567881.376473-3e52dd805d704ef8ab74fb4a78ef1392.zip#1775567881817220
2026-04-07 19:08:33,313 DEBUG    root            Existing source_bucket: run-sources-mufiedapi-asia-south1
2026-04-07 19:08:33,315 DEBUG    root            On GCE from memory cache: False
2026-04-07 19:08:33,337 DEBUG    urllib3.connectionpool Starting new HTTPS connection (1): artifactregistry.googleapis.com:443
2026-04-07 19:08:34,083 DEBUG    urllib3.connectionpool https://artifactregistry.googleapis.com:443 "GET /v1/projects/mufiedapi/locations/asia-south1/repositories/cloud-run-source-deploy?alt=json HTTP/1.1" 200 None
2026-04-07 19:08:34,101 DEBUG    root            On GCE from memory cache: False
2026-04-07 19:08:34,131 DEBUG    urllib3.connectionpool Starting new HTTPS connection (1): cloudbuild.googleapis.com:443
2026-04-07 19:08:40,057 DEBUG    urllib3.connectionpool https://cloudbuild.googleapis.com:443 "GET /v1/projects/mufiedapi/locations/asia-south1/defaultServiceAccount?alt=json HTTP/1.1" 200 None
2026-04-07 19:08:40,223 DEBUG    root            On GCE from memory cache: False
2026-04-07 19:08:40,245 DEBUG    urllib3.connectionpool Starting new HTTPS connection (1): iam.googleapis.com:443
2026-04-07 19:08:41,908 DEBUG    urllib3.connectionpool https://iam.googleapis.com:443 "GET /v1/projects/-/serviceAccounts/560137381308-compute@developer.gserviceaccount.com?alt=json HTTP/1.1" 200 None
2026-04-07 19:08:41,910 INFO     ___FILE_ONLY___ Building using Dockerfile and deploying container to Cloud Run service [[1mnest-api[m] in project [[1mmufiedapi[m] region [[1masia-south1[m]

2026-04-07 19:08:41,914 INFO     ___FILE_ONLY___ Building and deploying...
2026-04-07 19:08:43,418 DEBUG    urllib3.connectionpool https://asia-south1-run.googleapis.com:443 "PUT /apis/serving.knative.dev/v1/namespaces/mufiedapi/services/nest-api?alt=json&dryRun=all HTTP/1.1" 200 None
2026-04-07 19:08:43,450 DEBUG    root            On GCE from memory cache: False
2026-04-07 19:08:43,487 DEBUG    root            Creating bucket run-sources-mufiedapi-asia-south1 in region asia-south1
2026-04-07 19:08:43,489 DEBUG    urllib3.connectionpool Starting new HTTPS connection (1): storage.googleapis.com:443
2026-04-07 19:08:43,745 DEBUG    urllib3.connectionpool https://storage.googleapis.com:443 "GET /storage/v1/b/run-sources-mufiedapi-asia-south1?alt=json HTTP/1.1" 200 1276
2026-04-07 19:08:44,242 DEBUG    urllib3.connectionpool https://storage.googleapis.com:443 "GET /storage/v1/b?alt=json&maxResults=1000&prefix=run-sources-mufiedapi-asia-south1&project=mufiedapi HTTP/1.1" 200 1522
2026-04-07 19:08:44,246 DEBUG    root            Uploading source to gs://run-sources-mufiedapi-asia-south1/services/nest-api/1775569124.245932-5f59be7e500f4b25a3de782ec76d9110.zip
2026-04-07 19:08:44,262 INFO     root            Using ignore file at [.\.gcloudignore].
2026-04-07 19:08:44,263 DEBUG    root            Skipping file [.env]
2026-04-07 19:08:44,263 DEBUG    root            Skipping file [.env.example]
2026-04-07 19:08:44,264 DEBUG    root            Skipping file [.gitignore]
2026-04-07 19:08:44,265 DEBUG    root            Skipping file [.firebase]
2026-04-07 19:08:44,265 DEBUG    root            Skipping file [dist]
2026-04-07 19:08:44,265 DEBUG    root            Skipping file [node_modules]
2026-04-07 19:08:45,123 INFO     root            Using ignore file [.\.gcloudignore]
2026-04-07 19:08:45,218 INFO     root            Uploading [C:\Users\ADMIN\AppData\Local\Temp\tmpmri6zma5\file.zip] to [run-sources-mufiedapi-asia-south1/services/nest-api/1775569124.245932-5f59be7e500f4b25a3de782ec76d9110.zip]
2026-04-07 19:08:45,460 DEBUG    urllib3.connectionpool https://storage.googleapis.com:443 "POST /upload/storage/v1/b/run-sources-mufiedapi-asia-south1/o?alt=json&name=services%2Fnest-api%2F1775569124.245932-5f59be7e500f4b25a3de782ec76d9110.zip&uploadType=multipart HTTP/1.1" 200 1138
2026-04-07 19:08:45,486 DEBUG    root            On GCE from memory cache: False
2026-04-07 19:08:45,494 DEBUG    urllib3.connectionpool Starting new HTTPS connection (1): asia-south1-run.googleapis.com:443
2026-04-07 19:08:49,566 DEBUG    urllib3.connectionpool https://asia-south1-run.googleapis.com:443 "POST /v2/projects/mufiedapi/locations/asia-south1/builds:submit?alt=json HTTP/1.1" 200 None
2026-04-07 19:08:49,579 DEBUG    root            On GCE from memory cache: False
2026-04-07 19:08:49,587 DEBUG    urllib3.connectionpool Starting new HTTPS connection (1): cloudbuild.googleapis.com:443
2026-04-07 19:08:50,146 DEBUG    urllib3.connectionpool https://cloudbuild.googleapis.com:443 "GET /v1/projects/mufiedapi/locations/asia-south1/operations/4c000073-86e0-4ce7-b657-7ae25584630e?alt=json HTTP/1.1" 200 None
2026-04-07 19:08:58,869 DEBUG    urllib3.connectionpool https://cloudbuild.googleapis.com:443 "GET /v1/projects/mufiedapi/locations/asia-south1/operations/4c000073-86e0-4ce7-b657-7ae25584630e?alt=json HTTP/1.1" 200 None
2026-04-07 19:09:32,348 DEBUG    urllib3.connectionpool https://cloudbuild.googleapis.com:443 "GET /v1/projects/mufiedapi/locations/asia-south1/operations/4c000073-86e0-4ce7-b657-7ae25584630e?alt=json HTTP/1.1" 502 1613
2026-04-07 19:09:32,349 DEBUG    root            Response returned status 502, retrying
2026-04-07 19:09:32,349 DEBUG    root            Retrying request to url https://cloudbuild.googleapis.com/v1/projects/mufiedapi/locations/asia-south1/operations/4c000073-86e0-4ce7-b657-7ae25584630e?alt=json after exception HttpError accessing <https://cloudbuild.googleapis.com/v1/projects/mufiedapi/locations/asia-south1/operations/4c000073-86e0-4ce7-b657-7ae25584630e?alt=json>: response: <{'content-type': 'text/html; charset=UTF-8', 'referrer-policy': 'no-referrer', 'content-length': '1613', 'date': 'Tue, 07 Apr 2026 13:39:32 GMT', 'alt-svc': 'h3=":443"; ma=2592000,h3-29=":443"; ma=2592000', 'status': 502}>, content <<!DOCTYPE html>
<html lang=en>
  <meta charset=utf-8>
  <meta name=viewport content="initial-scale=1, minimum-scale=1, width=device-width">
  <title>Error 502 (Server Error)!!1</title>
  <style>
    *{margin:0;padding:0}html,code{font:15px/22px arial,sans-serif}html{background:#fff;color:#222;padding:15px}body{margin:7% auto 0;max-width:390px;min-height:180px;padding:30px 0 15px}* > body{background:url(//www.google.com/images/errors/robot.png) 100% 5px no-repeat;padding-right:205px}p{margin:11px 0 22px;overflow:hidden}ins{color:#777;text-decoration:none}a img{border:0}@media screen and (max-width:772px){body{background:none;margin-top:0;max-width:none;padding-right:0}}#logo{background:url(//www.google.com/images/branding/googlelogo/1x/googlelogo_color_150x54dp.png) no-repeat;margin-left:-5px}@media only screen and (min-resolution:192dpi){#logo{background:url(//www.google.com/images/branding/googlelogo/2x/googlelogo_color_150x54dp.png) no-repeat 0% 0%/100% 100%;-moz-border-image:url(//www.google.com/images/branding/googlelogo/2x/googlelogo_color_150x54dp.png) 0}}@media only screen and (-webkit-min-device-pixel-ratio:2){#logo{background:url(//www.google.com/images/branding/googlelogo/2x/googlelogo_color_150x54dp.png) no-repeat;-webkit-background-size:100% 100%}}#logo{display:inline-block;height:54px;width:150px}
  </style>
  <a href=//www.google.com/><span id=logo aria-label=Google></span></a>
  <p><b>502.</b> <ins>That’s an error.</ins>
  <p>The server encountered a temporary error and could not complete your request.<p>Please try again in 30 seconds.  <ins>That’s all we know.</ins>
>
2026-04-07 19:09:34,454 DEBUG    urllib3.connectionpool https://cloudbuild.googleapis.com:443 "GET /v1/projects/mufiedapi/locations/asia-south1/operations/4c000073-86e0-4ce7-b657-7ae25584630e?alt=json HTTP/1.1" 200 None
2026-04-07 19:09:39,129 DEBUG    urllib3.connectionpool https://cloudbuild.googleapis.com:443 "GET /v1/projects/mufiedapi/locations/asia-south1/operations/4c000073-86e0-4ce7-b657-7ae25584630e?alt=json HTTP/1.1" 200 None
2026-04-07 19:09:40,706 DEBUG    urllib3.connectionpool https://cloudbuild.googleapis.com:443 "GET /v1/projects/mufiedapi/locations/asia-south1/operations/4c000073-86e0-4ce7-b657-7ae25584630e?alt=json HTTP/1.1" 200 None
2026-04-07 19:09:42,317 DEBUG    urllib3.connectionpool https://cloudbuild.googleapis.com:443 "GET /v1/projects/mufiedapi/locations/asia-south1/operations/4c000073-86e0-4ce7-b657-7ae25584630e?alt=json HTTP/1.1" 200 None
2026-04-07 19:09:44,125 DEBUG    urllib3.connectionpool https://cloudbuild.googleapis.com:443 "GET /v1/projects/mufiedapi/locations/asia-south1/operations/4c000073-86e0-4ce7-b657-7ae25584630e?alt=json HTTP/1.1" 200 None
2026-04-07 19:09:45,571 DEBUG    urllib3.connectionpool https://cloudbuild.googleapis.com:443 "GET /v1/projects/mufiedapi/locations/asia-south1/operations/4c000073-86e0-4ce7-b657-7ae25584630e?alt=json HTTP/1.1" 200 None
2026-04-07 19:09:47,249 DEBUG    urllib3.connectionpool https://cloudbuild.googleapis.com:443 "GET /v1/projects/mufiedapi/locations/asia-south1/operations/4c000073-86e0-4ce7-b657-7ae25584630e?alt=json HTTP/1.1" 200 None
2026-04-07 19:09:48,396 DEBUG    urllib3.connectionpool https://cloudbuild.googleapis.com:443 "GET /v1/projects/mufiedapi/locations/asia-south1/operations/4c000073-86e0-4ce7-b657-7ae25584630e?alt=json HTTP/1.1" 200 None
2026-04-07 19:09:49,827 DEBUG    urllib3.connectionpool https://cloudbuild.googleapis.com:443 "GET /v1/projects/mufiedapi/locations/asia-south1/operations/4c000073-86e0-4ce7-b657-7ae25584630e?alt=json HTTP/1.1" 200 None
2026-04-07 19:09:50,033 DEBUG    urllib3.connectionpool https://cloudbuild.googleapis.com:443 "GET /v1/projects/mufiedapi/locations/asia-south1/operations/4c000073-86e0-4ce7-b657-7ae25584630e?alt=json HTTP/1.1" 200 None
2026-04-07 19:09:51,563 DEBUG    urllib3.connectionpool https://cloudbuild.googleapis.com:443 "GET /v1/projects/mufiedapi/locations/asia-south1/operations/4c000073-86e0-4ce7-b657-7ae25584630e?alt=json HTTP/1.1" 200 None
2026-04-07 19:09:53,258 DEBUG    urllib3.connectionpool https://cloudbuild.googleapis.com:443 "GET /v1/projects/mufiedapi/locations/asia-south1/operations/4c000073-86e0-4ce7-b657-7ae25584630e?alt=json HTTP/1.1" 200 None
2026-04-07 19:09:55,397 DEBUG    urllib3.connectionpool https://cloudbuild.googleapis.com:443 "GET /v1/projects/mufiedapi/locations/asia-south1/operations/4c000073-86e0-4ce7-b657-7ae25584630e?alt=json HTTP/1.1" 200 None
2026-04-07 19:09:57,665 DEBUG    urllib3.connectionpool https://cloudbuild.googleapis.com:443 "GET /v1/projects/mufiedapi/locations/asia-south1/operations/4c000073-86e0-4ce7-b657-7ae25584630e?alt=json HTTP/1.1" 200 None
2026-04-07 19:09:59,836 DEBUG    urllib3.connectionpool https://cloudbuild.googleapis.com:443 "GET /v1/projects/mufiedapi/locations/asia-south1/operations/4c000073-86e0-4ce7-b657-7ae25584630e?alt=json HTTP/1.1" 200 None
2026-04-07 19:10:02,014 DEBUG    urllib3.connectionpool https://cloudbuild.googleapis.com:443 "GET /v1/projects/mufiedapi/locations/asia-south1/operations/4c000073-86e0-4ce7-b657-7ae25584630e?alt=json HTTP/1.1" 200 None
2026-04-07 19:10:04,360 DEBUG    urllib3.connectionpool https://cloudbuild.googleapis.com:443 "GET /v1/projects/mufiedapi/locations/asia-south1/operations/4c000073-86e0-4ce7-b657-7ae25584630e?alt=json HTTP/1.1" 200 None
2026-04-07 19:10:07,029 DEBUG    urllib3.connectionpool https://cloudbuild.googleapis.com:443 "GET /v1/projects/mufiedapi/locations/asia-south1/operations/4c000073-86e0-4ce7-b657-7ae25584630e?alt=json HTTP/1.1" 200 None
2026-04-07 19:10:09,941 DEBUG    urllib3.connectionpool https://cloudbuild.googleapis.com:443 "GET /v1/projects/mufiedapi/locations/asia-south1/operations/4c000073-86e0-4ce7-b657-7ae25584630e?alt=json HTTP/1.1" 200 None
2026-04-07 19:10:13,526 DEBUG    urllib3.connectionpool https://cloudbuild.googleapis.com:443 "GET /v1/projects/mufiedapi/locations/asia-south1/operations/4c000073-86e0-4ce7-b657-7ae25584630e?alt=json HTTP/1.1" 200 None
2026-04-07 19:10:17,066 DEBUG    urllib3.connectionpool https://cloudbuild.googleapis.com:443 "GET /v1/projects/mufiedapi/locations/asia-south1/operations/4c000073-86e0-4ce7-b657-7ae25584630e?alt=json HTTP/1.1" 200 None
2026-04-07 19:10:20,772 DEBUG    urllib3.connectionpool https://cloudbuild.googleapis.com:443 "GET /v1/projects/mufiedapi/locations/asia-south1/operations/4c000073-86e0-4ce7-b657-7ae25584630e?alt=json HTTP/1.1" 200 None
2026-04-07 19:10:40,961 DEBUG    urllib3.connectionpool https://cloudbuild.googleapis.com:443 "GET /v1/projects/mufiedapi/locations/asia-south1/operations/4c000073-86e0-4ce7-b657-7ae25584630e?alt=json HTTP/1.1" 200 None
2026-04-07 19:10:41,130 DEBUG    urllib3.connectionpool https://asia-south1-run.googleapis.com:443 "GET /apis/serving.knative.dev/v1/namespaces/mufiedapi/services/nest-api?alt=json HTTP/1.1" 200 None
2026-04-07 19:10:42,522 DEBUG    urllib3.connectionpool https://asia-south1-run.googleapis.com:443 "PUT /apis/serving.knative.dev/v1/namespaces/mufiedapi/services/nest-api?alt=json HTTP/1.1" 200 None
2026-04-07 19:10:42,534 DEBUG    urllib3.connectionpool Starting new HTTPS connection (1): run.googleapis.com:443
2026-04-07 19:10:43,234 DEBUG    urllib3.connectionpool https://run.googleapis.com:443 "GET /v1/projects/mufiedapi/locations/asia-south1/services/nest-api:getIamPolicy?alt=json HTTP/1.1" 200 None
2026-04-07 19:10:43,742 DEBUG    urllib3.connectionpool https://run.googleapis.com:443 "POST /v1/projects/mufiedapi/locations/asia-south1/services/nest-api:setIamPolicy?alt=json HTTP/1.1" 403 None
2026-04-07 19:10:49,456 DEBUG    urllib3.connectionpool https://asia-south1-run.googleapis.com:443 "POST /v1/projects/mufiedapi/locations/asia-south1/operations/385ad595-d663-4a61-b597-27647deba2c4:wait?alt=json HTTP/1.1" 200 None
2026-04-07 19:10:49,461 INFO     ___FILE_ONLY___   Setting IAM policy failed, try "gcloud beta run services add-iam-policy-binding --region=asia-south1 --member=allUsers --role=roles/run.invoker nest-api"

2026-04-07 19:10:49,461 DEBUG    root            (gcloud.run.deploy) The user-provided container failed to start and listen on the port defined provided by the PORT=8080 environment variable within the allocated timeout. This can happen when the container port is misconfigured or if the timeout is too short. The health check timeout can be extended. Logs for this revision might contain more information.

Logs URL: https://console.cloud.google.com/logs/viewer?project=mufiedapi&resource=cloud_run_revision/service_name/nest-api/revision_name/nest-api-00031-mbc&advancedFilter=resource.type%3D%22cloud_run_revision%22%0Aresource.labels.service_name%3D%22nest-api%22%0Aresource.labels.revision_name%3D%22nest-api-00031-mbc%22 
For more troubleshooting guidance, see https://cloud.google.com/run/docs/troubleshooting#container-failed-to-start
Traceback (most recent call last):
  File "C:\Users\ADMIN\AppData\Local\Google\Cloud SDK\google-cloud-sdk\bin\..\lib\googlecloudsdk\calliope\cli.py", line 941, in Execute
    resources = calliope_command.Run(cli=self, args=args)
  File "C:\Users\ADMIN\AppData\Local\Google\Cloud SDK\google-cloud-sdk\bin\..\lib\googlecloudsdk\calliope\backend.py", line 957, in Run
    resources = command_instance.Run(args)
  File "C:\Users\ADMIN\AppData\Local\Google\Cloud SDK\google-cloud-sdk\bin\..\lib\surface\run\deploy.py", line 1030, in Run
    service = _ReleaseService(changes)
  File "C:\Users\ADMIN\AppData\Local\Google\Cloud SDK\google-cloud-sdk\bin\..\lib\surface\run\deploy.py", line 993, in _ReleaseService
    return operations.ReleaseService(
           ~~~~~~~~~~~~~~~~~~~~~~~~~^
        service_ref,
        ^^^^^^^^^^^^
    ...<31 lines>...
        skip_build=skip_build,
        ^^^^^^^^^^^^^^^^^^^^^^
    )
    ^
  File "C:\Users\ADMIN\AppData\Local\Google\Cloud SDK\google-cloud-sdk\bin\..\lib\googlecloudsdk\command_lib\run\serverless_operations.py", line 1097, in ReleaseService
    self.WaitForCondition(poller)
    ~~~~~~~~~~~~~~~~~~~~~^^^^^^^^
  File "C:\Users\ADMIN\AppData\Local\Google\Cloud SDK\google-cloud-sdk\bin\..\lib\googlecloudsdk\command_lib\run\serverless_operations.py", line 274, in WaitForCondition
    return waiter.PollUntilDone(poller, None, wait_ceiling_ms=1000)
           ~~~~~~~~~~~~~~~~~~~~^^^^^^^^^^^^^^^^^^^^^^^^^^^^^^^^^^^^
  File "C:\Users\ADMIN\AppData\Local\Google\Cloud SDK\google-cloud-sdk\bin\..\lib\googlecloudsdk\api_lib\util\waiter.py", line 319, in PollUntilDone
    operation = retryer.RetryOnResult(
        func=poller.Poll,
        args=(operation_ref,),
        should_retry_if=_IsNotDone,
        sleep_ms=sleep_ms)
  File "C:\Users\ADMIN\AppData\Local\Google\Cloud SDK\google-cloud-sdk\bin\..\lib\googlecloudsdk\core\util\retry.py", line 236, in RetryOnResult
    result = func(*args, **kwargs)
  File "C:\Users\ADMIN\AppData\Local\Google\Cloud SDK\google-cloud-sdk\bin\..\lib\googlecloudsdk\command_lib\run\op_pollers.py", line 151, in Poll
    conditions = self.GetConditions()
  File "C:\Users\ADMIN\AppData\Local\Google\Cloud SDK\google-cloud-sdk\bin\..\lib\googlecloudsdk\command_lib\run\op_pollers.py", line 284, in GetConditions
    resource = self._resource_getter()
  File "C:\Users\ADMIN\AppData\Local\Google\Cloud SDK\google-cloud-sdk\bin\..\lib\googlecloudsdk\command_lib\run\serverless_operations.py", line 378, in WaitService
    operation = waiter.PollUntilDone(poller, op_ref)
  File "C:\Users\ADMIN\AppData\Local\Google\Cloud SDK\google-cloud-sdk\bin\..\lib\googlecloudsdk\api_lib\util\waiter.py", line 319, in PollUntilDone
    operation = retryer.RetryOnResult(
        func=poller.Poll,
        args=(operation_ref,),
        should_retry_if=_IsNotDone,
        sleep_ms=sleep_ms)
  File "C:\Users\ADMIN\AppData\Local\Google\Cloud SDK\google-cloud-sdk\bin\..\lib\googlecloudsdk\core\util\retry.py", line 246, in RetryOnResult
    if not should_retry(result, state):
           ~~~~~~~~~~~~^^^^^^^^^^^^^^^
  File "C:\Users\ADMIN\AppData\Local\Google\Cloud SDK\google-cloud-sdk\bin\..\lib\googlecloudsdk\api_lib\util\waiter.py", line 317, in _IsNotDone
    return not poller.IsDone(operation)
               ~~~~~~~~~~~~~^^^^^^^^^^^
  File "C:\Users\ADMIN\AppData\Local\Google\Cloud SDK\google-cloud-sdk\bin\..\lib\googlecloudsdk\api_lib\util\waiter.py", line 119, in IsDone
    raise OperationError(operation.error.message)
googlecloudsdk.api_lib.util.waiter.OperationError: The user-provided container failed to start and listen on the port defined provided by the PORT=8080 environment variable within the allocated timeout. This can happen when the container port is misconfigured or if the timeout is too short. The health check timeout can be extended. Logs for this revision might contain more information.

Logs URL: https://console.cloud.google.com/logs/viewer?project=mufiedapi&resource=cloud_run_revision/service_name/nest-api/revision_name/nest-api-00031-mbc&advancedFilter=resource.type%3D%22cloud_run_revision%22%0Aresource.labels.service_name%3D%22nest-api%22%0Aresource.labels.revision_name%3D%22nest-api-00031-mbc%22 
For more troubleshooting guidance, see https://cloud.google.com/run/docs/troubleshooting#container-failed-to-start
2026-04-07 19:10:49,633 ERROR    root            (gcloud.run.deploy) The user-provided container failed to start and listen on the port defined provided by the PORT=8080 environment variable within the allocated timeout. This can happen when the container port is misconfigured or if the timeout is too short. The health check timeout can be extended. Logs for this revision might contain more information.

Logs URL: https://console.cloud.google.com/logs/viewer?project=mufiedapi&resource=cloud_run_revision/service_name/nest-api/revision_name/nest-api-00031-mbc&advancedFilter=resource.type%3D%22cloud_run_revision%22%0Aresource.labels.service_name%3D%22nest-api%22%0Aresource.labels.revision_name%3D%22nest-api-00031-mbc%22 
For more troubleshooting guidance, see https://cloud.google.com/run/docs/troubleshooting#container-failed-to-start
