2026-04-07 19:13:43,564 DEBUG    root            Loaded Command Group: ['gcloud', 'auth']
2026-04-07 19:13:43,614 DEBUG    root            Loaded Command Group: ['gcloud', 'auth', 'login']
2026-04-07 19:13:43,617 DEBUG    root            Running [gcloud.auth.login] with arguments: []
2026-04-07 19:13:43,619 DEBUG    root            On GCE from disk cache: False
2026-04-07 19:13:43,973 DEBUG    root            On GCE from memory cache: False
2026-04-07 19:13:43,987 DEBUG    requests_oauthlib.oauth2_session Generated new state nzPQFmXKUmiYZsFbUc4CqZcayWjky2.
2026-04-07 19:13:44,094 INFO     ___FILE_ONLY___ Your browser has been opened to visit:

    https://accounts.google.com/o/oauth2/auth?response_type=code&client_id=32555940559.apps.googleusercontent.com&redirect_uri=http%3A%2F%2Flocalhost%3A8085%2F&scope=openid+https%3A%2F%2Fwww.googleapis.com%2Fauth%2Fuserinfo.email+https%3A%2F%2Fwww.googleapis.com%2Fauth%2Fcloud-platform+https%3A%2F%2Fwww.googleapis.com%2Fauth%2Fappengine.admin+https%3A%2F%2Fwww.googleapis.com%2Fauth%2Fsqlservice.login+https%3A%2F%2Fwww.googleapis.com%2Fauth%2Fcompute+https%3A%2F%2Fwww.googleapis.com%2Fauth%2Faccounts.reauth&state=nzPQFmXKUmiYZsFbUc4CqZcayWjky2&access_type=offline&code_challenge=wgUoaDlWrPqviMkaAECR5TcixU6GJSyfhKgUuZzzy5s&code_challenge_method=S256


2026-04-07 19:13:57,668 INFO     google_auth_oauthlib.flow "GET /?state=nzPQFmXKUmiYZsFbUc4CqZcayWjky2&iss=https://accounts.google.com&code=4/0Aci98E8jz0J5OjcbGxn6jTYiRnCI6MQTeb8_3ur5vy_m24XvFvQF75WMnTFtLvi4yzm3sw&scope=email%20openid%20https://www.googleapis.com/auth/userinfo.email%20https://www.googleapis.com/auth/cloud-platform%20https://www.googleapis.com/auth/appengine.admin%20https://www.googleapis.com/auth/sqlservice.login%20https://www.googleapis.com/auth/compute%20https://www.googleapis.com/auth/accounts.reauth&authuser=0&prompt=consent HTTP/1.1" 200 937
2026-04-07 19:13:57,670 DEBUG    requests_oauthlib.oauth2_session Requesting url https://oauth2.googleapis.com/token using method POST.
2026-04-07 19:13:57,670 DEBUG    requests_oauthlib.oauth2_session Supplying headers {b'Accept': b'application/json', b'Content-Type': b'application/x-www-form-urlencoded;charset=UTF-8', b'user-agent': b'google-cloud-sdk gcloud/561.0.0 command/gcloud.auth.login invocation-id/73d1ad17805b43b0badf5e9cba72e35e environment/None environment-version/None client-os/WINDOWS client-os-ver/10.0.26200 client-pltf-arch/x86_64 interactive/True from-script/False python/3.13.8 term/  (Windows NT 10.0.26200)'} and data {'grant_type': 'authorization_code', 'client_id': '32555940559.apps.googleusercontent.com', 'client_secret': 'ZmssLNjJy2998hD4CTg2ejr2', 'code': '4/0Aci98E8jz0J5OjcbGxn6jTYiRnCI6MQTeb8_3ur5vy_m24XvFvQF75WMnTFtLvi4yzm3sw', 'redirect_uri': 'http://localhost:8085/', 'code_verifier': 'KzgmuxDj~snj9_en60elosQel_VWvge8a_4spIsR8_zRBbTYRMfNs~twuYDF362isJppDNq4s7nTeUEct.97BorWkWFkp6vOaPvGtXBgKNwWGE58TomQlGQpqFSy7Er0'}
2026-04-07 19:13:57,671 DEBUG    requests_oauthlib.oauth2_session Passing through key word arguments {'json': None, 'timeout': None, 'auth': None, 'verify': None, 'proxies': None}.
2026-04-07 19:13:57,674 DEBUG    urllib3.connectionpool Starting new HTTPS connection (1): oauth2.googleapis.com:443
2026-04-07 19:13:57,926 DEBUG    urllib3.connectionpool https://oauth2.googleapis.com:443 "POST /token HTTP/1.1" 200 None
2026-04-07 19:13:57,928 DEBUG    requests_oauthlib.oauth2_session Prepared fetch token request body grant_type=authorization_code&client_id=32555940559.apps.googleusercontent.com&client_secret=ZmssLNjJy2998hD4CTg2ejr2&code=4%2F0Aci98E8jz0J5OjcbGxn6jTYiRnCI6MQTeb8_3ur5vy_m24XvFvQF75WMnTFtLvi4yzm3sw&redirect_uri=http%3A%2F%2Flocalhost%3A8085%2F&code_verifier=KzgmuxDj~snj9_en60elosQel_VWvge8a_4spIsR8_zRBbTYRMfNs~twuYDF362isJppDNq4s7nTeUEct.97BorWkWFkp6vOaPvGtXBgKNwWGE58TomQlGQpqFSy7Er0
2026-04-07 19:13:57,928 DEBUG    requests_oauthlib.oauth2_session Request to fetch token completed with status 200.
2026-04-07 19:13:57,929 DEBUG    requests_oauthlib.oauth2_session Request headers were {'user-agent': b'google-cloud-sdk gcloud/561.0.0 command/gcloud.auth.login invocation-id/73d1ad17805b43b0badf5e9cba72e35e environment/None environment-version/None client-os/WINDOWS client-os-ver/10.0.26200 client-pltf-arch/x86_64 interactive/True from-script/False python/3.13.8 term/  (Windows NT 10.0.26200)', 'Accept-Encoding': 'gzip, deflate', 'Accept': b'application/json', 'Connection': 'keep-alive', 'Content-Type': b'application/x-www-form-urlencoded;charset=UTF-8', 'Content-Length': '387'}
2026-04-07 19:13:57,929 DEBUG    requests_oauthlib.oauth2_session Request body was grant_type=authorization_code&client_id=32555940559.apps.googleusercontent.com&client_secret=ZmssLNjJy2998hD4CTg2ejr2&code=4%2F0Aci98E8jz0J5OjcbGxn6jTYiRnCI6MQTeb8_3ur5vy_m24XvFvQF75WMnTFtLvi4yzm3sw&redirect_uri=http%3A%2F%2Flocalhost%3A8085%2F&code_verifier=KzgmuxDj~snj9_en60elosQel_VWvge8a_4spIsR8_zRBbTYRMfNs~twuYDF362isJppDNq4s7nTeUEct.97BorWkWFkp6vOaPvGtXBgKNwWGE58TomQlGQpqFSy7Er0
2026-04-07 19:13:57,929 DEBUG    requests_oauthlib.oauth2_session Response headers were {'Expires': 'Mon, 01 Jan 1990 00:00:00 GMT', 'Cache-Control': 'no-cache, no-store, max-age=0, must-revalidate', 'Date': 'Tue, 07 Apr 2026 13:43:57 GMT', 'Pragma': 'no-cache', 'Content-Type': 'application/json; charset=utf-8', 'Vary': 'Origin, X-Origin, Referer', 'Content-Encoding': 'gzip', 'Server': 'scaffolding on HTTPServer2', 'X-XSS-Protection': '0', 'X-Frame-Options': 'SAMEORIGIN', 'X-Content-Type-Options': 'nosniff', 'Alt-Svc': 'h3=":443"; ma=2592000,h3-29=":443"; ma=2592000', 'Transfer-Encoding': 'chunked'} and content {
  "access_token": "ya29.a0Aa7MYirfNgehQ_PTuYmmc4tXKRt_uJaT2OoapIFLYRj5KfcI7CKIT1srGc09-4o89wvI7yWBORwdjkLbMZZX4RQurj4LKeoj8GPLUlaNHEfI2cupg_jPFIMKgUJ-wm9Qh8sRIhZLymed9CMwwpl4w7DIQcrfk0KILmfYTblJcsCBnyFZ7Fg8ozyrv7M38EI5LfQhLLktWrRXaCgYKAQ0SARASFQHGX2MihEjCXg9lzr4EeKwh2rrWIQ0211",
  "expires_in": 3599,
  "refresh_token": "1//0gNKP9so-83ggCgYIARAAGBASNwF-L9Ir07KMoNCK-FkWG0nHGjxIbHsXb168iIwz33g_Uu9rEmB0ctFRhW0ojMlWmN8dQ4UrRVY",
  "scope": "https://www.googleapis.com/auth/cloud-platform https://www.googleapis.com/auth/compute https://www.googleapis.com/auth/appengine.admin https://www.googleapis.com/auth/sqlservice.login openid https://www.googleapis.com/auth/accounts.reauth https://www.googleapis.com/auth/userinfo.email",
  "token_type": "Bearer",
  "id_token": "eyJhbGciOiJSUzI1NiIsImtpZCI6ImNjZTRlMDI0YTUxYWEwYzFjNDFjMWE0NTE1YTQxZGQ3ZTk2MTkzNmIiLCJ0eXAiOiJKV1QifQ.eyJpc3MiOiJodHRwczovL2FjY291bnRzLmdvb2dsZS5jb20iLCJhenAiOiIzMjU1NTk0MDU1OS5hcHBzLmdvb2dsZXVzZXJjb250ZW50LmNvbSIsImF1ZCI6IjMyNTU1OTQwNTU5LmFwcHMuZ29vZ2xldXNlcmNvbnRlbnQuY29tIiwic3ViIjoiMTA0NDc1NjUwMTQzODE0Nzc3NDI1IiwiZW1haWwiOiJ0ZWFtemF0NkBnbWFpbC5jb20iLCJlbWFpbF92ZXJpZmllZCI6dHJ1ZSwiYXRfaGFzaCI6IjN1UXdVaFlubG5MMVUzY2Z3akN4N1EiLCJpYXQiOjE3NzU1Njk0MzcsImV4cCI6MTc3NTU3MzAzN30.do9KkfcthpByII6X8s_GS5GJDCnPYLzoOqCGhRRckQ39n2gVmCI1Kpfvci1m-lw6cJOb_DJEBkSqpOtVLS5CYaBF-xlHk1DB9_c2rc4VCfDszbAcODSMkxgsLr8M4Jo3XIzv4-13yA_mregyaZFZTKylJxDma0eyeqr_7uMHT1IWZ1e-yvwUDLHjrvzAI2WjRY5Rd67Eb46Nhklwl8pn6J3I9JEW_k8OATopkPsQzDk1J5w66celgHG1pYeblmBXahV8Nm6m8LxoJhmy4gpdoMEq0eNykyNDSTsGTU9iT7WKbGFFu7sLB9rWB1J4tId7a320NxeveYAUgIfqEgsHmQ"
}.
2026-04-07 19:13:57,929 DEBUG    requests_oauthlib.oauth2_session Invoking 0 token response hooks.
2026-04-07 19:13:57,930 DEBUG    requests_oauthlib.oauth2_session Obtained token {'access_token': 'ya29.a0Aa7MYirfNgehQ_PTuYmmc4tXKRt_uJaT2OoapIFLYRj5KfcI7CKIT1srGc09-4o89wvI7yWBORwdjkLbMZZX4RQurj4LKeoj8GPLUlaNHEfI2cupg_jPFIMKgUJ-wm9Qh8sRIhZLymed9CMwwpl4w7DIQcrfk0KILmfYTblJcsCBnyFZ7Fg8ozyrv7M38EI5LfQhLLktWrRXaCgYKAQ0SARASFQHGX2MihEjCXg9lzr4EeKwh2rrWIQ0211', 'expires_in': 3599, 'refresh_token': '1//0gNKP9so-83ggCgYIARAAGBASNwF-L9Ir07KMoNCK-FkWG0nHGjxIbHsXb168iIwz33g_Uu9rEmB0ctFRhW0ojMlWmN8dQ4UrRVY', 'scope': ['https://www.googleapis.com/auth/cloud-platform', 'https://www.googleapis.com/auth/compute', 'https://www.googleapis.com/auth/appengine.admin', 'https://www.googleapis.com/auth/sqlservice.login', 'openid', 'https://www.googleapis.com/auth/accounts.reauth', 'https://www.googleapis.com/auth/userinfo.email'], 'token_type': 'Bearer', 'id_token': 'eyJhbGciOiJSUzI1NiIsImtpZCI6ImNjZTRlMDI0YTUxYWEwYzFjNDFjMWE0NTE1YTQxZGQ3ZTk2MTkzNmIiLCJ0eXAiOiJKV1QifQ.eyJpc3MiOiJodHRwczovL2FjY291bnRzLmdvb2dsZS5jb20iLCJhenAiOiIzMjU1NTk0MDU1OS5hcHBzLmdvb2dsZXVzZXJjb250ZW50LmNvbSIsImF1ZCI6IjMyNTU1OTQwNTU5LmFwcHMuZ29vZ2xldXNlcmNvbnRlbnQuY29tIiwic3ViIjoiMTA0NDc1NjUwMTQzODE0Nzc3NDI1IiwiZW1haWwiOiJ0ZWFtemF0NkBnbWFpbC5jb20iLCJlbWFpbF92ZXJpZmllZCI6dHJ1ZSwiYXRfaGFzaCI6IjN1UXdVaFlubG5MMVUzY2Z3akN4N1EiLCJpYXQiOjE3NzU1Njk0MzcsImV4cCI6MTc3NTU3MzAzN30.do9KkfcthpByII6X8s_GS5GJDCnPYLzoOqCGhRRckQ39n2gVmCI1Kpfvci1m-lw6cJOb_DJEBkSqpOtVLS5CYaBF-xlHk1DB9_c2rc4VCfDszbAcODSMkxgsLr8M4Jo3XIzv4-13yA_mregyaZFZTKylJxDma0eyeqr_7uMHT1IWZ1e-yvwUDLHjrvzAI2WjRY5Rd67Eb46Nhklwl8pn6J3I9JEW_k8OATopkPsQzDk1J5w66celgHG1pYeblmBXahV8Nm6m8LxoJhmy4gpdoMEq0eNykyNDSTsGTU9iT7WKbGFFu7sLB9rWB1J4tId7a320NxeveYAUgIfqEgsHmQ', 'expires_at': 1775573036.9299347}.
2026-04-07 19:13:57,967 INFO     ___FILE_ONLY___ 
You are now logged in as [teamzat6@gmail.com].
Your current project is [mufiedapi].  You can change this setting by running:
  $ gcloud config set project PROJECT_ID

2026-04-07 19:13:57,967 DEBUG    root            Chosen display Format:none
2026-04-07 19:13:57,967 INFO     root            Display format: "none"
