2026-04-08 17:07:06,844 DEBUG    root            Loaded Command Group: ['gcloud', 'run']
2026-04-08 17:07:07,960 DEBUG    root            Loaded Command Group: ['gcloud', 'run', 'deploy']
2026-04-08 17:07:07,990 DEBUG    root            Running [gcloud.run.deploy] with arguments: [--allow-unauthenticated: "True", --min-instances: "<googlecloudsdk.command_lib.run.flags.ScaleValue object at 0x000001B54E1E0AD0>", --platform: "managed", --port: "8080", --region: "asia-south1", --source: ".", SERVICE: "nest-api"]
2026-04-08 17:07:08,256 DEBUG    root            Failed to check metadata server: <urlopen error [Errno 11001] getaddrinfo failed>
2026-04-08 17:07:08,257 DEBUG    root            On GCE from server: False
2026-04-08 17:07:08,364 DEBUG    root            On GCE from memory cache: False
2026-04-08 17:07:08,399 DEBUG    root            On GCE from memory cache: False
2026-04-08 17:07:08,403 DEBUG    root            On GCE from memory cache: False
2026-04-08 17:07:08,404 DEBUG    google.auth.transport.requests Making request: POST https://oauth2.googleapis.com/token
2026-04-08 17:07:08,409 DEBUG    urllib3.connectionpool Starting new HTTPS connection (1): oauth2.googleapis.com:443
2026-04-08 17:07:08,671 DEBUG    urllib3.connectionpool https://oauth2.googleapis.com:443 "POST /token HTTP/1.1" 200 None
2026-04-08 17:07:08,711 DEBUG    urllib3.connectionpool Starting new HTTPS connection (1): serviceusage.googleapis.com:443
2026-04-08 17:07:10,384 DEBUG    urllib3.connectionpool https://serviceusage.googleapis.com:443 "GET /v1/projects/mufiedapi/services/artifactregistry.googleapis.com?alt=json HTTP/1.1" 200 None
2026-04-08 17:07:10,454 DEBUG    root            On GCE from memory cache: False
2026-04-08 17:07:10,465 DEBUG    root            On GCE from memory cache: False
2026-04-08 17:07:10,472 DEBUG    urllib3.connectionpool Starting new HTTPS connection (1): serviceusage.googleapis.com:443
2026-04-08 17:07:12,089 DEBUG    urllib3.connectionpool https://serviceusage.googleapis.com:443 "GET /v1/projects/mufiedapi/services/cloudbuild.googleapis.com?alt=json HTTP/1.1" 200 None
2026-04-08 17:07:12,140 DEBUG    root            On GCE from memory cache: False
2026-04-08 17:07:12,146 DEBUG    root            On GCE from memory cache: False
2026-04-08 17:07:12,152 DEBUG    urllib3.connectionpool Starting new HTTPS connection (1): serviceusage.googleapis.com:443
2026-04-08 17:07:13,763 DEBUG    urllib3.connectionpool https://serviceusage.googleapis.com:443 "GET /v1/projects/mufiedapi/services/run.googleapis.com?alt=json HTTP/1.1" 200 None
2026-04-08 17:07:13,841 DEBUG    root            On GCE from memory cache: False
2026-04-08 17:07:13,849 DEBUG    root            On GCE from memory cache: False
2026-04-08 17:07:13,859 DEBUG    root            On GCE from memory cache: False
2026-04-08 17:07:13,868 DEBUG    urllib3.connectionpool Starting new HTTPS connection (1): asia-south1-run.googleapis.com:443
2026-04-08 17:07:14,197 DEBUG    urllib3.connectionpool https://asia-south1-run.googleapis.com:443 "GET /apis/serving.knative.dev/v1/namespaces/mufiedapi/services/nest-api?alt=json HTTP/1.1" 200 None
2026-04-08 17:07:14,208 DEBUG    root            source_location: gs://run-sources-mufiedapi-asia-south1/services/nest-api/1775646270.958147-49230cce456442cab38d96f4ca371c3f.zip#1775646271537526
2026-04-08 17:07:14,209 DEBUG    root            Existing source_bucket: run-sources-mufiedapi-asia-south1
2026-04-08 17:07:14,210 DEBUG    root            On GCE from memory cache: False
2026-04-08 17:07:14,237 DEBUG    urllib3.connectionpool Starting new HTTPS connection (1): artifactregistry.googleapis.com:443
2026-04-08 17:07:15,017 DEBUG    urllib3.connectionpool https://artifactregistry.googleapis.com:443 "GET /v1/projects/mufiedapi/locations/asia-south1/repositories/cloud-run-source-deploy?alt=json HTTP/1.1" 200 None
2026-04-08 17:07:15,021 DEBUG    root            On GCE from memory cache: False
2026-04-08 17:07:15,038 DEBUG    urllib3.connectionpool Starting new HTTPS connection (1): cloudbuild.googleapis.com:443
2026-04-08 17:07:15,728 DEBUG    urllib3.connectionpool https://cloudbuild.googleapis.com:443 "GET /v1/projects/mufiedapi/locations/asia-south1/defaultServiceAccount?alt=json HTTP/1.1" 200 None
2026-04-08 17:07:15,732 DEBUG    root            On GCE from memory cache: False
2026-04-08 17:07:15,744 DEBUG    urllib3.connectionpool Starting new HTTPS connection (1): iam.googleapis.com:443
2026-04-08 17:07:17,322 DEBUG    urllib3.connectionpool https://iam.googleapis.com:443 "GET /v1/projects/-/serviceAccounts/560137381308-compute@developer.gserviceaccount.com?alt=json HTTP/1.1" 200 None
2026-04-08 17:07:17,324 INFO     ___FILE_ONLY___ Building using Dockerfile and deploying container to Cloud Run service [[1mnest-api[m] in project [[1mmufiedapi[m] region [[1masia-south1[m]

2026-04-08 17:07:17,331 INFO     ___FILE_ONLY___ Building and deploying...
2026-04-08 17:07:18,813 DEBUG    urllib3.connectionpool https://asia-south1-run.googleapis.com:443 "PUT /apis/serving.knative.dev/v1/namespaces/mufiedapi/services/nest-api?alt=json&dryRun=all HTTP/1.1" 200 None
2026-04-08 17:07:18,827 DEBUG    root            On GCE from memory cache: False
2026-04-08 17:07:18,860 DEBUG    root            Creating bucket run-sources-mufiedapi-asia-south1 in region asia-south1
2026-04-08 17:07:18,862 DEBUG    urllib3.connectionpool Starting new HTTPS connection (1): storage.googleapis.com:443
2026-04-08 17:07:19,199 DEBUG    urllib3.connectionpool https://storage.googleapis.com:443 "GET /storage/v1/b/run-sources-mufiedapi-asia-south1?alt=json HTTP/1.1" 200 1276
2026-04-08 17:07:19,892 DEBUG    urllib3.connectionpool https://storage.googleapis.com:443 "GET /storage/v1/b?alt=json&maxResults=1000&prefix=run-sources-mufiedapi-asia-south1&project=mufiedapi HTTP/1.1" 200 1522
2026-04-08 17:07:19,894 DEBUG    root            Uploading source to gs://run-sources-mufiedapi-asia-south1/services/nest-api/1775648239.894651-d0eea1f52b134955b59ce157bf6f7158.zip
2026-04-08 17:07:19,898 INFO     root            Using ignore file at [.\.gcloudignore].
2026-04-08 17:07:19,899 DEBUG    root            Skipping file [.env]
2026-04-08 17:07:19,900 DEBUG    root            Skipping file [.env.example]
2026-04-08 17:07:19,901 DEBUG    root            Skipping file [.gitignore]
2026-04-08 17:07:19,902 DEBUG    root            Skipping file [.firebase]
2026-04-08 17:07:19,902 DEBUG    root            Skipping file [dist]
2026-04-08 17:07:19,903 DEBUG    root            Skipping file [node_modules]
2026-04-08 17:07:19,972 INFO     root            Using ignore file [.\.gcloudignore]
2026-04-08 17:07:20,155 INFO     root            Uploading [C:\Users\ADMIN\AppData\Local\Temp\tmpyka026ls\file.zip] to [run-sources-mufiedapi-asia-south1/services/nest-api/1775648239.894651-d0eea1f52b134955b59ce157bf6f7158.zip]
2026-04-08 17:07:20,543 DEBUG    urllib3.connectionpool https://storage.googleapis.com:443 "POST /upload/storage/v1/b/run-sources-mufiedapi-asia-south1/o?alt=json&name=services%2Fnest-api%2F1775648239.894651-d0eea1f52b134955b59ce157bf6f7158.zip&uploadType=multipart HTTP/1.1" 200 1138
2026-04-08 17:07:20,577 DEBUG    root            On GCE from memory cache: False
2026-04-08 17:07:20,587 DEBUG    urllib3.connectionpool Starting new HTTPS connection (1): asia-south1-run.googleapis.com:443
2026-04-08 17:07:24,054 DEBUG    urllib3.connectionpool https://asia-south1-run.googleapis.com:443 "POST /v2/projects/mufiedapi/locations/asia-south1/builds:submit?alt=json HTTP/1.1" 200 None
2026-04-08 17:07:24,077 DEBUG    root            On GCE from memory cache: False
2026-04-08 17:07:24,089 DEBUG    urllib3.connectionpool Starting new HTTPS connection (1): cloudbuild.googleapis.com:443
2026-04-08 17:07:24,714 DEBUG    urllib3.connectionpool https://cloudbuild.googleapis.com:443 "GET /v1/projects/mufiedapi/locations/asia-south1/operations/2247153b-3ec3-402b-94ee-058de2667eea?alt=json HTTP/1.1" 200 None
2026-04-08 17:07:26,198 DEBUG    urllib3.connectionpool https://cloudbuild.googleapis.com:443 "GET /v1/projects/mufiedapi/locations/asia-south1/operations/2247153b-3ec3-402b-94ee-058de2667eea?alt=json HTTP/1.1" 200 None
2026-04-08 17:07:27,731 DEBUG    urllib3.connectionpool https://cloudbuild.googleapis.com:443 "GET /v1/projects/mufiedapi/locations/asia-south1/operations/2247153b-3ec3-402b-94ee-058de2667eea?alt=json HTTP/1.1" 200 None
2026-04-08 17:07:29,180 DEBUG    urllib3.connectionpool https://cloudbuild.googleapis.com:443 "GET /v1/projects/mufiedapi/locations/asia-south1/operations/2247153b-3ec3-402b-94ee-058de2667eea?alt=json HTTP/1.1" 200 None
2026-04-08 17:07:30,628 DEBUG    urllib3.connectionpool https://cloudbuild.googleapis.com:443 "GET /v1/projects/mufiedapi/locations/asia-south1/operations/2247153b-3ec3-402b-94ee-058de2667eea?alt=json HTTP/1.1" 200 None
2026-04-08 17:07:32,066 DEBUG    urllib3.connectionpool https://cloudbuild.googleapis.com:443 "GET /v1/projects/mufiedapi/locations/asia-south1/operations/2247153b-3ec3-402b-94ee-058de2667eea?alt=json HTTP/1.1" 200 None
2026-04-08 17:07:33,578 DEBUG    urllib3.connectionpool https://cloudbuild.googleapis.com:443 "GET /v1/projects/mufiedapi/locations/asia-south1/operations/2247153b-3ec3-402b-94ee-058de2667eea?alt=json HTTP/1.1" 200 None
2026-04-08 17:07:35,025 DEBUG    urllib3.connectionpool https://cloudbuild.googleapis.com:443 "GET /v1/projects/mufiedapi/locations/asia-south1/operations/2247153b-3ec3-402b-94ee-058de2667eea?alt=json HTTP/1.1" 200 None
2026-04-08 17:07:36,469 DEBUG    urllib3.connectionpool https://cloudbuild.googleapis.com:443 "GET /v1/projects/mufiedapi/locations/asia-south1/operations/2247153b-3ec3-402b-94ee-058de2667eea?alt=json HTTP/1.1" 200 None
2026-04-08 17:07:38,005 DEBUG    urllib3.connectionpool https://cloudbuild.googleapis.com:443 "GET /v1/projects/mufiedapi/locations/asia-south1/operations/2247153b-3ec3-402b-94ee-058de2667eea?alt=json HTTP/1.1" 200 None
2026-04-08 17:07:39,154 DEBUG    urllib3.connectionpool https://cloudbuild.googleapis.com:443 "GET /v1/projects/mufiedapi/locations/asia-south1/operations/2247153b-3ec3-402b-94ee-058de2667eea?alt=json HTTP/1.1" 200 None
2026-04-08 17:07:40,613 DEBUG    urllib3.connectionpool https://cloudbuild.googleapis.com:443 "GET /v1/projects/mufiedapi/locations/asia-south1/operations/2247153b-3ec3-402b-94ee-058de2667eea?alt=json HTTP/1.1" 200 None
2026-04-08 17:07:41,752 DEBUG    urllib3.connectionpool https://cloudbuild.googleapis.com:443 "GET /v1/projects/mufiedapi/locations/asia-south1/operations/2247153b-3ec3-402b-94ee-058de2667eea?alt=json HTTP/1.1" 200 None
2026-04-08 17:07:43,293 DEBUG    urllib3.connectionpool https://cloudbuild.googleapis.com:443 "GET /v1/projects/mufiedapi/locations/asia-south1/operations/2247153b-3ec3-402b-94ee-058de2667eea?alt=json HTTP/1.1" 200 None
2026-04-08 17:07:44,843 DEBUG    urllib3.connectionpool https://cloudbuild.googleapis.com:443 "GET /v1/projects/mufiedapi/locations/asia-south1/operations/2247153b-3ec3-402b-94ee-058de2667eea?alt=json HTTP/1.1" 200 None
2026-04-08 17:07:46,350 DEBUG    urllib3.connectionpool https://cloudbuild.googleapis.com:443 "GET /v1/projects/mufiedapi/locations/asia-south1/operations/2247153b-3ec3-402b-94ee-058de2667eea?alt=json HTTP/1.1" 200 None
2026-04-08 17:07:47,783 DEBUG    urllib3.connectionpool https://cloudbuild.googleapis.com:443 "GET /v1/projects/mufiedapi/locations/asia-south1/operations/2247153b-3ec3-402b-94ee-058de2667eea?alt=json HTTP/1.1" 200 None
2026-04-08 17:07:49,420 DEBUG    urllib3.connectionpool https://cloudbuild.googleapis.com:443 "GET /v1/projects/mufiedapi/locations/asia-south1/operations/2247153b-3ec3-402b-94ee-058de2667eea?alt=json HTTP/1.1" 200 None
2026-04-08 17:07:50,583 DEBUG    urllib3.connectionpool https://cloudbuild.googleapis.com:443 "GET /v1/projects/mufiedapi/locations/asia-south1/operations/2247153b-3ec3-402b-94ee-058de2667eea?alt=json HTTP/1.1" 200 None
2026-04-08 17:07:51,737 DEBUG    urllib3.connectionpool https://cloudbuild.googleapis.com:443 "GET /v1/projects/mufiedapi/locations/asia-south1/operations/2247153b-3ec3-402b-94ee-058de2667eea?alt=json HTTP/1.1" 200 None
2026-04-08 17:07:53,195 DEBUG    urllib3.connectionpool https://cloudbuild.googleapis.com:443 "GET /v1/projects/mufiedapi/locations/asia-south1/operations/2247153b-3ec3-402b-94ee-058de2667eea?alt=json HTTP/1.1" 200 None
2026-04-08 17:07:54,652 DEBUG    urllib3.connectionpool https://cloudbuild.googleapis.com:443 "GET /v1/projects/mufiedapi/locations/asia-south1/operations/2247153b-3ec3-402b-94ee-058de2667eea?alt=json HTTP/1.1" 200 None
2026-04-08 17:07:56,108 DEBUG    urllib3.connectionpool https://cloudbuild.googleapis.com:443 "GET /v1/projects/mufiedapi/locations/asia-south1/operations/2247153b-3ec3-402b-94ee-058de2667eea?alt=json HTTP/1.1" 200 None
2026-04-08 17:08:02,037 DEBUG    urllib3.connectionpool https://cloudbuild.googleapis.com:443 "GET /v1/projects/mufiedapi/locations/asia-south1/operations/2247153b-3ec3-402b-94ee-058de2667eea?alt=json HTTP/1.1" 200 None
2026-04-08 17:08:03,555 DEBUG    urllib3.connectionpool https://cloudbuild.googleapis.com:443 "GET /v1/projects/mufiedapi/locations/asia-south1/operations/2247153b-3ec3-402b-94ee-058de2667eea?alt=json HTTP/1.1" 200 None
2026-04-08 17:08:04,992 DEBUG    urllib3.connectionpool https://cloudbuild.googleapis.com:443 "GET /v1/projects/mufiedapi/locations/asia-south1/operations/2247153b-3ec3-402b-94ee-058de2667eea?alt=json HTTP/1.1" 200 None
2026-04-08 17:08:06,451 DEBUG    urllib3.connectionpool https://cloudbuild.googleapis.com:443 "GET /v1/projects/mufiedapi/locations/asia-south1/operations/2247153b-3ec3-402b-94ee-058de2667eea?alt=json HTTP/1.1" 200 None
2026-04-08 17:08:07,922 DEBUG    urllib3.connectionpool https://cloudbuild.googleapis.com:443 "GET /v1/projects/mufiedapi/locations/asia-south1/operations/2247153b-3ec3-402b-94ee-058de2667eea?alt=json HTTP/1.1" 200 None
2026-04-08 17:08:09,391 DEBUG    urllib3.connectionpool https://cloudbuild.googleapis.com:443 "GET /v1/projects/mufiedapi/locations/asia-south1/operations/2247153b-3ec3-402b-94ee-058de2667eea?alt=json HTTP/1.1" 200 None
2026-04-08 17:08:10,844 DEBUG    urllib3.connectionpool https://cloudbuild.googleapis.com:443 "GET /v1/projects/mufiedapi/locations/asia-south1/operations/2247153b-3ec3-402b-94ee-058de2667eea?alt=json HTTP/1.1" 200 None
2026-04-08 17:08:12,319 DEBUG    urllib3.connectionpool https://cloudbuild.googleapis.com:443 "GET /v1/projects/mufiedapi/locations/asia-south1/operations/2247153b-3ec3-402b-94ee-058de2667eea?alt=json HTTP/1.1" 200 None
2026-04-08 17:08:13,781 DEBUG    urllib3.connectionpool https://cloudbuild.googleapis.com:443 "GET /v1/projects/mufiedapi/locations/asia-south1/operations/2247153b-3ec3-402b-94ee-058de2667eea?alt=json HTTP/1.1" 200 None
2026-04-08 17:08:14,931 DEBUG    urllib3.connectionpool https://cloudbuild.googleapis.com:443 "GET /v1/projects/mufiedapi/locations/asia-south1/operations/2247153b-3ec3-402b-94ee-058de2667eea?alt=json HTTP/1.1" 200 None
2026-04-08 17:08:16,381 DEBUG    urllib3.connectionpool https://cloudbuild.googleapis.com:443 "GET /v1/projects/mufiedapi/locations/asia-south1/operations/2247153b-3ec3-402b-94ee-058de2667eea?alt=json HTTP/1.1" 200 None
2026-04-08 17:08:17,835 DEBUG    urllib3.connectionpool https://cloudbuild.googleapis.com:443 "GET /v1/projects/mufiedapi/locations/asia-south1/operations/2247153b-3ec3-402b-94ee-058de2667eea?alt=json HTTP/1.1" 200 None
2026-04-08 17:08:19,018 DEBUG    urllib3.connectionpool https://cloudbuild.googleapis.com:443 "GET /v1/projects/mufiedapi/locations/asia-south1/operations/2247153b-3ec3-402b-94ee-058de2667eea?alt=json HTTP/1.1" 200 None
2026-04-08 17:08:20,195 DEBUG    urllib3.connectionpool https://cloudbuild.googleapis.com:443 "GET /v1/projects/mufiedapi/locations/asia-south1/operations/2247153b-3ec3-402b-94ee-058de2667eea?alt=json HTTP/1.1" 200 None
2026-04-08 17:08:21,656 DEBUG    urllib3.connectionpool https://cloudbuild.googleapis.com:443 "GET /v1/projects/mufiedapi/locations/asia-south1/operations/2247153b-3ec3-402b-94ee-058de2667eea?alt=json HTTP/1.1" 200 None
2026-04-08 17:08:23,112 DEBUG    urllib3.connectionpool https://cloudbuild.googleapis.com:443 "GET /v1/projects/mufiedapi/locations/asia-south1/operations/2247153b-3ec3-402b-94ee-058de2667eea?alt=json HTTP/1.1" 200 None
2026-04-08 17:08:23,258 DEBUG    urllib3.connectionpool https://cloudbuild.googleapis.com:443 "GET /v1/projects/mufiedapi/locations/asia-south1/operations/2247153b-3ec3-402b-94ee-058de2667eea?alt=json HTTP/1.1" 200 None
2026-04-08 17:08:24,756 DEBUG    urllib3.connectionpool https://cloudbuild.googleapis.com:443 "GET /v1/projects/mufiedapi/locations/asia-south1/operations/2247153b-3ec3-402b-94ee-058de2667eea?alt=json HTTP/1.1" 200 None
2026-04-08 17:08:26,244 DEBUG    urllib3.connectionpool https://cloudbuild.googleapis.com:443 "GET /v1/projects/mufiedapi/locations/asia-south1/operations/2247153b-3ec3-402b-94ee-058de2667eea?alt=json HTTP/1.1" 200 None
2026-04-08 17:08:28,005 DEBUG    urllib3.connectionpool https://cloudbuild.googleapis.com:443 "GET /v1/projects/mufiedapi/locations/asia-south1/operations/2247153b-3ec3-402b-94ee-058de2667eea?alt=json HTTP/1.1" 200 None
2026-04-08 17:08:30,235 DEBUG    urllib3.connectionpool https://cloudbuild.googleapis.com:443 "GET /v1/projects/mufiedapi/locations/asia-south1/operations/2247153b-3ec3-402b-94ee-058de2667eea?alt=json HTTP/1.1" 200 None
2026-04-08 17:08:31,865 DEBUG    urllib3.connectionpool https://cloudbuild.googleapis.com:443 "GET /v1/projects/mufiedapi/locations/asia-south1/operations/2247153b-3ec3-402b-94ee-058de2667eea?alt=json HTTP/1.1" 200 None
2026-04-08 17:08:33,958 DEBUG    urllib3.connectionpool https://cloudbuild.googleapis.com:443 "GET /v1/projects/mufiedapi/locations/asia-south1/operations/2247153b-3ec3-402b-94ee-058de2667eea?alt=json HTTP/1.1" 200 None
2026-04-08 17:08:35,926 DEBUG    urllib3.connectionpool https://cloudbuild.googleapis.com:443 "GET /v1/projects/mufiedapi/locations/asia-south1/operations/2247153b-3ec3-402b-94ee-058de2667eea?alt=json HTTP/1.1" 200 None
2026-04-08 17:08:39,158 DEBUG    urllib3.connectionpool https://cloudbuild.googleapis.com:443 "GET /v1/projects/mufiedapi/locations/asia-south1/operations/2247153b-3ec3-402b-94ee-058de2667eea?alt=json HTTP/1.1" 200 None
2026-04-08 17:08:42,014 DEBUG    urllib3.connectionpool https://cloudbuild.googleapis.com:443 "GET /v1/projects/mufiedapi/locations/asia-south1/operations/2247153b-3ec3-402b-94ee-058de2667eea?alt=json HTTP/1.1" 200 None
2026-04-08 17:08:45,279 DEBUG    urllib3.connectionpool https://cloudbuild.googleapis.com:443 "GET /v1/projects/mufiedapi/locations/asia-south1/operations/2247153b-3ec3-402b-94ee-058de2667eea?alt=json HTTP/1.1" 200 None
2026-04-08 17:08:48,586 DEBUG    urllib3.connectionpool https://cloudbuild.googleapis.com:443 "GET /v1/projects/mufiedapi/locations/asia-south1/operations/2247153b-3ec3-402b-94ee-058de2667eea?alt=json HTTP/1.1" 200 None
2026-04-08 17:08:51,963 DEBUG    urllib3.connectionpool https://cloudbuild.googleapis.com:443 "GET /v1/projects/mufiedapi/locations/asia-south1/operations/2247153b-3ec3-402b-94ee-058de2667eea?alt=json HTTP/1.1" 200 None
2026-04-08 17:08:55,666 DEBUG    urllib3.connectionpool https://cloudbuild.googleapis.com:443 "GET /v1/projects/mufiedapi/locations/asia-south1/operations/2247153b-3ec3-402b-94ee-058de2667eea?alt=json HTTP/1.1" 200 None
2026-04-08 17:08:59,676 DEBUG    urllib3.connectionpool https://cloudbuild.googleapis.com:443 "GET /v1/projects/mufiedapi/locations/asia-south1/operations/2247153b-3ec3-402b-94ee-058de2667eea?alt=json HTTP/1.1" 200 None
2026-04-08 17:09:04,185 DEBUG    urllib3.connectionpool https://cloudbuild.googleapis.com:443 "GET /v1/projects/mufiedapi/locations/asia-south1/operations/2247153b-3ec3-402b-94ee-058de2667eea?alt=json HTTP/1.1" 200 None
2026-04-08 17:09:04,411 DEBUG    urllib3.connectionpool https://asia-south1-run.googleapis.com:443 "GET /apis/serving.knative.dev/v1/namespaces/mufiedapi/services/nest-api?alt=json HTTP/1.1" 200 None
2026-04-08 17:09:05,784 DEBUG    urllib3.connectionpool https://asia-south1-run.googleapis.com:443 "PUT /apis/serving.knative.dev/v1/namespaces/mufiedapi/services/nest-api?alt=json HTTP/1.1" 200 None
2026-04-08 17:09:05,823 DEBUG    urllib3.connectionpool Starting new HTTPS connection (1): run.googleapis.com:443
2026-04-08 17:09:06,573 DEBUG    urllib3.connectionpool https://run.googleapis.com:443 "GET /v1/projects/mufiedapi/locations/asia-south1/services/nest-api:getIamPolicy?alt=json HTTP/1.1" 200 None
2026-04-08 17:09:07,183 DEBUG    urllib3.connectionpool https://run.googleapis.com:443 "POST /v1/projects/mufiedapi/locations/asia-south1/services/nest-api:setIamPolicy?alt=json HTTP/1.1" 403 None
2026-04-08 17:09:16,016 DEBUG    urllib3.connectionpool https://asia-south1-run.googleapis.com:443 "POST /v1/projects/mufiedapi/locations/asia-south1/operations/1cd52fca-462c-45e2-88ac-52e1d5f697cd:wait?alt=json HTTP/1.1" 200 None
2026-04-08 17:09:16,090 INFO     ___FILE_ONLY___   Setting IAM policy failed, try "gcloud beta run services add-iam-policy-binding --region=asia-south1 --member=allUsers --role=roles/run.invoker nest-api"

2026-04-08 17:09:16,091 DEBUG    root            (gcloud.run.deploy) The user-provided container failed to start and listen on the port defined provided by the PORT=8080 environment variable within the allocated timeout. This can happen when the container port is misconfigured or if the timeout is too short. The health check timeout can be extended. Logs for this revision might contain more information.

Logs URL: https://console.cloud.google.com/logs/viewer?project=mufiedapi&resource=cloud_run_revision/service_name/nest-api/revision_name/nest-api-00036-9vp&advancedFilter=resource.type%3D%22cloud_run_revision%22%0Aresource.labels.service_name%3D%22nest-api%22%0Aresource.labels.revision_name%3D%22nest-api-00036-9vp%22 
For more troubleshooting guidance, see https://cloud.google.com/run/docs/troubleshooting#container-failed-to-start
Traceback (most recent call last):
  File "C:\Users\ADMIN\AppData\Local\Google\Cloud SDK\google-cloud-sdk\bin\..\lib\googlecloudsdk\calliope\cli.py", line 941, in Execute
    resources = calliope_command.Run(cli=self, args=args)
  File "C:\Users\ADMIN\AppData\Local\Google\Cloud SDK\google-cloud-sdk\bin\..\lib\googlecloudsdk\calliope\backend.py", line 957, in Run
    resources = command_instance.Run(args)
  File "C:\Users\ADMIN\AppData\Local\Google\Cloud SDK\google-cloud-sdk\bin\..\lib\surface\run\deploy.py", line 1030, in Run
    service = _ReleaseService(changes)
  File "C:\Users\ADMIN\AppData\Local\Google\Cloud SDK\google-cloud-sdk\bin\..\lib\surface\run\deploy.py", line 993, in _ReleaseService
    return operations.ReleaseService(
           ~~~~~~~~~~~~~~~~~~~~~~~~~^
        service_ref,
        ^^^^^^^^^^^^
    ...<31 lines>...
        skip_build=skip_build,
        ^^^^^^^^^^^^^^^^^^^^^^
    )
    ^
  File "C:\Users\ADMIN\AppData\Local\Google\Cloud SDK\google-cloud-sdk\bin\..\lib\googlecloudsdk\command_lib\run\serverless_operations.py", line 1097, in ReleaseService
    self.WaitForCondition(poller)
    ~~~~~~~~~~~~~~~~~~~~~^^^^^^^^
  File "C:\Users\ADMIN\AppData\Local\Google\Cloud SDK\google-cloud-sdk\bin\..\lib\googlecloudsdk\command_lib\run\serverless_operations.py", line 274, in WaitForCondition
    return waiter.PollUntilDone(poller, None, wait_ceiling_ms=1000)
           ~~~~~~~~~~~~~~~~~~~~^^^^^^^^^^^^^^^^^^^^^^^^^^^^^^^^^^^^
  File "C:\Users\ADMIN\AppData\Local\Google\Cloud SDK\google-cloud-sdk\bin\..\lib\googlecloudsdk\api_lib\util\waiter.py", line 319, in PollUntilDone
    operation = retryer.RetryOnResult(
        func=poller.Poll,
        args=(operation_ref,),
        should_retry_if=_IsNotDone,
        sleep_ms=sleep_ms)
  File "C:\Users\ADMIN\AppData\Local\Google\Cloud SDK\google-cloud-sdk\bin\..\lib\googlecloudsdk\core\util\retry.py", line 236, in RetryOnResult
    result = func(*args, **kwargs)
  File "C:\Users\ADMIN\AppData\Local\Google\Cloud SDK\google-cloud-sdk\bin\..\lib\googlecloudsdk\command_lib\run\op_pollers.py", line 151, in Poll
    conditions = self.GetConditions()
  File "C:\Users\ADMIN\AppData\Local\Google\Cloud SDK\google-cloud-sdk\bin\..\lib\googlecloudsdk\command_lib\run\op_pollers.py", line 284, in GetConditions
    resource = self._resource_getter()
  File "C:\Users\ADMIN\AppData\Local\Google\Cloud SDK\google-cloud-sdk\bin\..\lib\googlecloudsdk\command_lib\run\serverless_operations.py", line 378, in WaitService
    operation = waiter.PollUntilDone(poller, op_ref)
  File "C:\Users\ADMIN\AppData\Local\Google\Cloud SDK\google-cloud-sdk\bin\..\lib\googlecloudsdk\api_lib\util\waiter.py", line 319, in PollUntilDone
    operation = retryer.RetryOnResult(
        func=poller.Poll,
        args=(operation_ref,),
        should_retry_if=_IsNotDone,
        sleep_ms=sleep_ms)
  File "C:\Users\ADMIN\AppData\Local\Google\Cloud SDK\google-cloud-sdk\bin\..\lib\googlecloudsdk\core\util\retry.py", line 246, in RetryOnResult
    if not should_retry(result, state):
           ~~~~~~~~~~~~^^^^^^^^^^^^^^^
  File "C:\Users\ADMIN\AppData\Local\Google\Cloud SDK\google-cloud-sdk\bin\..\lib\googlecloudsdk\api_lib\util\waiter.py", line 317, in _IsNotDone
    return not poller.IsDone(operation)
               ~~~~~~~~~~~~~^^^^^^^^^^^
  File "C:\Users\ADMIN\AppData\Local\Google\Cloud SDK\google-cloud-sdk\bin\..\lib\googlecloudsdk\api_lib\util\waiter.py", line 119, in IsDone
    raise OperationError(operation.error.message)
googlecloudsdk.api_lib.util.waiter.OperationError: The user-provided container failed to start and listen on the port defined provided by the PORT=8080 environment variable within the allocated timeout. This can happen when the container port is misconfigured or if the timeout is too short. The health check timeout can be extended. Logs for this revision might contain more information.

Logs URL: https://console.cloud.google.com/logs/viewer?project=mufiedapi&resource=cloud_run_revision/service_name/nest-api/revision_name/nest-api-00036-9vp&advancedFilter=resource.type%3D%22cloud_run_revision%22%0Aresource.labels.service_name%3D%22nest-api%22%0Aresource.labels.revision_name%3D%22nest-api-00036-9vp%22 
For more troubleshooting guidance, see https://cloud.google.com/run/docs/troubleshooting#container-failed-to-start
2026-04-08 17:09:16,104 ERROR    root            (gcloud.run.deploy) The user-provided container failed to start and listen on the port defined provided by the PORT=8080 environment variable within the allocated timeout. This can happen when the container port is misconfigured or if the timeout is too short. The health check timeout can be extended. Logs for this revision might contain more information.

Logs URL: https://console.cloud.google.com/logs/viewer?project=mufiedapi&resource=cloud_run_revision/service_name/nest-api/revision_name/nest-api-00036-9vp&advancedFilter=resource.type%3D%22cloud_run_revision%22%0Aresource.labels.service_name%3D%22nest-api%22%0Aresource.labels.revision_name%3D%22nest-api-00036-9vp%22 
For more troubleshooting guidance, see https://cloud.google.com/run/docs/troubleshooting#container-failed-to-start
