2026-04-08 17:21:22,116 DEBUG    root            Loaded Command Group: ['gcloud', 'auth']
2026-04-08 17:21:22,173 DEBUG    root            Loaded Command Group: ['gcloud', 'auth', 'login']
2026-04-08 17:21:22,177 DEBUG    root            Running [gcloud.auth.login] with arguments: []
2026-04-08 17:21:22,403 DEBUG    root            Failed to check metadata server: <urlopen error [Errno 11001] getaddrinfo failed>
2026-04-08 17:21:22,403 DEBUG    root            On GCE from server: False
2026-04-08 17:21:22,909 DEBUG    root            On GCE from memory cache: False
2026-04-08 17:21:22,921 DEBUG    requests_oauthlib.oauth2_session Generated new state tRzVr9JAqGhX9YFKNaJbuWJBAQvU5t.
2026-04-08 17:21:23,038 INFO     ___FILE_ONLY___ Your browser has been opened to visit:

    https://accounts.google.com/o/oauth2/auth?response_type=code&client_id=32555940559.apps.googleusercontent.com&redirect_uri=http%3A%2F%2Flocalhost%3A8085%2F&scope=openid+https%3A%2F%2Fwww.googleapis.com%2Fauth%2Fuserinfo.email+https%3A%2F%2Fwww.googleapis.com%2Fauth%2Fcloud-platform+https%3A%2F%2Fwww.googleapis.com%2Fauth%2Fappengine.admin+https%3A%2F%2Fwww.googleapis.com%2Fauth%2Fsqlservice.login+https%3A%2F%2Fwww.googleapis.com%2Fauth%2Fcompute+https%3A%2F%2Fwww.googleapis.com%2Fauth%2Faccounts.reauth&state=tRzVr9JAqGhX9YFKNaJbuWJBAQvU5t&access_type=offline&code_challenge=9CfiodAH_Mq56cL46tEMtwQlq7-J_Kjwmnz2UvbnY9g&code_challenge_method=S256


2026-04-08 17:21:35,525 INFO     google_auth_oauthlib.flow "GET /?state=tRzVr9JAqGhX9YFKNaJbuWJBAQvU5t&iss=https://accounts.google.com&code=4/0Aci98E9VIDz87UsC44ce5WwKbkdQLaofdMfjivyP83ku9qHEYfGIRI7hSgo_TygdD_iuPw&scope=email%20openid%20https://www.googleapis.com/auth/userinfo.email%20https://www.googleapis.com/auth/cloud-platform%20https://www.googleapis.com/auth/appengine.admin%20https://www.googleapis.com/auth/sqlservice.login%20https://www.googleapis.com/auth/compute%20https://www.googleapis.com/auth/accounts.reauth&authuser=0&prompt=consent HTTP/1.1" 200 937
2026-04-08 17:21:35,527 DEBUG    requests_oauthlib.oauth2_session Requesting url https://oauth2.googleapis.com/token using method POST.
2026-04-08 17:21:35,527 DEBUG    requests_oauthlib.oauth2_session Supplying headers {b'Accept': b'application/json', b'Content-Type': b'application/x-www-form-urlencoded;charset=UTF-8', b'user-agent': b'google-cloud-sdk gcloud/561.0.0 command/gcloud.auth.login invocation-id/d8a8202c5b1d426dbbae4a45f211b48d environment/None environment-version/None client-os/WINDOWS client-os-ver/10.0.26200 client-pltf-arch/x86_64 interactive/True from-script/False python/3.13.8 term/  (Windows NT 10.0.26200)'} and data {'grant_type': 'authorization_code', 'client_id': '32555940559.apps.googleusercontent.com', 'client_secret': 'ZmssLNjJy2998hD4CTg2ejr2', 'code': '4/0Aci98E9VIDz87UsC44ce5WwKbkdQLaofdMfjivyP83ku9qHEYfGIRI7hSgo_TygdD_iuPw', 'redirect_uri': 'http://localhost:8085/', 'code_verifier': 'W_jUzyOdESrZuCMan-_nkNZm~iaZB-U37ZqtJ-kj1yik3zx2Br2pQJN~a-q.VZIqH2hnJ2eQk6I3-KJ9apPuaaK4wdwmQ9QgqQsMDSKvUw__c8AgxpwQ1gTqq72HF5bv'}
2026-04-08 17:21:35,528 DEBUG    requests_oauthlib.oauth2_session Passing through key word arguments {'json': None, 'timeout': None, 'auth': None, 'verify': None, 'proxies': None}.
2026-04-08 17:21:35,531 DEBUG    urllib3.connectionpool Starting new HTTPS connection (1): oauth2.googleapis.com:443
2026-04-08 17:21:35,828 DEBUG    urllib3.connectionpool https://oauth2.googleapis.com:443 "POST /token HTTP/1.1" 200 None
2026-04-08 17:21:35,835 DEBUG    requests_oauthlib.oauth2_session Prepared fetch token request body grant_type=authorization_code&client_id=32555940559.apps.googleusercontent.com&client_secret=ZmssLNjJy2998hD4CTg2ejr2&code=4%2F0Aci98E9VIDz87UsC44ce5WwKbkdQLaofdMfjivyP83ku9qHEYfGIRI7hSgo_TygdD_iuPw&redirect_uri=http%3A%2F%2Flocalhost%3A8085%2F&code_verifier=W_jUzyOdESrZuCMan-_nkNZm~iaZB-U37ZqtJ-kj1yik3zx2Br2pQJN~a-q.VZIqH2hnJ2eQk6I3-KJ9apPuaaK4wdwmQ9QgqQsMDSKvUw__c8AgxpwQ1gTqq72HF5bv
2026-04-08 17:21:35,835 DEBUG    requests_oauthlib.oauth2_session Request to fetch token completed with status 200.
2026-04-08 17:21:35,836 DEBUG    requests_oauthlib.oauth2_session Request headers were {'user-agent': b'google-cloud-sdk gcloud/561.0.0 command/gcloud.auth.login invocation-id/d8a8202c5b1d426dbbae4a45f211b48d environment/None environment-version/None client-os/WINDOWS client-os-ver/10.0.26200 client-pltf-arch/x86_64 interactive/True from-script/False python/3.13.8 term/  (Windows NT 10.0.26200)', 'Accept-Encoding': 'gzip, deflate', 'Accept': b'application/json', 'Connection': 'keep-alive', 'Content-Type': b'application/x-www-form-urlencoded;charset=UTF-8', 'Content-Length': '387'}
2026-04-08 17:21:35,836 DEBUG    requests_oauthlib.oauth2_session Request body was grant_type=authorization_code&client_id=32555940559.apps.googleusercontent.com&client_secret=ZmssLNjJy2998hD4CTg2ejr2&code=4%2F0Aci98E9VIDz87UsC44ce5WwKbkdQLaofdMfjivyP83ku9qHEYfGIRI7hSgo_TygdD_iuPw&redirect_uri=http%3A%2F%2Flocalhost%3A8085%2F&code_verifier=W_jUzyOdESrZuCMan-_nkNZm~iaZB-U37ZqtJ-kj1yik3zx2Br2pQJN~a-q.VZIqH2hnJ2eQk6I3-KJ9apPuaaK4wdwmQ9QgqQsMDSKvUw__c8AgxpwQ1gTqq72HF5bv
2026-04-08 17:21:35,836 DEBUG    requests_oauthlib.oauth2_session Response headers were {'Pragma': 'no-cache', 'Date': 'Wed, 08 Apr 2026 11:51:35 GMT', 'Expires': 'Mon, 01 Jan 1990 00:00:00 GMT', 'Cache-Control': 'no-cache, no-store, max-age=0, must-revalidate', 'Content-Type': 'application/json; charset=utf-8', 'Vary': 'Origin, X-Origin, Referer', 'Content-Encoding': 'gzip', 'Server': 'scaffolding on HTTPServer2', 'X-XSS-Protection': '0', 'X-Frame-Options': 'SAMEORIGIN', 'X-Content-Type-Options': 'nosniff', 'Alt-Svc': 'h3=":443"; ma=2592000,h3-29=":443"; ma=2592000', 'Transfer-Encoding': 'chunked'} and content {
  "access_token": "ya29.a0Aa7MYirg8iFttRc_Knnaeyx0OZnztWvg3CH5Dzs_RHvmz2PKV1wf0Wxrc3EDybRMHVR2pffekvyW2qJXQT3PyeeeOWUyNP3p6jAs2SuMEYRXjCQazRTHFyE0Uu1EIeDjpxHOlF71xJllWviM5aOxth9sBLR8cYiG81c0yCttb-TKPcRRK6eKAqzcqAgTaK6cUaWvMeVDfZ95aCgYKAUUSARASFQHGX2Miv51MWYgN3FGSqUQRvzVMbg0211",
  "expires_in": 3599,
  "refresh_token": "1//0gUXv7vn96vCpCgYIARAAGBASNwF-L9IrGjA-J3HXn2uwdwMoe1Wlv7VFSzlb4ADhOMFHgNr2TxZFV82IEeFNiIW3T347nDYtOAs",
  "scope": "https://www.googleapis.com/auth/accounts.reauth https://www.googleapis.com/auth/appengine.admin https://www.googleapis.com/auth/sqlservice.login https://www.googleapis.com/auth/userinfo.email openid https://www.googleapis.com/auth/cloud-platform https://www.googleapis.com/auth/compute",
  "token_type": "Bearer",
  "id_token": "eyJhbGciOiJSUzI1NiIsImtpZCI6ImNjZTRlMDI0YTUxYWEwYzFjNDFjMWE0NTE1YTQxZGQ3ZTk2MTkzNmIiLCJ0eXAiOiJKV1QifQ.eyJpc3MiOiJodHRwczovL2FjY291bnRzLmdvb2dsZS5jb20iLCJhenAiOiIzMjU1NTk0MDU1OS5hcHBzLmdvb2dsZXVzZXJjb250ZW50LmNvbSIsImF1ZCI6IjMyNTU1OTQwNTU5LmFwcHMuZ29vZ2xldXNlcmNvbnRlbnQuY29tIiwic3ViIjoiMTA0NDc1NjUwMTQzODE0Nzc3NDI1IiwiZW1haWwiOiJ0ZWFtemF0NkBnbWFpbC5jb20iLCJlbWFpbF92ZXJpZmllZCI6dHJ1ZSwiYXRfaGFzaCI6ImdHX0xCb3k1UDB5Y1JYMFFlaUEyRlEiLCJpYXQiOjE3NzU2NDkwOTUsImV4cCI6MTc3NTY1MjY5NX0.l-qQmgSG3mb8BQq7iZ1nU3Q0JZFF6RllxFRtLDcRZfKOjZxsiECCZOhlQE74eCSH5yWmYIZ6Xa4UWztoRB-TM4IDeM7zo3pd7mXs3EfIhpgZd_vrftVDNXdTfRdjEJhUiTxcAboXB3va5oNwmg6i61uGBLIR3QrPnF5o5p0kKbvdqRnGeasvXglbFH4NnBKBWelq8pde2claQmm5HkrCC0N5vU3VFRanyWROEiC2ny0calIxOjs48nsXyWdSlhPQVCX8ZeEGPyQYuEH8ZBZ8ZnAjX5TQGkgI2b923EK2IpiYfaMGU_CFAIT3oD5QLwNdEMRRvwAeUcMOvFFiJxPqKA"
}.
2026-04-08 17:21:35,837 DEBUG    requests_oauthlib.oauth2_session Invoking 0 token response hooks.
2026-04-08 17:21:35,837 DEBUG    requests_oauthlib.oauth2_session Obtained token {'access_token': 'ya29.a0Aa7MYirg8iFttRc_Knnaeyx0OZnztWvg3CH5Dzs_RHvmz2PKV1wf0Wxrc3EDybRMHVR2pffekvyW2qJXQT3PyeeeOWUyNP3p6jAs2SuMEYRXjCQazRTHFyE0Uu1EIeDjpxHOlF71xJllWviM5aOxth9sBLR8cYiG81c0yCttb-TKPcRRK6eKAqzcqAgTaK6cUaWvMeVDfZ95aCgYKAUUSARASFQHGX2Miv51MWYgN3FGSqUQRvzVMbg0211', 'expires_in': 3599, 'refresh_token': '1//0gUXv7vn96vCpCgYIARAAGBASNwF-L9IrGjA-J3HXn2uwdwMoe1Wlv7VFSzlb4ADhOMFHgNr2TxZFV82IEeFNiIW3T347nDYtOAs', 'scope': ['https://www.googleapis.com/auth/accounts.reauth', 'https://www.googleapis.com/auth/appengine.admin', 'https://www.googleapis.com/auth/sqlservice.login', 'https://www.googleapis.com/auth/userinfo.email', 'openid', 'https://www.googleapis.com/auth/cloud-platform', 'https://www.googleapis.com/auth/compute'], 'token_type': 'Bearer', 'id_token': 'eyJhbGciOiJSUzI1NiIsImtpZCI6ImNjZTRlMDI0YTUxYWEwYzFjNDFjMWE0NTE1YTQxZGQ3ZTk2MTkzNmIiLCJ0eXAiOiJKV1QifQ.eyJpc3MiOiJodHRwczovL2FjY291bnRzLmdvb2dsZS5jb20iLCJhenAiOiIzMjU1NTk0MDU1OS5hcHBzLmdvb2dsZXVzZXJjb250ZW50LmNvbSIsImF1ZCI6IjMyNTU1OTQwNTU5LmFwcHMuZ29vZ2xldXNlcmNvbnRlbnQuY29tIiwic3ViIjoiMTA0NDc1NjUwMTQzODE0Nzc3NDI1IiwiZW1haWwiOiJ0ZWFtemF0NkBnbWFpbC5jb20iLCJlbWFpbF92ZXJpZmllZCI6dHJ1ZSwiYXRfaGFzaCI6ImdHX0xCb3k1UDB5Y1JYMFFlaUEyRlEiLCJpYXQiOjE3NzU2NDkwOTUsImV4cCI6MTc3NTY1MjY5NX0.l-qQmgSG3mb8BQq7iZ1nU3Q0JZFF6RllxFRtLDcRZfKOjZxsiECCZOhlQE74eCSH5yWmYIZ6Xa4UWztoRB-TM4IDeM7zo3pd7mXs3EfIhpgZd_vrftVDNXdTfRdjEJhUiTxcAboXB3va5oNwmg6i61uGBLIR3QrPnF5o5p0kKbvdqRnGeasvXglbFH4NnBKBWelq8pde2claQmm5HkrCC0N5vU3VFRanyWROEiC2ny0calIxOjs48nsXyWdSlhPQVCX8ZeEGPyQYuEH8ZBZ8ZnAjX5TQGkgI2b923EK2IpiYfaMGU_CFAIT3oD5QLwNdEMRRvwAeUcMOvFFiJxPqKA', 'expires_at': 1775652694.8372145}.
2026-04-08 17:21:35,893 INFO     ___FILE_ONLY___ 
You are now logged in as [teamzat6@gmail.com].
Your current project is [mufiedapi].  You can change this setting by running:
  $ gcloud config set project PROJECT_ID

2026-04-08 17:21:35,893 DEBUG    root            Chosen display Format:none
2026-04-08 17:21:35,894 INFO     root            Display format: "none"
2026-04-08 17:21:36,059 DEBUG    root            Checking for updates...
2026-04-08 17:21:36,062 DEBUG    root            On GCE from memory cache: False
2026-04-08 17:21:36,066 DEBUG    root            On GCE from memory cache: False
2026-04-08 17:21:36,073 DEBUG    urllib3.connectionpool Starting new HTTPS connection (1): dl.google.com:443
2026-04-08 17:21:36,390 DEBUG    urllib3.connectionpool https://dl.google.com:443 "GET /dl/cloudsdk/channels/rapid/components-2.json HTTP/1.1" 200 25065
2026-04-08 17:21:36,491 DEBUG    root            Updating notification cache...
2026-04-08 17:21:36,492 DEBUG    root            Activating notification: [default]
2026-04-08 17:21:36,493 INFO     ___FILE_ONLY___ 

Updates are available for some Google Cloud CLI components.  To install them,
please run:
  $ gcloud components update


