2026-04-08 17:44:39,230 DEBUG    root            Loaded Command Group: ['gcloud', 'run']
2026-04-08 17:44:40,182 DEBUG    root            Loaded Command Group: ['gcloud', 'run', 'deploy']
2026-04-08 17:44:40,214 DEBUG    root            Running [gcloud.run.deploy] with arguments: [--allow-unauthenticated: "True", --region: "asia-south1", --source: ".", SERVICE: "nest-api"]
2026-04-08 17:44:40,218 DEBUG    root            On GCE from disk cache: False
2026-04-08 17:44:40,308 DEBUG    root            On GCE from memory cache: False
2026-04-08 17:44:40,348 DEBUG    urllib3.connectionpool Starting new HTTPS connection (1): serviceusage.googleapis.com:443
2026-04-08 17:44:40,923 DEBUG    urllib3.connectionpool https://serviceusage.googleapis.com:443 "GET /v1/projects/mufiedapi/services/artifactregistry.googleapis.com?alt=json HTTP/1.1" 200 None
2026-04-08 17:44:41,100 DEBUG    root            On GCE from memory cache: False
2026-04-08 17:44:41,114 DEBUG    root            On GCE from memory cache: False
2026-04-08 17:44:41,125 DEBUG    urllib3.connectionpool Starting new HTTPS connection (1): serviceusage.googleapis.com:443
2026-04-08 17:44:42,698 DEBUG    urllib3.connectionpool https://serviceusage.googleapis.com:443 "GET /v1/projects/mufiedapi/services/cloudbuild.googleapis.com?alt=json HTTP/1.1" 200 None
2026-04-08 17:44:42,728 DEBUG    root            On GCE from memory cache: False
2026-04-08 17:44:42,733 DEBUG    root            On GCE from memory cache: False
2026-04-08 17:44:42,738 DEBUG    urllib3.connectionpool Starting new HTTPS connection (1): serviceusage.googleapis.com:443
2026-04-08 17:44:44,263 DEBUG    urllib3.connectionpool https://serviceusage.googleapis.com:443 "GET /v1/projects/mufiedapi/services/run.googleapis.com?alt=json HTTP/1.1" 200 None
2026-04-08 17:44:44,340 DEBUG    root            On GCE from memory cache: False
2026-04-08 17:44:44,347 DEBUG    root            On GCE from memory cache: False
2026-04-08 17:44:44,358 DEBUG    root            On GCE from memory cache: False
2026-04-08 17:44:44,365 DEBUG    urllib3.connectionpool Starting new HTTPS connection (1): asia-south1-run.googleapis.com:443
2026-04-08 17:44:44,843 DEBUG    urllib3.connectionpool https://asia-south1-run.googleapis.com:443 "GET /apis/serving.knative.dev/v1/namespaces/mufiedapi/services/nest-api?alt=json HTTP/1.1" 200 None
2026-04-08 17:44:44,847 DEBUG    root            source_location: gs://run-sources-mufiedapi-asia-south1/services/nest-api/1775650147.459666-16e6c0d8d1324436b9ae94ebf460fc5f.zip#1775650148143904
2026-04-08 17:44:44,848 DEBUG    root            Existing source_bucket: run-sources-mufiedapi-asia-south1
2026-04-08 17:44:44,850 DEBUG    root            On GCE from memory cache: False
2026-04-08 17:44:44,873 DEBUG    urllib3.connectionpool Starting new HTTPS connection (1): artifactregistry.googleapis.com:443
2026-04-08 17:44:45,693 DEBUG    urllib3.connectionpool https://artifactregistry.googleapis.com:443 "GET /v1/projects/mufiedapi/locations/asia-south1/repositories/cloud-run-source-deploy?alt=json HTTP/1.1" 200 None
2026-04-08 17:44:45,701 DEBUG    root            On GCE from memory cache: False
2026-04-08 17:44:45,724 DEBUG    urllib3.connectionpool Starting new HTTPS connection (1): cloudbuild.googleapis.com:443
2026-04-08 17:44:46,446 DEBUG    urllib3.connectionpool https://cloudbuild.googleapis.com:443 "GET /v1/projects/mufiedapi/locations/asia-south1/defaultServiceAccount?alt=json HTTP/1.1" 200 None
2026-04-08 17:44:46,450 DEBUG    root            On GCE from memory cache: False
2026-04-08 17:44:46,461 DEBUG    urllib3.connectionpool Starting new HTTPS connection (1): iam.googleapis.com:443
2026-04-08 17:44:48,112 DEBUG    urllib3.connectionpool https://iam.googleapis.com:443 "GET /v1/projects/-/serviceAccounts/560137381308-compute@developer.gserviceaccount.com?alt=json HTTP/1.1" 200 None
2026-04-08 17:44:48,114 INFO     ___FILE_ONLY___ Building using Dockerfile and deploying container to Cloud Run service [[1mnest-api[m] in project [[1mmufiedapi[m] region [[1masia-south1[m]

2026-04-08 17:44:48,120 INFO     ___FILE_ONLY___ Building and deploying...
2026-04-08 17:44:49,350 DEBUG    urllib3.connectionpool https://asia-south1-run.googleapis.com:443 "PUT /apis/serving.knative.dev/v1/namespaces/mufiedapi/services/nest-api?alt=json&dryRun=all HTTP/1.1" 200 None
2026-04-08 17:44:49,362 DEBUG    root            On GCE from memory cache: False
2026-04-08 17:44:49,384 DEBUG    root            Creating bucket run-sources-mufiedapi-asia-south1 in region asia-south1
2026-04-08 17:44:49,387 DEBUG    urllib3.connectionpool Starting new HTTPS connection (1): storage.googleapis.com:443
2026-04-08 17:44:49,650 DEBUG    urllib3.connectionpool https://storage.googleapis.com:443 "GET /storage/v1/b/run-sources-mufiedapi-asia-south1?alt=json HTTP/1.1" 200 1276
2026-04-08 17:44:50,103 DEBUG    urllib3.connectionpool https://storage.googleapis.com:443 "GET /storage/v1/b?alt=json&maxResults=1000&prefix=run-sources-mufiedapi-asia-south1&project=mufiedapi HTTP/1.1" 200 1522
2026-04-08 17:44:50,107 DEBUG    root            Uploading source to gs://run-sources-mufiedapi-asia-south1/services/nest-api/1775650490.107276-6a26b712aa4d4d7ea2bd15a8215286e8.zip
2026-04-08 17:44:50,110 INFO     root            Using ignore file at [.\.gcloudignore].
2026-04-08 17:44:50,113 DEBUG    root            Skipping file [.env]
2026-04-08 17:44:50,113 DEBUG    root            Skipping file [.env.example]
2026-04-08 17:44:50,113 DEBUG    root            Skipping file [.gitignore]
2026-04-08 17:44:50,115 DEBUG    root            Skipping file [.firebase]
2026-04-08 17:44:50,116 DEBUG    root            Skipping file [dist]
2026-04-08 17:44:50,116 DEBUG    root            Skipping file [node_modules]
2026-04-08 17:44:50,183 INFO     root            Using ignore file [.\.gcloudignore]
2026-04-08 17:44:50,288 INFO     root            Uploading [C:\Users\ADMIN\AppData\Local\Temp\tmpkuaihb77\file.zip] to [run-sources-mufiedapi-asia-south1/services/nest-api/1775650490.107276-6a26b712aa4d4d7ea2bd15a8215286e8.zip]
2026-04-08 17:44:50,620 DEBUG    urllib3.connectionpool https://storage.googleapis.com:443 "POST /upload/storage/v1/b/run-sources-mufiedapi-asia-south1/o?alt=json&name=services%2Fnest-api%2F1775650490.107276-6a26b712aa4d4d7ea2bd15a8215286e8.zip&uploadType=multipart HTTP/1.1" 200 1138
2026-04-08 17:44:50,653 DEBUG    root            On GCE from memory cache: False
2026-04-08 17:44:50,662 DEBUG    urllib3.connectionpool Starting new HTTPS connection (1): asia-south1-run.googleapis.com:443
2026-04-08 17:44:54,024 DEBUG    urllib3.connectionpool https://asia-south1-run.googleapis.com:443 "POST /v2/projects/mufiedapi/locations/asia-south1/builds:submit?alt=json HTTP/1.1" 200 None
2026-04-08 17:44:54,039 DEBUG    root            On GCE from memory cache: False
2026-04-08 17:44:54,052 DEBUG    urllib3.connectionpool Starting new HTTPS connection (1): cloudbuild.googleapis.com:443
2026-04-08 17:44:54,632 DEBUG    urllib3.connectionpool https://cloudbuild.googleapis.com:443 "GET /v1/projects/mufiedapi/locations/asia-south1/operations/7451fd95-7ac9-4a23-b2ea-02a2d003b2e8?alt=json HTTP/1.1" 200 None
2026-04-08 17:44:56,176 DEBUG    urllib3.connectionpool https://cloudbuild.googleapis.com:443 "GET /v1/projects/mufiedapi/locations/asia-south1/operations/7451fd95-7ac9-4a23-b2ea-02a2d003b2e8?alt=json HTTP/1.1" 200 None
2026-04-08 17:44:57,609 DEBUG    urllib3.connectionpool https://cloudbuild.googleapis.com:443 "GET /v1/projects/mufiedapi/locations/asia-south1/operations/7451fd95-7ac9-4a23-b2ea-02a2d003b2e8?alt=json HTTP/1.1" 200 None
2026-04-08 17:44:59,055 DEBUG    urllib3.connectionpool https://cloudbuild.googleapis.com:443 "GET /v1/projects/mufiedapi/locations/asia-south1/operations/7451fd95-7ac9-4a23-b2ea-02a2d003b2e8?alt=json HTTP/1.1" 200 None
2026-04-08 17:45:00,505 DEBUG    urllib3.connectionpool https://cloudbuild.googleapis.com:443 "GET /v1/projects/mufiedapi/locations/asia-south1/operations/7451fd95-7ac9-4a23-b2ea-02a2d003b2e8?alt=json HTTP/1.1" 200 None
2026-04-08 17:45:02,049 DEBUG    urllib3.connectionpool https://cloudbuild.googleapis.com:443 "GET /v1/projects/mufiedapi/locations/asia-south1/operations/7451fd95-7ac9-4a23-b2ea-02a2d003b2e8?alt=json HTTP/1.1" 200 None
2026-04-08 17:45:03,601 DEBUG    urllib3.connectionpool https://cloudbuild.googleapis.com:443 "GET /v1/projects/mufiedapi/locations/asia-south1/operations/7451fd95-7ac9-4a23-b2ea-02a2d003b2e8?alt=json HTTP/1.1" 200 None
2026-04-08 17:45:05,168 DEBUG    urllib3.connectionpool https://cloudbuild.googleapis.com:443 "GET /v1/projects/mufiedapi/locations/asia-south1/operations/7451fd95-7ac9-4a23-b2ea-02a2d003b2e8?alt=json HTTP/1.1" 200 None
2026-04-08 17:45:06,620 DEBUG    urllib3.connectionpool https://cloudbuild.googleapis.com:443 "GET /v1/projects/mufiedapi/locations/asia-south1/operations/7451fd95-7ac9-4a23-b2ea-02a2d003b2e8?alt=json HTTP/1.1" 200 None
2026-04-08 17:45:08,051 DEBUG    urllib3.connectionpool https://cloudbuild.googleapis.com:443 "GET /v1/projects/mufiedapi/locations/asia-south1/operations/7451fd95-7ac9-4a23-b2ea-02a2d003b2e8?alt=json HTTP/1.1" 200 None
2026-04-08 17:45:09,605 DEBUG    urllib3.connectionpool https://cloudbuild.googleapis.com:443 "GET /v1/projects/mufiedapi/locations/asia-south1/operations/7451fd95-7ac9-4a23-b2ea-02a2d003b2e8?alt=json HTTP/1.1" 200 None
2026-04-08 17:45:11,046 DEBUG    urllib3.connectionpool https://cloudbuild.googleapis.com:443 "GET /v1/projects/mufiedapi/locations/asia-south1/operations/7451fd95-7ac9-4a23-b2ea-02a2d003b2e8?alt=json HTTP/1.1" 200 None
2026-04-08 17:45:15,540 DEBUG    urllib3.connectionpool https://cloudbuild.googleapis.com:443 "GET /v1/projects/mufiedapi/locations/asia-south1/operations/7451fd95-7ac9-4a23-b2ea-02a2d003b2e8?alt=json HTTP/1.1" 200 None
2026-04-08 17:45:17,066 DEBUG    urllib3.connectionpool https://cloudbuild.googleapis.com:443 "GET /v1/projects/mufiedapi/locations/asia-south1/operations/7451fd95-7ac9-4a23-b2ea-02a2d003b2e8?alt=json HTTP/1.1" 200 None
2026-04-08 17:45:18,506 DEBUG    urllib3.connectionpool https://cloudbuild.googleapis.com:443 "GET /v1/projects/mufiedapi/locations/asia-south1/operations/7451fd95-7ac9-4a23-b2ea-02a2d003b2e8?alt=json HTTP/1.1" 200 None
2026-04-08 17:45:19,949 DEBUG    urllib3.connectionpool https://cloudbuild.googleapis.com:443 "GET /v1/projects/mufiedapi/locations/asia-south1/operations/7451fd95-7ac9-4a23-b2ea-02a2d003b2e8?alt=json HTTP/1.1" 200 None
2026-04-08 17:45:21,397 DEBUG    urllib3.connectionpool https://cloudbuild.googleapis.com:443 "GET /v1/projects/mufiedapi/locations/asia-south1/operations/7451fd95-7ac9-4a23-b2ea-02a2d003b2e8?alt=json HTTP/1.1" 200 None
2026-04-08 17:45:22,835 DEBUG    urllib3.connectionpool https://cloudbuild.googleapis.com:443 "GET /v1/projects/mufiedapi/locations/asia-south1/operations/7451fd95-7ac9-4a23-b2ea-02a2d003b2e8?alt=json HTTP/1.1" 200 None
2026-04-08 17:45:24,305 DEBUG    urllib3.connectionpool https://cloudbuild.googleapis.com:443 "GET /v1/projects/mufiedapi/locations/asia-south1/operations/7451fd95-7ac9-4a23-b2ea-02a2d003b2e8?alt=json HTTP/1.1" 200 None
2026-04-08 17:45:25,786 DEBUG    urllib3.connectionpool https://cloudbuild.googleapis.com:443 "GET /v1/projects/mufiedapi/locations/asia-south1/operations/7451fd95-7ac9-4a23-b2ea-02a2d003b2e8?alt=json HTTP/1.1" 200 None
2026-04-08 17:45:27,234 DEBUG    urllib3.connectionpool https://cloudbuild.googleapis.com:443 "GET /v1/projects/mufiedapi/locations/asia-south1/operations/7451fd95-7ac9-4a23-b2ea-02a2d003b2e8?alt=json HTTP/1.1" 200 None
2026-04-08 17:45:28,688 DEBUG    urllib3.connectionpool https://cloudbuild.googleapis.com:443 "GET /v1/projects/mufiedapi/locations/asia-south1/operations/7451fd95-7ac9-4a23-b2ea-02a2d003b2e8?alt=json HTTP/1.1" 200 None
2026-04-08 17:45:30,151 DEBUG    urllib3.connectionpool https://cloudbuild.googleapis.com:443 "GET /v1/projects/mufiedapi/locations/asia-south1/operations/7451fd95-7ac9-4a23-b2ea-02a2d003b2e8?alt=json HTTP/1.1" 200 None
2026-04-08 17:45:31,608 DEBUG    urllib3.connectionpool https://cloudbuild.googleapis.com:443 "GET /v1/projects/mufiedapi/locations/asia-south1/operations/7451fd95-7ac9-4a23-b2ea-02a2d003b2e8?alt=json HTTP/1.1" 200 None
2026-04-08 17:45:32,787 DEBUG    urllib3.connectionpool https://cloudbuild.googleapis.com:443 "GET /v1/projects/mufiedapi/locations/asia-south1/operations/7451fd95-7ac9-4a23-b2ea-02a2d003b2e8?alt=json HTTP/1.1" 200 None
2026-04-08 17:45:34,241 DEBUG    urllib3.connectionpool https://cloudbuild.googleapis.com:443 "GET /v1/projects/mufiedapi/locations/asia-south1/operations/7451fd95-7ac9-4a23-b2ea-02a2d003b2e8?alt=json HTTP/1.1" 200 None
2026-04-08 17:45:35,672 DEBUG    urllib3.connectionpool https://cloudbuild.googleapis.com:443 "GET /v1/projects/mufiedapi/locations/asia-south1/operations/7451fd95-7ac9-4a23-b2ea-02a2d003b2e8?alt=json HTTP/1.1" 200 None
2026-04-08 17:45:37,152 DEBUG    urllib3.connectionpool https://cloudbuild.googleapis.com:443 "GET /v1/projects/mufiedapi/locations/asia-south1/operations/7451fd95-7ac9-4a23-b2ea-02a2d003b2e8?alt=json HTTP/1.1" 200 None
2026-04-08 17:45:38,597 DEBUG    urllib3.connectionpool https://cloudbuild.googleapis.com:443 "GET /v1/projects/mufiedapi/locations/asia-south1/operations/7451fd95-7ac9-4a23-b2ea-02a2d003b2e8?alt=json HTTP/1.1" 200 None
2026-04-08 17:45:40,045 DEBUG    urllib3.connectionpool https://cloudbuild.googleapis.com:443 "GET /v1/projects/mufiedapi/locations/asia-south1/operations/7451fd95-7ac9-4a23-b2ea-02a2d003b2e8?alt=json HTTP/1.1" 200 None
2026-04-08 17:45:41,464 DEBUG    urllib3.connectionpool https://cloudbuild.googleapis.com:443 "GET /v1/projects/mufiedapi/locations/asia-south1/operations/7451fd95-7ac9-4a23-b2ea-02a2d003b2e8?alt=json HTTP/1.1" 200 None
2026-04-08 17:45:42,894 DEBUG    urllib3.connectionpool https://cloudbuild.googleapis.com:443 "GET /v1/projects/mufiedapi/locations/asia-south1/operations/7451fd95-7ac9-4a23-b2ea-02a2d003b2e8?alt=json HTTP/1.1" 200 None
2026-04-08 17:45:44,329 DEBUG    urllib3.connectionpool https://cloudbuild.googleapis.com:443 "GET /v1/projects/mufiedapi/locations/asia-south1/operations/7451fd95-7ac9-4a23-b2ea-02a2d003b2e8?alt=json HTTP/1.1" 200 None
2026-04-08 17:45:45,808 DEBUG    urllib3.connectionpool https://cloudbuild.googleapis.com:443 "GET /v1/projects/mufiedapi/locations/asia-south1/operations/7451fd95-7ac9-4a23-b2ea-02a2d003b2e8?alt=json HTTP/1.1" 200 None
2026-04-08 17:45:47,249 DEBUG    urllib3.connectionpool https://cloudbuild.googleapis.com:443 "GET /v1/projects/mufiedapi/locations/asia-south1/operations/7451fd95-7ac9-4a23-b2ea-02a2d003b2e8?alt=json HTTP/1.1" 200 None
2026-04-08 17:45:48,713 DEBUG    urllib3.connectionpool https://cloudbuild.googleapis.com:443 "GET /v1/projects/mufiedapi/locations/asia-south1/operations/7451fd95-7ac9-4a23-b2ea-02a2d003b2e8?alt=json HTTP/1.1" 200 None
2026-04-08 17:45:49,865 DEBUG    urllib3.connectionpool https://cloudbuild.googleapis.com:443 "GET /v1/projects/mufiedapi/locations/asia-south1/operations/7451fd95-7ac9-4a23-b2ea-02a2d003b2e8?alt=json HTTP/1.1" 200 None
2026-04-08 17:45:51,308 DEBUG    urllib3.connectionpool https://cloudbuild.googleapis.com:443 "GET /v1/projects/mufiedapi/locations/asia-south1/operations/7451fd95-7ac9-4a23-b2ea-02a2d003b2e8?alt=json HTTP/1.1" 200 None
2026-04-08 17:45:52,744 DEBUG    urllib3.connectionpool https://cloudbuild.googleapis.com:443 "GET /v1/projects/mufiedapi/locations/asia-south1/operations/7451fd95-7ac9-4a23-b2ea-02a2d003b2e8?alt=json HTTP/1.1" 200 None
2026-04-08 17:45:54,176 DEBUG    urllib3.connectionpool https://cloudbuild.googleapis.com:443 "GET /v1/projects/mufiedapi/locations/asia-south1/operations/7451fd95-7ac9-4a23-b2ea-02a2d003b2e8?alt=json HTTP/1.1" 200 None
2026-04-08 17:45:54,633 DEBUG    urllib3.connectionpool https://cloudbuild.googleapis.com:443 "GET /v1/projects/mufiedapi/locations/asia-south1/operations/7451fd95-7ac9-4a23-b2ea-02a2d003b2e8?alt=json HTTP/1.1" 200 None
2026-04-08 17:45:56,069 DEBUG    urllib3.connectionpool https://cloudbuild.googleapis.com:443 "GET /v1/projects/mufiedapi/locations/asia-south1/operations/7451fd95-7ac9-4a23-b2ea-02a2d003b2e8?alt=json HTTP/1.1" 200 None
2026-04-08 17:45:57,624 DEBUG    urllib3.connectionpool https://cloudbuild.googleapis.com:443 "GET /v1/projects/mufiedapi/locations/asia-south1/operations/7451fd95-7ac9-4a23-b2ea-02a2d003b2e8?alt=json HTTP/1.1" 200 None
2026-04-08 17:45:59,171 DEBUG    urllib3.connectionpool https://cloudbuild.googleapis.com:443 "GET /v1/projects/mufiedapi/locations/asia-south1/operations/7451fd95-7ac9-4a23-b2ea-02a2d003b2e8?alt=json HTTP/1.1" 200 None
2026-04-08 17:46:00,984 DEBUG    urllib3.connectionpool https://cloudbuild.googleapis.com:443 "GET /v1/projects/mufiedapi/locations/asia-south1/operations/7451fd95-7ac9-4a23-b2ea-02a2d003b2e8?alt=json HTTP/1.1" 200 None
2026-04-08 17:46:03,328 DEBUG    urllib3.connectionpool https://cloudbuild.googleapis.com:443 "GET /v1/projects/mufiedapi/locations/asia-south1/operations/7451fd95-7ac9-4a23-b2ea-02a2d003b2e8?alt=json HTTP/1.1" 200 None
2026-04-08 17:46:05,387 DEBUG    urllib3.connectionpool https://cloudbuild.googleapis.com:443 "GET /v1/projects/mufiedapi/locations/asia-south1/operations/7451fd95-7ac9-4a23-b2ea-02a2d003b2e8?alt=json HTTP/1.1" 200 None
2026-04-08 17:46:08,154 DEBUG    urllib3.connectionpool https://cloudbuild.googleapis.com:443 "GET /v1/projects/mufiedapi/locations/asia-south1/operations/7451fd95-7ac9-4a23-b2ea-02a2d003b2e8?alt=json HTTP/1.1" 200 None
2026-04-08 17:46:10,889 DEBUG    urllib3.connectionpool https://cloudbuild.googleapis.com:443 "GET /v1/projects/mufiedapi/locations/asia-south1/operations/7451fd95-7ac9-4a23-b2ea-02a2d003b2e8?alt=json HTTP/1.1" 200 None
2026-04-08 17:46:13,826 DEBUG    urllib3.connectionpool https://cloudbuild.googleapis.com:443 "GET /v1/projects/mufiedapi/locations/asia-south1/operations/7451fd95-7ac9-4a23-b2ea-02a2d003b2e8?alt=json HTTP/1.1" 200 None
2026-04-08 17:46:16,819 DEBUG    urllib3.connectionpool https://cloudbuild.googleapis.com:443 "GET /v1/projects/mufiedapi/locations/asia-south1/operations/7451fd95-7ac9-4a23-b2ea-02a2d003b2e8?alt=json HTTP/1.1" 200 None
2026-04-08 17:46:19,949 DEBUG    urllib3.connectionpool https://cloudbuild.googleapis.com:443 "GET /v1/projects/mufiedapi/locations/asia-south1/operations/7451fd95-7ac9-4a23-b2ea-02a2d003b2e8?alt=json HTTP/1.1" 200 None
2026-04-08 17:46:23,298 DEBUG    urllib3.connectionpool https://cloudbuild.googleapis.com:443 "GET /v1/projects/mufiedapi/locations/asia-south1/operations/7451fd95-7ac9-4a23-b2ea-02a2d003b2e8?alt=json HTTP/1.1" 200 None
2026-04-08 17:46:27,275 DEBUG    urllib3.connectionpool https://cloudbuild.googleapis.com:443 "GET /v1/projects/mufiedapi/locations/asia-south1/operations/7451fd95-7ac9-4a23-b2ea-02a2d003b2e8?alt=json HTTP/1.1" 200 None
2026-04-08 17:46:31,261 DEBUG    urllib3.connectionpool https://cloudbuild.googleapis.com:443 "GET /v1/projects/mufiedapi/locations/asia-south1/operations/7451fd95-7ac9-4a23-b2ea-02a2d003b2e8?alt=json HTTP/1.1" 200 None
2026-04-08 17:46:31,534 DEBUG    urllib3.connectionpool https://asia-south1-run.googleapis.com:443 "GET /apis/serving.knative.dev/v1/namespaces/mufiedapi/services/nest-api?alt=json HTTP/1.1" 200 None
2026-04-08 17:46:32,771 DEBUG    urllib3.connectionpool https://asia-south1-run.googleapis.com:443 "PUT /apis/serving.knative.dev/v1/namespaces/mufiedapi/services/nest-api?alt=json HTTP/1.1" 200 None
2026-04-08 17:46:32,778 DEBUG    urllib3.connectionpool Starting new HTTPS connection (1): run.googleapis.com:443
2026-04-08 17:46:33,471 DEBUG    urllib3.connectionpool https://run.googleapis.com:443 "GET /v1/projects/mufiedapi/locations/asia-south1/services/nest-api:getIamPolicy?alt=json HTTP/1.1" 200 None
2026-04-08 17:46:33,969 DEBUG    urllib3.connectionpool https://run.googleapis.com:443 "POST /v1/projects/mufiedapi/locations/asia-south1/services/nest-api:setIamPolicy?alt=json HTTP/1.1" 403 None
2026-04-08 17:46:41,270 DEBUG    urllib3.connectionpool https://asia-south1-run.googleapis.com:443 "POST /v1/projects/mufiedapi/locations/asia-south1/operations/69cbd245-569c-4f7a-811a-14a9b476f3da:wait?alt=json HTTP/1.1" 200 None
2026-04-08 17:46:41,447 DEBUG    urllib3.connectionpool https://asia-south1-run.googleapis.com:443 "POST /v1/projects/mufiedapi/locations/asia-south1/operations/69cbd245-569c-4f7a-811a-14a9b476f3da:wait?alt=json HTTP/1.1" 200 None
2026-04-08 17:46:41,629 DEBUG    urllib3.connectionpool https://asia-south1-run.googleapis.com:443 "POST /v1/projects/mufiedapi/locations/asia-south1/operations/69cbd245-569c-4f7a-811a-14a9b476f3da:wait?alt=json HTTP/1.1" 200 None
2026-04-08 17:46:41,764 INFO     ___FILE_ONLY___   Setting IAM policy failed, try "gcloud beta run services add-iam-policy-binding --region=asia-south1 --member=allUsers --role=roles/run.invoker nest-api"

2026-04-08 17:46:41,765 INFO     ___FILE_ONLY___ Service [[1mnest-api[m] revision [[1mnest-api-00040-m8j[m] has been deployed and is serving [1m100[m percent of traffic.
Service URL: [1mhttps://nest-api-560137381308.asia-south1.run.app[m

2026-04-08 17:46:41,766 DEBUG    root            Chosen display Format:none
2026-04-08 17:46:41,767 INFO     root            Display format: "none"
