2026-04-08 18:09:09,162 DEBUG    root            Loaded Command Group: ['gcloud', 'run']
2026-04-08 18:09:10,408 DEBUG    root            Loaded Command Group: ['gcloud', 'run', 'deploy']
2026-04-08 18:09:10,442 DEBUG    root            Running [gcloud.run.deploy] with arguments: [--allow-unauthenticated: "True", --region: "asia-south1", --source: ".", SERVICE: "nest-api"]
2026-04-08 18:09:10,758 DEBUG    root            Failed to check metadata server: <urlopen error [Errno 11001] getaddrinfo failed>
2026-04-08 18:09:10,758 DEBUG    root            On GCE from server: False
2026-04-08 18:09:11,448 DEBUG    root            On GCE from memory cache: False
2026-04-08 18:09:11,513 DEBUG    urllib3.connectionpool Starting new HTTPS connection (1): serviceusage.googleapis.com:443
2026-04-08 18:09:13,108 DEBUG    urllib3.connectionpool https://serviceusage.googleapis.com:443 "GET /v1/projects/mufiedapi/services/artifactregistry.googleapis.com?alt=json HTTP/1.1" 200 None
2026-04-08 18:09:13,222 DEBUG    root            On GCE from memory cache: False
2026-04-08 18:09:13,235 DEBUG    root            On GCE from memory cache: False
2026-04-08 18:09:13,246 DEBUG    urllib3.connectionpool Starting new HTTPS connection (1): serviceusage.googleapis.com:443
2026-04-08 18:09:14,913 DEBUG    urllib3.connectionpool https://serviceusage.googleapis.com:443 "GET /v1/projects/mufiedapi/services/cloudbuild.googleapis.com?alt=json HTTP/1.1" 200 None
2026-04-08 18:09:14,955 DEBUG    root            On GCE from memory cache: False
2026-04-08 18:09:14,961 DEBUG    root            On GCE from memory cache: False
2026-04-08 18:09:14,968 DEBUG    urllib3.connectionpool Starting new HTTPS connection (1): serviceusage.googleapis.com:443
2026-04-08 18:09:16,572 DEBUG    urllib3.connectionpool https://serviceusage.googleapis.com:443 "GET /v1/projects/mufiedapi/services/run.googleapis.com?alt=json HTTP/1.1" 200 None
2026-04-08 18:09:16,682 DEBUG    root            On GCE from memory cache: False
2026-04-08 18:09:16,696 DEBUG    root            On GCE from memory cache: False
2026-04-08 18:09:16,712 DEBUG    root            On GCE from memory cache: False
2026-04-08 18:09:16,726 DEBUG    urllib3.connectionpool Starting new HTTPS connection (1): asia-south1-run.googleapis.com:443
2026-04-08 18:09:17,059 DEBUG    urllib3.connectionpool https://asia-south1-run.googleapis.com:443 "GET /apis/serving.knative.dev/v1/namespaces/mufiedapi/services/nest-api?alt=json HTTP/1.1" 200 None
2026-04-08 18:09:17,068 DEBUG    root            source_location: gs://run-sources-mufiedapi-asia-south1/services/nest-api/1775650490.107276-6a26b712aa4d4d7ea2bd15a8215286e8.zip#1775650490659016
2026-04-08 18:09:17,069 DEBUG    root            Existing source_bucket: run-sources-mufiedapi-asia-south1
2026-04-08 18:09:17,073 DEBUG    root            On GCE from memory cache: False
2026-04-08 18:09:17,101 DEBUG    urllib3.connectionpool Starting new HTTPS connection (1): artifactregistry.googleapis.com:443
2026-04-08 18:09:18,113 DEBUG    urllib3.connectionpool https://artifactregistry.googleapis.com:443 "GET /v1/projects/mufiedapi/locations/asia-south1/repositories/cloud-run-source-deploy?alt=json HTTP/1.1" 200 None
2026-04-08 18:09:18,121 DEBUG    root            On GCE from memory cache: False
2026-04-08 18:09:18,177 DEBUG    urllib3.connectionpool Starting new HTTPS connection (1): cloudbuild.googleapis.com:443
2026-04-08 18:09:18,839 DEBUG    urllib3.connectionpool https://cloudbuild.googleapis.com:443 "GET /v1/projects/mufiedapi/locations/asia-south1/defaultServiceAccount?alt=json HTTP/1.1" 200 None
2026-04-08 18:09:18,846 DEBUG    root            On GCE from memory cache: False
2026-04-08 18:09:18,863 DEBUG    urllib3.connectionpool Starting new HTTPS connection (1): iam.googleapis.com:443
2026-04-08 18:09:20,417 DEBUG    urllib3.connectionpool https://iam.googleapis.com:443 "GET /v1/projects/-/serviceAccounts/560137381308-compute@developer.gserviceaccount.com?alt=json HTTP/1.1" 200 None
2026-04-08 18:09:20,419 INFO     ___FILE_ONLY___ Building using Dockerfile and deploying container to Cloud Run service [[1mnest-api[m] in project [[1mmufiedapi[m] region [[1masia-south1[m]

2026-04-08 18:09:20,427 INFO     ___FILE_ONLY___ Building and deploying...
2026-04-08 18:09:21,835 DEBUG    urllib3.connectionpool https://asia-south1-run.googleapis.com:443 "PUT /apis/serving.knative.dev/v1/namespaces/mufiedapi/services/nest-api?alt=json&dryRun=all HTTP/1.1" 200 None
2026-04-08 18:09:21,847 DEBUG    root            On GCE from memory cache: False
2026-04-08 18:09:21,881 DEBUG    root            Creating bucket run-sources-mufiedapi-asia-south1 in region asia-south1
2026-04-08 18:09:21,884 DEBUG    urllib3.connectionpool Starting new HTTPS connection (1): storage.googleapis.com:443
2026-04-08 18:09:22,206 DEBUG    urllib3.connectionpool https://storage.googleapis.com:443 "GET /storage/v1/b/run-sources-mufiedapi-asia-south1?alt=json HTTP/1.1" 200 1276
2026-04-08 18:09:22,661 DEBUG    urllib3.connectionpool https://storage.googleapis.com:443 "GET /storage/v1/b?alt=json&maxResults=1000&prefix=run-sources-mufiedapi-asia-south1&project=mufiedapi HTTP/1.1" 200 1522
2026-04-08 18:09:22,664 DEBUG    root            Uploading source to gs://run-sources-mufiedapi-asia-south1/services/nest-api/1775651962.664075-def93ca034a846ae9e781547099b22ff.zip
2026-04-08 18:09:22,668 INFO     root            Using ignore file at [.\.gcloudignore].
2026-04-08 18:09:22,671 DEBUG    root            Skipping file [.env]
2026-04-08 18:09:22,672 DEBUG    root            Skipping file [.env.example]
2026-04-08 18:09:22,672 DEBUG    root            Skipping file [.gitignore]
2026-04-08 18:09:22,674 DEBUG    root            Skipping file [.firebase]
2026-04-08 18:09:22,675 DEBUG    root            Skipping file [dist]
2026-04-08 18:09:22,675 DEBUG    root            Skipping file [node_modules]
2026-04-08 18:09:22,758 INFO     root            Using ignore file [.\.gcloudignore]
2026-04-08 18:09:22,896 INFO     root            Uploading [C:\Users\ADMIN\AppData\Local\Temp\tmpcea1q4o_\file.zip] to [run-sources-mufiedapi-asia-south1/services/nest-api/1775651962.664075-def93ca034a846ae9e781547099b22ff.zip]
2026-04-08 18:09:23,257 DEBUG    urllib3.connectionpool https://storage.googleapis.com:443 "POST /upload/storage/v1/b/run-sources-mufiedapi-asia-south1/o?alt=json&name=services%2Fnest-api%2F1775651962.664075-def93ca034a846ae9e781547099b22ff.zip&uploadType=multipart HTTP/1.1" 200 1138
2026-04-08 18:09:23,318 DEBUG    root            On GCE from memory cache: False
2026-04-08 18:09:23,338 DEBUG    urllib3.connectionpool Starting new HTTPS connection (1): asia-south1-run.googleapis.com:443
2026-04-08 18:09:26,731 DEBUG    urllib3.connectionpool https://asia-south1-run.googleapis.com:443 "POST /v2/projects/mufiedapi/locations/asia-south1/builds:submit?alt=json HTTP/1.1" 200 None
2026-04-08 18:09:26,818 DEBUG    root            On GCE from memory cache: False
2026-04-08 18:09:26,831 DEBUG    urllib3.connectionpool Starting new HTTPS connection (1): cloudbuild.googleapis.com:443
2026-04-08 18:09:27,451 DEBUG    urllib3.connectionpool https://cloudbuild.googleapis.com:443 "GET /v1/projects/mufiedapi/locations/asia-south1/operations/a528d858-5cbc-43f0-a9d2-bc40198f52ec?alt=json HTTP/1.1" 200 None
2026-04-08 18:09:28,914 DEBUG    urllib3.connectionpool https://cloudbuild.googleapis.com:443 "GET /v1/projects/mufiedapi/locations/asia-south1/operations/a528d858-5cbc-43f0-a9d2-bc40198f52ec?alt=json HTTP/1.1" 200 None
2026-04-08 18:09:30,445 DEBUG    urllib3.connectionpool https://cloudbuild.googleapis.com:443 "GET /v1/projects/mufiedapi/locations/asia-south1/operations/a528d858-5cbc-43f0-a9d2-bc40198f52ec?alt=json HTTP/1.1" 200 None
2026-04-08 18:09:32,007 DEBUG    urllib3.connectionpool https://cloudbuild.googleapis.com:443 "GET /v1/projects/mufiedapi/locations/asia-south1/operations/a528d858-5cbc-43f0-a9d2-bc40198f52ec?alt=json HTTP/1.1" 200 None
2026-04-08 18:09:33,805 DEBUG    urllib3.connectionpool https://cloudbuild.googleapis.com:443 "GET /v1/projects/mufiedapi/locations/asia-south1/operations/a528d858-5cbc-43f0-a9d2-bc40198f52ec?alt=json HTTP/1.1" 200 None
2026-04-08 18:09:35,312 DEBUG    urllib3.connectionpool https://cloudbuild.googleapis.com:443 "GET /v1/projects/mufiedapi/locations/asia-south1/operations/a528d858-5cbc-43f0-a9d2-bc40198f52ec?alt=json HTTP/1.1" 200 None
2026-04-08 18:09:36,754 DEBUG    urllib3.connectionpool https://cloudbuild.googleapis.com:443 "GET /v1/projects/mufiedapi/locations/asia-south1/operations/a528d858-5cbc-43f0-a9d2-bc40198f52ec?alt=json HTTP/1.1" 200 None
2026-04-08 18:09:38,209 DEBUG    urllib3.connectionpool https://cloudbuild.googleapis.com:443 "GET /v1/projects/mufiedapi/locations/asia-south1/operations/a528d858-5cbc-43f0-a9d2-bc40198f52ec?alt=json HTTP/1.1" 200 None
2026-04-08 18:09:39,670 DEBUG    urllib3.connectionpool https://cloudbuild.googleapis.com:443 "GET /v1/projects/mufiedapi/locations/asia-south1/operations/a528d858-5cbc-43f0-a9d2-bc40198f52ec?alt=json HTTP/1.1" 200 None
2026-04-08 18:09:41,119 DEBUG    urllib3.connectionpool https://cloudbuild.googleapis.com:443 "GET /v1/projects/mufiedapi/locations/asia-south1/operations/a528d858-5cbc-43f0-a9d2-bc40198f52ec?alt=json HTTP/1.1" 200 None
2026-04-08 18:09:42,558 DEBUG    urllib3.connectionpool https://cloudbuild.googleapis.com:443 "GET /v1/projects/mufiedapi/locations/asia-south1/operations/a528d858-5cbc-43f0-a9d2-bc40198f52ec?alt=json HTTP/1.1" 200 None
2026-04-08 18:09:43,705 DEBUG    urllib3.connectionpool https://cloudbuild.googleapis.com:443 "GET /v1/projects/mufiedapi/locations/asia-south1/operations/a528d858-5cbc-43f0-a9d2-bc40198f52ec?alt=json HTTP/1.1" 200 None
2026-04-08 18:09:45,274 DEBUG    urllib3.connectionpool https://cloudbuild.googleapis.com:443 "GET /v1/projects/mufiedapi/locations/asia-south1/operations/a528d858-5cbc-43f0-a9d2-bc40198f52ec?alt=json HTTP/1.1" 200 None
2026-04-08 18:09:46,722 DEBUG    urllib3.connectionpool https://cloudbuild.googleapis.com:443 "GET /v1/projects/mufiedapi/locations/asia-south1/operations/a528d858-5cbc-43f0-a9d2-bc40198f52ec?alt=json HTTP/1.1" 200 None
2026-04-08 18:09:48,291 DEBUG    urllib3.connectionpool https://cloudbuild.googleapis.com:443 "GET /v1/projects/mufiedapi/locations/asia-south1/operations/a528d858-5cbc-43f0-a9d2-bc40198f52ec?alt=json HTTP/1.1" 200 None
2026-04-08 18:09:49,441 DEBUG    urllib3.connectionpool https://cloudbuild.googleapis.com:443 "GET /v1/projects/mufiedapi/locations/asia-south1/operations/a528d858-5cbc-43f0-a9d2-bc40198f52ec?alt=json HTTP/1.1" 200 None
2026-04-08 18:09:50,881 DEBUG    urllib3.connectionpool https://cloudbuild.googleapis.com:443 "GET /v1/projects/mufiedapi/locations/asia-south1/operations/a528d858-5cbc-43f0-a9d2-bc40198f52ec?alt=json HTTP/1.1" 200 None
2026-04-08 18:09:52,051 DEBUG    urllib3.connectionpool https://cloudbuild.googleapis.com:443 "GET /v1/projects/mufiedapi/locations/asia-south1/operations/a528d858-5cbc-43f0-a9d2-bc40198f52ec?alt=json HTTP/1.1" 200 None
2026-04-08 18:09:53,502 DEBUG    urllib3.connectionpool https://cloudbuild.googleapis.com:443 "GET /v1/projects/mufiedapi/locations/asia-south1/operations/a528d858-5cbc-43f0-a9d2-bc40198f52ec?alt=json HTTP/1.1" 200 None
2026-04-08 18:09:54,943 DEBUG    urllib3.connectionpool https://cloudbuild.googleapis.com:443 "GET /v1/projects/mufiedapi/locations/asia-south1/operations/a528d858-5cbc-43f0-a9d2-bc40198f52ec?alt=json HTTP/1.1" 200 None
2026-04-08 18:09:56,375 DEBUG    urllib3.connectionpool https://cloudbuild.googleapis.com:443 "GET /v1/projects/mufiedapi/locations/asia-south1/operations/a528d858-5cbc-43f0-a9d2-bc40198f52ec?alt=json HTTP/1.1" 200 None
2026-04-08 18:09:57,594 DEBUG    urllib3.connectionpool https://cloudbuild.googleapis.com:443 "GET /v1/projects/mufiedapi/locations/asia-south1/operations/a528d858-5cbc-43f0-a9d2-bc40198f52ec?alt=json HTTP/1.1" 200 None
2026-04-08 18:09:59,049 DEBUG    urllib3.connectionpool https://cloudbuild.googleapis.com:443 "GET /v1/projects/mufiedapi/locations/asia-south1/operations/a528d858-5cbc-43f0-a9d2-bc40198f52ec?alt=json HTTP/1.1" 200 None
2026-04-08 18:10:00,616 DEBUG    urllib3.connectionpool https://cloudbuild.googleapis.com:443 "GET /v1/projects/mufiedapi/locations/asia-south1/operations/a528d858-5cbc-43f0-a9d2-bc40198f52ec?alt=json HTTP/1.1" 200 None
2026-04-08 18:10:02,056 DEBUG    urllib3.connectionpool https://cloudbuild.googleapis.com:443 "GET /v1/projects/mufiedapi/locations/asia-south1/operations/a528d858-5cbc-43f0-a9d2-bc40198f52ec?alt=json HTTP/1.1" 200 None
2026-04-08 18:10:03,527 DEBUG    urllib3.connectionpool https://cloudbuild.googleapis.com:443 "GET /v1/projects/mufiedapi/locations/asia-south1/operations/a528d858-5cbc-43f0-a9d2-bc40198f52ec?alt=json HTTP/1.1" 200 None
2026-04-08 18:10:05,035 DEBUG    urllib3.connectionpool https://cloudbuild.googleapis.com:443 "GET /v1/projects/mufiedapi/locations/asia-south1/operations/a528d858-5cbc-43f0-a9d2-bc40198f52ec?alt=json HTTP/1.1" 200 None
2026-04-08 18:10:06,584 DEBUG    urllib3.connectionpool https://cloudbuild.googleapis.com:443 "GET /v1/projects/mufiedapi/locations/asia-south1/operations/a528d858-5cbc-43f0-a9d2-bc40198f52ec?alt=json HTTP/1.1" 200 None
2026-04-08 18:10:08,707 DEBUG    urllib3.connectionpool https://cloudbuild.googleapis.com:443 "GET /v1/projects/mufiedapi/locations/asia-south1/operations/a528d858-5cbc-43f0-a9d2-bc40198f52ec?alt=json HTTP/1.1" 200 None
2026-04-08 18:10:09,893 DEBUG    urllib3.connectionpool https://cloudbuild.googleapis.com:443 "GET /v1/projects/mufiedapi/locations/asia-south1/operations/a528d858-5cbc-43f0-a9d2-bc40198f52ec?alt=json HTTP/1.1" 200 None
2026-04-08 18:10:11,073 DEBUG    urllib3.connectionpool https://cloudbuild.googleapis.com:443 "GET /v1/projects/mufiedapi/locations/asia-south1/operations/a528d858-5cbc-43f0-a9d2-bc40198f52ec?alt=json HTTP/1.1" 200 None
2026-04-08 18:10:12,537 DEBUG    urllib3.connectionpool https://cloudbuild.googleapis.com:443 "GET /v1/projects/mufiedapi/locations/asia-south1/operations/a528d858-5cbc-43f0-a9d2-bc40198f52ec?alt=json HTTP/1.1" 200 None
2026-04-08 18:10:14,135 DEBUG    urllib3.connectionpool https://cloudbuild.googleapis.com:443 "GET /v1/projects/mufiedapi/locations/asia-south1/operations/a528d858-5cbc-43f0-a9d2-bc40198f52ec?alt=json HTTP/1.1" 200 None
2026-04-08 18:10:15,591 DEBUG    urllib3.connectionpool https://cloudbuild.googleapis.com:443 "GET /v1/projects/mufiedapi/locations/asia-south1/operations/a528d858-5cbc-43f0-a9d2-bc40198f52ec?alt=json HTTP/1.1" 200 None
2026-04-08 18:10:17,059 DEBUG    urllib3.connectionpool https://cloudbuild.googleapis.com:443 "GET /v1/projects/mufiedapi/locations/asia-south1/operations/a528d858-5cbc-43f0-a9d2-bc40198f52ec?alt=json HTTP/1.1" 200 None
2026-04-08 18:10:18,679 DEBUG    urllib3.connectionpool https://cloudbuild.googleapis.com:443 "GET /v1/projects/mufiedapi/locations/asia-south1/operations/a528d858-5cbc-43f0-a9d2-bc40198f52ec?alt=json HTTP/1.1" 200 None
2026-04-08 18:10:19,858 DEBUG    urllib3.connectionpool https://cloudbuild.googleapis.com:443 "GET /v1/projects/mufiedapi/locations/asia-south1/operations/a528d858-5cbc-43f0-a9d2-bc40198f52ec?alt=json HTTP/1.1" 200 None
2026-04-08 18:10:21,010 DEBUG    urllib3.connectionpool https://cloudbuild.googleapis.com:443 "GET /v1/projects/mufiedapi/locations/asia-south1/operations/a528d858-5cbc-43f0-a9d2-bc40198f52ec?alt=json HTTP/1.1" 200 None
2026-04-08 18:10:23,310 DEBUG    urllib3.connectionpool https://cloudbuild.googleapis.com:443 "GET /v1/projects/mufiedapi/locations/asia-south1/operations/a528d858-5cbc-43f0-a9d2-bc40198f52ec?alt=json HTTP/1.1" 200 None
2026-04-08 18:10:25,405 DEBUG    urllib3.connectionpool https://cloudbuild.googleapis.com:443 "GET /v1/projects/mufiedapi/locations/asia-south1/operations/a528d858-5cbc-43f0-a9d2-bc40198f52ec?alt=json HTTP/1.1" 200 None
2026-04-08 18:10:26,570 DEBUG    urllib3.connectionpool https://cloudbuild.googleapis.com:443 "GET /v1/projects/mufiedapi/locations/asia-south1/operations/a528d858-5cbc-43f0-a9d2-bc40198f52ec?alt=json HTTP/1.1" 200 None
2026-04-08 18:10:26,722 DEBUG    urllib3.connectionpool https://cloudbuild.googleapis.com:443 "GET /v1/projects/mufiedapi/locations/asia-south1/operations/a528d858-5cbc-43f0-a9d2-bc40198f52ec?alt=json HTTP/1.1" 200 None
2026-04-08 18:10:28,556 DEBUG    urllib3.connectionpool https://cloudbuild.googleapis.com:443 "GET /v1/projects/mufiedapi/locations/asia-south1/operations/a528d858-5cbc-43f0-a9d2-bc40198f52ec?alt=json HTTP/1.1" 200 None
2026-04-08 18:10:30,581 DEBUG    urllib3.connectionpool https://cloudbuild.googleapis.com:443 "GET /v1/projects/mufiedapi/locations/asia-south1/operations/a528d858-5cbc-43f0-a9d2-bc40198f52ec?alt=json HTTP/1.1" 200 None
2026-04-08 18:10:32,066 DEBUG    urllib3.connectionpool https://cloudbuild.googleapis.com:443 "GET /v1/projects/mufiedapi/locations/asia-south1/operations/a528d858-5cbc-43f0-a9d2-bc40198f52ec?alt=json HTTP/1.1" 200 None
2026-04-08 18:10:34,114 DEBUG    urllib3.connectionpool https://cloudbuild.googleapis.com:443 "GET /v1/projects/mufiedapi/locations/asia-south1/operations/a528d858-5cbc-43f0-a9d2-bc40198f52ec?alt=json HTTP/1.1" 200 None
2026-04-08 18:10:36,349 DEBUG    urllib3.connectionpool https://cloudbuild.googleapis.com:443 "GET /v1/projects/mufiedapi/locations/asia-south1/operations/a528d858-5cbc-43f0-a9d2-bc40198f52ec?alt=json HTTP/1.1" 200 None
2026-04-08 18:10:38,447 DEBUG    urllib3.connectionpool https://cloudbuild.googleapis.com:443 "GET /v1/projects/mufiedapi/locations/asia-south1/operations/a528d858-5cbc-43f0-a9d2-bc40198f52ec?alt=json HTTP/1.1" 200 None
2026-04-08 18:10:40,818 DEBUG    urllib3.connectionpool https://cloudbuild.googleapis.com:443 "GET /v1/projects/mufiedapi/locations/asia-south1/operations/a528d858-5cbc-43f0-a9d2-bc40198f52ec?alt=json HTTP/1.1" 200 None
2026-04-08 18:10:43,118 DEBUG    urllib3.connectionpool https://cloudbuild.googleapis.com:443 "GET /v1/projects/mufiedapi/locations/asia-south1/operations/a528d858-5cbc-43f0-a9d2-bc40198f52ec?alt=json HTTP/1.1" 200 None
2026-04-08 18:10:46,215 DEBUG    urllib3.connectionpool https://cloudbuild.googleapis.com:443 "GET /v1/projects/mufiedapi/locations/asia-south1/operations/a528d858-5cbc-43f0-a9d2-bc40198f52ec?alt=json HTTP/1.1" 200 None
2026-04-08 18:10:49,357 DEBUG    urllib3.connectionpool https://cloudbuild.googleapis.com:443 "GET /v1/projects/mufiedapi/locations/asia-south1/operations/a528d858-5cbc-43f0-a9d2-bc40198f52ec?alt=json HTTP/1.1" 200 None
2026-04-08 18:10:52,872 DEBUG    urllib3.connectionpool https://cloudbuild.googleapis.com:443 "GET /v1/projects/mufiedapi/locations/asia-south1/operations/a528d858-5cbc-43f0-a9d2-bc40198f52ec?alt=json HTTP/1.1" 200 None
2026-04-08 18:10:55,882 DEBUG    urllib3.connectionpool https://cloudbuild.googleapis.com:443 "GET /v1/projects/mufiedapi/locations/asia-south1/operations/a528d858-5cbc-43f0-a9d2-bc40198f52ec?alt=json HTTP/1.1" 200 None
2026-04-08 18:10:59,536 DEBUG    urllib3.connectionpool https://cloudbuild.googleapis.com:443 "GET /v1/projects/mufiedapi/locations/asia-south1/operations/a528d858-5cbc-43f0-a9d2-bc40198f52ec?alt=json HTTP/1.1" 200 None
2026-04-08 18:11:03,326 DEBUG    urllib3.connectionpool https://cloudbuild.googleapis.com:443 "GET /v1/projects/mufiedapi/locations/asia-south1/operations/a528d858-5cbc-43f0-a9d2-bc40198f52ec?alt=json HTTP/1.1" 200 None
2026-04-08 18:11:07,343 DEBUG    urllib3.connectionpool https://cloudbuild.googleapis.com:443 "GET /v1/projects/mufiedapi/locations/asia-south1/operations/a528d858-5cbc-43f0-a9d2-bc40198f52ec?alt=json HTTP/1.1" 200 None
2026-04-08 18:11:07,637 DEBUG    urllib3.connectionpool https://asia-south1-run.googleapis.com:443 "GET /apis/serving.knative.dev/v1/namespaces/mufiedapi/services/nest-api?alt=json HTTP/1.1" 200 None
2026-04-08 18:11:08,822 DEBUG    urllib3.connectionpool https://asia-south1-run.googleapis.com:443 "PUT /apis/serving.knative.dev/v1/namespaces/mufiedapi/services/nest-api?alt=json HTTP/1.1" 200 None
2026-04-08 18:11:08,830 DEBUG    urllib3.connectionpool Starting new HTTPS connection (1): run.googleapis.com:443
2026-04-08 18:11:09,572 DEBUG    urllib3.connectionpool https://run.googleapis.com:443 "GET /v1/projects/mufiedapi/locations/asia-south1/services/nest-api:getIamPolicy?alt=json HTTP/1.1" 200 None
2026-04-08 18:11:10,076 DEBUG    urllib3.connectionpool https://run.googleapis.com:443 "POST /v1/projects/mufiedapi/locations/asia-south1/services/nest-api:setIamPolicy?alt=json HTTP/1.1" 403 None
2026-04-08 18:11:18,974 DEBUG    urllib3.connectionpool https://asia-south1-run.googleapis.com:443 "POST /v1/projects/mufiedapi/locations/asia-south1/operations/0c61a12a-5761-4275-b329-efde5f49068f:wait?alt=json HTTP/1.1" 200 None
2026-04-08 18:11:21,333 DEBUG    urllib3.connectionpool https://asia-south1-run.googleapis.com:443 "POST /v1/projects/mufiedapi/locations/asia-south1/operations/0c61a12a-5761-4275-b329-efde5f49068f:wait?alt=json HTTP/1.1" 200 None
2026-04-08 18:11:21,501 DEBUG    urllib3.connectionpool https://asia-south1-run.googleapis.com:443 "POST /v1/projects/mufiedapi/locations/asia-south1/operations/0c61a12a-5761-4275-b329-efde5f49068f:wait?alt=json HTTP/1.1" 200 None
2026-04-08 18:11:21,678 DEBUG    urllib3.connectionpool https://asia-south1-run.googleapis.com:443 "POST /v1/projects/mufiedapi/locations/asia-south1/operations/0c61a12a-5761-4275-b329-efde5f49068f:wait?alt=json HTTP/1.1" 200 None
2026-04-08 18:11:21,769 INFO     ___FILE_ONLY___   Setting IAM policy failed, try "gcloud beta run services add-iam-policy-binding --region=asia-south1 --member=allUsers --role=roles/run.invoker nest-api"

2026-04-08 18:11:21,769 INFO     ___FILE_ONLY___ Service [[1mnest-api[m] revision [[1mnest-api-00041-4gk[m] has been deployed and is serving [1m100[m percent of traffic.
Service URL: [1mhttps://nest-api-560137381308.asia-south1.run.app[m

2026-04-08 18:11:21,770 DEBUG    root            Chosen display Format:none
2026-04-08 18:11:21,770 INFO     root            Display format: "none"
