2026-04-08 20:23:09,266 DEBUG    root            Loaded Command Group: ['gcloud', 'run']
2026-04-08 20:23:10,292 DEBUG    root            Loaded Command Group: ['gcloud', 'run', 'deploy']
2026-04-08 20:23:10,321 DEBUG    root            Running [gcloud.run.deploy] with arguments: [--allow-unauthenticated: "True", --region: "asia-south1", --source: ".", SERVICE: "nest-api"]
2026-04-08 20:23:10,596 DEBUG    root            Failed to check metadata server: <urlopen error [Errno 11001] getaddrinfo failed>
2026-04-08 20:23:10,597 DEBUG    root            On GCE from server: False
2026-04-08 20:23:10,772 DEBUG    root            On GCE from memory cache: False
2026-04-08 20:23:10,791 DEBUG    root            On GCE from memory cache: False
2026-04-08 20:23:10,794 DEBUG    root            On GCE from memory cache: False
2026-04-08 20:23:10,794 DEBUG    google.auth.transport.requests Making request: POST https://oauth2.googleapis.com/token
2026-04-08 20:23:10,799 DEBUG    urllib3.connectionpool Starting new HTTPS connection (1): oauth2.googleapis.com:443
2026-04-08 20:23:11,060 DEBUG    urllib3.connectionpool https://oauth2.googleapis.com:443 "POST /token HTTP/1.1" 200 None
2026-04-08 20:23:11,083 DEBUG    urllib3.connectionpool Starting new HTTPS connection (1): serviceusage.googleapis.com:443
2026-04-08 20:23:12,678 DEBUG    urllib3.connectionpool https://serviceusage.googleapis.com:443 "GET /v1/projects/mufiedapi/services/artifactregistry.googleapis.com?alt=json HTTP/1.1" 200 None
2026-04-08 20:23:12,749 DEBUG    root            On GCE from memory cache: False
2026-04-08 20:23:12,760 DEBUG    root            On GCE from memory cache: False
2026-04-08 20:23:12,766 DEBUG    urllib3.connectionpool Starting new HTTPS connection (1): serviceusage.googleapis.com:443
2026-04-08 20:23:14,335 DEBUG    urllib3.connectionpool https://serviceusage.googleapis.com:443 "GET /v1/projects/mufiedapi/services/cloudbuild.googleapis.com?alt=json HTTP/1.1" 200 None
2026-04-08 20:23:14,411 DEBUG    root            On GCE from memory cache: False
2026-04-08 20:23:14,422 DEBUG    root            On GCE from memory cache: False
2026-04-08 20:23:14,432 DEBUG    urllib3.connectionpool Starting new HTTPS connection (1): serviceusage.googleapis.com:443
2026-04-08 20:23:16,026 DEBUG    urllib3.connectionpool https://serviceusage.googleapis.com:443 "GET /v1/projects/mufiedapi/services/run.googleapis.com?alt=json HTTP/1.1" 200 None
2026-04-08 20:23:16,089 DEBUG    root            On GCE from memory cache: False
2026-04-08 20:23:16,096 DEBUG    root            On GCE from memory cache: False
2026-04-08 20:23:16,108 DEBUG    root            On GCE from memory cache: False
2026-04-08 20:23:16,115 DEBUG    urllib3.connectionpool Starting new HTTPS connection (1): asia-south1-run.googleapis.com:443
2026-04-08 20:23:16,437 DEBUG    urllib3.connectionpool https://asia-south1-run.googleapis.com:443 "GET /apis/serving.knative.dev/v1/namespaces/mufiedapi/services/nest-api?alt=json HTTP/1.1" 200 None
2026-04-08 20:23:16,442 DEBUG    root            source_location: gs://run-sources-mufiedapi-asia-south1/services/nest-api/1775654326.507353-b8836bfd7bc24deabf3d466c1ff63503.zip#1775654327097872
2026-04-08 20:23:16,443 DEBUG    root            Existing source_bucket: run-sources-mufiedapi-asia-south1
2026-04-08 20:23:16,445 DEBUG    root            On GCE from memory cache: False
2026-04-08 20:23:16,468 DEBUG    urllib3.connectionpool Starting new HTTPS connection (1): artifactregistry.googleapis.com:443
2026-04-08 20:23:17,066 DEBUG    urllib3.connectionpool https://artifactregistry.googleapis.com:443 "GET /v1/projects/mufiedapi/locations/asia-south1/repositories/cloud-run-source-deploy?alt=json HTTP/1.1" 200 None
2026-04-08 20:23:17,071 DEBUG    root            On GCE from memory cache: False
2026-04-08 20:23:17,098 DEBUG    urllib3.connectionpool Starting new HTTPS connection (1): cloudbuild.googleapis.com:443
2026-04-08 20:23:18,647 DEBUG    urllib3.connectionpool https://cloudbuild.googleapis.com:443 "GET /v1/projects/mufiedapi/locations/asia-south1/defaultServiceAccount?alt=json HTTP/1.1" 200 None
2026-04-08 20:23:18,721 DEBUG    root            On GCE from memory cache: False
2026-04-08 20:23:18,734 DEBUG    urllib3.connectionpool Starting new HTTPS connection (1): iam.googleapis.com:443
2026-04-08 20:23:20,287 DEBUG    urllib3.connectionpool https://iam.googleapis.com:443 "GET /v1/projects/-/serviceAccounts/560137381308-compute@developer.gserviceaccount.com?alt=json HTTP/1.1" 200 None
2026-04-08 20:23:20,289 INFO     ___FILE_ONLY___ Building using Dockerfile and deploying container to Cloud Run service [[1mnest-api[m] in project [[1mmufiedapi[m] region [[1masia-south1[m]

2026-04-08 20:23:20,294 INFO     ___FILE_ONLY___ Building and deploying...
2026-04-08 20:23:21,762 DEBUG    urllib3.connectionpool https://asia-south1-run.googleapis.com:443 "PUT /apis/serving.knative.dev/v1/namespaces/mufiedapi/services/nest-api?alt=json&dryRun=all HTTP/1.1" 200 None
2026-04-08 20:23:21,770 DEBUG    root            On GCE from memory cache: False
2026-04-08 20:23:21,835 DEBUG    root            Creating bucket run-sources-mufiedapi-asia-south1 in region asia-south1
2026-04-08 20:23:21,840 DEBUG    urllib3.connectionpool Starting new HTTPS connection (1): storage.googleapis.com:443
2026-04-08 20:23:22,125 DEBUG    urllib3.connectionpool https://storage.googleapis.com:443 "GET /storage/v1/b/run-sources-mufiedapi-asia-south1?alt=json HTTP/1.1" 200 1276
2026-04-08 20:23:22,562 DEBUG    urllib3.connectionpool https://storage.googleapis.com:443 "GET /storage/v1/b?alt=json&maxResults=1000&prefix=run-sources-mufiedapi-asia-south1&project=mufiedapi HTTP/1.1" 200 1522
2026-04-08 20:23:22,564 DEBUG    root            Uploading source to gs://run-sources-mufiedapi-asia-south1/services/nest-api/1775660002.564783-544159da86854685b48dad8a14c5daa2.zip
2026-04-08 20:23:22,567 INFO     root            Using ignore file at [.\.gcloudignore].
2026-04-08 20:23:22,569 DEBUG    root            Skipping file [.env]
2026-04-08 20:23:22,569 DEBUG    root            Skipping file [.env.example]
2026-04-08 20:23:22,569 DEBUG    root            Skipping file [.gitignore]
2026-04-08 20:23:22,570 DEBUG    root            Skipping file [.firebase]
2026-04-08 20:23:22,571 DEBUG    root            Skipping file [dist]
2026-04-08 20:23:22,571 DEBUG    root            Skipping file [node_modules]
2026-04-08 20:23:22,640 INFO     root            Using ignore file [.\.gcloudignore]
2026-04-08 20:23:22,729 INFO     root            Uploading [C:\Users\ADMIN\AppData\Local\Temp\tmpycz2la2y\file.zip] to [run-sources-mufiedapi-asia-south1/services/nest-api/1775660002.564783-544159da86854685b48dad8a14c5daa2.zip]
2026-04-08 20:23:23,060 DEBUG    urllib3.connectionpool https://storage.googleapis.com:443 "POST /upload/storage/v1/b/run-sources-mufiedapi-asia-south1/o?alt=json&name=services%2Fnest-api%2F1775660002.564783-544159da86854685b48dad8a14c5daa2.zip&uploadType=multipart HTTP/1.1" 200 1138
2026-04-08 20:23:23,120 DEBUG    root            On GCE from memory cache: False
2026-04-08 20:23:23,142 DEBUG    urllib3.connectionpool Starting new HTTPS connection (1): asia-south1-run.googleapis.com:443
2026-04-08 20:23:26,661 DEBUG    urllib3.connectionpool https://asia-south1-run.googleapis.com:443 "POST /v2/projects/mufiedapi/locations/asia-south1/builds:submit?alt=json HTTP/1.1" 200 None
2026-04-08 20:23:26,689 DEBUG    root            On GCE from memory cache: False
2026-04-08 20:23:26,699 DEBUG    urllib3.connectionpool Starting new HTTPS connection (1): cloudbuild.googleapis.com:443
2026-04-08 20:23:27,362 DEBUG    urllib3.connectionpool https://cloudbuild.googleapis.com:443 "GET /v1/projects/mufiedapi/locations/asia-south1/operations/3deea7e9-6518-49a0-81ea-26e5a1fa5ad9?alt=json HTTP/1.1" 200 None
2026-04-08 20:23:28,951 DEBUG    urllib3.connectionpool https://cloudbuild.googleapis.com:443 "GET /v1/projects/mufiedapi/locations/asia-south1/operations/3deea7e9-6518-49a0-81ea-26e5a1fa5ad9?alt=json HTTP/1.1" 200 None
2026-04-08 20:23:30,430 DEBUG    urllib3.connectionpool https://cloudbuild.googleapis.com:443 "GET /v1/projects/mufiedapi/locations/asia-south1/operations/3deea7e9-6518-49a0-81ea-26e5a1fa5ad9?alt=json HTTP/1.1" 200 None
2026-04-08 20:23:31,887 DEBUG    urllib3.connectionpool https://cloudbuild.googleapis.com:443 "GET /v1/projects/mufiedapi/locations/asia-south1/operations/3deea7e9-6518-49a0-81ea-26e5a1fa5ad9?alt=json HTTP/1.1" 200 None
2026-04-08 20:23:33,350 DEBUG    urllib3.connectionpool https://cloudbuild.googleapis.com:443 "GET /v1/projects/mufiedapi/locations/asia-south1/operations/3deea7e9-6518-49a0-81ea-26e5a1fa5ad9?alt=json HTTP/1.1" 200 None
2026-04-08 20:23:34,818 DEBUG    urllib3.connectionpool https://cloudbuild.googleapis.com:443 "GET /v1/projects/mufiedapi/locations/asia-south1/operations/3deea7e9-6518-49a0-81ea-26e5a1fa5ad9?alt=json HTTP/1.1" 200 None
2026-04-08 20:23:36,263 DEBUG    urllib3.connectionpool https://cloudbuild.googleapis.com:443 "GET /v1/projects/mufiedapi/locations/asia-south1/operations/3deea7e9-6518-49a0-81ea-26e5a1fa5ad9?alt=json HTTP/1.1" 200 None
2026-04-08 20:23:37,446 DEBUG    urllib3.connectionpool https://cloudbuild.googleapis.com:443 "GET /v1/projects/mufiedapi/locations/asia-south1/operations/3deea7e9-6518-49a0-81ea-26e5a1fa5ad9?alt=json HTTP/1.1" 200 None
2026-04-08 20:23:38,957 DEBUG    urllib3.connectionpool https://cloudbuild.googleapis.com:443 "GET /v1/projects/mufiedapi/locations/asia-south1/operations/3deea7e9-6518-49a0-81ea-26e5a1fa5ad9?alt=json HTTP/1.1" 200 None
2026-04-08 20:23:40,433 DEBUG    urllib3.connectionpool https://cloudbuild.googleapis.com:443 "GET /v1/projects/mufiedapi/locations/asia-south1/operations/3deea7e9-6518-49a0-81ea-26e5a1fa5ad9?alt=json HTTP/1.1" 200 None
2026-04-08 20:23:41,894 DEBUG    urllib3.connectionpool https://cloudbuild.googleapis.com:443 "GET /v1/projects/mufiedapi/locations/asia-south1/operations/3deea7e9-6518-49a0-81ea-26e5a1fa5ad9?alt=json HTTP/1.1" 200 None
2026-04-08 20:23:43,045 DEBUG    urllib3.connectionpool https://cloudbuild.googleapis.com:443 "GET /v1/projects/mufiedapi/locations/asia-south1/operations/3deea7e9-6518-49a0-81ea-26e5a1fa5ad9?alt=json HTTP/1.1" 200 None
2026-04-08 20:23:44,188 DEBUG    urllib3.connectionpool https://cloudbuild.googleapis.com:443 "GET /v1/projects/mufiedapi/locations/asia-south1/operations/3deea7e9-6518-49a0-81ea-26e5a1fa5ad9?alt=json HTTP/1.1" 200 None
2026-04-08 20:23:45,621 DEBUG    urllib3.connectionpool https://cloudbuild.googleapis.com:443 "GET /v1/projects/mufiedapi/locations/asia-south1/operations/3deea7e9-6518-49a0-81ea-26e5a1fa5ad9?alt=json HTTP/1.1" 200 None
2026-04-08 20:23:47,071 DEBUG    urllib3.connectionpool https://cloudbuild.googleapis.com:443 "GET /v1/projects/mufiedapi/locations/asia-south1/operations/3deea7e9-6518-49a0-81ea-26e5a1fa5ad9?alt=json HTTP/1.1" 200 None
2026-04-08 20:23:48,522 DEBUG    urllib3.connectionpool https://cloudbuild.googleapis.com:443 "GET /v1/projects/mufiedapi/locations/asia-south1/operations/3deea7e9-6518-49a0-81ea-26e5a1fa5ad9?alt=json HTTP/1.1" 200 None
2026-04-08 20:23:49,987 DEBUG    urllib3.connectionpool https://cloudbuild.googleapis.com:443 "GET /v1/projects/mufiedapi/locations/asia-south1/operations/3deea7e9-6518-49a0-81ea-26e5a1fa5ad9?alt=json HTTP/1.1" 200 None
2026-04-08 20:23:51,433 DEBUG    urllib3.connectionpool https://cloudbuild.googleapis.com:443 "GET /v1/projects/mufiedapi/locations/asia-south1/operations/3deea7e9-6518-49a0-81ea-26e5a1fa5ad9?alt=json HTTP/1.1" 200 None
2026-04-08 20:23:52,877 DEBUG    urllib3.connectionpool https://cloudbuild.googleapis.com:443 "GET /v1/projects/mufiedapi/locations/asia-south1/operations/3deea7e9-6518-49a0-81ea-26e5a1fa5ad9?alt=json HTTP/1.1" 200 None
2026-04-08 20:23:54,317 DEBUG    urllib3.connectionpool https://cloudbuild.googleapis.com:443 "GET /v1/projects/mufiedapi/locations/asia-south1/operations/3deea7e9-6518-49a0-81ea-26e5a1fa5ad9?alt=json HTTP/1.1" 200 None
2026-04-08 20:23:55,753 DEBUG    urllib3.connectionpool https://cloudbuild.googleapis.com:443 "GET /v1/projects/mufiedapi/locations/asia-south1/operations/3deea7e9-6518-49a0-81ea-26e5a1fa5ad9?alt=json HTTP/1.1" 200 None
2026-04-08 20:23:56,901 DEBUG    urllib3.connectionpool https://cloudbuild.googleapis.com:443 "GET /v1/projects/mufiedapi/locations/asia-south1/operations/3deea7e9-6518-49a0-81ea-26e5a1fa5ad9?alt=json HTTP/1.1" 200 None
2026-04-08 20:23:58,433 DEBUG    urllib3.connectionpool https://cloudbuild.googleapis.com:443 "GET /v1/projects/mufiedapi/locations/asia-south1/operations/3deea7e9-6518-49a0-81ea-26e5a1fa5ad9?alt=json HTTP/1.1" 200 None
2026-04-08 20:23:59,597 DEBUG    urllib3.connectionpool https://cloudbuild.googleapis.com:443 "GET /v1/projects/mufiedapi/locations/asia-south1/operations/3deea7e9-6518-49a0-81ea-26e5a1fa5ad9?alt=json HTTP/1.1" 200 None
2026-04-08 20:24:01,136 DEBUG    urllib3.connectionpool https://cloudbuild.googleapis.com:443 "GET /v1/projects/mufiedapi/locations/asia-south1/operations/3deea7e9-6518-49a0-81ea-26e5a1fa5ad9?alt=json HTTP/1.1" 200 None
2026-04-08 20:24:02,281 DEBUG    urllib3.connectionpool https://cloudbuild.googleapis.com:443 "GET /v1/projects/mufiedapi/locations/asia-south1/operations/3deea7e9-6518-49a0-81ea-26e5a1fa5ad9?alt=json HTTP/1.1" 200 None
2026-04-08 20:24:03,730 DEBUG    urllib3.connectionpool https://cloudbuild.googleapis.com:443 "GET /v1/projects/mufiedapi/locations/asia-south1/operations/3deea7e9-6518-49a0-81ea-26e5a1fa5ad9?alt=json HTTP/1.1" 200 None
2026-04-08 20:24:05,280 DEBUG    urllib3.connectionpool https://cloudbuild.googleapis.com:443 "GET /v1/projects/mufiedapi/locations/asia-south1/operations/3deea7e9-6518-49a0-81ea-26e5a1fa5ad9?alt=json HTTP/1.1" 200 None
2026-04-08 20:24:06,801 DEBUG    urllib3.connectionpool https://cloudbuild.googleapis.com:443 "GET /v1/projects/mufiedapi/locations/asia-south1/operations/3deea7e9-6518-49a0-81ea-26e5a1fa5ad9?alt=json HTTP/1.1" 200 None
2026-04-08 20:24:08,270 DEBUG    urllib3.connectionpool https://cloudbuild.googleapis.com:443 "GET /v1/projects/mufiedapi/locations/asia-south1/operations/3deea7e9-6518-49a0-81ea-26e5a1fa5ad9?alt=json HTTP/1.1" 200 None
2026-04-08 20:24:09,427 DEBUG    urllib3.connectionpool https://cloudbuild.googleapis.com:443 "GET /v1/projects/mufiedapi/locations/asia-south1/operations/3deea7e9-6518-49a0-81ea-26e5a1fa5ad9?alt=json HTTP/1.1" 200 None
2026-04-08 20:24:10,881 DEBUG    urllib3.connectionpool https://cloudbuild.googleapis.com:443 "GET /v1/projects/mufiedapi/locations/asia-south1/operations/3deea7e9-6518-49a0-81ea-26e5a1fa5ad9?alt=json HTTP/1.1" 200 None
2026-04-08 20:24:13,177 DEBUG    urllib3.connectionpool https://cloudbuild.googleapis.com:443 "GET /v1/projects/mufiedapi/locations/asia-south1/operations/3deea7e9-6518-49a0-81ea-26e5a1fa5ad9?alt=json HTTP/1.1" 200 None
2026-04-08 20:24:14,671 DEBUG    urllib3.connectionpool https://cloudbuild.googleapis.com:443 "GET /v1/projects/mufiedapi/locations/asia-south1/operations/3deea7e9-6518-49a0-81ea-26e5a1fa5ad9?alt=json HTTP/1.1" 200 None
2026-04-08 20:24:21,079 DEBUG    urllib3.connectionpool https://cloudbuild.googleapis.com:443 "GET /v1/projects/mufiedapi/locations/asia-south1/operations/3deea7e9-6518-49a0-81ea-26e5a1fa5ad9?alt=json HTTP/1.1" 200 None
2026-04-08 20:24:22,288 DEBUG    urllib3.connectionpool https://cloudbuild.googleapis.com:443 "GET /v1/projects/mufiedapi/locations/asia-south1/operations/3deea7e9-6518-49a0-81ea-26e5a1fa5ad9?alt=json HTTP/1.1" 200 None
2026-04-08 20:24:23,442 DEBUG    urllib3.connectionpool https://cloudbuild.googleapis.com:443 "GET /v1/projects/mufiedapi/locations/asia-south1/operations/3deea7e9-6518-49a0-81ea-26e5a1fa5ad9?alt=json HTTP/1.1" 200 None
2026-04-08 20:24:24,918 DEBUG    urllib3.connectionpool https://cloudbuild.googleapis.com:443 "GET /v1/projects/mufiedapi/locations/asia-south1/operations/3deea7e9-6518-49a0-81ea-26e5a1fa5ad9?alt=json HTTP/1.1" 200 None
2026-04-08 20:24:26,426 DEBUG    urllib3.connectionpool https://cloudbuild.googleapis.com:443 "GET /v1/projects/mufiedapi/locations/asia-south1/operations/3deea7e9-6518-49a0-81ea-26e5a1fa5ad9?alt=json HTTP/1.1" 200 None
2026-04-08 20:24:26,863 DEBUG    urllib3.connectionpool https://cloudbuild.googleapis.com:443 "GET /v1/projects/mufiedapi/locations/asia-south1/operations/3deea7e9-6518-49a0-81ea-26e5a1fa5ad9?alt=json HTTP/1.1" 200 None
2026-04-08 20:24:28,345 DEBUG    urllib3.connectionpool https://cloudbuild.googleapis.com:443 "GET /v1/projects/mufiedapi/locations/asia-south1/operations/3deea7e9-6518-49a0-81ea-26e5a1fa5ad9?alt=json HTTP/1.1" 200 None
2026-04-08 20:24:29,990 DEBUG    urllib3.connectionpool https://cloudbuild.googleapis.com:443 "GET /v1/projects/mufiedapi/locations/asia-south1/operations/3deea7e9-6518-49a0-81ea-26e5a1fa5ad9?alt=json HTTP/1.1" 200 None
2026-04-08 20:24:31,947 DEBUG    urllib3.connectionpool https://cloudbuild.googleapis.com:443 "GET /v1/projects/mufiedapi/locations/asia-south1/operations/3deea7e9-6518-49a0-81ea-26e5a1fa5ad9?alt=json HTTP/1.1" 200 None
2026-04-08 20:24:33,497 DEBUG    urllib3.connectionpool https://cloudbuild.googleapis.com:443 "GET /v1/projects/mufiedapi/locations/asia-south1/operations/3deea7e9-6518-49a0-81ea-26e5a1fa5ad9?alt=json HTTP/1.1" 200 None
2026-04-08 20:24:35,770 DEBUG    urllib3.connectionpool https://cloudbuild.googleapis.com:443 "GET /v1/projects/mufiedapi/locations/asia-south1/operations/3deea7e9-6518-49a0-81ea-26e5a1fa5ad9?alt=json HTTP/1.1" 200 None
2026-04-08 20:24:38,134 DEBUG    urllib3.connectionpool https://cloudbuild.googleapis.com:443 "GET /v1/projects/mufiedapi/locations/asia-south1/operations/3deea7e9-6518-49a0-81ea-26e5a1fa5ad9?alt=json HTTP/1.1" 200 None
2026-04-08 20:24:40,461 DEBUG    urllib3.connectionpool https://cloudbuild.googleapis.com:443 "GET /v1/projects/mufiedapi/locations/asia-south1/operations/3deea7e9-6518-49a0-81ea-26e5a1fa5ad9?alt=json HTTP/1.1" 200 None
2026-04-08 20:24:43,335 DEBUG    urllib3.connectionpool https://cloudbuild.googleapis.com:443 "GET /v1/projects/mufiedapi/locations/asia-south1/operations/3deea7e9-6518-49a0-81ea-26e5a1fa5ad9?alt=json HTTP/1.1" 200 None
2026-04-08 20:24:48,284 DEBUG    urllib3.connectionpool https://cloudbuild.googleapis.com:443 "GET /v1/projects/mufiedapi/locations/asia-south1/operations/3deea7e9-6518-49a0-81ea-26e5a1fa5ad9?alt=json HTTP/1.1" 200 None
2026-04-08 20:24:51,275 DEBUG    urllib3.connectionpool https://cloudbuild.googleapis.com:443 "GET /v1/projects/mufiedapi/locations/asia-south1/operations/3deea7e9-6518-49a0-81ea-26e5a1fa5ad9?alt=json HTTP/1.1" 200 None
2026-04-08 20:24:54,277 DEBUG    urllib3.connectionpool https://cloudbuild.googleapis.com:443 "GET /v1/projects/mufiedapi/locations/asia-south1/operations/3deea7e9-6518-49a0-81ea-26e5a1fa5ad9?alt=json HTTP/1.1" 200 None
2026-04-08 20:24:57,689 DEBUG    urllib3.connectionpool https://cloudbuild.googleapis.com:443 "GET /v1/projects/mufiedapi/locations/asia-south1/operations/3deea7e9-6518-49a0-81ea-26e5a1fa5ad9?alt=json HTTP/1.1" 200 None
2026-04-08 20:25:01,269 DEBUG    urllib3.connectionpool https://cloudbuild.googleapis.com:443 "GET /v1/projects/mufiedapi/locations/asia-south1/operations/3deea7e9-6518-49a0-81ea-26e5a1fa5ad9?alt=json HTTP/1.1" 200 None
2026-04-08 20:25:01,309 DEBUG    urllib3.connectionpool Resetting dropped connection: asia-south1-run.googleapis.com
2026-04-08 20:25:01,644 DEBUG    urllib3.connectionpool https://asia-south1-run.googleapis.com:443 "GET /apis/serving.knative.dev/v1/namespaces/mufiedapi/services/nest-api?alt=json HTTP/1.1" 200 None
2026-04-08 20:25:02,953 DEBUG    urllib3.connectionpool https://asia-south1-run.googleapis.com:443 "PUT /apis/serving.knative.dev/v1/namespaces/mufiedapi/services/nest-api?alt=json HTTP/1.1" 200 None
2026-04-08 20:25:02,961 DEBUG    urllib3.connectionpool Starting new HTTPS connection (1): run.googleapis.com:443
2026-04-08 20:25:03,690 DEBUG    urllib3.connectionpool https://run.googleapis.com:443 "GET /v1/projects/mufiedapi/locations/asia-south1/services/nest-api:getIamPolicy?alt=json HTTP/1.1" 200 None
2026-04-08 20:25:04,119 DEBUG    urllib3.connectionpool https://run.googleapis.com:443 "POST /v1/projects/mufiedapi/locations/asia-south1/services/nest-api:setIamPolicy?alt=json HTTP/1.1" 403 None
2026-04-08 20:25:10,543 DEBUG    urllib3.connectionpool https://asia-south1-run.googleapis.com:443 "POST /v1/projects/mufiedapi/locations/asia-south1/operations/0936c17e-3cc6-411a-a2e0-4be748e4f69f:wait?alt=json HTTP/1.1" 200 None
2026-04-08 20:25:10,727 DEBUG    urllib3.connectionpool https://asia-south1-run.googleapis.com:443 "POST /v1/projects/mufiedapi/locations/asia-south1/operations/0936c17e-3cc6-411a-a2e0-4be748e4f69f:wait?alt=json HTTP/1.1" 200 None
2026-04-08 20:25:10,896 DEBUG    urllib3.connectionpool https://asia-south1-run.googleapis.com:443 "POST /v1/projects/mufiedapi/locations/asia-south1/operations/0936c17e-3cc6-411a-a2e0-4be748e4f69f:wait?alt=json HTTP/1.1" 200 None
2026-04-08 20:25:10,987 INFO     ___FILE_ONLY___   Setting IAM policy failed, try "gcloud beta run services add-iam-policy-binding --region=asia-south1 --member=allUsers --role=roles/run.invoker nest-api"

2026-04-08 20:25:11,000 INFO     ___FILE_ONLY___ Service [[1mnest-api[m] revision [[1mnest-api-00044-5d2[m] has been deployed and is serving [1m100[m percent of traffic.
Service URL: [1mhttps://nest-api-560137381308.asia-south1.run.app[m

2026-04-08 20:25:11,001 DEBUG    root            Chosen display Format:none
2026-04-08 20:25:11,002 INFO     root            Display format: "none"
