2026-04-06 21:04:49,517 DEBUG    root            Loaded Command Group: ['gcloud', 'config']
2026-04-06 21:04:49,718 DEBUG    root            Loaded Command Group: ['gcloud', 'config', 'set']
2026-04-06 21:04:49,720 DEBUG    root            Running [gcloud.config.set] with arguments: [SECTION/PROPERTY: "project", VALUE: "mufiedapi"]
2026-04-06 21:04:49,888 DEBUG    root            Failed to check metadata server: <urlopen error [Errno 11001] getaddrinfo failed>
2026-04-06 21:04:49,889 DEBUG    root            On GCE from server: False
2026-04-06 21:04:49,975 DEBUG    root            On GCE from memory cache: False
2026-04-06 21:04:49,999 DEBUG    root            On GCE from memory cache: False
2026-04-06 21:04:50,001 DEBUG    root            On GCE from memory cache: False
2026-04-06 21:04:50,002 DEBUG    google.auth.transport.requests Making request: POST https://oauth2.googleapis.com/token
2026-04-06 21:04:50,008 DEBUG    urllib3.connectionpool Starting new HTTPS connection (1): oauth2.googleapis.com:443
2026-04-06 21:04:50,249 DEBUG    urllib3.connectionpool https://oauth2.googleapis.com:443 "POST /token HTTP/1.1" 200 None
2026-04-06 21:04:50,261 DEBUG    urllib3.connectionpool Starting new HTTPS connection (1): cloudresourcemanager.googleapis.com:443
2026-04-06 21:04:51,626 DEBUG    urllib3.connectionpool https://cloudresourcemanager.googleapis.com:443 "GET /v1/projects/mufiedapi?alt=json HTTP/1.1" 200 None
2026-04-06 21:04:51,643 INFO     ___FILE_ONLY___ Updated property [core/project].

2026-04-06 21:04:51,649 DEBUG    root            Chosen display Format:default
2026-04-06 21:04:51,651 INFO     root            Display format: "default"
2026-04-06 21:04:51,852 DEBUG    root            Checking for updates...
2026-04-06 21:04:51,854 DEBUG    root            On GCE from memory cache: False
2026-04-06 21:04:51,856 DEBUG    root            On GCE from memory cache: False
2026-04-06 21:04:51,858 DEBUG    urllib3.connectionpool Starting new HTTPS connection (1): dl.google.com:443
2026-04-06 21:04:51,983 DEBUG    urllib3.connectionpool https://dl.google.com:443 "GET /dl/cloudsdk/channels/rapid/components-2.json HTTP/1.1" 200 25028
2026-04-06 21:04:52,030 DEBUG    root            Updating notification cache...
2026-04-06 21:04:52,030 DEBUG    root            Activating notification: [default]
2026-04-06 21:04:52,030 INFO     ___FILE_ONLY___ 

Updates are available for some Google Cloud CLI components.  To install them,
please run:
  $ gcloud components update


