2026-04-06 21:07:05,380 DEBUG    root            Loaded Command Group: ['gcloud', 'run']
2026-04-06 21:07:06,206 DEBUG    root            Loaded Command Group: ['gcloud', 'run', 'deploy']
2026-04-06 21:07:06,228 DEBUG    root            Running [gcloud.run.deploy] with arguments: [--allow-unauthenticated: "True", --region: "asia-south1", --source: ".", SERVICE: "nest-api"]
2026-04-06 21:07:06,229 DEBUG    root            On GCE from disk cache: False
2026-04-06 21:07:06,278 DEBUG    root            On GCE from memory cache: False
2026-04-06 21:07:06,304 DEBUG    urllib3.connectionpool Starting new HTTPS connection (1): serviceusage.googleapis.com:443
2026-04-06 21:07:08,024 DEBUG    urllib3.connectionpool https://serviceusage.googleapis.com:443 "GET /v1/projects/mufiedapi/services/artifactregistry.googleapis.com?alt=json HTTP/1.1" 200 None
2026-04-06 21:07:08,090 DEBUG    root            On GCE from memory cache: False
2026-04-06 21:07:08,095 DEBUG    root            On GCE from memory cache: False
2026-04-06 21:07:08,099 DEBUG    urllib3.connectionpool Starting new HTTPS connection (1): serviceusage.googleapis.com:443
2026-04-06 21:07:09,837 DEBUG    urllib3.connectionpool https://serviceusage.googleapis.com:443 "GET /v1/projects/mufiedapi/services/cloudbuild.googleapis.com?alt=json HTTP/1.1" 200 None
2026-04-06 21:07:09,868 DEBUG    root            On GCE from memory cache: False
2026-04-06 21:07:09,875 DEBUG    root            On GCE from memory cache: False
2026-04-06 21:07:09,880 DEBUG    urllib3.connectionpool Starting new HTTPS connection (1): serviceusage.googleapis.com:443
2026-04-06 21:07:11,771 DEBUG    urllib3.connectionpool https://serviceusage.googleapis.com:443 "GET /v1/projects/mufiedapi/services/run.googleapis.com?alt=json HTTP/1.1" 200 None
2026-04-06 21:07:11,819 DEBUG    root            On GCE from memory cache: False
2026-04-06 21:07:11,825 DEBUG    root            On GCE from memory cache: False
2026-04-06 21:07:11,834 DEBUG    root            On GCE from memory cache: False
2026-04-06 21:07:11,838 DEBUG    urllib3.connectionpool Starting new HTTPS connection (1): asia-south1-run.googleapis.com:443
2026-04-06 21:07:12,241 DEBUG    urllib3.connectionpool https://asia-south1-run.googleapis.com:443 "GET /apis/serving.knative.dev/v1/namespaces/mufiedapi/services/nest-api?alt=json HTTP/1.1" 200 None
2026-04-06 21:07:12,244 DEBUG    root            source_location: gs://run-sources-mufiedapi-asia-south1/services/nest-api/1775482150.485132-532fdf7156904d33a46a6df5b08cfb20.zip#1775482152041930
2026-04-06 21:07:12,245 DEBUG    root            Existing source_bucket: run-sources-mufiedapi-asia-south1
2026-04-06 21:07:12,246 DEBUG    root            On GCE from memory cache: False
2026-04-06 21:07:12,264 DEBUG    urllib3.connectionpool Starting new HTTPS connection (1): artifactregistry.googleapis.com:443
2026-04-06 21:07:12,895 DEBUG    urllib3.connectionpool https://artifactregistry.googleapis.com:443 "GET /v1/projects/mufiedapi/locations/asia-south1/repositories/cloud-run-source-deploy?alt=json HTTP/1.1" 200 None
2026-04-06 21:07:12,918 DEBUG    root            On GCE from memory cache: False
2026-04-06 21:07:12,942 DEBUG    urllib3.connectionpool Starting new HTTPS connection (1): cloudbuild.googleapis.com:443
2026-04-06 21:07:13,592 DEBUG    urllib3.connectionpool https://cloudbuild.googleapis.com:443 "GET /v1/projects/mufiedapi/locations/asia-south1/defaultServiceAccount?alt=json HTTP/1.1" 200 None
2026-04-06 21:07:13,596 DEBUG    root            On GCE from memory cache: False
2026-04-06 21:07:13,602 DEBUG    urllib3.connectionpool Starting new HTTPS connection (1): iam.googleapis.com:443
2026-04-06 21:07:15,172 DEBUG    urllib3.connectionpool https://iam.googleapis.com:443 "GET /v1/projects/-/serviceAccounts/560137381308-compute@developer.gserviceaccount.com?alt=json HTTP/1.1" 200 None
2026-04-06 21:07:15,174 INFO     ___FILE_ONLY___ Building using Buildpacks and deploying container to Cloud Run service [[1mnest-api[m] in project [[1mmufiedapi[m] region [[1masia-south1[m]

2026-04-06 21:07:15,177 INFO     ___FILE_ONLY___ Building and deploying...
2026-04-06 21:07:16,797 DEBUG    urllib3.connectionpool https://asia-south1-run.googleapis.com:443 "PUT /apis/serving.knative.dev/v1/namespaces/mufiedapi/services/nest-api?alt=json&dryRun=all HTTP/1.1" 200 None
2026-04-06 21:07:16,804 DEBUG    root            On GCE from memory cache: False
2026-04-06 21:07:16,828 DEBUG    root            Creating bucket run-sources-mufiedapi-asia-south1 in region asia-south1
2026-04-06 21:07:16,830 DEBUG    urllib3.connectionpool Starting new HTTPS connection (1): storage.googleapis.com:443
2026-04-06 21:07:17,079 DEBUG    urllib3.connectionpool https://storage.googleapis.com:443 "GET /storage/v1/b/run-sources-mufiedapi-asia-south1?alt=json HTTP/1.1" 200 1276
2026-04-06 21:07:17,602 DEBUG    urllib3.connectionpool https://storage.googleapis.com:443 "GET /storage/v1/b?alt=json&maxResults=1000&prefix=run-sources-mufiedapi-asia-south1&project=mufiedapi HTTP/1.1" 200 1522
2026-04-06 21:07:17,604 DEBUG    root            Uploading source to gs://run-sources-mufiedapi-asia-south1/services/nest-api/1775489837.60452-ac24cc875e1b4c0f8f3e5bdd5df4984a.zip
2026-04-06 21:07:17,606 INFO     root            Not using ignore file.
2026-04-06 21:33:05,148 INFO     root            Uploading [C:\Users\ADMIN\AppData\Local\Temp\tmpsubhriub\file.zip] to [run-sources-mufiedapi-asia-south1/services/nest-api/1775489837.60452-ac24cc875e1b4c0f8f3e5bdd5df4984a.zip]
2026-04-06 21:33:05,150 DEBUG    urllib3.connectionpool Resetting dropped connection: storage.googleapis.com
2026-04-06 21:33:05,665 DEBUG    urllib3.connectionpool https://storage.googleapis.com:443 "POST /resumable/upload/storage/v1/b/run-sources-mufiedapi-asia-south1/o?alt=json&name=services%2Fnest-api%2F1775489837.60452-ac24cc875e1b4c0f8f3e5bdd5df4984a.zip&uploadType=resumable HTTP/1.1" 200 0
2026-04-06 21:33:50,061 DEBUG    urllib3.connectionpool https://storage.googleapis.com:443 "PUT /resumable/upload/storage/v1/b/run-sources-mufiedapi-asia-south1/o?alt=json&name=services%2Fnest-api%2F1775489837.60452-ac24cc875e1b4c0f8f3e5bdd5df4984a.zip&uploadType=resumable&upload_id=AMNfjG2hP9wUvZ8eL60rxnyLMWE55TzClMbALOztxy3-Ub1EctkBlrPZN9apQnkLSVs8ly8ZaVsHYrafjCCA2lcJIr5auMWUW8-ja_daXhthqxOC HTTP/1.1" 308 0
2026-04-06 21:34:32,624 DEBUG    urllib3.connectionpool https://storage.googleapis.com:443 "PUT /resumable/upload/storage/v1/b/run-sources-mufiedapi-asia-south1/o?alt=json&name=services%2Fnest-api%2F1775489837.60452-ac24cc875e1b4c0f8f3e5bdd5df4984a.zip&uploadType=resumable&upload_id=AMNfjG2hP9wUvZ8eL60rxnyLMWE55TzClMbALOztxy3-Ub1EctkBlrPZN9apQnkLSVs8ly8ZaVsHYrafjCCA2lcJIr5auMWUW8-ja_daXhthqxOC HTTP/1.1" 308 0
2026-04-06 21:35:16,536 DEBUG    urllib3.connectionpool https://storage.googleapis.com:443 "PUT /resumable/upload/storage/v1/b/run-sources-mufiedapi-asia-south1/o?alt=json&name=services%2Fnest-api%2F1775489837.60452-ac24cc875e1b4c0f8f3e5bdd5df4984a.zip&uploadType=resumable&upload_id=AMNfjG2hP9wUvZ8eL60rxnyLMWE55TzClMbALOztxy3-Ub1EctkBlrPZN9apQnkLSVs8ly8ZaVsHYrafjCCA2lcJIr5auMWUW8-ja_daXhthqxOC HTTP/1.1" 308 0
2026-04-06 21:36:00,329 DEBUG    urllib3.connectionpool https://storage.googleapis.com:443 "PUT /resumable/upload/storage/v1/b/run-sources-mufiedapi-asia-south1/o?alt=json&name=services%2Fnest-api%2F1775489837.60452-ac24cc875e1b4c0f8f3e5bdd5df4984a.zip&uploadType=resumable&upload_id=AMNfjG2hP9wUvZ8eL60rxnyLMWE55TzClMbALOztxy3-Ub1EctkBlrPZN9apQnkLSVs8ly8ZaVsHYrafjCCA2lcJIr5auMWUW8-ja_daXhthqxOC HTTP/1.1" 308 0
2026-04-06 21:36:44,543 DEBUG    urllib3.connectionpool https://storage.googleapis.com:443 "PUT /resumable/upload/storage/v1/b/run-sources-mufiedapi-asia-south1/o?alt=json&name=services%2Fnest-api%2F1775489837.60452-ac24cc875e1b4c0f8f3e5bdd5df4984a.zip&uploadType=resumable&upload_id=AMNfjG2hP9wUvZ8eL60rxnyLMWE55TzClMbALOztxy3-Ub1EctkBlrPZN9apQnkLSVs8ly8ZaVsHYrafjCCA2lcJIr5auMWUW8-ja_daXhthqxOC HTTP/1.1" 308 0
2026-04-06 21:37:28,679 DEBUG    urllib3.connectionpool https://storage.googleapis.com:443 "PUT /resumable/upload/storage/v1/b/run-sources-mufiedapi-asia-south1/o?alt=json&name=services%2Fnest-api%2F1775489837.60452-ac24cc875e1b4c0f8f3e5bdd5df4984a.zip&uploadType=resumable&upload_id=AMNfjG2hP9wUvZ8eL60rxnyLMWE55TzClMbALOztxy3-Ub1EctkBlrPZN9apQnkLSVs8ly8ZaVsHYrafjCCA2lcJIr5auMWUW8-ja_daXhthqxOC HTTP/1.1" 308 0
2026-04-06 21:38:03,374 DEBUG    urllib3.connectionpool https://storage.googleapis.com:443 "PUT /resumable/upload/storage/v1/b/run-sources-mufiedapi-asia-south1/o?alt=json&name=services%2Fnest-api%2F1775489837.60452-ac24cc875e1b4c0f8f3e5bdd5df4984a.zip&uploadType=resumable&upload_id=AMNfjG2hP9wUvZ8eL60rxnyLMWE55TzClMbALOztxy3-Ub1EctkBlrPZN9apQnkLSVs8ly8ZaVsHYrafjCCA2lcJIr5auMWUW8-ja_daXhthqxOC HTTP/1.1" 200 1137
2026-04-06 21:38:03,546 DEBUG    root            On GCE from memory cache: False
2026-04-06 21:38:03,560 DEBUG    urllib3.connectionpool Starting new HTTPS connection (1): asia-south1-run.googleapis.com:443
2026-04-06 21:38:07,353 DEBUG    urllib3.connectionpool https://asia-south1-run.googleapis.com:443 "POST /v2/projects/mufiedapi/locations/asia-south1/builds:submit?alt=json HTTP/1.1" 200 None
2026-04-06 21:38:07,379 DEBUG    root            On GCE from memory cache: False
2026-04-06 21:38:07,385 DEBUG    urllib3.connectionpool Starting new HTTPS connection (1): cloudbuild.googleapis.com:443
2026-04-06 21:38:08,080 DEBUG    urllib3.connectionpool https://cloudbuild.googleapis.com:443 "GET /v1/projects/mufiedapi/locations/asia-south1/operations/1e3bec73-8305-4855-8809-6cdd6e7538bf?alt=json HTTP/1.1" 200 None
2026-04-06 21:38:09,534 DEBUG    urllib3.connectionpool https://cloudbuild.googleapis.com:443 "GET /v1/projects/mufiedapi/locations/asia-south1/operations/1e3bec73-8305-4855-8809-6cdd6e7538bf?alt=json HTTP/1.1" 200 None
2026-04-06 21:38:11,070 DEBUG    urllib3.connectionpool https://cloudbuild.googleapis.com:443 "GET /v1/projects/mufiedapi/locations/asia-south1/operations/1e3bec73-8305-4855-8809-6cdd6e7538bf?alt=json HTTP/1.1" 200 None
2026-04-06 21:38:12,488 DEBUG    urllib3.connectionpool https://cloudbuild.googleapis.com:443 "GET /v1/projects/mufiedapi/locations/asia-south1/operations/1e3bec73-8305-4855-8809-6cdd6e7538bf?alt=json HTTP/1.1" 200 None
2026-04-06 21:38:13,935 DEBUG    urllib3.connectionpool https://cloudbuild.googleapis.com:443 "GET /v1/projects/mufiedapi/locations/asia-south1/operations/1e3bec73-8305-4855-8809-6cdd6e7538bf?alt=json HTTP/1.1" 200 None
2026-04-06 21:38:15,461 DEBUG    urllib3.connectionpool https://cloudbuild.googleapis.com:443 "GET /v1/projects/mufiedapi/locations/asia-south1/operations/1e3bec73-8305-4855-8809-6cdd6e7538bf?alt=json HTTP/1.1" 200 None
2026-04-06 21:38:16,888 DEBUG    urllib3.connectionpool https://cloudbuild.googleapis.com:443 "GET /v1/projects/mufiedapi/locations/asia-south1/operations/1e3bec73-8305-4855-8809-6cdd6e7538bf?alt=json HTTP/1.1" 200 None
2026-04-06 21:38:18,150 DEBUG    urllib3.connectionpool https://cloudbuild.googleapis.com:443 "GET /v1/projects/mufiedapi/locations/asia-south1/operations/1e3bec73-8305-4855-8809-6cdd6e7538bf?alt=json HTTP/1.1" 200 None
2026-04-06 21:38:19,385 DEBUG    urllib3.connectionpool https://cloudbuild.googleapis.com:443 "GET /v1/projects/mufiedapi/locations/asia-south1/operations/1e3bec73-8305-4855-8809-6cdd6e7538bf?alt=json HTTP/1.1" 200 None
2026-04-06 21:38:20,842 DEBUG    urllib3.connectionpool https://cloudbuild.googleapis.com:443 "GET /v1/projects/mufiedapi/locations/asia-south1/operations/1e3bec73-8305-4855-8809-6cdd6e7538bf?alt=json HTTP/1.1" 200 None
2026-04-06 21:38:22,310 DEBUG    urllib3.connectionpool https://cloudbuild.googleapis.com:443 "GET /v1/projects/mufiedapi/locations/asia-south1/operations/1e3bec73-8305-4855-8809-6cdd6e7538bf?alt=json HTTP/1.1" 200 None
2026-04-06 21:38:23,750 DEBUG    urllib3.connectionpool https://cloudbuild.googleapis.com:443 "GET /v1/projects/mufiedapi/locations/asia-south1/operations/1e3bec73-8305-4855-8809-6cdd6e7538bf?alt=json HTTP/1.1" 200 None
2026-04-06 21:38:25,211 DEBUG    urllib3.connectionpool https://cloudbuild.googleapis.com:443 "GET /v1/projects/mufiedapi/locations/asia-south1/operations/1e3bec73-8305-4855-8809-6cdd6e7538bf?alt=json HTTP/1.1" 200 None
2026-04-06 21:38:26,699 DEBUG    urllib3.connectionpool https://cloudbuild.googleapis.com:443 "GET /v1/projects/mufiedapi/locations/asia-south1/operations/1e3bec73-8305-4855-8809-6cdd6e7538bf?alt=json HTTP/1.1" 200 None
2026-04-06 21:38:28,310 DEBUG    urllib3.connectionpool https://cloudbuild.googleapis.com:443 "GET /v1/projects/mufiedapi/locations/asia-south1/operations/1e3bec73-8305-4855-8809-6cdd6e7538bf?alt=json HTTP/1.1" 200 None
2026-04-06 21:38:29,745 DEBUG    urllib3.connectionpool https://cloudbuild.googleapis.com:443 "GET /v1/projects/mufiedapi/locations/asia-south1/operations/1e3bec73-8305-4855-8809-6cdd6e7538bf?alt=json HTTP/1.1" 200 None
2026-04-06 21:38:30,944 DEBUG    urllib3.connectionpool https://cloudbuild.googleapis.com:443 "GET /v1/projects/mufiedapi/locations/asia-south1/operations/1e3bec73-8305-4855-8809-6cdd6e7538bf?alt=json HTTP/1.1" 200 None
2026-04-06 21:38:32,395 DEBUG    urllib3.connectionpool https://cloudbuild.googleapis.com:443 "GET /v1/projects/mufiedapi/locations/asia-south1/operations/1e3bec73-8305-4855-8809-6cdd6e7538bf?alt=json HTTP/1.1" 200 None
2026-04-06 21:38:33,853 DEBUG    urllib3.connectionpool https://cloudbuild.googleapis.com:443 "GET /v1/projects/mufiedapi/locations/asia-south1/operations/1e3bec73-8305-4855-8809-6cdd6e7538bf?alt=json HTTP/1.1" 200 None
2026-04-06 21:38:35,287 DEBUG    urllib3.connectionpool https://cloudbuild.googleapis.com:443 "GET /v1/projects/mufiedapi/locations/asia-south1/operations/1e3bec73-8305-4855-8809-6cdd6e7538bf?alt=json HTTP/1.1" 200 None
2026-04-06 21:38:36,432 DEBUG    urllib3.connectionpool https://cloudbuild.googleapis.com:443 "GET /v1/projects/mufiedapi/locations/asia-south1/operations/1e3bec73-8305-4855-8809-6cdd6e7538bf?alt=json HTTP/1.1" 200 None
2026-04-06 21:38:37,879 DEBUG    urllib3.connectionpool https://cloudbuild.googleapis.com:443 "GET /v1/projects/mufiedapi/locations/asia-south1/operations/1e3bec73-8305-4855-8809-6cdd6e7538bf?alt=json HTTP/1.1" 200 None
2026-04-06 21:38:39,321 DEBUG    urllib3.connectionpool https://cloudbuild.googleapis.com:443 "GET /v1/projects/mufiedapi/locations/asia-south1/operations/1e3bec73-8305-4855-8809-6cdd6e7538bf?alt=json HTTP/1.1" 200 None
2026-04-06 21:38:40,835 DEBUG    urllib3.connectionpool https://cloudbuild.googleapis.com:443 "GET /v1/projects/mufiedapi/locations/asia-south1/operations/1e3bec73-8305-4855-8809-6cdd6e7538bf?alt=json HTTP/1.1" 200 None
2026-04-06 21:38:41,983 DEBUG    urllib3.connectionpool https://cloudbuild.googleapis.com:443 "GET /v1/projects/mufiedapi/locations/asia-south1/operations/1e3bec73-8305-4855-8809-6cdd6e7538bf?alt=json HTTP/1.1" 200 None
2026-04-06 21:38:43,433 DEBUG    urllib3.connectionpool https://cloudbuild.googleapis.com:443 "GET /v1/projects/mufiedapi/locations/asia-south1/operations/1e3bec73-8305-4855-8809-6cdd6e7538bf?alt=json HTTP/1.1" 200 None
2026-04-06 21:38:44,887 DEBUG    urllib3.connectionpool https://cloudbuild.googleapis.com:443 "GET /v1/projects/mufiedapi/locations/asia-south1/operations/1e3bec73-8305-4855-8809-6cdd6e7538bf?alt=json HTTP/1.1" 200 None
2026-04-06 21:38:46,323 DEBUG    urllib3.connectionpool https://cloudbuild.googleapis.com:443 "GET /v1/projects/mufiedapi/locations/asia-south1/operations/1e3bec73-8305-4855-8809-6cdd6e7538bf?alt=json HTTP/1.1" 200 None
2026-04-06 21:38:47,731 DEBUG    urllib3.connectionpool https://cloudbuild.googleapis.com:443 "GET /v1/projects/mufiedapi/locations/asia-south1/operations/1e3bec73-8305-4855-8809-6cdd6e7538bf?alt=json HTTP/1.1" 200 None
2026-04-06 21:38:48,952 DEBUG    urllib3.connectionpool https://cloudbuild.googleapis.com:443 "GET /v1/projects/mufiedapi/locations/asia-south1/operations/1e3bec73-8305-4855-8809-6cdd6e7538bf?alt=json HTTP/1.1" 200 None
2026-04-06 21:38:50,416 DEBUG    urllib3.connectionpool https://cloudbuild.googleapis.com:443 "GET /v1/projects/mufiedapi/locations/asia-south1/operations/1e3bec73-8305-4855-8809-6cdd6e7538bf?alt=json HTTP/1.1" 200 None
2026-04-06 21:38:51,555 DEBUG    urllib3.connectionpool https://cloudbuild.googleapis.com:443 "GET /v1/projects/mufiedapi/locations/asia-south1/operations/1e3bec73-8305-4855-8809-6cdd6e7538bf?alt=json HTTP/1.1" 200 None
2026-04-06 21:38:53,021 DEBUG    urllib3.connectionpool https://cloudbuild.googleapis.com:443 "GET /v1/projects/mufiedapi/locations/asia-south1/operations/1e3bec73-8305-4855-8809-6cdd6e7538bf?alt=json HTTP/1.1" 200 None
2026-04-06 21:38:54,463 DEBUG    urllib3.connectionpool https://cloudbuild.googleapis.com:443 "GET /v1/projects/mufiedapi/locations/asia-south1/operations/1e3bec73-8305-4855-8809-6cdd6e7538bf?alt=json HTTP/1.1" 200 None
2026-04-06 21:38:55,622 DEBUG    urllib3.connectionpool https://cloudbuild.googleapis.com:443 "GET /v1/projects/mufiedapi/locations/asia-south1/operations/1e3bec73-8305-4855-8809-6cdd6e7538bf?alt=json HTTP/1.1" 200 None
2026-04-06 21:38:57,147 DEBUG    urllib3.connectionpool https://cloudbuild.googleapis.com:443 "GET /v1/projects/mufiedapi/locations/asia-south1/operations/1e3bec73-8305-4855-8809-6cdd6e7538bf?alt=json HTTP/1.1" 200 None
2026-04-06 21:38:58,587 DEBUG    urllib3.connectionpool https://cloudbuild.googleapis.com:443 "GET /v1/projects/mufiedapi/locations/asia-south1/operations/1e3bec73-8305-4855-8809-6cdd6e7538bf?alt=json HTTP/1.1" 200 None
2026-04-06 21:38:59,734 DEBUG    urllib3.connectionpool https://cloudbuild.googleapis.com:443 "GET /v1/projects/mufiedapi/locations/asia-south1/operations/1e3bec73-8305-4855-8809-6cdd6e7538bf?alt=json HTTP/1.1" 200 None
2026-04-06 21:39:01,434 DEBUG    urllib3.connectionpool https://cloudbuild.googleapis.com:443 "GET /v1/projects/mufiedapi/locations/asia-south1/operations/1e3bec73-8305-4855-8809-6cdd6e7538bf?alt=json HTTP/1.1" 200 None
2026-04-06 21:39:02,654 DEBUG    urllib3.connectionpool https://cloudbuild.googleapis.com:443 "GET /v1/projects/mufiedapi/locations/asia-south1/operations/1e3bec73-8305-4855-8809-6cdd6e7538bf?alt=json HTTP/1.1" 200 None
2026-04-06 21:39:04,113 DEBUG    urllib3.connectionpool https://cloudbuild.googleapis.com:443 "GET /v1/projects/mufiedapi/locations/asia-south1/operations/1e3bec73-8305-4855-8809-6cdd6e7538bf?alt=json HTTP/1.1" 200 None
2026-04-06 21:39:05,546 DEBUG    urllib3.connectionpool https://cloudbuild.googleapis.com:443 "GET /v1/projects/mufiedapi/locations/asia-south1/operations/1e3bec73-8305-4855-8809-6cdd6e7538bf?alt=json HTTP/1.1" 200 None
2026-04-06 21:39:06,687 DEBUG    urllib3.connectionpool https://cloudbuild.googleapis.com:443 "GET /v1/projects/mufiedapi/locations/asia-south1/operations/1e3bec73-8305-4855-8809-6cdd6e7538bf?alt=json HTTP/1.1" 200 None
2026-04-06 21:39:07,132 DEBUG    urllib3.connectionpool https://cloudbuild.googleapis.com:443 "GET /v1/projects/mufiedapi/locations/asia-south1/operations/1e3bec73-8305-4855-8809-6cdd6e7538bf?alt=json HTTP/1.1" 200 None
2026-04-06 21:39:08,903 DEBUG    urllib3.connectionpool https://cloudbuild.googleapis.com:443 "GET /v1/projects/mufiedapi/locations/asia-south1/operations/1e3bec73-8305-4855-8809-6cdd6e7538bf?alt=json HTTP/1.1" 200 None
2026-04-06 21:39:10,495 DEBUG    urllib3.connectionpool https://cloudbuild.googleapis.com:443 "GET /v1/projects/mufiedapi/locations/asia-south1/operations/1e3bec73-8305-4855-8809-6cdd6e7538bf?alt=json HTTP/1.1" 200 None
2026-04-06 21:39:12,383 DEBUG    urllib3.connectionpool https://cloudbuild.googleapis.com:443 "GET /v1/projects/mufiedapi/locations/asia-south1/operations/1e3bec73-8305-4855-8809-6cdd6e7538bf?alt=json HTTP/1.1" 200 None
2026-04-06 21:39:14,197 DEBUG    urllib3.connectionpool https://cloudbuild.googleapis.com:443 "GET /v1/projects/mufiedapi/locations/asia-south1/operations/1e3bec73-8305-4855-8809-6cdd6e7538bf?alt=json HTTP/1.1" 200 None
2026-04-06 21:39:16,332 DEBUG    urllib3.connectionpool https://cloudbuild.googleapis.com:443 "GET /v1/projects/mufiedapi/locations/asia-south1/operations/1e3bec73-8305-4855-8809-6cdd6e7538bf?alt=json HTTP/1.1" 200 None
2026-04-06 21:39:18,803 DEBUG    urllib3.connectionpool https://cloudbuild.googleapis.com:443 "GET /v1/projects/mufiedapi/locations/asia-south1/operations/1e3bec73-8305-4855-8809-6cdd6e7538bf?alt=json HTTP/1.1" 200 None
2026-04-06 21:39:18,838 DEBUG    root            (gcloud.run.deploy) Build failed; check build logs for details
Traceback (most recent call last):
  File "C:\Users\ADMIN\AppData\Local\Google\Cloud SDK\google-cloud-sdk\bin\..\lib\googlecloudsdk\command_lib\run\sourcedeploys\deployer.py", line 490, in _PollUntilBuildCompletes
    operation = waiter.PollUntilDone(
        poller,
    ...<5 lines>...
        max_wait_ms=60000,
    )
  File "C:\Users\ADMIN\AppData\Local\Google\Cloud SDK\google-cloud-sdk\bin\..\lib\googlecloudsdk\api_lib\util\waiter.py", line 319, in PollUntilDone
    operation = retryer.RetryOnResult(
        func=poller.Poll,
        args=(operation_ref,),
        should_retry_if=_IsNotDone,
        sleep_ms=sleep_ms)
  File "C:\Users\ADMIN\AppData\Local\Google\Cloud SDK\google-cloud-sdk\bin\..\lib\googlecloudsdk\core\util\retry.py", line 253, in RetryOnResult
    self._RaiseIfStop(result, state)
    ~~~~~~~~~~~~~~~~~^^^^^^^^^^^^^^^
  File "C:\Users\ADMIN\AppData\Local\Google\Cloud SDK\google-cloud-sdk\bin\..\lib\googlecloudsdk\core\util\retry.py", line 115, in _RaiseIfStop
    raise WaitException('Timeout', result, state)
googlecloudsdk.core.util.retry.WaitException: last_result=<Operation
 metadata: <MetadataValue
 additionalProperties: [<AdditionalProperty
 key: '@type'
 value: <JsonValue
 string_value: 'type.googleapis.com/google.devtools.cloudbuild.v1.BuildOperationMetadata'>>, <AdditionalProperty
 key: 'build'
 value: <JsonValue
 object_value: <JsonObject
 properties: [<Property
 key: 'id'
 value: <JsonValue
 string_value: '1e3bec73-8305-4855-8809-6cdd6e7538bf'>>, <Property
 key: 'status'
 value: <JsonValue
 string_value: 'WORKING'>>, <Property
 key: 'source'
 value: <JsonValue
 object_value: <JsonObject
 properties: [<Property
 key: 'storageSource'
 value: <JsonValue
 object_value: <JsonObject
 properties: [<Property
 key: 'bucket'
 value: <JsonValue
 string_value: 'run-sources-mufiedapi-asia-south1'>>, <Property
 key: 'object'
 value: <JsonValue
 string_value: 'services/nest-api/1775489837.60452-ac24cc875e1b4c0f8f3e5bdd5df4984a.zip'>>, <Property
 key: 'generation'
 value: <JsonValue
 string_value: '1775491684253807'>>]>>>]>>>, <Property
 key: 'createTime'
 value: <JsonValue
 string_value: '2026-04-06T16:08:06.485319719Z'>>, <Property
 key: 'startTime'
 value: <JsonValue
 string_value: '2026-04-06T16:08:08.246780193Z'>>, <Property
 key: 'steps'
 value: <JsonValue
 array_value: <JsonArray
 entries: [<JsonValue
 object_value: <JsonObject
 properties: [<Property
 key: 'name'
 value: <JsonValue
 string_value: 'asia-south1-docker.pkg.dev/serverless-runtimes/utilities/buildpack-shim:base_20260226_18_04_RC00'>>, <Property
 key: 'env'
 value: <JsonValue
 array_value: <JsonArray
 entries: [<JsonValue
 string_value: 'GOOGLE_LABEL_BUILDER_VERSION=universal_builder_20260330a_RC00'>, <JsonValue
 string_value: 'GOOGLE_LABEL_BUILDER_IMAGE=asia-south1-docker.pkg.dev/serverless-runtimes/google-24-full/builder/universal:universal_builder_20260330a_RC00'>, <JsonValue
 string_value: 'GOOGLE_LABEL_RUN_IMAGE=asia-south1-docker.pkg.dev/serverless-runtimes/google-24/run/universal:public-image-next'>, <JsonValue
 string_value: 'GOOGLE_LABEL_SOURCE=gs://run-sources-mufiedapi-asia-south1/services/nest-api/1775489837.60452-ac24cc875e1b4c0f8f3e5bdd5df4984a.zip#1775491684253807'>, <JsonValue
 string_value: 'GOOGLE_USE_SERVERLESS_RUNTIMES_TARBALLS=true'>, <JsonValue
 string_value: 'GOOGLE_RUNTIME_IMAGE_REGION=asia-south1'>, <JsonValue
 string_value: 'GOOGLE_BUILD_ENV=prod'>, <JsonValue
 string_value: 'GOOGLE_BUILD_UNIVERSE=gdu'>, <JsonValue
 string_value: 'GOOGLE_TPC_TARBALL_PROJECT='>, <JsonValue
 string_value: 'GOOGLE_TPC_HOSTNAME='>, <JsonValue
 string_value: 'X_GOOGLE_SET_NODE_HEAP_SIZE=true'>, <JsonValue
 string_value: 'GOOGLE_LABEL_BUILD_ID=1e3bec73-8305-4855-8809-6cdd6e7538bf'>, <JsonValue
 string_value: 'GOOGLE_LABEL_BASE_IMAGE=asia-south1-docker.pkg.dev/serverless-runtimes/google-24/run/universal:public-image-next'>]>>>, <Property
 key: 'args'
 value: <JsonValue
 array_value: <JsonArray
 entries: [<JsonValue
 string_value: '--phase=pre'>, <JsonValue
 string_value: '--app_image_unique=asia-south1-docker.pkg.dev/mufiedapi/cloud-run-source-deploy/nest-api:latest'>, <JsonValue
 string_value: '--app_image_stable=asia-south1-docker.pkg.dev/mufiedapi/cloud-run-source-deploy/nest-api:latest'>, <JsonValue
 string_value: '--env_var_names=BUILDER_OUTPUT,GOOGLE_LABEL_BUILDER_VERSION,GOOGLE_LABEL_BUILDER_IMAGE,GOOGLE_LABEL_RUN_IMAGE,GOOGLE_LABEL_SOURCE,GOOGLE_USE_SERVERLESS_RUNTIMES_TARBALLS,GOOGLE_RUNTIME_IMAGE_REGION,GOOGLE_BUILD_ENV,GOOGLE_BUILD_UNIVERSE,GOOGLE_TPC_TARBALL_PROJECT,GOOGLE_TPC_HOSTNAME,X_GOOGLE_SET_NODE_HEAP_SIZE,GOOGLE_LABEL_BUILD_ID,GOOGLE_LABEL_BASE_IMAGE'>, <JsonValue
 string_value: '--experimental_skip_retag_cache'>]>>>, <Property
 key: 'id'
 value: <JsonValue
 string_value: 'pre-buildpack'>>]>>, <JsonValue
 object_value: <JsonObject
 properties: [<Property
 key: 'name'
 value: <JsonValue
 string_value: 'asia-south1-docker.pkg.dev/serverless-runtimes/google-24-full/builder/universal:universal_builder_20260330a_RC00'>>, <Property
 key: 'env'
 value: <JsonValue
 array_value: <JsonArray
 entries: [<JsonValue
 string_value: 'CNB_RUN_IMAGE=asia-south1-docker.pkg.dev/serverless-runtimes/google-24/run/universal:public-image-next'>]>>>, <Property
 key: 'args'
 value: <JsonValue
 array_value: <JsonArray
 entries: [<JsonValue
 string_value: '--tag=asia-south1-docker.pkg.dev/mufiedapi/cloud-run-source-deploy/nest-api:latest'>, <JsonValue
 string_value: 'asia-south1-docker.pkg.dev/mufiedapi/cloud-run-source-deploy/nest-api:latest'>]>>>, <Property
 key: 'id'
 value: <JsonValue
 string_value: 'build'>>, <Property
 key: 'entrypoint'
 value: <JsonValue
 string_value: '/cnb/lifecycle/creator'>>]>>, <JsonValue
 object_value: <JsonObject
 properties: [<Property
 key: 'name'
 value: <JsonValue
 string_value: 'gcr.io/cloud-builders/docker'>>, <Property
 key: 'args'
 value: <JsonValue
 array_value: <JsonArray
 entries: [<JsonValue
 string_value: '-c'>, <JsonValue
 string_value: 'text="$(cat /workspace/report.toml)"\napp="asia-south1-docker.pkg.dev/mufiedapi/cloud-run-source-deploy/nest-api:latest"\nregex="digest\\s*=\\s*\\"([^\\"]+)\\""\nif [[ "$text" =~ $regex ]]\nthen\n\tdigest="@${BASH_REMATCH[1]}"\n\tdigestImage="${app/:latest/$digest}"\n\tdocker pull $digestImage\n\tdocker tag $digestImage $app\nelse\n\techo "failed to detect image digest"\n\texit 1\nfi'>]>>>, <Property
 key: 'id'
 value: <JsonValue
 string_value: 'post-buildpack'>>, <Property
 key: 'entrypoint'
 value: <JsonValue
 string_value: 'bash'>>]>>]>>>, <Property
 key: 'timeout'
 value: <JsonValue
 string_value: '1800s'>>, <Property
 key: 'images'
 value: <JsonValue
 array_value: <JsonArray
 entries: [<JsonValue
 string_value: 'asia-south1-docker.pkg.dev/mufiedapi/cloud-run-source-deploy/nest-api:latest'>]>>>, <Property
 key: 'projectId'
 value: <JsonValue
 string_value: 'mufiedapi'>>, <Property
 key: 'sourceProvenance'
 value: <JsonValue
 object_value: <JsonObject
 properties: [<Property
 key: 'resolvedStorageSource'
 value: <JsonValue
 object_value: <JsonObject
 properties: [<Property
 key: 'bucket'
 value: <JsonValue
 string_value: 'run-sources-mufiedapi-asia-south1'>>, <Property
 key: 'object'
 value: <JsonValue
 string_value: 'services/nest-api/1775489837.60452-ac24cc875e1b4c0f8f3e5bdd5df4984a.zip'>>, <Property
 key: 'generation'
 value: <JsonValue
 string_value: '1775491684253807'>>]>>>]>>>, <Property
 key: 'options'
 value: <JsonValue
 object_value: <JsonObject
 properties: [<Property
 key: 'logStreamingOption'
 value: <JsonValue
 string_value: 'STREAM_OFF'>>, <Property
 key: 'logging'
 value: <JsonValue
 string_value: 'CLOUD_LOGGING_ONLY'>>, <Property
 key: 'env'
 value: <JsonValue
 array_value: <JsonArray
 entries: [<JsonValue
 string_value: 'CNB_APP_DIR=/workspace'>, <JsonValue
 string_value: 'CNB_ANALYZED_PATH=/layers/analyzed.toml'>, <JsonValue
 string_value: 'CNB_BUILDPACKS_DIR=/cnb/buildpacks'>, <JsonValue
 string_value: 'CNB_GROUP_PATH=/layers/group.toml'>, <JsonValue
 string_value: 'CNB_LAYERS_DIR=/layers'>, <JsonValue
 string_value: 'CNB_PLAN_PATH=/layers/plan.toml'>, <JsonValue
 string_value: 'CNB_PLATFORM_DIR=/platform'>, <JsonValue
 string_value: 'CNB_PLATFORM_API=0.11'>, <JsonValue
 string_value: 'CNB_NO_COLOR=true'>, <JsonValue
 string_value: 'CNB_USER_ID=33'>, <JsonValue
 string_value: 'CNB_GROUP_ID=33'>, <JsonValue
 string_value: 'CNB_SKIP_RESTORE=true'>, <JsonValue
 string_value: 'CNB_REPORT_PATH=/workspace/report.toml'>]>>>, <Property
 key: 'volumes'
 value: <JsonValue
 array_value: <JsonArray
 entries: [<JsonValue
 object_value: <JsonObject
 properties: [<Property
 key: 'name'
 value: <JsonValue
 string_value: 'layers'>>, <Property
 key: 'path'
 value: <JsonValue
 string_value: '/layers'>>]>>, <JsonValue
 object_value: <JsonObject
 properties: [<Property
 key: 'name'
 value: <JsonValue
 string_value: 'platform'>>, <Property
 key: 'path'
 value: <JsonValue
 string_value: '/platform'>>]>>]>>>, <Property
 key: 'pool'
 value: <JsonValue
 object_value: <JsonObject
 properties: []>>>]>>>, <Property
 key: 'logUrl'
 value: <JsonValue
 string_value: 'https://console.cloud.google.com/cloud-build/builds;region=asia-south1/1e3bec73-8305-4855-8809-6cdd6e7538bf?project=560137381308'>>, <Property
 key: 'substitutions'
 value: <JsonValue
 object_value: <JsonObject
 properties: [<Property
 key: '_X_GOOGLE_SET_NODE_HEAP_SIZE'
 value: <JsonValue
 string_value: 'true'>>, <Property
 key: '_GOOGLE_LABEL_SOURCE'
 value: <JsonValue
 string_value: 'gs://run-sources-mufiedapi-asia-south1/services/nest-api/1775489837.60452-ac24cc875e1b4c0f8f3e5bdd5df4984a.zip#1775491684253807'>>, <Property
 key: '_GOOGLE_LABEL_BUILDER_IMAGE'
 value: <JsonValue
 string_value: 'asia-south1-docker.pkg.dev/serverless-runtimes/google-24-full/builder/universal:universal_builder_20260330a_RC00'>>, <Property
 key: '_GOOGLE_LABEL_RUN_IMAGE'
 value: <JsonValue
 string_value: 'asia-south1-docker.pkg.dev/serverless-runtimes/google-24/run/universal:public-image-next'>>, <Property
 key: '_GOOGLE_BUILD_UNIVERSE'
 value: <JsonValue
 string_value: 'gdu'>>, <Property
 key: '_GOOGLE_LABEL_BUILDER_VERSION'
 value: <JsonValue
 string_value: 'universal_builder_20260330a_RC00'>>, <Property
 key: '_GOOGLE_LABEL_BASE_IMAGE'
 value: <JsonValue
 string_value: 'asia-south1-docker.pkg.dev/serverless-runtimes/google-24/run/universal:public-image-next'>>, <Property
 key: '_GOOGLE_BUILD_ENV'
 value: <JsonValue
 string_value: 'prod'>>, <Property
 key: '_GOOGLE_USE_SERVERLESS_RUNTIMES_TARBALLS'
 value: <JsonValue
 string_value: 'true'>>, <Property
 key: '_GOOGLE_TPC_TARBALL_PROJECT'
 value: <JsonValue
 string_value: ''>>, <Property
 key: '_GOOGLE_RUNTIME_IMAGE_REGION'
 value: <JsonValue
 string_value: 'asia-south1'>>, <Property
 key: '_GOOGLE_TPC_HOSTNAME'
 value: <JsonValue
 string_value: ''>>]>>>, <Property
 key: 'tags'
 value: <JsonValue
 array_value: <JsonArray
 entries: [<JsonValue
 string_value: 'p-run'>, <JsonValue
 string_value: 'r-buildpacks'>, <JsonValue
 string_value: 'b-universal_builder_20260330a_RC00'>, <JsonValue
 string_value: 'bt-LIFECYCLE'>, <JsonValue
 string_value: 'service_nest-api'>]>>>, <Property
 key: 'artifacts'
 value: <JsonValue
 object_value: <JsonObject
 properties: [<Property
 key: 'images'
 value: <JsonValue
 array_value: <JsonArray
 entries: [<JsonValue
 string_value: 'asia-south1-docker.pkg.dev/mufiedapi/cloud-run-source-deploy/nest-api:latest'>]>>>]>>>, <Property
 key: 'queueTtl'
 value: <JsonValue
 string_value: '360s'>>, <Property
 key: 'serviceAccount'
 value: <JsonValue
 string_value: 'projects/mufiedapi/serviceAccounts/560137381308-compute@developer.gserviceaccount.com'>>, <Property
 key: 'name'
 value: <JsonValue
 string_value: 'projects/560137381308/locations/asia-south1/builds/1e3bec73-8305-4855-8809-6cdd6e7538bf'>>]>>>]>
 name: 'operations/build/mufiedapi/MWUzYmVjNzMtODMwNS00ODU1LTg4MDktNmNkZDZlNzUzOGJm'>, last_retrial=42, time_passed_ms=59308,time_to_wait=1000

During handling of the above exception, another exception occurred:

Traceback (most recent call last):
  File "C:\Users\ADMIN\AppData\Local\Google\Cloud SDK\google-cloud-sdk\bin\..\lib\googlecloudsdk\calliope\cli.py", line 941, in Execute
    resources = calliope_command.Run(cli=self, args=args)
  File "C:\Users\ADMIN\AppData\Local\Google\Cloud SDK\google-cloud-sdk\bin\..\lib\googlecloudsdk\calliope\backend.py", line 957, in Run
    resources = command_instance.Run(args)
  File "C:\Users\ADMIN\AppData\Local\Google\Cloud SDK\google-cloud-sdk\bin\..\lib\surface\run\deploy.py", line 1030, in Run
    service = _ReleaseService(changes)
  File "C:\Users\ADMIN\AppData\Local\Google\Cloud SDK\google-cloud-sdk\bin\..\lib\surface\run\deploy.py", line 993, in _ReleaseService
    return operations.ReleaseService(
           ~~~~~~~~~~~~~~~~~~~~~~~~~^
        service_ref,
        ^^^^^^^^^^^^
    ...<31 lines>...
        skip_build=skip_build,
        ^^^^^^^^^^^^^^^^^^^^^^
    )
    ^
  File "C:\Users\ADMIN\AppData\Local\Google\Cloud SDK\google-cloud-sdk\bin\..\lib\googlecloudsdk\command_lib\run\serverless_operations.py", line 992, in ReleaseService
    ) = deployer.CreateImage(
        ~~~~~~~~~~~~~~~~~~~~^
        tracker,
        ^^^^^^^^
    ...<16 lines>...
        kms_key,
        ^^^^^^^^
    )
    ^
  File "C:\Users\ADMIN\AppData\Local\Google\Cloud SDK\google-cloud-sdk\bin\..\lib\googlecloudsdk\command_lib\run\sourcedeploys\deployer.py", line 105, in CreateImage
    response_dict, build_log_url, base_image_from_build = _SubmitBuild(
                                                          ~~~~~~~~~~~~^
        tracker,
        ^^^^^^^^
        submit_build_request,
        ^^^^^^^^^^^^^^^^^^^^^
    )
    ^
  File "C:\Users\ADMIN\AppData\Local\Google\Cloud SDK\google-cloud-sdk\bin\..\lib\googlecloudsdk\command_lib\run\sourcedeploys\deployer.py", line 465, in _SubmitBuild
    response_dict = _PollUntilBuildCompletes(build_op_ref)
  File "C:\Users\ADMIN\AppData\Local\Google\Cloud SDK\google-cloud-sdk\bin\..\lib\googlecloudsdk\command_lib\run\sourcedeploys\deployer.py", line 501, in _PollUntilBuildCompletes
    operation = waiter.PollUntilDone(
        poller,
    ...<4 lines>...
        wait_ceiling_ms=10000,
    )
  File "C:\Users\ADMIN\AppData\Local\Google\Cloud SDK\google-cloud-sdk\bin\..\lib\googlecloudsdk\api_lib\util\waiter.py", line 319, in PollUntilDone
    operation = retryer.RetryOnResult(
        func=poller.Poll,
        args=(operation_ref,),
        should_retry_if=_IsNotDone,
        sleep_ms=sleep_ms)
  File "C:\Users\ADMIN\AppData\Local\Google\Cloud SDK\google-cloud-sdk\bin\..\lib\googlecloudsdk\core\util\retry.py", line 246, in RetryOnResult
    if not should_retry(result, state):
           ~~~~~~~~~~~~^^^^^^^^^^^^^^^
  File "C:\Users\ADMIN\AppData\Local\Google\Cloud SDK\google-cloud-sdk\bin\..\lib\googlecloudsdk\api_lib\util\waiter.py", line 317, in _IsNotDone
    return not poller.IsDone(operation)
               ~~~~~~~~~~~~~^^^^^^^^^^^
  File "C:\Users\ADMIN\AppData\Local\Google\Cloud SDK\google-cloud-sdk\bin\..\lib\googlecloudsdk\api_lib\util\waiter.py", line 119, in IsDone
    raise OperationError(operation.error.message)
googlecloudsdk.api_lib.util.waiter.OperationError: Build failed; check build logs for details
2026-04-06 21:39:18,873 ERROR    root            (gcloud.run.deploy) Build failed; check build logs for details
