2026-04-06 21:41:12,688 DEBUG    root            Loaded Command Group: ['gcloud', 'run']
2026-04-06 21:41:13,664 DEBUG    root            Loaded Command Group: ['gcloud', 'run', 'deploy']
2026-04-06 21:41:13,688 DEBUG    root            Running [gcloud.run.deploy] with arguments: [--allow-unauthenticated: "True", --region: "asia-south1", --source: ".", SERVICE: "nest-api"]
2026-04-06 21:41:13,865 DEBUG    root            Failed to check metadata server: <urlopen error [Errno 11001] getaddrinfo failed>
2026-04-06 21:41:13,865 DEBUG    root            On GCE from server: False
2026-04-06 21:41:13,972 DEBUG    root            On GCE from memory cache: False
2026-04-06 21:41:14,016 DEBUG    urllib3.connectionpool Starting new HTTPS connection (1): serviceusage.googleapis.com:443
2026-04-06 21:41:15,769 DEBUG    urllib3.connectionpool https://serviceusage.googleapis.com:443 "GET /v1/projects/mufiedapi/services/artifactregistry.googleapis.com?alt=json HTTP/1.1" 200 None
2026-04-06 21:41:15,842 DEBUG    root            On GCE from memory cache: False
2026-04-06 21:41:15,848 DEBUG    root            On GCE from memory cache: False
2026-04-06 21:41:15,852 DEBUG    urllib3.connectionpool Starting new HTTPS connection (1): serviceusage.googleapis.com:443
2026-04-06 21:41:17,503 DEBUG    urllib3.connectionpool https://serviceusage.googleapis.com:443 "GET /v1/projects/mufiedapi/services/cloudbuild.googleapis.com?alt=json HTTP/1.1" 200 None
2026-04-06 21:41:17,528 DEBUG    root            On GCE from memory cache: False
2026-04-06 21:41:17,533 DEBUG    root            On GCE from memory cache: False
2026-04-06 21:41:17,539 DEBUG    urllib3.connectionpool Starting new HTTPS connection (1): serviceusage.googleapis.com:443
2026-04-06 21:41:19,291 DEBUG    urllib3.connectionpool https://serviceusage.googleapis.com:443 "GET /v1/projects/mufiedapi/services/run.googleapis.com?alt=json HTTP/1.1" 200 None
2026-04-06 21:41:19,347 DEBUG    root            On GCE from memory cache: False
2026-04-06 21:41:19,352 DEBUG    root            On GCE from memory cache: False
2026-04-06 21:41:19,372 DEBUG    root            On GCE from memory cache: False
2026-04-06 21:41:19,377 DEBUG    urllib3.connectionpool Starting new HTTPS connection (1): asia-south1-run.googleapis.com:443
2026-04-06 21:41:19,738 DEBUG    urllib3.connectionpool https://asia-south1-run.googleapis.com:443 "GET /apis/serving.knative.dev/v1/namespaces/mufiedapi/services/nest-api?alt=json HTTP/1.1" 200 None
2026-04-06 21:41:19,742 DEBUG    root            source_location: gs://run-sources-mufiedapi-asia-south1/services/nest-api/1775482150.485132-532fdf7156904d33a46a6df5b08cfb20.zip#1775482152041930
2026-04-06 21:41:19,742 DEBUG    root            Existing source_bucket: run-sources-mufiedapi-asia-south1
2026-04-06 21:41:19,744 DEBUG    root            On GCE from memory cache: False
2026-04-06 21:41:19,765 DEBUG    urllib3.connectionpool Starting new HTTPS connection (1): artifactregistry.googleapis.com:443
2026-04-06 21:41:20,412 DEBUG    urllib3.connectionpool https://artifactregistry.googleapis.com:443 "GET /v1/projects/mufiedapi/locations/asia-south1/repositories/cloud-run-source-deploy?alt=json HTTP/1.1" 200 None
2026-04-06 21:41:20,429 DEBUG    root            On GCE from memory cache: False
2026-04-06 21:41:20,452 DEBUG    urllib3.connectionpool Starting new HTTPS connection (1): cloudbuild.googleapis.com:443
2026-04-06 21:41:21,075 DEBUG    urllib3.connectionpool https://cloudbuild.googleapis.com:443 "GET /v1/projects/mufiedapi/locations/asia-south1/defaultServiceAccount?alt=json HTTP/1.1" 200 None
2026-04-06 21:41:21,079 DEBUG    root            On GCE from memory cache: False
2026-04-06 21:41:21,087 DEBUG    urllib3.connectionpool Starting new HTTPS connection (1): iam.googleapis.com:443
2026-04-06 21:41:22,673 DEBUG    urllib3.connectionpool https://iam.googleapis.com:443 "GET /v1/projects/-/serviceAccounts/560137381308-compute@developer.gserviceaccount.com?alt=json HTTP/1.1" 200 None
2026-04-06 21:41:22,674 INFO     ___FILE_ONLY___ Building using Buildpacks and deploying container to Cloud Run service [[1mnest-api[m] in project [[1mmufiedapi[m] region [[1masia-south1[m]

2026-04-06 21:41:22,678 INFO     ___FILE_ONLY___ Building and deploying...
2026-04-06 21:41:23,972 DEBUG    urllib3.connectionpool https://asia-south1-run.googleapis.com:443 "PUT /apis/serving.knative.dev/v1/namespaces/mufiedapi/services/nest-api?alt=json&dryRun=all HTTP/1.1" 200 None
2026-04-06 21:41:23,980 DEBUG    root            On GCE from memory cache: False
2026-04-06 21:41:24,003 DEBUG    root            Creating bucket run-sources-mufiedapi-asia-south1 in region asia-south1
2026-04-06 21:41:24,005 DEBUG    urllib3.connectionpool Starting new HTTPS connection (1): storage.googleapis.com:443
2026-04-06 21:41:24,441 DEBUG    urllib3.connectionpool https://storage.googleapis.com:443 "GET /storage/v1/b/run-sources-mufiedapi-asia-south1?alt=json HTTP/1.1" 200 1276
2026-04-06 21:41:24,978 DEBUG    urllib3.connectionpool https://storage.googleapis.com:443 "GET /storage/v1/b?alt=json&maxResults=1000&prefix=run-sources-mufiedapi-asia-south1&project=mufiedapi HTTP/1.1" 200 1522
2026-04-06 21:41:24,980 DEBUG    root            Uploading source to gs://run-sources-mufiedapi-asia-south1/services/nest-api/1775491884.98059-85e1a5767d35434e96a81cfcddcd8166.zip
2026-04-06 21:41:24,995 INFO     root            Not using ignore file.
2026-04-06 22:04:35,854 INFO     root            Uploading [C:\Users\ADMIN\AppData\Local\Temp\tmpp02dq5mf\file.zip] to [run-sources-mufiedapi-asia-south1/services/nest-api/1775491884.98059-85e1a5767d35434e96a81cfcddcd8166.zip]
2026-04-06 22:04:35,855 DEBUG    google.auth.transport.requests Making request: POST https://oauth2.googleapis.com/token
2026-04-06 22:04:35,856 DEBUG    urllib3.connectionpool Starting new HTTPS connection (1): oauth2.googleapis.com:443
2026-04-06 22:04:36,091 DEBUG    urllib3.connectionpool https://oauth2.googleapis.com:443 "POST /token HTTP/1.1" 200 None
2026-04-06 22:04:36,103 DEBUG    urllib3.connectionpool Resetting dropped connection: storage.googleapis.com
2026-04-06 22:04:36,528 DEBUG    urllib3.connectionpool https://storage.googleapis.com:443 "POST /resumable/upload/storage/v1/b/run-sources-mufiedapi-asia-south1/o?alt=json&name=services%2Fnest-api%2F1775491884.98059-85e1a5767d35434e96a81cfcddcd8166.zip&uploadType=resumable HTTP/1.1" 200 0
2026-04-06 22:05:11,525 DEBUG    urllib3.connectionpool https://storage.googleapis.com:443 "PUT /resumable/upload/storage/v1/b/run-sources-mufiedapi-asia-south1/o?alt=json&name=services%2Fnest-api%2F1775491884.98059-85e1a5767d35434e96a81cfcddcd8166.zip&uploadType=resumable&upload_id=AMNfjG1xWEiTSTKylP06ua6mdI4y7ZtQIEzRrr-U3CFvdRDe3Ph6d_ys84nC0RPGddZLB8iKKHIiv1f6glRYW_NlmUmALTIrMp_HasZA6Hmq5eA HTTP/1.1" 308 0
2026-04-06 22:05:46,963 DEBUG    urllib3.connectionpool https://storage.googleapis.com:443 "PUT /resumable/upload/storage/v1/b/run-sources-mufiedapi-asia-south1/o?alt=json&name=services%2Fnest-api%2F1775491884.98059-85e1a5767d35434e96a81cfcddcd8166.zip&uploadType=resumable&upload_id=AMNfjG1xWEiTSTKylP06ua6mdI4y7ZtQIEzRrr-U3CFvdRDe3Ph6d_ys84nC0RPGddZLB8iKKHIiv1f6glRYW_NlmUmALTIrMp_HasZA6Hmq5eA HTTP/1.1" 308 0
2026-04-06 22:06:22,096 DEBUG    urllib3.connectionpool https://storage.googleapis.com:443 "PUT /resumable/upload/storage/v1/b/run-sources-mufiedapi-asia-south1/o?alt=json&name=services%2Fnest-api%2F1775491884.98059-85e1a5767d35434e96a81cfcddcd8166.zip&uploadType=resumable&upload_id=AMNfjG1xWEiTSTKylP06ua6mdI4y7ZtQIEzRrr-U3CFvdRDe3Ph6d_ys84nC0RPGddZLB8iKKHIiv1f6glRYW_NlmUmALTIrMp_HasZA6Hmq5eA HTTP/1.1" 308 0
2026-04-06 22:06:56,905 DEBUG    urllib3.connectionpool https://storage.googleapis.com:443 "PUT /resumable/upload/storage/v1/b/run-sources-mufiedapi-asia-south1/o?alt=json&name=services%2Fnest-api%2F1775491884.98059-85e1a5767d35434e96a81cfcddcd8166.zip&uploadType=resumable&upload_id=AMNfjG1xWEiTSTKylP06ua6mdI4y7ZtQIEzRrr-U3CFvdRDe3Ph6d_ys84nC0RPGddZLB8iKKHIiv1f6glRYW_NlmUmALTIrMp_HasZA6Hmq5eA HTTP/1.1" 308 0
2026-04-06 22:07:35,009 DEBUG    urllib3.connectionpool https://storage.googleapis.com:443 "PUT /resumable/upload/storage/v1/b/run-sources-mufiedapi-asia-south1/o?alt=json&name=services%2Fnest-api%2F1775491884.98059-85e1a5767d35434e96a81cfcddcd8166.zip&uploadType=resumable&upload_id=AMNfjG1xWEiTSTKylP06ua6mdI4y7ZtQIEzRrr-U3CFvdRDe3Ph6d_ys84nC0RPGddZLB8iKKHIiv1f6glRYW_NlmUmALTIrMp_HasZA6Hmq5eA HTTP/1.1" 308 0
2026-04-06 22:08:09,793 DEBUG    urllib3.connectionpool https://storage.googleapis.com:443 "PUT /resumable/upload/storage/v1/b/run-sources-mufiedapi-asia-south1/o?alt=json&name=services%2Fnest-api%2F1775491884.98059-85e1a5767d35434e96a81cfcddcd8166.zip&uploadType=resumable&upload_id=AMNfjG1xWEiTSTKylP06ua6mdI4y7ZtQIEzRrr-U3CFvdRDe3Ph6d_ys84nC0RPGddZLB8iKKHIiv1f6glRYW_NlmUmALTIrMp_HasZA6Hmq5eA HTTP/1.1" 308 0
2026-04-06 22:08:37,727 DEBUG    urllib3.connectionpool https://storage.googleapis.com:443 "PUT /resumable/upload/storage/v1/b/run-sources-mufiedapi-asia-south1/o?alt=json&name=services%2Fnest-api%2F1775491884.98059-85e1a5767d35434e96a81cfcddcd8166.zip&uploadType=resumable&upload_id=AMNfjG1xWEiTSTKylP06ua6mdI4y7ZtQIEzRrr-U3CFvdRDe3Ph6d_ys84nC0RPGddZLB8iKKHIiv1f6glRYW_NlmUmALTIrMp_HasZA6Hmq5eA HTTP/1.1" 200 1137
2026-04-06 22:08:37,898 DEBUG    root            On GCE from memory cache: False
2026-04-06 22:08:37,916 DEBUG    urllib3.connectionpool Starting new HTTPS connection (1): asia-south1-run.googleapis.com:443
2026-04-06 22:08:40,617 DEBUG    urllib3.connectionpool https://asia-south1-run.googleapis.com:443 "POST /v2/projects/mufiedapi/locations/asia-south1/builds:submit?alt=json HTTP/1.1" 200 None
2026-04-06 22:08:40,643 DEBUG    root            On GCE from memory cache: False
2026-04-06 22:08:40,651 DEBUG    urllib3.connectionpool Starting new HTTPS connection (1): cloudbuild.googleapis.com:443
2026-04-06 22:08:41,272 DEBUG    urllib3.connectionpool https://cloudbuild.googleapis.com:443 "GET /v1/projects/mufiedapi/locations/asia-south1/operations/14b799ee-ef68-45eb-9ffe-cf50f4d234e2?alt=json HTTP/1.1" 200 None
2026-04-06 22:08:42,508 DEBUG    urllib3.connectionpool https://cloudbuild.googleapis.com:443 "GET /v1/projects/mufiedapi/locations/asia-south1/operations/14b799ee-ef68-45eb-9ffe-cf50f4d234e2?alt=json HTTP/1.1" 200 None
2026-04-06 22:08:43,938 DEBUG    urllib3.connectionpool https://cloudbuild.googleapis.com:443 "GET /v1/projects/mufiedapi/locations/asia-south1/operations/14b799ee-ef68-45eb-9ffe-cf50f4d234e2?alt=json HTTP/1.1" 200 None
2026-04-06 22:08:45,386 DEBUG    urllib3.connectionpool https://cloudbuild.googleapis.com:443 "GET /v1/projects/mufiedapi/locations/asia-south1/operations/14b799ee-ef68-45eb-9ffe-cf50f4d234e2?alt=json HTTP/1.1" 200 None
2026-04-06 22:08:46,905 DEBUG    urllib3.connectionpool https://cloudbuild.googleapis.com:443 "GET /v1/projects/mufiedapi/locations/asia-south1/operations/14b799ee-ef68-45eb-9ffe-cf50f4d234e2?alt=json HTTP/1.1" 200 None
2026-04-06 22:08:48,334 DEBUG    urllib3.connectionpool https://cloudbuild.googleapis.com:443 "GET /v1/projects/mufiedapi/locations/asia-south1/operations/14b799ee-ef68-45eb-9ffe-cf50f4d234e2?alt=json HTTP/1.1" 200 None
2026-04-06 22:08:49,855 DEBUG    urllib3.connectionpool https://cloudbuild.googleapis.com:443 "GET /v1/projects/mufiedapi/locations/asia-south1/operations/14b799ee-ef68-45eb-9ffe-cf50f4d234e2?alt=json HTTP/1.1" 200 None
2026-04-06 22:08:51,317 DEBUG    urllib3.connectionpool https://cloudbuild.googleapis.com:443 "GET /v1/projects/mufiedapi/locations/asia-south1/operations/14b799ee-ef68-45eb-9ffe-cf50f4d234e2?alt=json HTTP/1.1" 200 None
2026-04-06 22:08:52,753 DEBUG    urllib3.connectionpool https://cloudbuild.googleapis.com:443 "GET /v1/projects/mufiedapi/locations/asia-south1/operations/14b799ee-ef68-45eb-9ffe-cf50f4d234e2?alt=json HTTP/1.1" 200 None
2026-04-06 22:08:54,196 DEBUG    urllib3.connectionpool https://cloudbuild.googleapis.com:443 "GET /v1/projects/mufiedapi/locations/asia-south1/operations/14b799ee-ef68-45eb-9ffe-cf50f4d234e2?alt=json HTTP/1.1" 200 None
2026-04-06 22:08:55,629 DEBUG    urllib3.connectionpool https://cloudbuild.googleapis.com:443 "GET /v1/projects/mufiedapi/locations/asia-south1/operations/14b799ee-ef68-45eb-9ffe-cf50f4d234e2?alt=json HTTP/1.1" 200 None
2026-04-06 22:08:57,067 DEBUG    urllib3.connectionpool https://cloudbuild.googleapis.com:443 "GET /v1/projects/mufiedapi/locations/asia-south1/operations/14b799ee-ef68-45eb-9ffe-cf50f4d234e2?alt=json HTTP/1.1" 200 None
2026-04-06 22:08:58,508 DEBUG    urllib3.connectionpool https://cloudbuild.googleapis.com:443 "GET /v1/projects/mufiedapi/locations/asia-south1/operations/14b799ee-ef68-45eb-9ffe-cf50f4d234e2?alt=json HTTP/1.1" 200 None
2026-04-06 22:08:59,974 DEBUG    urllib3.connectionpool https://cloudbuild.googleapis.com:443 "GET /v1/projects/mufiedapi/locations/asia-south1/operations/14b799ee-ef68-45eb-9ffe-cf50f4d234e2?alt=json HTTP/1.1" 200 None
2026-04-06 22:09:01,126 DEBUG    urllib3.connectionpool https://cloudbuild.googleapis.com:443 "GET /v1/projects/mufiedapi/locations/asia-south1/operations/14b799ee-ef68-45eb-9ffe-cf50f4d234e2?alt=json HTTP/1.1" 200 None
2026-04-06 22:09:02,610 DEBUG    urllib3.connectionpool https://cloudbuild.googleapis.com:443 "GET /v1/projects/mufiedapi/locations/asia-south1/operations/14b799ee-ef68-45eb-9ffe-cf50f4d234e2?alt=json HTTP/1.1" 200 None
2026-04-06 22:09:03,775 DEBUG    urllib3.connectionpool https://cloudbuild.googleapis.com:443 "GET /v1/projects/mufiedapi/locations/asia-south1/operations/14b799ee-ef68-45eb-9ffe-cf50f4d234e2?alt=json HTTP/1.1" 200 None
2026-04-06 22:09:04,928 DEBUG    urllib3.connectionpool https://cloudbuild.googleapis.com:443 "GET /v1/projects/mufiedapi/locations/asia-south1/operations/14b799ee-ef68-45eb-9ffe-cf50f4d234e2?alt=json HTTP/1.1" 200 None
2026-04-06 22:09:06,121 DEBUG    urllib3.connectionpool https://cloudbuild.googleapis.com:443 "GET /v1/projects/mufiedapi/locations/asia-south1/operations/14b799ee-ef68-45eb-9ffe-cf50f4d234e2?alt=json HTTP/1.1" 200 None
2026-04-06 22:09:07,258 DEBUG    urllib3.connectionpool https://cloudbuild.googleapis.com:443 "GET /v1/projects/mufiedapi/locations/asia-south1/operations/14b799ee-ef68-45eb-9ffe-cf50f4d234e2?alt=json HTTP/1.1" 200 None
2026-04-06 22:09:08,670 DEBUG    urllib3.connectionpool https://cloudbuild.googleapis.com:443 "GET /v1/projects/mufiedapi/locations/asia-south1/operations/14b799ee-ef68-45eb-9ffe-cf50f4d234e2?alt=json HTTP/1.1" 200 None
2026-04-06 22:09:10,110 DEBUG    urllib3.connectionpool https://cloudbuild.googleapis.com:443 "GET /v1/projects/mufiedapi/locations/asia-south1/operations/14b799ee-ef68-45eb-9ffe-cf50f4d234e2?alt=json HTTP/1.1" 200 None
2026-04-06 22:09:11,249 DEBUG    urllib3.connectionpool https://cloudbuild.googleapis.com:443 "GET /v1/projects/mufiedapi/locations/asia-south1/operations/14b799ee-ef68-45eb-9ffe-cf50f4d234e2?alt=json HTTP/1.1" 200 None
2026-04-06 22:09:12,678 DEBUG    urllib3.connectionpool https://cloudbuild.googleapis.com:443 "GET /v1/projects/mufiedapi/locations/asia-south1/operations/14b799ee-ef68-45eb-9ffe-cf50f4d234e2?alt=json HTTP/1.1" 200 None
2026-04-06 22:09:14,124 DEBUG    urllib3.connectionpool https://cloudbuild.googleapis.com:443 "GET /v1/projects/mufiedapi/locations/asia-south1/operations/14b799ee-ef68-45eb-9ffe-cf50f4d234e2?alt=json HTTP/1.1" 200 None
2026-04-06 22:09:15,554 DEBUG    urllib3.connectionpool https://cloudbuild.googleapis.com:443 "GET /v1/projects/mufiedapi/locations/asia-south1/operations/14b799ee-ef68-45eb-9ffe-cf50f4d234e2?alt=json HTTP/1.1" 200 None
2026-04-06 22:09:16,692 DEBUG    urllib3.connectionpool https://cloudbuild.googleapis.com:443 "GET /v1/projects/mufiedapi/locations/asia-south1/operations/14b799ee-ef68-45eb-9ffe-cf50f4d234e2?alt=json HTTP/1.1" 200 None
2026-04-06 22:09:17,831 DEBUG    urllib3.connectionpool https://cloudbuild.googleapis.com:443 "GET /v1/projects/mufiedapi/locations/asia-south1/operations/14b799ee-ef68-45eb-9ffe-cf50f4d234e2?alt=json HTTP/1.1" 200 None
2026-04-06 22:09:19,260 DEBUG    urllib3.connectionpool https://cloudbuild.googleapis.com:443 "GET /v1/projects/mufiedapi/locations/asia-south1/operations/14b799ee-ef68-45eb-9ffe-cf50f4d234e2?alt=json HTTP/1.1" 200 None
2026-04-06 22:09:20,680 DEBUG    urllib3.connectionpool https://cloudbuild.googleapis.com:443 "GET /v1/projects/mufiedapi/locations/asia-south1/operations/14b799ee-ef68-45eb-9ffe-cf50f4d234e2?alt=json HTTP/1.1" 200 None
2026-04-06 22:09:22,112 DEBUG    urllib3.connectionpool https://cloudbuild.googleapis.com:443 "GET /v1/projects/mufiedapi/locations/asia-south1/operations/14b799ee-ef68-45eb-9ffe-cf50f4d234e2?alt=json HTTP/1.1" 200 None
2026-04-06 22:09:23,245 DEBUG    urllib3.connectionpool https://cloudbuild.googleapis.com:443 "GET /v1/projects/mufiedapi/locations/asia-south1/operations/14b799ee-ef68-45eb-9ffe-cf50f4d234e2?alt=json HTTP/1.1" 200 None
2026-04-06 22:09:24,717 DEBUG    urllib3.connectionpool https://cloudbuild.googleapis.com:443 "GET /v1/projects/mufiedapi/locations/asia-south1/operations/14b799ee-ef68-45eb-9ffe-cf50f4d234e2?alt=json HTTP/1.1" 200 None
2026-04-06 22:09:26,159 DEBUG    urllib3.connectionpool https://cloudbuild.googleapis.com:443 "GET /v1/projects/mufiedapi/locations/asia-south1/operations/14b799ee-ef68-45eb-9ffe-cf50f4d234e2?alt=json HTTP/1.1" 200 None
2026-04-06 22:09:27,321 DEBUG    urllib3.connectionpool https://cloudbuild.googleapis.com:443 "GET /v1/projects/mufiedapi/locations/asia-south1/operations/14b799ee-ef68-45eb-9ffe-cf50f4d234e2?alt=json HTTP/1.1" 200 None
2026-04-06 22:09:28,754 DEBUG    urllib3.connectionpool https://cloudbuild.googleapis.com:443 "GET /v1/projects/mufiedapi/locations/asia-south1/operations/14b799ee-ef68-45eb-9ffe-cf50f4d234e2?alt=json HTTP/1.1" 200 None
2026-04-06 22:09:29,893 DEBUG    urllib3.connectionpool https://cloudbuild.googleapis.com:443 "GET /v1/projects/mufiedapi/locations/asia-south1/operations/14b799ee-ef68-45eb-9ffe-cf50f4d234e2?alt=json HTTP/1.1" 200 None
2026-04-06 22:09:31,323 DEBUG    urllib3.connectionpool https://cloudbuild.googleapis.com:443 "GET /v1/projects/mufiedapi/locations/asia-south1/operations/14b799ee-ef68-45eb-9ffe-cf50f4d234e2?alt=json HTTP/1.1" 200 None
2026-04-06 22:09:32,758 DEBUG    urllib3.connectionpool https://cloudbuild.googleapis.com:443 "GET /v1/projects/mufiedapi/locations/asia-south1/operations/14b799ee-ef68-45eb-9ffe-cf50f4d234e2?alt=json HTTP/1.1" 200 None
2026-04-06 22:09:34,184 DEBUG    urllib3.connectionpool https://cloudbuild.googleapis.com:443 "GET /v1/projects/mufiedapi/locations/asia-south1/operations/14b799ee-ef68-45eb-9ffe-cf50f4d234e2?alt=json HTTP/1.1" 200 None
2026-04-06 22:09:35,607 DEBUG    urllib3.connectionpool https://cloudbuild.googleapis.com:443 "GET /v1/projects/mufiedapi/locations/asia-south1/operations/14b799ee-ef68-45eb-9ffe-cf50f4d234e2?alt=json HTTP/1.1" 200 None
2026-04-06 22:09:37,045 DEBUG    urllib3.connectionpool https://cloudbuild.googleapis.com:443 "GET /v1/projects/mufiedapi/locations/asia-south1/operations/14b799ee-ef68-45eb-9ffe-cf50f4d234e2?alt=json HTTP/1.1" 200 None
2026-04-06 22:09:38,479 DEBUG    urllib3.connectionpool https://cloudbuild.googleapis.com:443 "GET /v1/projects/mufiedapi/locations/asia-south1/operations/14b799ee-ef68-45eb-9ffe-cf50f4d234e2?alt=json HTTP/1.1" 200 None
2026-04-06 22:09:39,930 DEBUG    urllib3.connectionpool https://cloudbuild.googleapis.com:443 "GET /v1/projects/mufiedapi/locations/asia-south1/operations/14b799ee-ef68-45eb-9ffe-cf50f4d234e2?alt=json HTTP/1.1" 200 None
2026-04-06 22:09:40,064 DEBUG    urllib3.connectionpool https://cloudbuild.googleapis.com:443 "GET /v1/projects/mufiedapi/locations/asia-south1/operations/14b799ee-ef68-45eb-9ffe-cf50f4d234e2?alt=json HTTP/1.1" 200 None
2026-04-06 22:09:41,484 DEBUG    urllib3.connectionpool https://cloudbuild.googleapis.com:443 "GET /v1/projects/mufiedapi/locations/asia-south1/operations/14b799ee-ef68-45eb-9ffe-cf50f4d234e2?alt=json HTTP/1.1" 200 None
2026-04-06 22:09:43,425 DEBUG    urllib3.connectionpool https://cloudbuild.googleapis.com:443 "GET /v1/projects/mufiedapi/locations/asia-south1/operations/14b799ee-ef68-45eb-9ffe-cf50f4d234e2?alt=json HTTP/1.1" 200 None
2026-04-06 22:09:45,454 DEBUG    urllib3.connectionpool https://cloudbuild.googleapis.com:443 "GET /v1/projects/mufiedapi/locations/asia-south1/operations/14b799ee-ef68-45eb-9ffe-cf50f4d234e2?alt=json HTTP/1.1" 200 None
2026-04-06 22:09:47,477 DEBUG    urllib3.connectionpool https://cloudbuild.googleapis.com:443 "GET /v1/projects/mufiedapi/locations/asia-south1/operations/14b799ee-ef68-45eb-9ffe-cf50f4d234e2?alt=json HTTP/1.1" 200 None
2026-04-06 22:09:49,408 DEBUG    urllib3.connectionpool https://cloudbuild.googleapis.com:443 "GET /v1/projects/mufiedapi/locations/asia-south1/operations/14b799ee-ef68-45eb-9ffe-cf50f4d234e2?alt=json HTTP/1.1" 200 None
2026-04-06 22:09:51,820 DEBUG    urllib3.connectionpool https://cloudbuild.googleapis.com:443 "GET /v1/projects/mufiedapi/locations/asia-south1/operations/14b799ee-ef68-45eb-9ffe-cf50f4d234e2?alt=json HTTP/1.1" 200 None
2026-04-06 22:09:53,886 DEBUG    urllib3.connectionpool https://cloudbuild.googleapis.com:443 "GET /v1/projects/mufiedapi/locations/asia-south1/operations/14b799ee-ef68-45eb-9ffe-cf50f4d234e2?alt=json HTTP/1.1" 200 None
2026-04-06 22:09:56,004 DEBUG    urllib3.connectionpool https://cloudbuild.googleapis.com:443 "GET /v1/projects/mufiedapi/locations/asia-south1/operations/14b799ee-ef68-45eb-9ffe-cf50f4d234e2?alt=json HTTP/1.1" 200 None
2026-04-06 22:09:59,082 DEBUG    urllib3.connectionpool https://cloudbuild.googleapis.com:443 "GET /v1/projects/mufiedapi/locations/asia-south1/operations/14b799ee-ef68-45eb-9ffe-cf50f4d234e2?alt=json HTTP/1.1" 200 None
2026-04-06 22:10:01,852 DEBUG    urllib3.connectionpool https://cloudbuild.googleapis.com:443 "GET /v1/projects/mufiedapi/locations/asia-south1/operations/14b799ee-ef68-45eb-9ffe-cf50f4d234e2?alt=json HTTP/1.1" 200 None
2026-04-06 22:10:04,900 DEBUG    urllib3.connectionpool https://cloudbuild.googleapis.com:443 "GET /v1/projects/mufiedapi/locations/asia-south1/operations/14b799ee-ef68-45eb-9ffe-cf50f4d234e2?alt=json HTTP/1.1" 200 None
2026-04-06 22:10:04,978 DEBUG    root            (gcloud.run.deploy) Build failed; check build logs for details
Traceback (most recent call last):
  File "C:\Users\ADMIN\AppData\Local\Google\Cloud SDK\google-cloud-sdk\bin\..\lib\googlecloudsdk\command_lib\run\sourcedeploys\deployer.py", line 490, in _PollUntilBuildCompletes
    operation = waiter.PollUntilDone(
        poller,
    ...<5 lines>...
        max_wait_ms=60000,
    )
  File "C:\Users\ADMIN\AppData\Local\Google\Cloud SDK\google-cloud-sdk\bin\..\lib\googlecloudsdk\api_lib\util\waiter.py", line 319, in PollUntilDone
    operation = retryer.RetryOnResult(
        func=poller.Poll,
        args=(operation_ref,),
        should_retry_if=_IsNotDone,
        sleep_ms=sleep_ms)
  File "C:\Users\ADMIN\AppData\Local\Google\Cloud SDK\google-cloud-sdk\bin\..\lib\googlecloudsdk\core\util\retry.py", line 253, in RetryOnResult
    self._RaiseIfStop(result, state)
    ~~~~~~~~~~~~~~~~~^^^^^^^^^^^^^^^
  File "C:\Users\ADMIN\AppData\Local\Google\Cloud SDK\google-cloud-sdk\bin\..\lib\googlecloudsdk\core\util\retry.py", line 115, in _RaiseIfStop
    raise WaitException('Timeout', result, state)
googlecloudsdk.core.util.retry.WaitException: last_result=<Operation
 metadata: <MetadataValue
 additionalProperties: [<AdditionalProperty
 key: '@type'
 value: <JsonValue
 string_value: 'type.googleapis.com/google.devtools.cloudbuild.v1.BuildOperationMetadata'>>, <AdditionalProperty
 key: 'build'
 value: <JsonValue
 object_value: <JsonObject
 properties: [<Property
 key: 'id'
 value: <JsonValue
 string_value: '14b799ee-ef68-45eb-9ffe-cf50f4d234e2'>>, <Property
 key: 'status'
 value: <JsonValue
 string_value: 'WORKING'>>, <Property
 key: 'source'
 value: <JsonValue
 object_value: <JsonObject
 properties: [<Property
 key: 'storageSource'
 value: <JsonValue
 object_value: <JsonObject
 properties: [<Property
 key: 'bucket'
 value: <JsonValue
 string_value: 'run-sources-mufiedapi-asia-south1'>>, <Property
 key: 'object'
 value: <JsonValue
 string_value: 'services/nest-api/1775491884.98059-85e1a5767d35434e96a81cfcddcd8166.zip'>>, <Property
 key: 'generation'
 value: <JsonValue
 string_value: '1775493518624874'>>]>>>]>>>, <Property
 key: 'createTime'
 value: <JsonValue
 string_value: '2026-04-06T16:38:39.731096574Z'>>, <Property
 key: 'startTime'
 value: <JsonValue
 string_value: '2026-04-06T16:38:41.530972469Z'>>, <Property
 key: 'steps'
 value: <JsonValue
 array_value: <JsonArray
 entries: [<JsonValue
 object_value: <JsonObject
 properties: [<Property
 key: 'name'
 value: <JsonValue
 string_value: 'asia-south1-docker.pkg.dev/serverless-runtimes/utilities/buildpack-shim:base_20260226_18_04_RC00'>>, <Property
 key: 'env'
 value: <JsonValue
 array_value: <JsonArray
 entries: [<JsonValue
 string_value: 'GOOGLE_LABEL_BUILDER_VERSION=universal_builder_20260330a_RC00'>, <JsonValue
 string_value: 'GOOGLE_LABEL_BUILDER_IMAGE=asia-south1-docker.pkg.dev/serverless-runtimes/google-24-full/builder/universal:universal_builder_20260330a_RC00'>, <JsonValue
 string_value: 'GOOGLE_LABEL_RUN_IMAGE=asia-south1-docker.pkg.dev/serverless-runtimes/google-24/run/universal:public-image-next'>, <JsonValue
 string_value: 'GOOGLE_LABEL_SOURCE=gs://run-sources-mufiedapi-asia-south1/services/nest-api/1775491884.98059-85e1a5767d35434e96a81cfcddcd8166.zip#1775493518624874'>, <JsonValue
 string_value: 'GOOGLE_USE_SERVERLESS_RUNTIMES_TARBALLS=true'>, <JsonValue
 string_value: 'GOOGLE_RUNTIME_IMAGE_REGION=asia-south1'>, <JsonValue
 string_value: 'GOOGLE_BUILD_ENV=prod'>, <JsonValue
 string_value: 'GOOGLE_BUILD_UNIVERSE=gdu'>, <JsonValue
 string_value: 'GOOGLE_TPC_TARBALL_PROJECT='>, <JsonValue
 string_value: 'GOOGLE_TPC_HOSTNAME='>, <JsonValue
 string_value: 'X_GOOGLE_SET_NODE_HEAP_SIZE=true'>, <JsonValue
 string_value: 'GOOGLE_LABEL_BUILD_ID=14b799ee-ef68-45eb-9ffe-cf50f4d234e2'>, <JsonValue
 string_value: 'GOOGLE_LABEL_BASE_IMAGE=asia-south1-docker.pkg.dev/serverless-runtimes/google-24/run/universal:public-image-next'>]>>>, <Property
 key: 'args'
 value: <JsonValue
 array_value: <JsonArray
 entries: [<JsonValue
 string_value: '--phase=pre'>, <JsonValue
 string_value: '--app_image_unique=asia-south1-docker.pkg.dev/mufiedapi/cloud-run-source-deploy/nest-api:latest'>, <JsonValue
 string_value: '--app_image_stable=asia-south1-docker.pkg.dev/mufiedapi/cloud-run-source-deploy/nest-api:latest'>, <JsonValue
 string_value: '--env_var_names=BUILDER_OUTPUT,GOOGLE_LABEL_BUILDER_VERSION,GOOGLE_LABEL_BUILDER_IMAGE,GOOGLE_LABEL_RUN_IMAGE,GOOGLE_LABEL_SOURCE,GOOGLE_USE_SERVERLESS_RUNTIMES_TARBALLS,GOOGLE_RUNTIME_IMAGE_REGION,GOOGLE_BUILD_ENV,GOOGLE_BUILD_UNIVERSE,GOOGLE_TPC_TARBALL_PROJECT,GOOGLE_TPC_HOSTNAME,X_GOOGLE_SET_NODE_HEAP_SIZE,GOOGLE_LABEL_BUILD_ID,GOOGLE_LABEL_BASE_IMAGE'>, <JsonValue
 string_value: '--experimental_skip_retag_cache'>]>>>, <Property
 key: 'id'
 value: <JsonValue
 string_value: 'pre-buildpack'>>]>>, <JsonValue
 object_value: <JsonObject
 properties: [<Property
 key: 'name'
 value: <JsonValue
 string_value: 'asia-south1-docker.pkg.dev/serverless-runtimes/google-24-full/builder/universal:universal_builder_20260330a_RC00'>>, <Property
 key: 'env'
 value: <JsonValue
 array_value: <JsonArray
 entries: [<JsonValue
 string_value: 'CNB_RUN_IMAGE=asia-south1-docker.pkg.dev/serverless-runtimes/google-24/run/universal:public-image-next'>]>>>, <Property
 key: 'args'
 value: <JsonValue
 array_value: <JsonArray
 entries: [<JsonValue
 string_value: '--tag=asia-south1-docker.pkg.dev/mufiedapi/cloud-run-source-deploy/nest-api:latest'>, <JsonValue
 string_value: 'asia-south1-docker.pkg.dev/mufiedapi/cloud-run-source-deploy/nest-api:latest'>]>>>, <Property
 key: 'id'
 value: <JsonValue
 string_value: 'build'>>, <Property
 key: 'entrypoint'
 value: <JsonValue
 string_value: '/cnb/lifecycle/creator'>>]>>, <JsonValue
 object_value: <JsonObject
 properties: [<Property
 key: 'name'
 value: <JsonValue
 string_value: 'gcr.io/cloud-builders/docker'>>, <Property
 key: 'args'
 value: <JsonValue
 array_value: <JsonArray
 entries: [<JsonValue
 string_value: '-c'>, <JsonValue
 string_value: 'text="$(cat /workspace/report.toml)"\napp="asia-south1-docker.pkg.dev/mufiedapi/cloud-run-source-deploy/nest-api:latest"\nregex="digest\\s*=\\s*\\"([^\\"]+)\\""\nif [[ "$text" =~ $regex ]]\nthen\n\tdigest="@${BASH_REMATCH[1]}"\n\tdigestImage="${app/:latest/$digest}"\n\tdocker pull $digestImage\n\tdocker tag $digestImage $app\nelse\n\techo "failed to detect image digest"\n\texit 1\nfi'>]>>>, <Property
 key: 'id'
 value: <JsonValue
 string_value: 'post-buildpack'>>, <Property
 key: 'entrypoint'
 value: <JsonValue
 string_value: 'bash'>>]>>]>>>, <Property
 key: 'timeout'
 value: <JsonValue
 string_value: '1800s'>>, <Property
 key: 'images'
 value: <JsonValue
 array_value: <JsonArray
 entries: [<JsonValue
 string_value: 'asia-south1-docker.pkg.dev/mufiedapi/cloud-run-source-deploy/nest-api:latest'>]>>>, <Property
 key: 'projectId'
 value: <JsonValue
 string_value: 'mufiedapi'>>, <Property
 key: 'sourceProvenance'
 value: <JsonValue
 object_value: <JsonObject
 properties: [<Property
 key: 'resolvedStorageSource'
 value: <JsonValue
 object_value: <JsonObject
 properties: [<Property
 key: 'bucket'
 value: <JsonValue
 string_value: 'run-sources-mufiedapi-asia-south1'>>, <Property
 key: 'object'
 value: <JsonValue
 string_value: 'services/nest-api/1775491884.98059-85e1a5767d35434e96a81cfcddcd8166.zip'>>, <Property
 key: 'generation'
 value: <JsonValue
 string_value: '1775493518624874'>>]>>>]>>>, <Property
 key: 'options'
 value: <JsonValue
 object_value: <JsonObject
 properties: [<Property
 key: 'logStreamingOption'
 value: <JsonValue
 string_value: 'STREAM_OFF'>>, <Property
 key: 'logging'
 value: <JsonValue
 string_value: 'CLOUD_LOGGING_ONLY'>>, <Property
 key: 'env'
 value: <JsonValue
 array_value: <JsonArray
 entries: [<JsonValue
 string_value: 'CNB_APP_DIR=/workspace'>, <JsonValue
 string_value: 'CNB_ANALYZED_PATH=/layers/analyzed.toml'>, <JsonValue
 string_value: 'CNB_BUILDPACKS_DIR=/cnb/buildpacks'>, <JsonValue
 string_value: 'CNB_GROUP_PATH=/layers/group.toml'>, <JsonValue
 string_value: 'CNB_LAYERS_DIR=/layers'>, <JsonValue
 string_value: 'CNB_PLAN_PATH=/layers/plan.toml'>, <JsonValue
 string_value: 'CNB_PLATFORM_DIR=/platform'>, <JsonValue
 string_value: 'CNB_PLATFORM_API=0.11'>, <JsonValue
 string_value: 'CNB_NO_COLOR=true'>, <JsonValue
 string_value: 'CNB_USER_ID=33'>, <JsonValue
 string_value: 'CNB_GROUP_ID=33'>, <JsonValue
 string_value: 'CNB_SKIP_RESTORE=true'>, <JsonValue
 string_value: 'CNB_REPORT_PATH=/workspace/report.toml'>]>>>, <Property
 key: 'volumes'
 value: <JsonValue
 array_value: <JsonArray
 entries: [<JsonValue
 object_value: <JsonObject
 properties: [<Property
 key: 'name'
 value: <JsonValue
 string_value: 'layers'>>, <Property
 key: 'path'
 value: <JsonValue
 string_value: '/layers'>>]>>, <JsonValue
 object_value: <JsonObject
 properties: [<Property
 key: 'name'
 value: <JsonValue
 string_value: 'platform'>>, <Property
 key: 'path'
 value: <JsonValue
 string_value: '/platform'>>]>>]>>>, <Property
 key: 'pool'
 value: <JsonValue
 object_value: <JsonObject
 properties: []>>>]>>>, <Property
 key: 'logUrl'
 value: <JsonValue
 string_value: 'https://console.cloud.google.com/cloud-build/builds;region=asia-south1/14b799ee-ef68-45eb-9ffe-cf50f4d234e2?project=560137381308'>>, <Property
 key: 'substitutions'
 value: <JsonValue
 object_value: <JsonObject
 properties: [<Property
 key: '_X_GOOGLE_SET_NODE_HEAP_SIZE'
 value: <JsonValue
 string_value: 'true'>>, <Property
 key: '_GOOGLE_BUILD_UNIVERSE'
 value: <JsonValue
 string_value: 'gdu'>>, <Property
 key: '_GOOGLE_LABEL_RUN_IMAGE'
 value: <JsonValue
 string_value: 'asia-south1-docker.pkg.dev/serverless-runtimes/google-24/run/universal:public-image-next'>>, <Property
 key: '_GOOGLE_TPC_TARBALL_PROJECT'
 value: <JsonValue
 string_value: ''>>, <Property
 key: '_GOOGLE_BUILD_ENV'
 value: <JsonValue
 string_value: 'prod'>>, <Property
 key: '_GOOGLE_LABEL_BUILDER_IMAGE'
 value: <JsonValue
 string_value: 'asia-south1-docker.pkg.dev/serverless-runtimes/google-24-full/builder/universal:universal_builder_20260330a_RC00'>>, <Property
 key: '_GOOGLE_RUNTIME_IMAGE_REGION'
 value: <JsonValue
 string_value: 'asia-south1'>>, <Property
 key: '_GOOGLE_LABEL_BUILDER_VERSION'
 value: <JsonValue
 string_value: 'universal_builder_20260330a_RC00'>>, <Property
 key: '_GOOGLE_USE_SERVERLESS_RUNTIMES_TARBALLS'
 value: <JsonValue
 string_value: 'true'>>, <Property
 key: '_GOOGLE_LABEL_BASE_IMAGE'
 value: <JsonValue
 string_value: 'asia-south1-docker.pkg.dev/serverless-runtimes/google-24/run/universal:public-image-next'>>, <Property
 key: '_GOOGLE_LABEL_SOURCE'
 value: <JsonValue
 string_value: 'gs://run-sources-mufiedapi-asia-south1/services/nest-api/1775491884.98059-85e1a5767d35434e96a81cfcddcd8166.zip#1775493518624874'>>, <Property
 key: '_GOOGLE_TPC_HOSTNAME'
 value: <JsonValue
 string_value: ''>>]>>>, <Property
 key: 'tags'
 value: <JsonValue
 array_value: <JsonArray
 entries: [<JsonValue
 string_value: 'p-run'>, <JsonValue
 string_value: 'r-buildpacks'>, <JsonValue
 string_value: 'b-universal_builder_20260330a_RC00'>, <JsonValue
 string_value: 'bt-LIFECYCLE'>, <JsonValue
 string_value: 'service_nest-api'>]>>>, <Property
 key: 'artifacts'
 value: <JsonValue
 object_value: <JsonObject
 properties: [<Property
 key: 'images'
 value: <JsonValue
 array_value: <JsonArray
 entries: [<JsonValue
 string_value: 'asia-south1-docker.pkg.dev/mufiedapi/cloud-run-source-deploy/nest-api:latest'>]>>>]>>>, <Property
 key: 'queueTtl'
 value: <JsonValue
 string_value: '360s'>>, <Property
 key: 'serviceAccount'
 value: <JsonValue
 string_value: 'projects/mufiedapi/serviceAccounts/560137381308-compute@developer.gserviceaccount.com'>>, <Property
 key: 'name'
 value: <JsonValue
 string_value: 'projects/560137381308/locations/asia-south1/builds/14b799ee-ef68-45eb-9ffe-cf50f4d234e2'>>]>>>]>
 name: 'operations/build/mufiedapi/MTRiNzk5ZWUtZWY2OC00NWViLTlmZmUtY2Y1MGY0ZDIzNGUy'>, last_retrial=43, time_passed_ms=59287,time_to_wait=1000

During handling of the above exception, another exception occurred:

Traceback (most recent call last):
  File "C:\Users\ADMIN\AppData\Local\Google\Cloud SDK\google-cloud-sdk\bin\..\lib\googlecloudsdk\calliope\cli.py", line 941, in Execute
    resources = calliope_command.Run(cli=self, args=args)
  File "C:\Users\ADMIN\AppData\Local\Google\Cloud SDK\google-cloud-sdk\bin\..\lib\googlecloudsdk\calliope\backend.py", line 957, in Run
    resources = command_instance.Run(args)
  File "C:\Users\ADMIN\AppData\Local\Google\Cloud SDK\google-cloud-sdk\bin\..\lib\surface\run\deploy.py", line 1030, in Run
    service = _ReleaseService(changes)
  File "C:\Users\ADMIN\AppData\Local\Google\Cloud SDK\google-cloud-sdk\bin\..\lib\surface\run\deploy.py", line 993, in _ReleaseService
    return operations.ReleaseService(
           ~~~~~~~~~~~~~~~~~~~~~~~~~^
        service_ref,
        ^^^^^^^^^^^^
    ...<31 lines>...
        skip_build=skip_build,
        ^^^^^^^^^^^^^^^^^^^^^^
    )
    ^
  File "C:\Users\ADMIN\AppData\Local\Google\Cloud SDK\google-cloud-sdk\bin\..\lib\googlecloudsdk\command_lib\run\serverless_operations.py", line 992, in ReleaseService
    ) = deployer.CreateImage(
        ~~~~~~~~~~~~~~~~~~~~^
        tracker,
        ^^^^^^^^
    ...<16 lines>...
        kms_key,
        ^^^^^^^^
    )
    ^
  File "C:\Users\ADMIN\AppData\Local\Google\Cloud SDK\google-cloud-sdk\bin\..\lib\googlecloudsdk\command_lib\run\sourcedeploys\deployer.py", line 105, in CreateImage
    response_dict, build_log_url, base_image_from_build = _SubmitBuild(
                                                          ~~~~~~~~~~~~^
        tracker,
        ^^^^^^^^
        submit_build_request,
        ^^^^^^^^^^^^^^^^^^^^^
    )
    ^
  File "C:\Users\ADMIN\AppData\Local\Google\Cloud SDK\google-cloud-sdk\bin\..\lib\googlecloudsdk\command_lib\run\sourcedeploys\deployer.py", line 465, in _SubmitBuild
    response_dict = _PollUntilBuildCompletes(build_op_ref)
  File "C:\Users\ADMIN\AppData\Local\Google\Cloud SDK\google-cloud-sdk\bin\..\lib\googlecloudsdk\command_lib\run\sourcedeploys\deployer.py", line 501, in _PollUntilBuildCompletes
    operation = waiter.PollUntilDone(
        poller,
    ...<4 lines>...
        wait_ceiling_ms=10000,
    )
  File "C:\Users\ADMIN\AppData\Local\Google\Cloud SDK\google-cloud-sdk\bin\..\lib\googlecloudsdk\api_lib\util\waiter.py", line 319, in PollUntilDone
    operation = retryer.RetryOnResult(
        func=poller.Poll,
        args=(operation_ref,),
        should_retry_if=_IsNotDone,
        sleep_ms=sleep_ms)
  File "C:\Users\ADMIN\AppData\Local\Google\Cloud SDK\google-cloud-sdk\bin\..\lib\googlecloudsdk\core\util\retry.py", line 246, in RetryOnResult
    if not should_retry(result, state):
           ~~~~~~~~~~~~^^^^^^^^^^^^^^^
  File "C:\Users\ADMIN\AppData\Local\Google\Cloud SDK\google-cloud-sdk\bin\..\lib\googlecloudsdk\api_lib\util\waiter.py", line 317, in _IsNotDone
    return not poller.IsDone(operation)
               ~~~~~~~~~~~~~^^^^^^^^^^^
  File "C:\Users\ADMIN\AppData\Local\Google\Cloud SDK\google-cloud-sdk\bin\..\lib\googlecloudsdk\api_lib\util\waiter.py", line 119, in IsDone
    raise OperationError(operation.error.message)
googlecloudsdk.api_lib.util.waiter.OperationError: Build failed; check build logs for details
2026-04-06 22:10:04,997 ERROR    root            (gcloud.run.deploy) Build failed; check build logs for details
