2026-04-06 22:31:24,282 DEBUG    root            Loaded Command Group: ['gcloud', 'run']
2026-04-06 22:31:25,472 DEBUG    root            Loaded Command Group: ['gcloud', 'run', 'deploy']
2026-04-06 22:31:25,502 DEBUG    root            Running [gcloud.run.deploy] with arguments: [--allow-unauthenticated: "True", --region: "asia-south1", --source: ".", SERVICE: "nest-api"]
2026-04-06 22:31:25,699 DEBUG    root            Failed to check metadata server: <urlopen error [Errno 11001] getaddrinfo failed>
2026-04-06 22:31:25,699 DEBUG    root            On GCE from server: False
2026-04-06 22:31:25,801 DEBUG    root            On GCE from memory cache: False
2026-04-06 22:31:25,858 DEBUG    urllib3.connectionpool Starting new HTTPS connection (1): serviceusage.googleapis.com:443
2026-04-06 22:31:27,599 DEBUG    urllib3.connectionpool https://serviceusage.googleapis.com:443 "GET /v1/projects/mufiedapi/services/artifactregistry.googleapis.com?alt=json HTTP/1.1" 200 None
2026-04-06 22:31:27,658 DEBUG    root            On GCE from memory cache: False
2026-04-06 22:31:27,666 DEBUG    root            On GCE from memory cache: False
2026-04-06 22:31:27,672 DEBUG    urllib3.connectionpool Starting new HTTPS connection (1): serviceusage.googleapis.com:443
2026-04-06 22:31:29,484 DEBUG    urllib3.connectionpool https://serviceusage.googleapis.com:443 "GET /v1/projects/mufiedapi/services/cloudbuild.googleapis.com?alt=json HTTP/1.1" 200 None
2026-04-06 22:31:29,519 DEBUG    root            On GCE from memory cache: False
2026-04-06 22:31:29,523 DEBUG    root            On GCE from memory cache: False
2026-04-06 22:31:29,526 DEBUG    urllib3.connectionpool Starting new HTTPS connection (1): serviceusage.googleapis.com:443
2026-04-06 22:31:31,200 DEBUG    urllib3.connectionpool https://serviceusage.googleapis.com:443 "GET /v1/projects/mufiedapi/services/run.googleapis.com?alt=json HTTP/1.1" 200 None
2026-04-06 22:31:31,258 DEBUG    root            On GCE from memory cache: False
2026-04-06 22:31:31,263 DEBUG    root            On GCE from memory cache: False
2026-04-06 22:31:31,285 DEBUG    root            On GCE from memory cache: False
2026-04-06 22:31:31,290 DEBUG    urllib3.connectionpool Starting new HTTPS connection (1): asia-south1-run.googleapis.com:443
2026-04-06 22:31:31,639 DEBUG    urllib3.connectionpool https://asia-south1-run.googleapis.com:443 "GET /apis/serving.knative.dev/v1/namespaces/mufiedapi/services/nest-api?alt=json HTTP/1.1" 200 None
2026-04-06 22:31:31,645 DEBUG    root            source_location: gs://run-sources-mufiedapi-asia-south1/services/nest-api/1775482150.485132-532fdf7156904d33a46a6df5b08cfb20.zip#1775482152041930
2026-04-06 22:31:31,645 DEBUG    root            Existing source_bucket: run-sources-mufiedapi-asia-south1
2026-04-06 22:31:31,647 DEBUG    root            On GCE from memory cache: False
2026-04-06 22:31:31,668 DEBUG    urllib3.connectionpool Starting new HTTPS connection (1): artifactregistry.googleapis.com:443
2026-04-06 22:31:32,300 DEBUG    urllib3.connectionpool https://artifactregistry.googleapis.com:443 "GET /v1/projects/mufiedapi/locations/asia-south1/repositories/cloud-run-source-deploy?alt=json HTTP/1.1" 200 None
2026-04-06 22:31:32,307 DEBUG    root            On GCE from memory cache: False
2026-04-06 22:31:32,341 DEBUG    urllib3.connectionpool Starting new HTTPS connection (1): cloudbuild.googleapis.com:443
2026-04-06 22:31:33,000 DEBUG    urllib3.connectionpool https://cloudbuild.googleapis.com:443 "GET /v1/projects/mufiedapi/locations/asia-south1/defaultServiceAccount?alt=json HTTP/1.1" 200 None
2026-04-06 22:31:33,004 DEBUG    root            On GCE from memory cache: False
2026-04-06 22:31:33,023 DEBUG    urllib3.connectionpool Starting new HTTPS connection (1): iam.googleapis.com:443
2026-04-06 22:31:34,623 DEBUG    urllib3.connectionpool https://iam.googleapis.com:443 "GET /v1/projects/-/serviceAccounts/560137381308-compute@developer.gserviceaccount.com?alt=json HTTP/1.1" 200 None
2026-04-06 22:31:34,625 INFO     ___FILE_ONLY___ Building using Dockerfile and deploying container to Cloud Run service [[1mnest-api[m] in project [[1mmufiedapi[m] region [[1masia-south1[m]

2026-04-06 22:31:34,628 INFO     ___FILE_ONLY___ Building and deploying...
2026-04-06 22:31:36,024 DEBUG    urllib3.connectionpool https://asia-south1-run.googleapis.com:443 "PUT /apis/serving.knative.dev/v1/namespaces/mufiedapi/services/nest-api?alt=json&dryRun=all HTTP/1.1" 200 None
2026-04-06 22:31:36,030 DEBUG    root            On GCE from memory cache: False
2026-04-06 22:31:36,065 DEBUG    root            Creating bucket run-sources-mufiedapi-asia-south1 in region asia-south1
2026-04-06 22:31:36,066 DEBUG    urllib3.connectionpool Starting new HTTPS connection (1): storage.googleapis.com:443
2026-04-06 22:31:36,481 DEBUG    urllib3.connectionpool https://storage.googleapis.com:443 "GET /storage/v1/b/run-sources-mufiedapi-asia-south1?alt=json HTTP/1.1" 200 1276
2026-04-06 22:31:36,975 DEBUG    urllib3.connectionpool https://storage.googleapis.com:443 "GET /storage/v1/b?alt=json&maxResults=1000&prefix=run-sources-mufiedapi-asia-south1&project=mufiedapi HTTP/1.1" 200 1522
2026-04-06 22:31:36,977 DEBUG    root            Uploading source to gs://run-sources-mufiedapi-asia-south1/services/nest-api/1775494896.977304-f49d2464fce34f53aa20ec38d1d49b9d.zip
2026-04-06 22:31:37,000 INFO     root            Using ignore file at [.\.gcloudignore].
2026-04-06 22:31:37,003 DEBUG    root            Skipping file [.env]
2026-04-06 22:31:37,004 DEBUG    root            Skipping file [.env.example]
2026-04-06 22:31:37,005 DEBUG    root            Skipping file [.gitignore]
2026-04-06 22:31:37,007 DEBUG    root            Skipping file [.firebase]
2026-04-06 22:31:37,007 DEBUG    root            Skipping file [dist]
2026-04-06 22:31:37,007 DEBUG    root            Skipping file [node_modules]
2026-04-06 22:31:37,738 INFO     root            Using ignore file [.\.gcloudignore]
2026-04-06 22:31:37,811 INFO     root            Uploading [C:\Users\ADMIN\AppData\Local\Temp\tmpmqttjrnw\file.zip] to [run-sources-mufiedapi-asia-south1/services/nest-api/1775494896.977304-f49d2464fce34f53aa20ec38d1d49b9d.zip]
2026-04-06 22:31:38,161 DEBUG    urllib3.connectionpool https://storage.googleapis.com:443 "POST /upload/storage/v1/b/run-sources-mufiedapi-asia-south1/o?alt=json&name=services%2Fnest-api%2F1775494896.977304-f49d2464fce34f53aa20ec38d1d49b9d.zip&uploadType=multipart HTTP/1.1" 200 1138
2026-04-06 22:31:38,204 DEBUG    root            On GCE from memory cache: False
2026-04-06 22:31:38,216 DEBUG    urllib3.connectionpool Starting new HTTPS connection (1): asia-south1-run.googleapis.com:443
2026-04-06 22:31:41,982 DEBUG    urllib3.connectionpool https://asia-south1-run.googleapis.com:443 "POST /v2/projects/mufiedapi/locations/asia-south1/builds:submit?alt=json HTTP/1.1" 200 None
2026-04-06 22:31:42,004 DEBUG    root            On GCE from memory cache: False
2026-04-06 22:31:42,013 DEBUG    urllib3.connectionpool Starting new HTTPS connection (1): cloudbuild.googleapis.com:443
2026-04-06 22:31:42,596 DEBUG    urllib3.connectionpool https://cloudbuild.googleapis.com:443 "GET /v1/projects/mufiedapi/locations/asia-south1/operations/c6a49d2a-5028-4cb9-9e55-0c07dd927726?alt=json HTTP/1.1" 200 None
2026-04-06 22:31:44,033 DEBUG    urllib3.connectionpool https://cloudbuild.googleapis.com:443 "GET /v1/projects/mufiedapi/locations/asia-south1/operations/c6a49d2a-5028-4cb9-9e55-0c07dd927726?alt=json HTTP/1.1" 200 None
2026-04-06 22:31:45,490 DEBUG    urllib3.connectionpool https://cloudbuild.googleapis.com:443 "GET /v1/projects/mufiedapi/locations/asia-south1/operations/c6a49d2a-5028-4cb9-9e55-0c07dd927726?alt=json HTTP/1.1" 200 None
2026-04-06 22:31:47,024 DEBUG    urllib3.connectionpool https://cloudbuild.googleapis.com:443 "GET /v1/projects/mufiedapi/locations/asia-south1/operations/c6a49d2a-5028-4cb9-9e55-0c07dd927726?alt=json HTTP/1.1" 200 None
2026-04-06 22:31:48,433 DEBUG    urllib3.connectionpool https://cloudbuild.googleapis.com:443 "GET /v1/projects/mufiedapi/locations/asia-south1/operations/c6a49d2a-5028-4cb9-9e55-0c07dd927726?alt=json HTTP/1.1" 200 None
2026-04-06 22:31:49,913 DEBUG    urllib3.connectionpool https://cloudbuild.googleapis.com:443 "GET /v1/projects/mufiedapi/locations/asia-south1/operations/c6a49d2a-5028-4cb9-9e55-0c07dd927726?alt=json HTTP/1.1" 200 None
2026-04-06 22:31:51,341 DEBUG    urllib3.connectionpool https://cloudbuild.googleapis.com:443 "GET /v1/projects/mufiedapi/locations/asia-south1/operations/c6a49d2a-5028-4cb9-9e55-0c07dd927726?alt=json HTTP/1.1" 200 None
2026-04-06 22:31:52,870 DEBUG    urllib3.connectionpool https://cloudbuild.googleapis.com:443 "GET /v1/projects/mufiedapi/locations/asia-south1/operations/c6a49d2a-5028-4cb9-9e55-0c07dd927726?alt=json HTTP/1.1" 200 None
2026-04-06 22:31:54,295 DEBUG    urllib3.connectionpool https://cloudbuild.googleapis.com:443 "GET /v1/projects/mufiedapi/locations/asia-south1/operations/c6a49d2a-5028-4cb9-9e55-0c07dd927726?alt=json HTTP/1.1" 200 None
2026-04-06 22:31:55,725 DEBUG    urllib3.connectionpool https://cloudbuild.googleapis.com:443 "GET /v1/projects/mufiedapi/locations/asia-south1/operations/c6a49d2a-5028-4cb9-9e55-0c07dd927726?alt=json HTTP/1.1" 200 None
2026-04-06 22:31:57,168 DEBUG    urllib3.connectionpool https://cloudbuild.googleapis.com:443 "GET /v1/projects/mufiedapi/locations/asia-south1/operations/c6a49d2a-5028-4cb9-9e55-0c07dd927726?alt=json HTTP/1.1" 200 None
2026-04-06 22:31:58,758 DEBUG    urllib3.connectionpool https://cloudbuild.googleapis.com:443 "GET /v1/projects/mufiedapi/locations/asia-south1/operations/c6a49d2a-5028-4cb9-9e55-0c07dd927726?alt=json HTTP/1.1" 200 None
2026-04-06 22:32:00,205 DEBUG    urllib3.connectionpool https://cloudbuild.googleapis.com:443 "GET /v1/projects/mufiedapi/locations/asia-south1/operations/c6a49d2a-5028-4cb9-9e55-0c07dd927726?alt=json HTTP/1.1" 200 None
2026-04-06 22:32:01,645 DEBUG    urllib3.connectionpool https://cloudbuild.googleapis.com:443 "GET /v1/projects/mufiedapi/locations/asia-south1/operations/c6a49d2a-5028-4cb9-9e55-0c07dd927726?alt=json HTTP/1.1" 200 None
2026-04-06 22:32:03,084 DEBUG    urllib3.connectionpool https://cloudbuild.googleapis.com:443 "GET /v1/projects/mufiedapi/locations/asia-south1/operations/c6a49d2a-5028-4cb9-9e55-0c07dd927726?alt=json HTTP/1.1" 200 None
2026-04-06 22:32:04,524 DEBUG    urllib3.connectionpool https://cloudbuild.googleapis.com:443 "GET /v1/projects/mufiedapi/locations/asia-south1/operations/c6a49d2a-5028-4cb9-9e55-0c07dd927726?alt=json HTTP/1.1" 200 None
2026-04-06 22:32:05,949 DEBUG    urllib3.connectionpool https://cloudbuild.googleapis.com:443 "GET /v1/projects/mufiedapi/locations/asia-south1/operations/c6a49d2a-5028-4cb9-9e55-0c07dd927726?alt=json HTTP/1.1" 200 None
2026-04-06 22:32:07,088 DEBUG    urllib3.connectionpool https://cloudbuild.googleapis.com:443 "GET /v1/projects/mufiedapi/locations/asia-south1/operations/c6a49d2a-5028-4cb9-9e55-0c07dd927726?alt=json HTTP/1.1" 200 None
2026-04-06 22:32:08,513 DEBUG    urllib3.connectionpool https://cloudbuild.googleapis.com:443 "GET /v1/projects/mufiedapi/locations/asia-south1/operations/c6a49d2a-5028-4cb9-9e55-0c07dd927726?alt=json HTTP/1.1" 200 None
2026-04-06 22:32:09,979 DEBUG    urllib3.connectionpool https://cloudbuild.googleapis.com:443 "GET /v1/projects/mufiedapi/locations/asia-south1/operations/c6a49d2a-5028-4cb9-9e55-0c07dd927726?alt=json HTTP/1.1" 200 None
2026-04-06 22:32:11,134 DEBUG    urllib3.connectionpool https://cloudbuild.googleapis.com:443 "GET /v1/projects/mufiedapi/locations/asia-south1/operations/c6a49d2a-5028-4cb9-9e55-0c07dd927726?alt=json HTTP/1.1" 200 None
2026-04-06 22:32:12,268 DEBUG    urllib3.connectionpool https://cloudbuild.googleapis.com:443 "GET /v1/projects/mufiedapi/locations/asia-south1/operations/c6a49d2a-5028-4cb9-9e55-0c07dd927726?alt=json HTTP/1.1" 200 None
2026-04-06 22:32:13,696 DEBUG    urllib3.connectionpool https://cloudbuild.googleapis.com:443 "GET /v1/projects/mufiedapi/locations/asia-south1/operations/c6a49d2a-5028-4cb9-9e55-0c07dd927726?alt=json HTTP/1.1" 200 None
2026-04-06 22:32:15,160 DEBUG    urllib3.connectionpool https://cloudbuild.googleapis.com:443 "GET /v1/projects/mufiedapi/locations/asia-south1/operations/c6a49d2a-5028-4cb9-9e55-0c07dd927726?alt=json HTTP/1.1" 200 None
2026-04-06 22:32:16,574 DEBUG    urllib3.connectionpool https://cloudbuild.googleapis.com:443 "GET /v1/projects/mufiedapi/locations/asia-south1/operations/c6a49d2a-5028-4cb9-9e55-0c07dd927726?alt=json HTTP/1.1" 200 None
2026-04-06 22:32:17,995 DEBUG    urllib3.connectionpool https://cloudbuild.googleapis.com:443 "GET /v1/projects/mufiedapi/locations/asia-south1/operations/c6a49d2a-5028-4cb9-9e55-0c07dd927726?alt=json HTTP/1.1" 200 None
2026-04-06 22:32:19,422 DEBUG    urllib3.connectionpool https://cloudbuild.googleapis.com:443 "GET /v1/projects/mufiedapi/locations/asia-south1/operations/c6a49d2a-5028-4cb9-9e55-0c07dd927726?alt=json HTTP/1.1" 200 None
2026-04-06 22:32:20,572 DEBUG    urllib3.connectionpool https://cloudbuild.googleapis.com:443 "GET /v1/projects/mufiedapi/locations/asia-south1/operations/c6a49d2a-5028-4cb9-9e55-0c07dd927726?alt=json HTTP/1.1" 200 None
2026-04-06 22:32:21,726 DEBUG    urllib3.connectionpool https://cloudbuild.googleapis.com:443 "GET /v1/projects/mufiedapi/locations/asia-south1/operations/c6a49d2a-5028-4cb9-9e55-0c07dd927726?alt=json HTTP/1.1" 200 None
2026-04-06 22:32:22,863 DEBUG    urllib3.connectionpool https://cloudbuild.googleapis.com:443 "GET /v1/projects/mufiedapi/locations/asia-south1/operations/c6a49d2a-5028-4cb9-9e55-0c07dd927726?alt=json HTTP/1.1" 200 None
2026-04-06 22:32:24,305 DEBUG    urllib3.connectionpool https://cloudbuild.googleapis.com:443 "GET /v1/projects/mufiedapi/locations/asia-south1/operations/c6a49d2a-5028-4cb9-9e55-0c07dd927726?alt=json HTTP/1.1" 200 None
2026-04-06 22:32:25,761 DEBUG    urllib3.connectionpool https://cloudbuild.googleapis.com:443 "GET /v1/projects/mufiedapi/locations/asia-south1/operations/c6a49d2a-5028-4cb9-9e55-0c07dd927726?alt=json HTTP/1.1" 200 None
2026-04-06 22:32:27,199 DEBUG    urllib3.connectionpool https://cloudbuild.googleapis.com:443 "GET /v1/projects/mufiedapi/locations/asia-south1/operations/c6a49d2a-5028-4cb9-9e55-0c07dd927726?alt=json HTTP/1.1" 200 None
2026-04-06 22:32:28,633 DEBUG    urllib3.connectionpool https://cloudbuild.googleapis.com:443 "GET /v1/projects/mufiedapi/locations/asia-south1/operations/c6a49d2a-5028-4cb9-9e55-0c07dd927726?alt=json HTTP/1.1" 200 None
2026-04-06 22:32:29,772 DEBUG    urllib3.connectionpool https://cloudbuild.googleapis.com:443 "GET /v1/projects/mufiedapi/locations/asia-south1/operations/c6a49d2a-5028-4cb9-9e55-0c07dd927726?alt=json HTTP/1.1" 200 None
2026-04-06 22:32:30,919 DEBUG    urllib3.connectionpool https://cloudbuild.googleapis.com:443 "GET /v1/projects/mufiedapi/locations/asia-south1/operations/c6a49d2a-5028-4cb9-9e55-0c07dd927726?alt=json HTTP/1.1" 200 None
2026-04-06 22:32:32,063 DEBUG    urllib3.connectionpool https://cloudbuild.googleapis.com:443 "GET /v1/projects/mufiedapi/locations/asia-south1/operations/c6a49d2a-5028-4cb9-9e55-0c07dd927726?alt=json HTTP/1.1" 200 None
2026-04-06 22:32:33,493 DEBUG    urllib3.connectionpool https://cloudbuild.googleapis.com:443 "GET /v1/projects/mufiedapi/locations/asia-south1/operations/c6a49d2a-5028-4cb9-9e55-0c07dd927726?alt=json HTTP/1.1" 200 None
2026-04-06 22:32:34,934 DEBUG    urllib3.connectionpool https://cloudbuild.googleapis.com:443 "GET /v1/projects/mufiedapi/locations/asia-south1/operations/c6a49d2a-5028-4cb9-9e55-0c07dd927726?alt=json HTTP/1.1" 200 None
2026-04-06 22:32:36,471 DEBUG    urllib3.connectionpool https://cloudbuild.googleapis.com:443 "GET /v1/projects/mufiedapi/locations/asia-south1/operations/c6a49d2a-5028-4cb9-9e55-0c07dd927726?alt=json HTTP/1.1" 200 None
2026-04-06 22:32:37,909 DEBUG    urllib3.connectionpool https://cloudbuild.googleapis.com:443 "GET /v1/projects/mufiedapi/locations/asia-south1/operations/c6a49d2a-5028-4cb9-9e55-0c07dd927726?alt=json HTTP/1.1" 200 None
2026-04-06 22:32:39,375 DEBUG    urllib3.connectionpool https://cloudbuild.googleapis.com:443 "GET /v1/projects/mufiedapi/locations/asia-south1/operations/c6a49d2a-5028-4cb9-9e55-0c07dd927726?alt=json HTTP/1.1" 200 None
2026-04-06 22:32:40,814 DEBUG    urllib3.connectionpool https://cloudbuild.googleapis.com:443 "GET /v1/projects/mufiedapi/locations/asia-south1/operations/c6a49d2a-5028-4cb9-9e55-0c07dd927726?alt=json HTTP/1.1" 200 None
2026-04-06 22:32:42,246 DEBUG    urllib3.connectionpool https://cloudbuild.googleapis.com:443 "GET /v1/projects/mufiedapi/locations/asia-south1/operations/c6a49d2a-5028-4cb9-9e55-0c07dd927726?alt=json HTTP/1.1" 200 None
2026-04-06 22:32:42,674 DEBUG    urllib3.connectionpool https://cloudbuild.googleapis.com:443 "GET /v1/projects/mufiedapi/locations/asia-south1/operations/c6a49d2a-5028-4cb9-9e55-0c07dd927726?alt=json HTTP/1.1" 200 None
2026-04-06 22:32:44,572 DEBUG    urllib3.connectionpool https://cloudbuild.googleapis.com:443 "GET /v1/projects/mufiedapi/locations/asia-south1/operations/c6a49d2a-5028-4cb9-9e55-0c07dd927726?alt=json HTTP/1.1" 200 None
2026-04-06 22:32:46,023 DEBUG    urllib3.connectionpool https://cloudbuild.googleapis.com:443 "GET /v1/projects/mufiedapi/locations/asia-south1/operations/c6a49d2a-5028-4cb9-9e55-0c07dd927726?alt=json HTTP/1.1" 200 None
2026-04-06 22:32:48,370 DEBUG    urllib3.connectionpool https://cloudbuild.googleapis.com:443 "GET /v1/projects/mufiedapi/locations/asia-south1/operations/c6a49d2a-5028-4cb9-9e55-0c07dd927726?alt=json HTTP/1.1" 200 None
2026-04-06 22:32:50,212 DEBUG    urllib3.connectionpool https://cloudbuild.googleapis.com:443 "GET /v1/projects/mufiedapi/locations/asia-south1/operations/c6a49d2a-5028-4cb9-9e55-0c07dd927726?alt=json HTTP/1.1" 200 None
2026-04-06 22:32:52,236 DEBUG    urllib3.connectionpool https://cloudbuild.googleapis.com:443 "GET /v1/projects/mufiedapi/locations/asia-south1/operations/c6a49d2a-5028-4cb9-9e55-0c07dd927726?alt=json HTTP/1.1" 200 None
2026-04-06 22:32:54,329 DEBUG    urllib3.connectionpool https://cloudbuild.googleapis.com:443 "GET /v1/projects/mufiedapi/locations/asia-south1/operations/c6a49d2a-5028-4cb9-9e55-0c07dd927726?alt=json HTTP/1.1" 200 None
2026-04-06 22:32:57,015 DEBUG    urllib3.connectionpool https://cloudbuild.googleapis.com:443 "GET /v1/projects/mufiedapi/locations/asia-south1/operations/c6a49d2a-5028-4cb9-9e55-0c07dd927726?alt=json HTTP/1.1" 200 None
2026-04-06 22:32:59,862 DEBUG    urllib3.connectionpool https://cloudbuild.googleapis.com:443 "GET /v1/projects/mufiedapi/locations/asia-south1/operations/c6a49d2a-5028-4cb9-9e55-0c07dd927726?alt=json HTTP/1.1" 200 None
2026-04-06 22:33:02,609 DEBUG    urllib3.connectionpool https://cloudbuild.googleapis.com:443 "GET /v1/projects/mufiedapi/locations/asia-south1/operations/c6a49d2a-5028-4cb9-9e55-0c07dd927726?alt=json HTTP/1.1" 200 None
2026-04-06 22:33:05,240 DEBUG    urllib3.connectionpool https://cloudbuild.googleapis.com:443 "GET /v1/projects/mufiedapi/locations/asia-south1/operations/c6a49d2a-5028-4cb9-9e55-0c07dd927726?alt=json HTTP/1.1" 200 None
2026-04-06 22:33:08,241 DEBUG    urllib3.connectionpool https://cloudbuild.googleapis.com:443 "GET /v1/projects/mufiedapi/locations/asia-south1/operations/c6a49d2a-5028-4cb9-9e55-0c07dd927726?alt=json HTTP/1.1" 200 None
2026-04-06 22:33:11,448 DEBUG    urllib3.connectionpool https://cloudbuild.googleapis.com:443 "GET /v1/projects/mufiedapi/locations/asia-south1/operations/c6a49d2a-5028-4cb9-9e55-0c07dd927726?alt=json HTTP/1.1" 200 None
2026-04-06 22:33:11,607 DEBUG    urllib3.connectionpool https://asia-south1-run.googleapis.com:443 "GET /apis/serving.knative.dev/v1/namespaces/mufiedapi/services/nest-api?alt=json HTTP/1.1" 200 None
2026-04-06 22:33:12,932 DEBUG    urllib3.connectionpool https://asia-south1-run.googleapis.com:443 "PUT /apis/serving.knative.dev/v1/namespaces/mufiedapi/services/nest-api?alt=json HTTP/1.1" 200 None
2026-04-06 22:33:12,940 DEBUG    urllib3.connectionpool Starting new HTTPS connection (1): run.googleapis.com:443
2026-04-06 22:33:13,637 DEBUG    urllib3.connectionpool https://run.googleapis.com:443 "GET /v1/projects/mufiedapi/locations/asia-south1/services/nest-api:getIamPolicy?alt=json HTTP/1.1" 200 None
2026-04-06 22:33:14,230 DEBUG    urllib3.connectionpool https://run.googleapis.com:443 "POST /v1/projects/mufiedapi/locations/asia-south1/services/nest-api:setIamPolicy?alt=json HTTP/1.1" 403 None
2026-04-06 22:33:23,266 DEBUG    urllib3.connectionpool https://asia-south1-run.googleapis.com:443 "POST /v1/projects/mufiedapi/locations/asia-south1/operations/c5387408-00a3-4b44-82ca-4f9879040197:wait?alt=json HTTP/1.1" 200 None
2026-04-06 22:33:26,168 DEBUG    urllib3.connectionpool https://asia-south1-run.googleapis.com:443 "POST /v1/projects/mufiedapi/locations/asia-south1/operations/c5387408-00a3-4b44-82ca-4f9879040197:wait?alt=json HTTP/1.1" 200 None
2026-04-06 22:33:26,346 DEBUG    urllib3.connectionpool https://asia-south1-run.googleapis.com:443 "POST /v1/projects/mufiedapi/locations/asia-south1/operations/c5387408-00a3-4b44-82ca-4f9879040197:wait?alt=json HTTP/1.1" 200 None
2026-04-06 22:33:26,461 DEBUG    urllib3.connectionpool https://asia-south1-run.googleapis.com:443 "POST /v1/projects/mufiedapi/locations/asia-south1/operations/c5387408-00a3-4b44-82ca-4f9879040197:wait?alt=json HTTP/1.1" 200 None
2026-04-06 22:33:26,491 INFO     ___FILE_ONLY___   Setting IAM policy failed, try "gcloud beta run services add-iam-policy-binding --region=asia-south1 --member=allUsers --role=roles/run.invoker nest-api"

2026-04-06 22:33:26,492 INFO     ___FILE_ONLY___ Service [[1mnest-api[m] revision [[1mnest-api-00013-tdv[m] has been deployed and is serving [1m100[m percent of traffic.
Service URL: [1mhttps://nest-api-560137381308.asia-south1.run.app[m

2026-04-06 22:33:26,492 DEBUG    root            Chosen display Format:none
2026-04-06 22:33:26,493 INFO     root            Display format: "none"
